[0.063s] DEBUG:colcon:Command line arguments: ['/usr/bin/colcon', 'build']
[0.063s] DEBUG:colcon:Parsed command line arguments: Namespace(log_base=None, log_level=None, verb_name='build', build_base='build', install_base='install', merge_install=False, symlink_install=False, test_result_base=None, continue_on_error=False, executor='parallel', parallel_workers=20, event_handlers=None, ignore_user_meta=False, metas=['./colcon.meta'], base_paths=['.'], packages_ignore=None, packages_ignore_regex=None, paths=None, packages_up_to=None, packages_up_to_regex=None, packages_above=None, packages_above_and_dependencies=None, packages_above_depth=None, packages_select_by_dep=None, packages_skip_by_dep=None, packages_skip_up_to=None, packages_select_build_failed=False, packages_skip_build_finished=False, packages_select_test_failures=False, packages_skip_test_passed=False, packages_select=None, packages_skip=None, packages_select_regex=None, packages_skip_regex=None, packages_start=None, packages_end=None, allow_overriding=[], cmake_args=None, cmake_target=None, cmake_target_skip_unavailable=False, cmake_clean_cache=False, cmake_clean_first=False, cmake_force_configure=False, ament_cmake_args=None, catkin_cmake_args=None, catkin_skip_building_tests=False, mixin_files=None, mixin=None, verb_parser=<colcon_mixin.mixin.mixin_argument.MixinArgumentDecorator object at 0x77b68116bdd0>, verb_extension=<colcon_core.verb.build.BuildVerb object at 0x77b681109df0>, main=<bound method BuildVerb.main of <colcon_core.verb.build.BuildVerb object at 0x77b681109df0>>, mixin_verb=('build',))
[0.087s] Level 1:colcon.colcon_core.package_discovery:discover_packages(colcon_meta) check parameters
[0.087s] Level 1:colcon.colcon_core.package_discovery:discover_packages(recursive) check parameters
[0.087s] Level 1:colcon.colcon_core.package_discovery:discover_packages(ignore) check parameters
[0.087s] Level 1:colcon.colcon_core.package_discovery:discover_packages(path) check parameters
[0.087s] Level 1:colcon.colcon_core.package_discovery:discover_packages(colcon_meta) discover
[0.087s] Level 1:colcon.colcon_core.package_discovery:discover_packages(recursive) discover
[0.087s] INFO:colcon.colcon_core.package_discovery:Crawling recursively for packages in '/home/alec/Documents/SpiderBot/ros2_ws'
[0.087s] Level 1:colcon.colcon_core.package_identification:_identify(.) by extensions ['ignore', 'ignore_ament_install']
[0.087s] Level 1:colcon.colcon_core.package_identification:_identify(.) by extension 'ignore'
[0.087s] Level 1:colcon.colcon_core.package_identification:_identify(.) by extension 'ignore_ament_install'
[0.088s] Level 1:colcon.colcon_core.package_identification:_identify(.) by extensions ['colcon_pkg']
[0.088s] Level 1:colcon.colcon_core.package_identification:_identify(.) by extension 'colcon_pkg'
[0.088s] Level 1:colcon.colcon_core.package_identification:_identify(.) by extensions ['colcon_meta']
[0.088s] Level 1:colcon.colcon_core.package_identification:_identify(.) by extension 'colcon_meta'
[0.088s] Level 1:colcon.colcon_core.package_identification:_identify(.) by extensions ['ros']
[0.088s] Level 1:colcon.colcon_core.package_identification:_identify(.) by extension 'ros'
[0.105s] Level 1:colcon.colcon_core.package_identification:_identify(.) by extensions ['cmake', 'python']
[0.105s] Level 1:colcon.colcon_core.package_identification:_identify(.) by extension 'cmake'
[0.105s] Level 1:colcon.colcon_core.package_identification:_identify(.) by extension 'python'
[0.105s] Level 1:colcon.colcon_core.package_identification:_identify(.) by extensions ['python_setup_py']
[0.105s] Level 1:colcon.colcon_core.package_identification:_identify(.) by extension 'python_setup_py'
[0.105s] Level 1:colcon.colcon_core.package_identification:_identify(build) by extensions ['ignore', 'ignore_ament_install']
[0.105s] Level 1:colcon.colcon_core.package_identification:_identify(build) by extension 'ignore'
[0.105s] Level 1:colcon.colcon_core.package_identification:_identify(build) ignored
[0.105s] Level 1:colcon.colcon_core.package_identification:_identify(install) by extensions ['ignore', 'ignore_ament_install']
[0.105s] Level 1:colcon.colcon_core.package_identification:_identify(install) by extension 'ignore'
[0.105s] Level 1:colcon.colcon_core.package_identification:_identify(install) ignored
[0.105s] Level 1:colcon.colcon_core.package_identification:_identify(log) by extensions ['ignore', 'ignore_ament_install']
[0.105s] Level 1:colcon.colcon_core.package_identification:_identify(log) by extension 'ignore'
[0.105s] Level 1:colcon.colcon_core.package_identification:_identify(log) ignored
[0.105s] Level 1:colcon.colcon_core.package_identification:_identify(src) by extensions ['ignore', 'ignore_ament_install']
[0.105s] Level 1:colcon.colcon_core.package_identification:_identify(src) by extension 'ignore'
[0.105s] Level 1:colcon.colcon_core.package_identification:_identify(src) by extension 'ignore_ament_install'
[0.105s] Level 1:colcon.colcon_core.package_identification:_identify(src) by extensions ['colcon_pkg']
[0.105s] Level 1:colcon.colcon_core.package_identification:_identify(src) by extension 'colcon_pkg'
[0.105s] Level 1:colcon.colcon_core.package_identification:_identify(src) by extensions ['colcon_meta']
[0.105s] Level 1:colcon.colcon_core.package_identification:_identify(src) by extension 'colcon_meta'
[0.105s] Level 1:colcon.colcon_core.package_identification:_identify(src) by extensions ['ros']
[0.105s] Level 1:colcon.colcon_core.package_identification:_identify(src) by extension 'ros'
[0.105s] Level 1:colcon.colcon_core.package_identification:_identify(src) by extensions ['cmake', 'python']
[0.105s] Level 1:colcon.colcon_core.package_identification:_identify(src) by extension 'cmake'
[0.105s] Level 1:colcon.colcon_core.package_identification:_identify(src) by extension 'python'
[0.105s] Level 1:colcon.colcon_core.package_identification:_identify(src) by extensions ['python_setup_py']
[0.105s] Level 1:colcon.colcon_core.package_identification:_identify(src) by extension 'python_setup_py'
[0.106s] Level 1:colcon.colcon_core.package_identification:_identify(src/hexapod_com_calculator) by extensions ['ignore', 'ignore_ament_install']
[0.106s] Level 1:colcon.colcon_core.package_identification:_identify(src/hexapod_com_calculator) by extension 'ignore'
[0.106s] Level 1:colcon.colcon_core.package_identification:_identify(src/hexapod_com_calculator) by extension 'ignore_ament_install'
[0.106s] Level 1:colcon.colcon_core.package_identification:_identify(src/hexapod_com_calculator) by extensions ['colcon_pkg']
[0.106s] Level 1:colcon.colcon_core.package_identification:_identify(src/hexapod_com_calculator) by extension 'colcon_pkg'
[0.106s] Level 1:colcon.colcon_core.package_identification:_identify(src/hexapod_com_calculator) by extensions ['colcon_meta']
[0.106s] Level 1:colcon.colcon_core.package_identification:_identify(src/hexapod_com_calculator) by extension 'colcon_meta'
[0.106s] Level 1:colcon.colcon_core.package_identification:_identify(src/hexapod_com_calculator) by extensions ['ros']
[0.106s] Level 1:colcon.colcon_core.package_identification:_identify(src/hexapod_com_calculator) by extension 'ros'
[0.107s] DEBUG:colcon.colcon_core.package_identification:Package 'src/hexapod_com_calculator' with type 'ros.ament_python' and name 'hexapod_com_calculator'
[0.107s] Level 1:colcon.colcon_core.package_identification:_identify(src/hexapod_description) by extensions ['ignore', 'ignore_ament_install']
[0.107s] Level 1:colcon.colcon_core.package_identification:_identify(src/hexapod_description) by extension 'ignore'
[0.108s] Level 1:colcon.colcon_core.package_identification:_identify(src/hexapod_description) by extension 'ignore_ament_install'
[0.108s] Level 1:colcon.colcon_core.package_identification:_identify(src/hexapod_description) by extensions ['colcon_pkg']
[0.108s] Level 1:colcon.colcon_core.package_identification:_identify(src/hexapod_description) by extension 'colcon_pkg'
[0.108s] Level 1:colcon.colcon_core.package_identification:_identify(src/hexapod_description) by extensions ['colcon_meta']
[0.108s] Level 1:colcon.colcon_core.package_identification:_identify(src/hexapod_description) by extension 'colcon_meta'
[0.108s] Level 1:colcon.colcon_core.package_identification:_identify(src/hexapod_description) by extensions ['ros']
[0.108s] Level 1:colcon.colcon_core.package_identification:_identify(src/hexapod_description) by extension 'ros'
[0.108s] DEBUG:colcon.colcon_core.package_identification:Package 'src/hexapod_description' with type 'ros.ament_cmake' and name 'hexapod_description'
[0.108s] Level 1:colcon.colcon_core.package_identification:_identify(src/hexapod_kinematics_py) by extensions ['ignore', 'ignore_ament_install']
[0.108s] Level 1:colcon.colcon_core.package_identification:_identify(src/hexapod_kinematics_py) by extension 'ignore'
[0.108s] Level 1:colcon.colcon_core.package_identification:_identify(src/hexapod_kinematics_py) by extension 'ignore_ament_install'
[0.108s] Level 1:colcon.colcon_core.package_identification:_identify(src/hexapod_kinematics_py) by extensions ['colcon_pkg']
[0.108s] Level 1:colcon.colcon_core.package_identification:_identify(src/hexapod_kinematics_py) by extension 'colcon_pkg'
[0.108s] Level 1:colcon.colcon_core.package_identification:_identify(src/hexapod_kinematics_py) by extensions ['colcon_meta']
[0.108s] Level 1:colcon.colcon_core.package_identification:_identify(src/hexapod_kinematics_py) by extension 'colcon_meta'
[0.108s] Level 1:colcon.colcon_core.package_identification:_identify(src/hexapod_kinematics_py) by extensions ['ros']
[0.108s] Level 1:colcon.colcon_core.package_identification:_identify(src/hexapod_kinematics_py) by extension 'ros'
[0.108s] DEBUG:colcon.colcon_core.package_identification:Package 'src/hexapod_kinematics_py' with type 'ros.ament_python' and name 'hexapod_kinematics_py'
[0.109s] Level 1:colcon.colcon_core.package_identification:_identify(src/hexapod_msgs) by extensions ['ignore', 'ignore_ament_install']
[0.109s] Level 1:colcon.colcon_core.package_identification:_identify(src/hexapod_msgs) by extension 'ignore'
[0.109s] Level 1:colcon.colcon_core.package_identification:_identify(src/hexapod_msgs) by extension 'ignore_ament_install'
[0.109s] Level 1:colcon.colcon_core.package_identification:_identify(src/hexapod_msgs) by extensions ['colcon_pkg']
[0.109s] Level 1:colcon.colcon_core.package_identification:_identify(src/hexapod_msgs) by extension 'colcon_pkg'
[0.109s] Level 1:colcon.colcon_core.package_identification:_identify(src/hexapod_msgs) by extensions ['colcon_meta']
[0.109s] Level 1:colcon.colcon_core.package_identification:_identify(src/hexapod_msgs) by extension 'colcon_meta'
[0.109s] Level 1:colcon.colcon_core.package_identification:_identify(src/hexapod_msgs) by extensions ['ros']
[0.109s] Level 1:colcon.colcon_core.package_identification:_identify(src/hexapod_msgs) by extension 'ros'
[0.109s] DEBUG:colcon.colcon_core.package_identification:Package 'src/hexapod_msgs' with type 'ros.ament_cmake' and name 'hexapod_msgs'
[0.109s] Level 1:colcon.colcon_core.package_identification:_identify(src/servo_control) by extensions ['ignore', 'ignore_ament_install']
[0.109s] Level 1:colcon.colcon_core.package_identification:_identify(src/servo_control) by extension 'ignore'
[0.109s] Level 1:colcon.colcon_core.package_identification:_identify(src/servo_control) by extension 'ignore_ament_install'
[0.109s] Level 1:colcon.colcon_core.package_identification:_identify(src/servo_control) by extensions ['colcon_pkg']
[0.109s] Level 1:colcon.colcon_core.package_identification:_identify(src/servo_control) by extension 'colcon_pkg'
[0.109s] Level 1:colcon.colcon_core.package_identification:_identify(src/servo_control) by extensions ['colcon_meta']
[0.109s] Level 1:colcon.colcon_core.package_identification:_identify(src/servo_control) by extension 'colcon_meta'
[0.109s] Level 1:colcon.colcon_core.package_identification:_identify(src/servo_control) by extensions ['ros']
[0.109s] Level 1:colcon.colcon_core.package_identification:_identify(src/servo_control) by extension 'ros'
[0.109s] Level 1:colcon.colcon_core.package_identification:_identify(src/servo_control) by extensions ['cmake', 'python']
[0.109s] Level 1:colcon.colcon_core.package_identification:_identify(src/servo_control) by extension 'cmake'
[0.109s] Level 1:colcon.colcon_core.package_identification:_identify(src/servo_control) by extension 'python'
[0.109s] Level 1:colcon.colcon_core.package_identification:_identify(src/servo_control) by extensions ['python_setup_py']
[0.109s] Level 1:colcon.colcon_core.package_identification:_identify(src/servo_control) by extension 'python_setup_py'
[0.109s] Level 1:colcon.colcon_core.package_identification:_identify(src/servo_control/servo_control) by extensions ['ignore', 'ignore_ament_install']
[0.110s] Level 1:colcon.colcon_core.package_identification:_identify(src/servo_control/servo_control) by extension 'ignore'
[0.110s] Level 1:colcon.colcon_core.package_identification:_identify(src/servo_control/servo_control) by extension 'ignore_ament_install'
[0.110s] Level 1:colcon.colcon_core.package_identification:_identify(src/servo_control/servo_control) by extensions ['colcon_pkg']
[0.110s] Level 1:colcon.colcon_core.package_identification:_identify(src/servo_control/servo_control) by extension 'colcon_pkg'
[0.110s] Level 1:colcon.colcon_core.package_identification:_identify(src/servo_control/servo_control) by extensions ['colcon_meta']
[0.110s] Level 1:colcon.colcon_core.package_identification:_identify(src/servo_control/servo_control) by extension 'colcon_meta'
[0.110s] Level 1:colcon.colcon_core.package_identification:_identify(src/servo_control/servo_control) by extensions ['ros']
[0.110s] Level 1:colcon.colcon_core.package_identification:_identify(src/servo_control/servo_control) by extension 'ros'
[0.110s] Level 1:colcon.colcon_core.package_identification:_identify(src/servo_control/servo_control) by extensions ['cmake', 'python']
[0.110s] Level 1:colcon.colcon_core.package_identification:_identify(src/servo_control/servo_control) by extension 'cmake'
[0.110s] Level 1:colcon.colcon_core.package_identification:_identify(src/servo_control/servo_control) by extension 'python'
[0.110s] Level 1:colcon.colcon_core.package_identification:_identify(src/servo_control/servo_control) by extensions ['python_setup_py']
[0.110s] Level 1:colcon.colcon_core.package_identification:_identify(src/servo_control/servo_control) by extension 'python_setup_py'
[0.110s] Level 1:colcon.colcon_core.package_identification:_identify(src/servo_control/servo_control/utilities) by extensions ['ignore', 'ignore_ament_install']
[0.110s] Level 1:colcon.colcon_core.package_identification:_identify(src/servo_control/servo_control/utilities) by extension 'ignore'
[0.110s] Level 1:colcon.colcon_core.package_identification:_identify(src/servo_control/servo_control/utilities) by extension 'ignore_ament_install'
[0.110s] Level 1:colcon.colcon_core.package_identification:_identify(src/servo_control/servo_control/utilities) by extensions ['colcon_pkg']
[0.110s] Level 1:colcon.colcon_core.package_identification:_identify(src/servo_control/servo_control/utilities) by extension 'colcon_pkg'
[0.110s] Level 1:colcon.colcon_core.package_identification:_identify(src/servo_control/servo_control/utilities) by extensions ['colcon_meta']
[0.110s] Level 1:colcon.colcon_core.package_identification:_identify(src/servo_control/servo_control/utilities) by extension 'colcon_meta'
[0.110s] Level 1:colcon.colcon_core.package_identification:_identify(src/servo_control/servo_control/utilities) by extensions ['ros']
[0.110s] Level 1:colcon.colcon_core.package_identification:_identify(src/servo_control/servo_control/utilities) by extension 'ros'
[0.110s] Level 1:colcon.colcon_core.package_identification:_identify(src/servo_control/servo_control/utilities) by extensions ['cmake', 'python']
[0.110s] Level 1:colcon.colcon_core.package_identification:_identify(src/servo_control/servo_control/utilities) by extension 'cmake'
[0.110s] Level 1:colcon.colcon_core.package_identification:_identify(src/servo_control/servo_control/utilities) by extension 'python'
[0.110s] Level 1:colcon.colcon_core.package_identification:_identify(src/servo_control/servo_control/utilities) by extensions ['python_setup_py']
[0.110s] Level 1:colcon.colcon_core.package_identification:_identify(src/servo_control/servo_control/utilities) by extension 'python_setup_py'
[0.110s] Level 1:colcon.colcon_core.package_identification:_identify(src/support_polygon_calculator) by extensions ['ignore', 'ignore_ament_install']
[0.110s] Level 1:colcon.colcon_core.package_identification:_identify(src/support_polygon_calculator) by extension 'ignore'
[0.110s] Level 1:colcon.colcon_core.package_identification:_identify(src/support_polygon_calculator) by extension 'ignore_ament_install'
[0.110s] Level 1:colcon.colcon_core.package_identification:_identify(src/support_polygon_calculator) by extensions ['colcon_pkg']
[0.110s] Level 1:colcon.colcon_core.package_identification:_identify(src/support_polygon_calculator) by extension 'colcon_pkg'
[0.110s] Level 1:colcon.colcon_core.package_identification:_identify(src/support_polygon_calculator) by extensions ['colcon_meta']
[0.110s] Level 1:colcon.colcon_core.package_identification:_identify(src/support_polygon_calculator) by extension 'colcon_meta'
[0.110s] Level 1:colcon.colcon_core.package_identification:_identify(src/support_polygon_calculator) by extensions ['ros']
[0.110s] Level 1:colcon.colcon_core.package_identification:_identify(src/support_polygon_calculator) by extension 'ros'
[0.111s] DEBUG:colcon.colcon_core.package_identification:Package 'src/support_polygon_calculator' with type 'ros.ament_cmake' and name 'support_polygon_calculator'
[0.111s] Level 1:colcon.colcon_core.package_discovery:discover_packages(recursive) using defaults
[0.111s] Level 1:colcon.colcon_core.package_discovery:discover_packages(ignore) discover
[0.111s] Level 1:colcon.colcon_core.package_discovery:discover_packages(ignore) using defaults
[0.111s] Level 1:colcon.colcon_core.package_discovery:discover_packages(path) discover
[0.111s] Level 1:colcon.colcon_core.package_discovery:discover_packages(path) using defaults
[0.122s] Level 1:colcon.colcon_core.package_discovery:discover_packages(prefix_path) check parameters
[0.122s] Level 1:colcon.colcon_core.package_discovery:discover_packages(prefix_path) discover
[0.124s] DEBUG:colcon.colcon_installed_package_information.package_discovery:Found 6 installed packages in /home/alec/Autotracking_Surgical_Lamp/ros2_ws/install
[0.124s] DEBUG:colcon.colcon_installed_package_information.package_discovery:Found 5 installed packages in /home/alec/ros2_ws/install
[0.125s] DEBUG:colcon.colcon_installed_package_information.package_discovery:Found 406 installed packages in /opt/ros/jazzy
[0.126s] Level 1:colcon.colcon_core.package_discovery:discover_packages(prefix_path) using defaults
[0.156s] Level 5:colcon.colcon_core.verb:set package 'hexapod_com_calculator' build argument 'cmake_args' from command line to 'None'
[0.156s] Level 5:colcon.colcon_core.verb:set package 'hexapod_com_calculator' build argument 'cmake_target' from command line to 'None'
[0.156s] Level 5:colcon.colcon_core.verb:set package 'hexapod_com_calculator' build argument 'cmake_target_skip_unavailable' from command line to 'False'
[0.156s] Level 5:colcon.colcon_core.verb:set package 'hexapod_com_calculator' build argument 'cmake_clean_cache' from command line to 'False'
[0.156s] Level 5:colcon.colcon_core.verb:set package 'hexapod_com_calculator' build argument 'cmake_clean_first' from command line to 'False'
[0.156s] Level 5:colcon.colcon_core.verb:set package 'hexapod_com_calculator' build argument 'cmake_force_configure' from command line to 'False'
[0.156s] Level 5:colcon.colcon_core.verb:set package 'hexapod_com_calculator' build argument 'ament_cmake_args' from command line to 'None'
[0.156s] Level 5:colcon.colcon_core.verb:set package 'hexapod_com_calculator' build argument 'catkin_cmake_args' from command line to 'None'
[0.156s] Level 5:colcon.colcon_core.verb:set package 'hexapod_com_calculator' build argument 'catkin_skip_building_tests' from command line to 'False'
[0.156s] DEBUG:colcon.colcon_core.verb:Building package 'hexapod_com_calculator' with the following arguments: {'ament_cmake_args': None, 'build_base': '/home/alec/Documents/SpiderBot/ros2_ws/build/hexapod_com_calculator', 'catkin_cmake_args': None, 'catkin_skip_building_tests': False, 'cmake_args': None, 'cmake_clean_cache': False, 'cmake_clean_first': False, 'cmake_force_configure': False, 'cmake_target': None, 'cmake_target_skip_unavailable': False, 'install_base': '/home/alec/Documents/SpiderBot/ros2_ws/install/hexapod_com_calculator', 'merge_install': False, 'path': '/home/alec/Documents/SpiderBot/ros2_ws/src/hexapod_com_calculator', 'symlink_install': False, 'test_result_base': None}
[0.156s] Level 5:colcon.colcon_core.verb:set package 'hexapod_description' build argument 'cmake_args' from command line to 'None'
[0.156s] Level 5:colcon.colcon_core.verb:set package 'hexapod_description' build argument 'cmake_target' from command line to 'None'
[0.156s] Level 5:colcon.colcon_core.verb:set package 'hexapod_description' build argument 'cmake_target_skip_unavailable' from command line to 'False'
[0.156s] Level 5:colcon.colcon_core.verb:set package 'hexapod_description' build argument 'cmake_clean_cache' from command line to 'False'
[0.156s] Level 5:colcon.colcon_core.verb:set package 'hexapod_description' build argument 'cmake_clean_first' from command line to 'False'
[0.156s] Level 5:colcon.colcon_core.verb:set package 'hexapod_description' build argument 'cmake_force_configure' from command line to 'False'
[0.156s] Level 5:colcon.colcon_core.verb:set package 'hexapod_description' build argument 'ament_cmake_args' from command line to 'None'
[0.156s] Level 5:colcon.colcon_core.verb:set package 'hexapod_description' build argument 'catkin_cmake_args' from command line to 'None'
[0.156s] Level 5:colcon.colcon_core.verb:set package 'hexapod_description' build argument 'catkin_skip_building_tests' from command line to 'False'
[0.156s] DEBUG:colcon.colcon_core.verb:Building package 'hexapod_description' with the following arguments: {'ament_cmake_args': None, 'build_base': '/home/alec/Documents/SpiderBot/ros2_ws/build/hexapod_description', 'catkin_cmake_args': None, 'catkin_skip_building_tests': False, 'cmake_args': None, 'cmake_clean_cache': False, 'cmake_clean_first': False, 'cmake_force_configure': False, 'cmake_target': None, 'cmake_target_skip_unavailable': False, 'install_base': '/home/alec/Documents/SpiderBot/ros2_ws/install/hexapod_description', 'merge_install': False, 'path': '/home/alec/Documents/SpiderBot/ros2_ws/src/hexapod_description', 'symlink_install': False, 'test_result_base': None}
[0.157s] Level 5:colcon.colcon_core.verb:set package 'hexapod_kinematics_py' build argument 'cmake_args' from command line to 'None'
[0.157s] Level 5:colcon.colcon_core.verb:set package 'hexapod_kinematics_py' build argument 'cmake_target' from command line to 'None'
[0.157s] Level 5:colcon.colcon_core.verb:set package 'hexapod_kinematics_py' build argument 'cmake_target_skip_unavailable' from command line to 'False'
[0.157s] Level 5:colcon.colcon_core.verb:set package 'hexapod_kinematics_py' build argument 'cmake_clean_cache' from command line to 'False'
[0.157s] Level 5:colcon.colcon_core.verb:set package 'hexapod_kinematics_py' build argument 'cmake_clean_first' from command line to 'False'
[0.157s] Level 5:colcon.colcon_core.verb:set package 'hexapod_kinematics_py' build argument 'cmake_force_configure' from command line to 'False'
[0.157s] Level 5:colcon.colcon_core.verb:set package 'hexapod_kinematics_py' build argument 'ament_cmake_args' from command line to 'None'
[0.157s] Level 5:colcon.colcon_core.verb:set package 'hexapod_kinematics_py' build argument 'catkin_cmake_args' from command line to 'None'
[0.157s] Level 5:colcon.colcon_core.verb:set package 'hexapod_kinematics_py' build argument 'catkin_skip_building_tests' from command line to 'False'
[0.157s] DEBUG:colcon.colcon_core.verb:Building package 'hexapod_kinematics_py' with the following arguments: {'ament_cmake_args': None, 'build_base': '/home/alec/Documents/SpiderBot/ros2_ws/build/hexapod_kinematics_py', 'catkin_cmake_args': None, 'catkin_skip_building_tests': False, 'cmake_args': None, 'cmake_clean_cache': False, 'cmake_clean_first': False, 'cmake_force_configure': False, 'cmake_target': None, 'cmake_target_skip_unavailable': False, 'install_base': '/home/alec/Documents/SpiderBot/ros2_ws/install/hexapod_kinematics_py', 'merge_install': False, 'path': '/home/alec/Documents/SpiderBot/ros2_ws/src/hexapod_kinematics_py', 'symlink_install': False, 'test_result_base': None}
[0.157s] Level 5:colcon.colcon_core.verb:set package 'hexapod_msgs' build argument 'cmake_args' from command line to 'None'
[0.157s] Level 5:colcon.colcon_core.verb:set package 'hexapod_msgs' build argument 'cmake_target' from command line to 'None'
[0.157s] Level 5:colcon.colcon_core.verb:set package 'hexapod_msgs' build argument 'cmake_target_skip_unavailable' from command line to 'False'
[0.157s] Level 5:colcon.colcon_core.verb:set package 'hexapod_msgs' build argument 'cmake_clean_cache' from command line to 'False'
[0.157s] Level 5:colcon.colcon_core.verb:set package 'hexapod_msgs' build argument 'cmake_clean_first' from command line to 'False'
[0.157s] Level 5:colcon.colcon_core.verb:set package 'hexapod_msgs' build argument 'cmake_force_configure' from command line to 'False'
[0.157s] Level 5:colcon.colcon_core.verb:set package 'hexapod_msgs' build argument 'ament_cmake_args' from command line to 'None'
[0.157s] Level 5:colcon.colcon_core.verb:set package 'hexapod_msgs' build argument 'catkin_cmake_args' from command line to 'None'
[0.157s] Level 5:colcon.colcon_core.verb:set package 'hexapod_msgs' build argument 'catkin_skip_building_tests' from command line to 'False'
[0.157s] DEBUG:colcon.colcon_core.verb:Building package 'hexapod_msgs' with the following arguments: {'ament_cmake_args': None, 'build_base': '/home/alec/Documents/SpiderBot/ros2_ws/build/hexapod_msgs', 'catkin_cmake_args': None, 'catkin_skip_building_tests': False, 'cmake_args': None, 'cmake_clean_cache': False, 'cmake_clean_first': False, 'cmake_force_configure': False, 'cmake_target': None, 'cmake_target_skip_unavailable': False, 'install_base': '/home/alec/Documents/SpiderBot/ros2_ws/install/hexapod_msgs', 'merge_install': False, 'path': '/home/alec/Documents/SpiderBot/ros2_ws/src/hexapod_msgs', 'symlink_install': False, 'test_result_base': None}
[0.157s] Level 5:colcon.colcon_core.verb:set package 'support_polygon_calculator' build argument 'cmake_args' from command line to 'None'
[0.157s] Level 5:colcon.colcon_core.verb:set package 'support_polygon_calculator' build argument 'cmake_target' from command line to 'None'
[0.157s] Level 5:colcon.colcon_core.verb:set package 'support_polygon_calculator' build argument 'cmake_target_skip_unavailable' from command line to 'False'
[0.157s] Level 5:colcon.colcon_core.verb:set package 'support_polygon_calculator' build argument 'cmake_clean_cache' from command line to 'False'
[0.157s] Level 5:colcon.colcon_core.verb:set package 'support_polygon_calculator' build argument 'cmake_clean_first' from command line to 'False'
[0.157s] Level 5:colcon.colcon_core.verb:set package 'support_polygon_calculator' build argument 'cmake_force_configure' from command line to 'False'
[0.157s] Level 5:colcon.colcon_core.verb:set package 'support_polygon_calculator' build argument 'ament_cmake_args' from command line to 'None'
[0.157s] Level 5:colcon.colcon_core.verb:set package 'support_polygon_calculator' build argument 'catkin_cmake_args' from command line to 'None'
[0.157s] Level 5:colcon.colcon_core.verb:set package 'support_polygon_calculator' build argument 'catkin_skip_building_tests' from command line to 'False'
[0.157s] DEBUG:colcon.colcon_core.verb:Building package 'support_polygon_calculator' with the following arguments: {'ament_cmake_args': None, 'build_base': '/home/alec/Documents/SpiderBot/ros2_ws/build/support_polygon_calculator', 'catkin_cmake_args': None, 'catkin_skip_building_tests': False, 'cmake_args': None, 'cmake_clean_cache': False, 'cmake_clean_first': False, 'cmake_force_configure': False, 'cmake_target': None, 'cmake_target_skip_unavailable': False, 'install_base': '/home/alec/Documents/SpiderBot/ros2_ws/install/support_polygon_calculator', 'merge_install': False, 'path': '/home/alec/Documents/SpiderBot/ros2_ws/src/support_polygon_calculator', 'symlink_install': False, 'test_result_base': None}
[0.157s] INFO:colcon.colcon_core.executor:Executing jobs using 'parallel' executor
[0.158s] DEBUG:colcon.colcon_parallel_executor.executor.parallel:run_until_complete
[0.158s] INFO:colcon.colcon_ros.task.ament_python.build:Building ROS package in '/home/alec/Documents/SpiderBot/ros2_ws/src/hexapod_com_calculator' with build type 'ament_python'
[0.158s] Level 1:colcon.colcon_core.shell:create_environment_hook('hexapod_com_calculator', 'ament_prefix_path')
[0.159s] INFO:colcon.colcon_core.plugin_system:Skipping extension 'colcon_core.shell.bat': Not used on non-Windows systems
[0.159s] INFO:colcon.colcon_core.shell:Creating environment hook '/home/alec/Documents/SpiderBot/ros2_ws/install/hexapod_com_calculator/share/hexapod_com_calculator/hook/ament_prefix_path.ps1'
[0.160s] INFO:colcon.colcon_core.shell:Creating environment descriptor '/home/alec/Documents/SpiderBot/ros2_ws/install/hexapod_com_calculator/share/hexapod_com_calculator/hook/ament_prefix_path.dsv'
[0.160s] INFO:colcon.colcon_core.shell:Creating environment hook '/home/alec/Documents/SpiderBot/ros2_ws/install/hexapod_com_calculator/share/hexapod_com_calculator/hook/ament_prefix_path.sh'
[0.161s] INFO:colcon.colcon_core.shell:Skip shell extension 'powershell' for command environment: Not usable outside of PowerShell
[0.161s] DEBUG:colcon.colcon_core.shell:Skip shell extension 'dsv' for command environment
[0.164s] INFO:colcon.colcon_ros.task.ament_cmake.build:Building ROS package in '/home/alec/Documents/SpiderBot/ros2_ws/src/hexapod_description' with build type 'ament_cmake'
[0.164s] INFO:colcon.colcon_cmake.task.cmake.build:Building CMake package in '/home/alec/Documents/SpiderBot/ros2_ws/src/hexapod_description'
[0.164s] INFO:colcon.colcon_core.shell:Skip shell extension 'powershell' for command environment: Not usable outside of PowerShell
[0.164s] DEBUG:colcon.colcon_core.shell:Skip shell extension 'dsv' for command environment
[0.166s] INFO:colcon.colcon_ros.task.ament_python.build:Building ROS package in '/home/alec/Documents/SpiderBot/ros2_ws/src/hexapod_kinematics_py' with build type 'ament_python'
[0.167s] Level 1:colcon.colcon_core.shell:create_environment_hook('hexapod_kinematics_py', 'ament_prefix_path')
[0.167s] INFO:colcon.colcon_core.shell:Creating environment hook '/home/alec/Documents/SpiderBot/ros2_ws/install/hexapod_kinematics_py/share/hexapod_kinematics_py/hook/ament_prefix_path.ps1'
[0.169s] INFO:colcon.colcon_core.shell:Creating environment descriptor '/home/alec/Documents/SpiderBot/ros2_ws/install/hexapod_kinematics_py/share/hexapod_kinematics_py/hook/ament_prefix_path.dsv'
[0.169s] INFO:colcon.colcon_core.shell:Creating environment hook '/home/alec/Documents/SpiderBot/ros2_ws/install/hexapod_kinematics_py/share/hexapod_kinematics_py/hook/ament_prefix_path.sh'
[0.169s] INFO:colcon.colcon_core.shell:Skip shell extension 'powershell' for command environment: Not usable outside of PowerShell
[0.169s] DEBUG:colcon.colcon_core.shell:Skip shell extension 'dsv' for command environment
[0.172s] INFO:colcon.colcon_ros.task.ament_cmake.build:Building ROS package in '/home/alec/Documents/SpiderBot/ros2_ws/src/hexapod_msgs' with build type 'ament_cmake'
[0.172s] INFO:colcon.colcon_cmake.task.cmake.build:Building CMake package in '/home/alec/Documents/SpiderBot/ros2_ws/src/hexapod_msgs'
[0.172s] INFO:colcon.colcon_core.shell:Skip shell extension 'powershell' for command environment: Not usable outside of PowerShell
[0.172s] DEBUG:colcon.colcon_core.shell:Skip shell extension 'dsv' for command environment
[0.174s] INFO:colcon.colcon_ros.task.ament_cmake.build:Building ROS package in '/home/alec/Documents/SpiderBot/ros2_ws/src/support_polygon_calculator' with build type 'ament_cmake'
[0.174s] INFO:colcon.colcon_cmake.task.cmake.build:Building CMake package in '/home/alec/Documents/SpiderBot/ros2_ws/src/support_polygon_calculator'
[0.175s] INFO:colcon.colcon_core.shell:Skip shell extension 'powershell' for command environment: Not usable outside of PowerShell
[0.175s] DEBUG:colcon.colcon_core.shell:Skip shell extension 'dsv' for command environment
[0.315s] INFO:colcon.colcon_core.task.python.build:Building Python package in '/home/alec/Documents/SpiderBot/ros2_ws/src/hexapod_com_calculator'
[0.315s] INFO:colcon.colcon_core.shell:Skip shell extension 'powershell' for command environment: Not usable outside of PowerShell
[0.315s] DEBUG:colcon.colcon_core.shell:Skip shell extension 'dsv' for command environment
[0.320s] DEBUG:colcon.colcon_core.event_handler.log_command:Invoking command in '/home/alec/Documents/SpiderBot/ros2_ws/build/hexapod_description': CMAKE_PREFIX_PATH=${CMAKE_PREFIX_PATH}:/opt/ros/jazzy DEBUGINFOD_URLS=https://debuginfod.ubuntu.com /usr/bin/cmake /home/alec/Documents/SpiderBot/ros2_ws/src/hexapod_description -DCMAKE_INSTALL_PREFIX=/home/alec/Documents/SpiderBot/ros2_ws/install/hexapod_description
[0.456s] INFO:colcon.colcon_core.task.python.build:Building Python package in '/home/alec/Documents/SpiderBot/ros2_ws/src/hexapod_kinematics_py'
[0.456s] INFO:colcon.colcon_core.shell:Skip shell extension 'powershell' for command environment: Not usable outside of PowerShell
[0.456s] DEBUG:colcon.colcon_core.shell:Skip shell extension 'dsv' for command environment
[0.460s] DEBUG:colcon.colcon_core.event_handler.log_command:Invoking command in '/home/alec/Documents/SpiderBot/ros2_ws/build/hexapod_msgs': CMAKE_PREFIX_PATH=${CMAKE_PREFIX_PATH}:/opt/ros/jazzy DEBUGINFOD_URLS=https://debuginfod.ubuntu.com /usr/bin/cmake /home/alec/Documents/SpiderBot/ros2_ws/src/hexapod_msgs -DCMAKE_INSTALL_PREFIX=/home/alec/Documents/SpiderBot/ros2_ws/install/hexapod_msgs
[0.465s] DEBUG:colcon.colcon_core.event_handler.log_command:Invoking command in '/home/alec/Documents/SpiderBot/ros2_ws/build/support_polygon_calculator': CMAKE_PREFIX_PATH=${CMAKE_PREFIX_PATH}:/opt/ros/jazzy DEBUGINFOD_URLS=https://debuginfod.ubuntu.com /usr/bin/cmake /home/alec/Documents/SpiderBot/ros2_ws/src/support_polygon_calculator -DCMAKE_INSTALL_PREFIX=/home/alec/Documents/SpiderBot/ros2_ws/install/support_polygon_calculator
[0.874s] DEBUG:colcon.colcon_core.event_handler.log_command:Invoking command in '/home/alec/Documents/SpiderBot/ros2_ws/src/hexapod_kinematics_py': DEBUGINFOD_URLS=https://debuginfod.ubuntu.com PYTHONPATH=/home/alec/Documents/SpiderBot/ros2_ws/build/hexapod_kinematics_py/prefix_override:/usr/lib/python3/dist-packages/colcon_core/task/python/colcon_distutils_commands:/home/alec/Documents/SpiderBot/ros2_ws/install/hexapod_kinematics_py/lib/python3.12/site-packages:${PYTHONPATH} /usr/bin/python3 -W ignore:setup.py install is deprecated -W ignore:easy_install command is deprecated setup.py egg_info --egg-base ../../build/hexapod_kinematics_py build --build-base /home/alec/Documents/SpiderBot/ros2_ws/build/hexapod_kinematics_py/build install --record /home/alec/Documents/SpiderBot/ros2_ws/build/hexapod_kinematics_py/install.log --single-version-externally-managed install_data
[0.875s] DEBUG:colcon.colcon_core.event_handler.log_command:Invoking command in '/home/alec/Documents/SpiderBot/ros2_ws/src/hexapod_com_calculator': DEBUGINFOD_URLS=https://debuginfod.ubuntu.com PYTHONPATH=/home/alec/Documents/SpiderBot/ros2_ws/build/hexapod_com_calculator/prefix_override:/usr/lib/python3/dist-packages/colcon_core/task/python/colcon_distutils_commands:/home/alec/Documents/SpiderBot/ros2_ws/install/hexapod_com_calculator/lib/python3.12/site-packages:${PYTHONPATH} /usr/bin/python3 -W ignore:setup.py install is deprecated -W ignore:easy_install command is deprecated setup.py egg_info --egg-base ../../build/hexapod_com_calculator build --build-base /home/alec/Documents/SpiderBot/ros2_ws/build/hexapod_com_calculator/build install --record /home/alec/Documents/SpiderBot/ros2_ws/build/hexapod_com_calculator/install.log --single-version-externally-managed install_data
[1.025s] DEBUG:colcon.colcon_core.event_handler.log_command:Invoked command in '/home/alec/Documents/SpiderBot/ros2_ws/build/hexapod_description' returned '0': CMAKE_PREFIX_PATH=${CMAKE_PREFIX_PATH}:/opt/ros/jazzy DEBUGINFOD_URLS=https://debuginfod.ubuntu.com /usr/bin/cmake /home/alec/Documents/SpiderBot/ros2_ws/src/hexapod_description -DCMAKE_INSTALL_PREFIX=/home/alec/Documents/SpiderBot/ros2_ws/install/hexapod_description
[1.026s] DEBUG:colcon.colcon_core.event_handler.log_command:Invoking command in '/home/alec/Documents/SpiderBot/ros2_ws/build/hexapod_description': CMAKE_PREFIX_PATH=${CMAKE_PREFIX_PATH}:/opt/ros/jazzy DEBUGINFOD_URLS=https://debuginfod.ubuntu.com /usr/bin/cmake --build /home/alec/Documents/SpiderBot/ros2_ws/build/hexapod_description -- -j20 -l20
[1.066s] DEBUG:colcon.colcon_core.event_handler.log_command:Invoked command in '/home/alec/Documents/SpiderBot/ros2_ws/build/hexapod_description' returned '0': CMAKE_PREFIX_PATH=${CMAKE_PREFIX_PATH}:/opt/ros/jazzy DEBUGINFOD_URLS=https://debuginfod.ubuntu.com /usr/bin/cmake --build /home/alec/Documents/SpiderBot/ros2_ws/build/hexapod_description -- -j20 -l20
[1.076s] DEBUG:colcon.colcon_core.event_handler.log_command:Invoking command in '/home/alec/Documents/SpiderBot/ros2_ws/build/hexapod_description': CMAKE_PREFIX_PATH=${CMAKE_PREFIX_PATH}:/opt/ros/jazzy DEBUGINFOD_URLS=https://debuginfod.ubuntu.com /usr/bin/cmake --install /home/alec/Documents/SpiderBot/ros2_ws/build/hexapod_description
[1.085s] Level 1:colcon.colcon_core.environment:create_environment_scripts_only(hexapod_description)
[1.086s] DEBUG:colcon.colcon_core.event_handler.log_command:Invoked command in '/home/alec/Documents/SpiderBot/ros2_ws/build/hexapod_description' returned '0': CMAKE_PREFIX_PATH=${CMAKE_PREFIX_PATH}:/opt/ros/jazzy DEBUGINFOD_URLS=https://debuginfod.ubuntu.com /usr/bin/cmake --install /home/alec/Documents/SpiderBot/ros2_ws/build/hexapod_description
[1.088s] Level 1:colcon.colcon_core.environment:checking '/home/alec/Documents/SpiderBot/ros2_ws/install/hexapod_description' for CMake module files
[1.089s] Level 1:colcon.colcon_core.environment:checking '/home/alec/Documents/SpiderBot/ros2_ws/install/hexapod_description' for CMake config files
[1.089s] Level 1:colcon.colcon_core.shell:create_environment_hook('hexapod_description', 'cmake_prefix_path')
[1.089s] INFO:colcon.colcon_core.shell:Creating environment hook '/home/alec/Documents/SpiderBot/ros2_ws/install/hexapod_description/share/hexapod_description/hook/cmake_prefix_path.ps1'
[1.089s] INFO:colcon.colcon_core.shell:Creating environment descriptor '/home/alec/Documents/SpiderBot/ros2_ws/install/hexapod_description/share/hexapod_description/hook/cmake_prefix_path.dsv'
[1.090s] INFO:colcon.colcon_core.shell:Creating environment hook '/home/alec/Documents/SpiderBot/ros2_ws/install/hexapod_description/share/hexapod_description/hook/cmake_prefix_path.sh'
[1.091s] Level 1:colcon.colcon_core.environment:checking '/home/alec/Documents/SpiderBot/ros2_ws/install/hexapod_description/bin'
[1.091s] Level 1:colcon.colcon_core.environment:checking '/home/alec/Documents/SpiderBot/ros2_ws/install/hexapod_description/lib/pkgconfig/hexapod_description.pc'
[1.091s] Level 1:colcon.colcon_core.environment:checking '/home/alec/Documents/SpiderBot/ros2_ws/install/hexapod_description/lib/python3.12/site-packages'
[1.091s] Level 1:colcon.colcon_core.environment:checking '/home/alec/Documents/SpiderBot/ros2_ws/install/hexapod_description/bin'
[1.091s] INFO:colcon.colcon_core.shell:Creating package script '/home/alec/Documents/SpiderBot/ros2_ws/install/hexapod_description/share/hexapod_description/package.ps1'
[1.092s] INFO:colcon.colcon_core.shell:Creating package descriptor '/home/alec/Documents/SpiderBot/ros2_ws/install/hexapod_description/share/hexapod_description/package.dsv'
[1.092s] INFO:colcon.colcon_core.shell:Creating package script '/home/alec/Documents/SpiderBot/ros2_ws/install/hexapod_description/share/hexapod_description/package.sh'
[1.093s] INFO:colcon.colcon_core.shell:Creating package script '/home/alec/Documents/SpiderBot/ros2_ws/install/hexapod_description/share/hexapod_description/package.bash'
[1.094s] INFO:colcon.colcon_core.shell:Creating package script '/home/alec/Documents/SpiderBot/ros2_ws/install/hexapod_description/share/hexapod_description/package.zsh'
[1.094s] Level 1:colcon.colcon_core.environment:create_file_with_runtime_dependencies(/home/alec/Documents/SpiderBot/ros2_ws/install/hexapod_description/share/colcon-core/packages/hexapod_description)
[1.095s] Level 1:colcon.colcon_core.environment:create_environment_scripts_only(hexapod_description)
[1.095s] Level 1:colcon.colcon_core.environment:checking '/home/alec/Documents/SpiderBot/ros2_ws/install/hexapod_description' for CMake module files
[1.096s] Level 1:colcon.colcon_core.environment:checking '/home/alec/Documents/SpiderBot/ros2_ws/install/hexapod_description' for CMake config files
[1.096s] Level 1:colcon.colcon_core.shell:create_environment_hook('hexapod_description', 'cmake_prefix_path')
[1.096s] INFO:colcon.colcon_core.shell:Creating environment hook '/home/alec/Documents/SpiderBot/ros2_ws/install/hexapod_description/share/hexapod_description/hook/cmake_prefix_path.ps1'
[1.096s] INFO:colcon.colcon_core.shell:Creating environment descriptor '/home/alec/Documents/SpiderBot/ros2_ws/install/hexapod_description/share/hexapod_description/hook/cmake_prefix_path.dsv'
[1.097s] INFO:colcon.colcon_core.shell:Creating environment hook '/home/alec/Documents/SpiderBot/ros2_ws/install/hexapod_description/share/hexapod_description/hook/cmake_prefix_path.sh'
[1.097s] Level 1:colcon.colcon_core.environment:checking '/home/alec/Documents/SpiderBot/ros2_ws/install/hexapod_description/bin'
[1.097s] Level 1:colcon.colcon_core.environment:checking '/home/alec/Documents/SpiderBot/ros2_ws/install/hexapod_description/lib/pkgconfig/hexapod_description.pc'
[1.098s] Level 1:colcon.colcon_core.environment:checking '/home/alec/Documents/SpiderBot/ros2_ws/install/hexapod_description/lib/python3.12/site-packages'
[1.098s] Level 1:colcon.colcon_core.environment:checking '/home/alec/Documents/SpiderBot/ros2_ws/install/hexapod_description/bin'
[1.098s] INFO:colcon.colcon_core.shell:Creating package script '/home/alec/Documents/SpiderBot/ros2_ws/install/hexapod_description/share/hexapod_description/package.ps1'
[1.098s] INFO:colcon.colcon_core.shell:Creating package descriptor '/home/alec/Documents/SpiderBot/ros2_ws/install/hexapod_description/share/hexapod_description/package.dsv'
[1.099s] INFO:colcon.colcon_core.shell:Creating package script '/home/alec/Documents/SpiderBot/ros2_ws/install/hexapod_description/share/hexapod_description/package.sh'
[1.100s] INFO:colcon.colcon_core.shell:Creating package script '/home/alec/Documents/SpiderBot/ros2_ws/install/hexapod_description/share/hexapod_description/package.bash'
[1.101s] INFO:colcon.colcon_core.shell:Creating package script '/home/alec/Documents/SpiderBot/ros2_ws/install/hexapod_description/share/hexapod_description/package.zsh'
[1.101s] Level 1:colcon.colcon_core.environment:create_file_with_runtime_dependencies(/home/alec/Documents/SpiderBot/ros2_ws/install/hexapod_description/share/colcon-core/packages/hexapod_description)
[1.131s] DEBUG:colcon.colcon_core.event_handler.log_command:Invoked command in '/home/alec/Documents/SpiderBot/ros2_ws/src/hexapod_kinematics_py' returned '1': DEBUGINFOD_URLS=https://debuginfod.ubuntu.com PYTHONPATH=/home/alec/Documents/SpiderBot/ros2_ws/build/hexapod_kinematics_py/prefix_override:/usr/lib/python3/dist-packages/colcon_core/task/python/colcon_distutils_commands:/home/alec/Documents/SpiderBot/ros2_ws/install/hexapod_kinematics_py/lib/python3.12/site-packages:${PYTHONPATH} /usr/bin/python3 -W ignore:setup.py install is deprecated -W ignore:easy_install command is deprecated setup.py egg_info --egg-base ../../build/hexapod_kinematics_py build --build-base /home/alec/Documents/SpiderBot/ros2_ws/build/hexapod_kinematics_py/build install --record /home/alec/Documents/SpiderBot/ros2_ws/build/hexapod_kinematics_py/install.log --single-version-externally-managed install_data
[2.974s] DEBUG:colcon.colcon_parallel_executor.executor.parallel:closing loop
[2.974s] DEBUG:colcon.colcon_parallel_executor.executor.parallel:loop closed
[2.975s] DEBUG:colcon.colcon_parallel_executor.executor.parallel:run_until_complete finished with '1'
[2.975s] DEBUG:colcon.colcon_core.event_reactor:joining thread
[2.979s] INFO:colcon.colcon_core.plugin_system:Skipping extension 'colcon_notification.desktop_notification.terminal_notifier': Not used on non-Darwin systems
[2.979s] INFO:colcon.colcon_core.plugin_system:Skipping extension 'colcon_notification.desktop_notification.win32': Not used on non-Windows systems
[2.979s] INFO:colcon.colcon_notification.desktop_notification:Sending desktop notification using 'notify2'
[2.989s] DEBUG:colcon.colcon_core.event_reactor:joined thread
[2.989s] INFO:colcon.colcon_core.shell:Creating prefix script '/home/alec/Documents/SpiderBot/ros2_ws/install/local_setup.ps1'
[2.990s] INFO:colcon.colcon_core.shell:Creating prefix util module '/home/alec/Documents/SpiderBot/ros2_ws/install/_local_setup_util_ps1.py'
[2.990s] INFO:colcon.colcon_core.shell:Creating prefix chain script '/home/alec/Documents/SpiderBot/ros2_ws/install/setup.ps1'
[2.991s] INFO:colcon.colcon_core.shell:Creating prefix script '/home/alec/Documents/SpiderBot/ros2_ws/install/local_setup.sh'
[2.991s] INFO:colcon.colcon_core.shell:Creating prefix util module '/home/alec/Documents/SpiderBot/ros2_ws/install/_local_setup_util_sh.py'
[2.992s] INFO:colcon.colcon_core.shell:Creating prefix chain script '/home/alec/Documents/SpiderBot/ros2_ws/install/setup.sh'
[2.992s] INFO:colcon.colcon_core.shell:Creating prefix script '/home/alec/Documents/SpiderBot/ros2_ws/install/local_setup.bash'
[2.992s] INFO:colcon.colcon_core.shell:Creating prefix chain script '/home/alec/Documents/SpiderBot/ros2_ws/install/setup.bash'
[2.993s] INFO:colcon.colcon_core.shell:Creating prefix script '/home/alec/Documents/SpiderBot/ros2_ws/install/local_setup.zsh'
[2.993s] INFO:colcon.colcon_core.shell:Creating prefix chain script '/home/alec/Documents/SpiderBot/ros2_ws/install/setup.zsh'
