[0.142s] Invoking command in '/home/alec/Documents/SpiderBot/ros2_ws/build/hexapod_description': CMAKE_PREFIX_PATH=${CMAKE_PREFIX_PATH}:/home/alec/Documents/SpiderBot/ros2_ws/install/hexapod_kinematics_py:/home/alec/Documents/SpiderBot/ros2_ws/install/hexapod_com_calculator:/opt/ros/jazzy DEBUGINFOD_URLS=https://debuginfod.ubuntu.com /usr/bin/cmake --build /home/alec/Documents/SpiderBot/ros2_ws/build/hexapod_description -- -j20 -l20
[0.273s] Invoked command in '/home/alec/Documents/SpiderBot/ros2_ws/build/hexapod_description' returned '0': CMAKE_PREFIX_PATH=${CMAKE_PREFIX_PATH}:/home/alec/Documents/SpiderBot/ros2_ws/install/hexapod_kinematics_py:/home/alec/Documents/SpiderBot/ros2_ws/install/hexapod_com_calculator:/opt/ros/jazzy DEBUGINFOD_URLS=https://debuginfod.ubuntu.com /usr/bin/cmake --build /home/alec/Documents/SpiderBot/ros2_ws/build/hexapod_description -- -j20 -l20
[0.281s] Invoking command in '/home/alec/Documents/SpiderBot/ros2_ws/build/hexapod_description': CMAKE_PREFIX_PATH=${CMAKE_PREFIX_PATH}:/home/alec/Documents/SpiderBot/ros2_ws/install/hexapod_kinematics_py:/home/alec/Documents/SpiderBot/ros2_ws/install/hexapod_com_calculator:/opt/ros/jazzy DEBUGINFOD_URLS=https://debuginfod.ubuntu.com /usr/bin/cmake --install /home/alec/Documents/SpiderBot/ros2_ws/build/hexapod_description
[0.288s] -- Install configuration: ""
[0.288s] -- Up-to-date: /home/alec/Documents/SpiderBot/ros2_ws/install/hexapod_description/share/hexapod_description/urdf
[0.288s] -- Up-to-date: /home/alec/Documents/SpiderBot/ros2_ws/install/hexapod_description/share/hexapod_description/urdf/hexapod.urdf
[0.288s] -- Up-to-date: /home/alec/Documents/SpiderBot/ros2_ws/install/hexapod_description/share/hexapod_description/urdf/hexapod.xacro
[0.289s] -- Up-to-date: /home/alec/Documents/SpiderBot/ros2_ws/install/hexapod_description/share/hexapod_description/rviz
[0.289s] -- Up-to-date: /home/alec/Documents/SpiderBot/ros2_ws/install/hexapod_description/share/hexapod_description/launch
[0.289s] -- Up-to-date: /home/alec/Documents/SpiderBot/ros2_ws/install/hexapod_description/share/hexapod_description/launch/view_hexapod.launch.py
[0.289s] -- Up-to-date: /home/alec/Documents/SpiderBot/ros2_ws/install/hexapod_description/share/ament_index/resource_index/package_run_dependencies/hexapod_description
[0.289s] -- Up-to-date: /home/alec/Documents/SpiderBot/ros2_ws/install/hexapod_description/share/ament_index/resource_index/parent_prefix_path/hexapod_description
[0.289s] -- Up-to-date: /home/alec/Documents/SpiderBot/ros2_ws/install/hexapod_description/share/hexapod_description/environment/ament_prefix_path.sh
[0.289s] -- Up-to-date: /home/alec/Documents/SpiderBot/ros2_ws/install/hexapod_description/share/hexapod_description/environment/ament_prefix_path.dsv
[0.289s] -- Up-to-date: /home/alec/Documents/SpiderBot/ros2_ws/install/hexapod_description/share/hexapod_description/environment/path.sh
[0.289s] -- Up-to-date: /home/alec/Documents/SpiderBot/ros2_ws/install/hexapod_description/share/hexapod_description/environment/path.dsv
[0.289s] -- Up-to-date: /home/alec/Documents/SpiderBot/ros2_ws/install/hexapod_description/share/hexapod_description/local_setup.bash
[0.289s] -- Up-to-date: /home/alec/Documents/SpiderBot/ros2_ws/install/hexapod_description/share/hexapod_description/local_setup.sh
[0.289s] -- Up-to-date: /home/alec/Documents/SpiderBot/ros2_ws/install/hexapod_description/share/hexapod_description/local_setup.zsh
[0.289s] -- Up-to-date: /home/alec/Documents/SpiderBot/ros2_ws/install/hexapod_description/share/hexapod_description/local_setup.dsv
[0.290s] -- Installing: /home/alec/Documents/SpiderBot/ros2_ws/install/hexapod_description/share/hexapod_description/package.dsv
[0.290s] -- Up-to-date: /home/alec/Documents/SpiderBot/ros2_ws/install/hexapod_description/share/ament_index/resource_index/packages/hexapod_description
[0.290s] -- Up-to-date: /home/alec/Documents/SpiderBot/ros2_ws/install/hexapod_description/share/hexapod_description/cmake/hexapod_descriptionConfig.cmake
[0.290s] -- Up-to-date: /home/alec/Documents/SpiderBot/ros2_ws/install/hexapod_description/share/hexapod_description/cmake/hexapod_descriptionConfig-version.cmake
[0.290s] -- Up-to-date: /home/alec/Documents/SpiderBot/ros2_ws/install/hexapod_description/share/hexapod_description/package.xml
[0.291s] Invoked command in '/home/alec/Documents/SpiderBot/ros2_ws/build/hexapod_description' returned '0': CMAKE_PREFIX_PATH=${CMAKE_PREFIX_PATH}:/home/alec/Documents/SpiderBot/ros2_ws/install/hexapod_kinematics_py:/home/alec/Documents/SpiderBot/ros2_ws/install/hexapod_com_calculator:/opt/ros/jazzy DEBUGINFOD_URLS=https://debuginfod.ubuntu.com /usr/bin/cmake --install /home/alec/Documents/SpiderBot/ros2_ws/build/hexapod_description
