-- Install configuration: ""
-- Up-to-date: /home/alec/Documents/SpiderBot/ros2_ws/install/hexapod_description/share/hexapod_description/urdf
-- Up-to-date: /home/alec/Documents/SpiderBot/ros2_ws/install/hexapod_description/share/hexapod_description/urdf/hexapod.urdf
-- Up-to-date: /home/alec/Documents/SpiderBot/ros2_ws/install/hexapod_description/share/hexapod_description/urdf/hexapod.xacro
-- Up-to-date: /home/alec/Documents/SpiderBot/ros2_ws/install/hexapod_description/share/hexapod_description/rviz
-- Up-to-date: /home/alec/Documents/SpiderBot/ros2_ws/install/hexapod_description/share/hexapod_description/launch
-- Up-to-date: /home/alec/Documents/SpiderBot/ros2_ws/install/hexapod_description/share/hexapod_description/launch/view_hexapod.launch.py
-- Up-to-date: /home/alec/Documents/SpiderBot/ros2_ws/install/hexapod_description/share/ament_index/resource_index/package_run_dependencies/hexapod_description
-- Up-to-date: /home/alec/Documents/SpiderBot/ros2_ws/install/hexapod_description/share/ament_index/resource_index/parent_prefix_path/hexapod_description
-- Up-to-date: /home/alec/Documents/SpiderBot/ros2_ws/install/hexapod_description/share/hexapod_description/environment/ament_prefix_path.sh
-- Up-to-date: /home/alec/Documents/SpiderBot/ros2_ws/install/hexapod_description/share/hexapod_description/environment/ament_prefix_path.dsv
-- Up-to-date: /home/alec/Documents/SpiderBot/ros2_ws/install/hexapod_description/share/hexapod_description/environment/path.sh
-- Up-to-date: /home/alec/Documents/SpiderBot/ros2_ws/install/hexapod_description/share/hexapod_description/environment/path.dsv
-- Up-to-date: /home/alec/Documents/SpiderBot/ros2_ws/install/hexapod_description/share/hexapod_description/local_setup.bash
-- Up-to-date: /home/alec/Documents/SpiderBot/ros2_ws/install/hexapod_description/share/hexapod_description/local_setup.sh
-- Up-to-date: /home/alec/Documents/SpiderBot/ros2_ws/install/hexapod_description/share/hexapod_description/local_setup.zsh
-- Up-to-date: /home/alec/Documents/SpiderBot/ros2_ws/install/hexapod_description/share/hexapod_description/local_setup.dsv
-- Installing: /home/alec/Documents/SpiderBot/ros2_ws/install/hexapod_description/share/hexapod_description/package.dsv
-- Up-to-date: /home/alec/Documents/SpiderBot/ros2_ws/install/hexapod_description/share/ament_index/resource_index/packages/hexapod_description
-- Up-to-date: /home/alec/Documents/SpiderBot/ros2_ws/install/hexapod_description/share/hexapod_description/cmake/hexapod_descriptionConfig.cmake
-- Up-to-date: /home/alec/Documents/SpiderBot/ros2_ws/install/hexapod_description/share/hexapod_description/cmake/hexapod_descriptionConfig-version.cmake
-- Up-to-date: /home/alec/Documents/SpiderBot/ros2_ws/install/hexapod_description/share/hexapod_description/package.xml
