[0.684s] Invoking command in '/home/alec/Documents/SpiderBot/ros2_ws/src/hexapod_kinematics_py': DEBUGINFOD_URLS=https://debuginfod.ubuntu.com PYTHONPATH=/home/alec/Documents/SpiderBot/ros2_ws/build/hexapod_kinematics_py/prefix_override:/usr/lib/python3/dist-packages/colcon_core/task/python/colcon_distutils_commands:/home/alec/Documents/SpiderBot/ros2_ws/install/hexapod_kinematics_py/lib/python3.12/site-packages:${PYTHONPATH} /usr/bin/python3 -W ignore:setup.py install is deprecated -W ignore:easy_install command is deprecated setup.py egg_info --egg-base ../../build/hexapod_kinematics_py build --build-base /home/alec/Documents/SpiderBot/ros2_ws/build/hexapod_kinematics_py/build install --record /home/alec/Documents/SpiderBot/ros2_ws/build/hexapod_kinematics_py/install.log --single-version-externally-managed install_data
[0.862s] running egg_info
[0.875s] writing ../../build/hexapod_kinematics_py/hexapod_kinematics_py.egg-info/PKG-INFO
[0.875s] writing dependency_links to ../../build/hexapod_kinematics_py/hexapod_kinematics_py.egg-info/dependency_links.txt
[0.875s] writing entry points to ../../build/hexapod_kinematics_py/hexapod_kinematics_py.egg-info/entry_points.txt
[0.875s] writing requirements to ../../build/hexapod_kinematics_py/hexapod_kinematics_py.egg-info/requires.txt
[0.875s] writing top-level names to ../../build/hexapod_kinematics_py/hexapod_kinematics_py.egg-info/top_level.txt
[0.902s] reading manifest file '../../build/hexapod_kinematics_py/hexapod_kinematics_py.egg-info/SOURCES.txt'
[0.902s] writing manifest file '../../build/hexapod_kinematics_py/hexapod_kinematics_py.egg-info/SOURCES.txt'
[0.903s] running build
[0.903s] running build_py
[0.903s] running install
[0.907s] running install_lib
[0.920s] running install_data
[0.920s] copying package.xml -> /home/alec/Documents/SpiderBot/ros2_ws/install/hexapod_kinematics_py/share/hexapod_kinematics_py
[0.920s] running install_egg_info
[0.933s] removing '/home/alec/Documents/SpiderBot/ros2_ws/install/hexapod_kinematics_py/lib/python3.12/site-packages/hexapod_kinematics_py-0.0.0-py3.12.egg-info' (and everything under it)
[0.933s] Copying ../../build/hexapod_kinematics_py/hexapod_kinematics_py.egg-info to /home/alec/Documents/SpiderBot/ros2_ws/install/hexapod_kinematics_py/lib/python3.12/site-packages/hexapod_kinematics_py-0.0.0-py3.12.egg-info
[0.933s] running install_scripts
[1.013s] Installing ik_node script to /home/alec/Documents/SpiderBot/ros2_ws/install/hexapod_kinematics_py/lib/hexapod_kinematics_py
[1.013s] writing list of installed files to '/home/alec/Documents/SpiderBot/ros2_ws/build/hexapod_kinematics_py/install.log'
[1.033s] Invoked command in '/home/alec/Documents/SpiderBot/ros2_ws/src/hexapod_kinematics_py' returned '0': DEBUGINFOD_URLS=https://debuginfod.ubuntu.com PYTHONPATH=/home/alec/Documents/SpiderBot/ros2_ws/build/hexapod_kinematics_py/prefix_override:/usr/lib/python3/dist-packages/colcon_core/task/python/colcon_distutils_commands:/home/alec/Documents/SpiderBot/ros2_ws/install/hexapod_kinematics_py/lib/python3.12/site-packages:${PYTHONPATH} /usr/bin/python3 -W ignore:setup.py install is deprecated -W ignore:easy_install command is deprecated setup.py egg_info --egg-base ../../build/hexapod_kinematics_py build --build-base /home/alec/Documents/SpiderBot/ros2_ws/build/hexapod_kinematics_py/build install --record /home/alec/Documents/SpiderBot/ros2_ws/build/hexapod_kinematics_py/install.log --single-version-externally-managed install_data
