[0.124s] DEBUG:colcon:Command line arguments: ['/usr/bin/colcon', 'build']
[0.124s] DEBUG:colcon:Parsed command line arguments: Namespace(log_base=None, log_level=None, verb_name='build', build_base='build', install_base='install', merge_install=False, symlink_install=False, test_result_base=None, continue_on_error=False, executor='parallel', parallel_workers=20, event_handlers=None, ignore_user_meta=False, metas=['./colcon.meta'], base_paths=['.'], packages_ignore=None, packages_ignore_regex=None, paths=None, packages_up_to=None, packages_up_to_regex=None, packages_above=None, packages_above_and_dependencies=None, packages_above_depth=None, packages_select_by_dep=None, packages_skip_by_dep=None, packages_skip_up_to=None, packages_select_build_failed=False, packages_skip_build_finished=False, packages_select_test_failures=False, packages_skip_test_passed=False, packages_select=None, packages_skip=None, packages_select_regex=None, packages_skip_regex=None, packages_start=None, packages_end=None, allow_overriding=[], cmake_args=None, cmake_target=None, cmake_target_skip_unavailable=False, cmake_clean_cache=False, cmake_clean_first=False, cmake_force_configure=False, ament_cmake_args=None, catkin_cmake_args=None, catkin_skip_building_tests=False, mixin_files=None, mixin=None, verb_parser=<colcon_mixin.mixin.mixin_argument.MixinArgumentDecorator object at 0x7e826c2a8b60>, verb_extension=<colcon_core.verb.build.BuildVerb object at 0x7e826c227e30>, main=<bound method BuildVerb.main of <colcon_core.verb.build.BuildVerb object at 0x7e826c227e30>>, mixin_verb=('build',))
[0.170s] Level 1:colcon.colcon_core.package_discovery:discover_packages(colcon_meta) check parameters
[0.170s] Level 1:colcon.colcon_core.package_discovery:discover_packages(recursive) check parameters
[0.170s] Level 1:colcon.colcon_core.package_discovery:discover_packages(ignore) check parameters
[0.170s] Level 1:colcon.colcon_core.package_discovery:discover_packages(path) check parameters
[0.170s] Level 1:colcon.colcon_core.package_discovery:discover_packages(colcon_meta) discover
[0.170s] Level 1:colcon.colcon_core.package_discovery:discover_packages(recursive) discover
[0.170s] INFO:colcon.colcon_core.package_discovery:Crawling recursively for packages in '/home/alec/Documents/SpiderBot/ros2_ws'
[0.171s] Level 1:colcon.colcon_core.package_identification:_identify(.) by extensions ['ignore', 'ignore_ament_install']
[0.171s] Level 1:colcon.colcon_core.package_identification:_identify(.) by extension 'ignore'
[0.171s] Level 1:colcon.colcon_core.package_identification:_identify(.) by extension 'ignore_ament_install'
[0.171s] Level 1:colcon.colcon_core.package_identification:_identify(.) by extensions ['colcon_pkg']
[0.171s] Level 1:colcon.colcon_core.package_identification:_identify(.) by extension 'colcon_pkg'
[0.171s] Level 1:colcon.colcon_core.package_identification:_identify(.) by extensions ['colcon_meta']
[0.171s] Level 1:colcon.colcon_core.package_identification:_identify(.) by extension 'colcon_meta'
[0.171s] Level 1:colcon.colcon_core.package_identification:_identify(.) by extensions ['ros']
[0.171s] Level 1:colcon.colcon_core.package_identification:_identify(.) by extension 'ros'
[0.204s] Level 1:colcon.colcon_core.package_identification:_identify(.) by extensions ['cmake', 'python']
[0.204s] Level 1:colcon.colcon_core.package_identification:_identify(.) by extension 'cmake'
[0.204s] Level 1:colcon.colcon_core.package_identification:_identify(.) by extension 'python'
[0.204s] Level 1:colcon.colcon_core.package_identification:_identify(.) by extensions ['python_setup_py']
[0.204s] Level 1:colcon.colcon_core.package_identification:_identify(.) by extension 'python_setup_py'
[0.204s] Level 1:colcon.colcon_core.package_identification:_identify(build) by extensions ['ignore', 'ignore_ament_install']
[0.204s] Level 1:colcon.colcon_core.package_identification:_identify(build) by extension 'ignore'
[0.204s] Level 1:colcon.colcon_core.package_identification:_identify(build) ignored
[0.205s] Level 1:colcon.colcon_core.package_identification:_identify(install) by extensions ['ignore', 'ignore_ament_install']
[0.205s] Level 1:colcon.colcon_core.package_identification:_identify(install) by extension 'ignore'
[0.205s] Level 1:colcon.colcon_core.package_identification:_identify(install) ignored
[0.205s] Level 1:colcon.colcon_core.package_identification:_identify(log) by extensions ['ignore', 'ignore_ament_install']
[0.205s] Level 1:colcon.colcon_core.package_identification:_identify(log) by extension 'ignore'
[0.205s] Level 1:colcon.colcon_core.package_identification:_identify(log) ignored
[0.205s] Level 1:colcon.colcon_core.package_identification:_identify(src) by extensions ['ignore', 'ignore_ament_install']
[0.205s] Level 1:colcon.colcon_core.package_identification:_identify(src) by extension 'ignore'
[0.205s] Level 1:colcon.colcon_core.package_identification:_identify(src) by extension 'ignore_ament_install'
[0.205s] Level 1:colcon.colcon_core.package_identification:_identify(src) by extensions ['colcon_pkg']
[0.205s] Level 1:colcon.colcon_core.package_identification:_identify(src) by extension 'colcon_pkg'
[0.205s] Level 1:colcon.colcon_core.package_identification:_identify(src) by extensions ['colcon_meta']
[0.205s] Level 1:colcon.colcon_core.package_identification:_identify(src) by extension 'colcon_meta'
[0.205s] Level 1:colcon.colcon_core.package_identification:_identify(src) by extensions ['ros']
[0.205s] Level 1:colcon.colcon_core.package_identification:_identify(src) by extension 'ros'
[0.205s] Level 1:colcon.colcon_core.package_identification:_identify(src) by extensions ['cmake', 'python']
[0.206s] Level 1:colcon.colcon_core.package_identification:_identify(src) by extension 'cmake'
[0.206s] Level 1:colcon.colcon_core.package_identification:_identify(src) by extension 'python'
[0.206s] Level 1:colcon.colcon_core.package_identification:_identify(src) by extensions ['python_setup_py']
[0.206s] Level 1:colcon.colcon_core.package_identification:_identify(src) by extension 'python_setup_py'
[0.206s] Level 1:colcon.colcon_core.package_identification:_identify(src/hexapod_description) by extensions ['ignore', 'ignore_ament_install']
[0.206s] Level 1:colcon.colcon_core.package_identification:_identify(src/hexapod_description) by extension 'ignore'
[0.206s] Level 1:colcon.colcon_core.package_identification:_identify(src/hexapod_description) by extension 'ignore_ament_install'
[0.206s] Level 1:colcon.colcon_core.package_identification:_identify(src/hexapod_description) by extensions ['colcon_pkg']
[0.206s] Level 1:colcon.colcon_core.package_identification:_identify(src/hexapod_description) by extension 'colcon_pkg'
[0.206s] Level 1:colcon.colcon_core.package_identification:_identify(src/hexapod_description) by extensions ['colcon_meta']
[0.206s] Level 1:colcon.colcon_core.package_identification:_identify(src/hexapod_description) by extension 'colcon_meta'
[0.206s] Level 1:colcon.colcon_core.package_identification:_identify(src/hexapod_description) by extensions ['ros']
[0.206s] Level 1:colcon.colcon_core.package_identification:_identify(src/hexapod_description) by extension 'ros'
[0.206s] Level 1:colcon.colcon_core.package_identification:_identify(src/hexapod_description) by extensions ['cmake', 'python']
[0.206s] Level 1:colcon.colcon_core.package_identification:_identify(src/hexapod_description) by extension 'cmake'
[0.206s] Level 1:colcon.colcon_core.package_identification:_identify(src/hexapod_description) by extension 'python'
[0.206s] Level 1:colcon.colcon_core.package_identification:_identify(src/hexapod_description) by extensions ['python_setup_py']
[0.206s] Level 1:colcon.colcon_core.package_identification:_identify(src/hexapod_description) by extension 'python_setup_py'
[0.206s] Level 1:colcon.colcon_core.package_identification:_identify(src/hexapod_description/include) by extensions ['ignore', 'ignore_ament_install']
[0.206s] Level 1:colcon.colcon_core.package_identification:_identify(src/hexapod_description/include) by extension 'ignore'
[0.206s] Level 1:colcon.colcon_core.package_identification:_identify(src/hexapod_description/include) by extension 'ignore_ament_install'
[0.207s] Level 1:colcon.colcon_core.package_identification:_identify(src/hexapod_description/include) by extensions ['colcon_pkg']
[0.207s] Level 1:colcon.colcon_core.package_identification:_identify(src/hexapod_description/include) by extension 'colcon_pkg'
[0.207s] Level 1:colcon.colcon_core.package_identification:_identify(src/hexapod_description/include) by extensions ['colcon_meta']
[0.207s] Level 1:colcon.colcon_core.package_identification:_identify(src/hexapod_description/include) by extension 'colcon_meta'
[0.207s] Level 1:colcon.colcon_core.package_identification:_identify(src/hexapod_description/include) by extensions ['ros']
[0.207s] Level 1:colcon.colcon_core.package_identification:_identify(src/hexapod_description/include) by extension 'ros'
[0.207s] Level 1:colcon.colcon_core.package_identification:_identify(src/hexapod_description/include) by extensions ['cmake', 'python']
[0.207s] Level 1:colcon.colcon_core.package_identification:_identify(src/hexapod_description/include) by extension 'cmake'
[0.207s] Level 1:colcon.colcon_core.package_identification:_identify(src/hexapod_description/include) by extension 'python'
[0.207s] Level 1:colcon.colcon_core.package_identification:_identify(src/hexapod_description/include) by extensions ['python_setup_py']
[0.207s] Level 1:colcon.colcon_core.package_identification:_identify(src/hexapod_description/include) by extension 'python_setup_py'
[0.207s] Level 1:colcon.colcon_core.package_identification:_identify(src/hexapod_description/include/hexapod_description) by extensions ['ignore', 'ignore_ament_install']
[0.207s] Level 1:colcon.colcon_core.package_identification:_identify(src/hexapod_description/include/hexapod_description) by extension 'ignore'
[0.207s] Level 1:colcon.colcon_core.package_identification:_identify(src/hexapod_description/include/hexapod_description) by extension 'ignore_ament_install'
[0.207s] Level 1:colcon.colcon_core.package_identification:_identify(src/hexapod_description/include/hexapod_description) by extensions ['colcon_pkg']
[0.207s] Level 1:colcon.colcon_core.package_identification:_identify(src/hexapod_description/include/hexapod_description) by extension 'colcon_pkg'
[0.207s] Level 1:colcon.colcon_core.package_identification:_identify(src/hexapod_description/include/hexapod_description) by extensions ['colcon_meta']
[0.207s] Level 1:colcon.colcon_core.package_identification:_identify(src/hexapod_description/include/hexapod_description) by extension 'colcon_meta'
[0.207s] Level 1:colcon.colcon_core.package_identification:_identify(src/hexapod_description/include/hexapod_description) by extensions ['ros']
[0.207s] Level 1:colcon.colcon_core.package_identification:_identify(src/hexapod_description/include/hexapod_description) by extension 'ros'
[0.207s] Level 1:colcon.colcon_core.package_identification:_identify(src/hexapod_description/include/hexapod_description) by extensions ['cmake', 'python']
[0.207s] Level 1:colcon.colcon_core.package_identification:_identify(src/hexapod_description/include/hexapod_description) by extension 'cmake'
[0.207s] Level 1:colcon.colcon_core.package_identification:_identify(src/hexapod_description/include/hexapod_description) by extension 'python'
[0.208s] Level 1:colcon.colcon_core.package_identification:_identify(src/hexapod_description/include/hexapod_description) by extensions ['python_setup_py']
[0.208s] Level 1:colcon.colcon_core.package_identification:_identify(src/hexapod_description/include/hexapod_description) by extension 'python_setup_py'
[0.208s] Level 1:colcon.colcon_core.package_identification:_identify(src/hexapod_description/rviz) by extensions ['ignore', 'ignore_ament_install']
[0.208s] Level 1:colcon.colcon_core.package_identification:_identify(src/hexapod_description/rviz) by extension 'ignore'
[0.208s] Level 1:colcon.colcon_core.package_identification:_identify(src/hexapod_description/rviz) by extension 'ignore_ament_install'
[0.208s] Level 1:colcon.colcon_core.package_identification:_identify(src/hexapod_description/rviz) by extensions ['colcon_pkg']
[0.208s] Level 1:colcon.colcon_core.package_identification:_identify(src/hexapod_description/rviz) by extension 'colcon_pkg'
[0.208s] Level 1:colcon.colcon_core.package_identification:_identify(src/hexapod_description/rviz) by extensions ['colcon_meta']
[0.208s] Level 1:colcon.colcon_core.package_identification:_identify(src/hexapod_description/rviz) by extension 'colcon_meta'
[0.208s] Level 1:colcon.colcon_core.package_identification:_identify(src/hexapod_description/rviz) by extensions ['ros']
[0.208s] Level 1:colcon.colcon_core.package_identification:_identify(src/hexapod_description/rviz) by extension 'ros'
[0.208s] Level 1:colcon.colcon_core.package_identification:_identify(src/hexapod_description/rviz) by extensions ['cmake', 'python']
[0.208s] Level 1:colcon.colcon_core.package_identification:_identify(src/hexapod_description/rviz) by extension 'cmake'
[0.208s] Level 1:colcon.colcon_core.package_identification:_identify(src/hexapod_description/rviz) by extension 'python'
[0.208s] Level 1:colcon.colcon_core.package_identification:_identify(src/hexapod_description/rviz) by extensions ['python_setup_py']
[0.208s] Level 1:colcon.colcon_core.package_identification:_identify(src/hexapod_description/rviz) by extension 'python_setup_py'
[0.208s] Level 1:colcon.colcon_core.package_identification:_identify(src/hexapod_description/src) by extensions ['ignore', 'ignore_ament_install']
[0.208s] Level 1:colcon.colcon_core.package_identification:_identify(src/hexapod_description/src) by extension 'ignore'
[0.208s] Level 1:colcon.colcon_core.package_identification:_identify(src/hexapod_description/src) by extension 'ignore_ament_install'
[0.208s] Level 1:colcon.colcon_core.package_identification:_identify(src/hexapod_description/src) by extensions ['colcon_pkg']
[0.208s] Level 1:colcon.colcon_core.package_identification:_identify(src/hexapod_description/src) by extension 'colcon_pkg'
[0.208s] Level 1:colcon.colcon_core.package_identification:_identify(src/hexapod_description/src) by extensions ['colcon_meta']
[0.209s] Level 1:colcon.colcon_core.package_identification:_identify(src/hexapod_description/src) by extension 'colcon_meta'
[0.209s] Level 1:colcon.colcon_core.package_identification:_identify(src/hexapod_description/src) by extensions ['ros']
[0.209s] Level 1:colcon.colcon_core.package_identification:_identify(src/hexapod_description/src) by extension 'ros'
[0.209s] Level 1:colcon.colcon_core.package_identification:_identify(src/hexapod_description/src) by extensions ['cmake', 'python']
[0.209s] Level 1:colcon.colcon_core.package_identification:_identify(src/hexapod_description/src) by extension 'cmake'
[0.209s] Level 1:colcon.colcon_core.package_identification:_identify(src/hexapod_description/src) by extension 'python'
[0.209s] Level 1:colcon.colcon_core.package_identification:_identify(src/hexapod_description/src) by extensions ['python_setup_py']
[0.209s] Level 1:colcon.colcon_core.package_identification:_identify(src/hexapod_description/src) by extension 'python_setup_py'
[0.209s] Level 1:colcon.colcon_core.package_identification:_identify(src/servo_control) by extensions ['ignore', 'ignore_ament_install']
[0.209s] Level 1:colcon.colcon_core.package_identification:_identify(src/servo_control) by extension 'ignore'
[0.209s] Level 1:colcon.colcon_core.package_identification:_identify(src/servo_control) by extension 'ignore_ament_install'
[0.209s] Level 1:colcon.colcon_core.package_identification:_identify(src/servo_control) by extensions ['colcon_pkg']
[0.209s] Level 1:colcon.colcon_core.package_identification:_identify(src/servo_control) by extension 'colcon_pkg'
[0.209s] Level 1:colcon.colcon_core.package_identification:_identify(src/servo_control) by extensions ['colcon_meta']
[0.209s] Level 1:colcon.colcon_core.package_identification:_identify(src/servo_control) by extension 'colcon_meta'
[0.209s] Level 1:colcon.colcon_core.package_identification:_identify(src/servo_control) by extensions ['ros']
[0.209s] Level 1:colcon.colcon_core.package_identification:_identify(src/servo_control) by extension 'ros'
[0.212s] DEBUG:colcon.colcon_core.package_identification:Package 'src/servo_control' with type 'ros.ament_python' and name 'servo_control'
[0.212s] Level 1:colcon.colcon_core.package_discovery:discover_packages(recursive) using defaults
[0.212s] Level 1:colcon.colcon_core.package_discovery:discover_packages(ignore) discover
[0.212s] Level 1:colcon.colcon_core.package_discovery:discover_packages(ignore) using defaults
[0.212s] Level 1:colcon.colcon_core.package_discovery:discover_packages(path) discover
[0.212s] Level 1:colcon.colcon_core.package_discovery:discover_packages(path) using defaults
[0.234s] Level 1:colcon.colcon_core.package_discovery:discover_packages(prefix_path) check parameters
[0.234s] Level 1:colcon.colcon_core.package_discovery:discover_packages(prefix_path) discover
[0.236s] DEBUG:colcon.colcon_installed_package_information.package_discovery:Found 7 installed packages in /home/alec/Documents/SpiderBot/ros2_ws/install
[0.237s] DEBUG:colcon.colcon_installed_package_information.package_discovery:Found 6 installed packages in /home/alec/Autotracking_Surgical_Lamp/ros2_ws/install
[0.237s] DEBUG:colcon.colcon_installed_package_information.package_discovery:Found 5 installed packages in /home/alec/ros2_ws/install
[0.239s] DEBUG:colcon.colcon_installed_package_information.package_discovery:Found 406 installed packages in /opt/ros/jazzy
[0.241s] Level 1:colcon.colcon_core.package_discovery:discover_packages(prefix_path) using defaults
[0.297s] Level 5:colcon.colcon_core.verb:set package 'servo_control' build argument 'cmake_args' from command line to 'None'
[0.297s] Level 5:colcon.colcon_core.verb:set package 'servo_control' build argument 'cmake_target' from command line to 'None'
[0.297s] Level 5:colcon.colcon_core.verb:set package 'servo_control' build argument 'cmake_target_skip_unavailable' from command line to 'False'
[0.297s] Level 5:colcon.colcon_core.verb:set package 'servo_control' build argument 'cmake_clean_cache' from command line to 'False'
[0.297s] Level 5:colcon.colcon_core.verb:set package 'servo_control' build argument 'cmake_clean_first' from command line to 'False'
[0.297s] Level 5:colcon.colcon_core.verb:set package 'servo_control' build argument 'cmake_force_configure' from command line to 'False'
[0.297s] Level 5:colcon.colcon_core.verb:set package 'servo_control' build argument 'ament_cmake_args' from command line to 'None'
[0.297s] Level 5:colcon.colcon_core.verb:set package 'servo_control' build argument 'catkin_cmake_args' from command line to 'None'
[0.297s] Level 5:colcon.colcon_core.verb:set package 'servo_control' build argument 'catkin_skip_building_tests' from command line to 'False'
[0.297s] DEBUG:colcon.colcon_core.verb:Building package 'servo_control' with the following arguments: {'ament_cmake_args': None, 'build_base': '/home/alec/Documents/SpiderBot/ros2_ws/build/servo_control', 'catkin_cmake_args': None, 'catkin_skip_building_tests': False, 'cmake_args': None, 'cmake_clean_cache': False, 'cmake_clean_first': False, 'cmake_force_configure': False, 'cmake_target': None, 'cmake_target_skip_unavailable': False, 'install_base': '/home/alec/Documents/SpiderBot/ros2_ws/install/servo_control', 'merge_install': False, 'path': '/home/alec/Documents/SpiderBot/ros2_ws/src/servo_control', 'symlink_install': False, 'test_result_base': None}
[0.297s] INFO:colcon.colcon_core.executor:Executing jobs using 'parallel' executor
[0.298s] DEBUG:colcon.colcon_parallel_executor.executor.parallel:run_until_complete
[0.299s] INFO:colcon.colcon_ros.task.ament_python.build:Building ROS package in '/home/alec/Documents/SpiderBot/ros2_ws/src/servo_control' with build type 'ament_python'
[0.299s] Level 1:colcon.colcon_core.shell:create_environment_hook('servo_control', 'ament_prefix_path')
[0.301s] INFO:colcon.colcon_core.plugin_system:Skipping extension 'colcon_core.shell.bat': Not used on non-Windows systems
[0.302s] INFO:colcon.colcon_core.shell:Creating environment hook '/home/alec/Documents/SpiderBot/ros2_ws/install/servo_control/share/servo_control/hook/ament_prefix_path.ps1'
[0.303s] INFO:colcon.colcon_core.shell:Creating environment descriptor '/home/alec/Documents/SpiderBot/ros2_ws/install/servo_control/share/servo_control/hook/ament_prefix_path.dsv'
[0.303s] INFO:colcon.colcon_core.shell:Creating environment hook '/home/alec/Documents/SpiderBot/ros2_ws/install/servo_control/share/servo_control/hook/ament_prefix_path.sh'
[0.304s] INFO:colcon.colcon_core.shell:Skip shell extension 'powershell' for command environment: Not usable outside of PowerShell
[0.304s] DEBUG:colcon.colcon_core.shell:Skip shell extension 'dsv' for command environment
[0.584s] INFO:colcon.colcon_core.task.python.build:Building Python package in '/home/alec/Documents/SpiderBot/ros2_ws/src/servo_control'
[0.584s] INFO:colcon.colcon_core.shell:Skip shell extension 'powershell' for command environment: Not usable outside of PowerShell
[0.585s] DEBUG:colcon.colcon_core.shell:Skip shell extension 'dsv' for command environment
[1.261s] DEBUG:colcon.colcon_core.event_handler.log_command:Invoking command in '/home/alec/Documents/SpiderBot/ros2_ws/src/servo_control': DEBUGINFOD_URLS=https://debuginfod.ubuntu.com PYTHONPATH=/home/alec/Documents/SpiderBot/ros2_ws/build/servo_control/prefix_override:/usr/lib/python3/dist-packages/colcon_core/task/python/colcon_distutils_commands:/home/alec/Documents/SpiderBot/ros2_ws/install/servo_control/lib/python3.12/site-packages:${PYTHONPATH} /usr/bin/python3 -W ignore:setup.py install is deprecated -W ignore:easy_install command is deprecated setup.py egg_info --egg-base ../../build/servo_control build --build-base /home/alec/Documents/SpiderBot/ros2_ws/build/servo_control/build install --record /home/alec/Documents/SpiderBot/ros2_ws/build/servo_control/install.log --single-version-externally-managed install_data
[1.872s] DEBUG:colcon.colcon_core.event_handler.log_command:Invoked command in '/home/alec/Documents/SpiderBot/ros2_ws/src/servo_control' returned '0': DEBUGINFOD_URLS=https://debuginfod.ubuntu.com PYTHONPATH=/home/alec/Documents/SpiderBot/ros2_ws/build/servo_control/prefix_override:/usr/lib/python3/dist-packages/colcon_core/task/python/colcon_distutils_commands:/home/alec/Documents/SpiderBot/ros2_ws/install/servo_control/lib/python3.12/site-packages:${PYTHONPATH} /usr/bin/python3 -W ignore:setup.py install is deprecated -W ignore:easy_install command is deprecated setup.py egg_info --egg-base ../../build/servo_control build --build-base /home/alec/Documents/SpiderBot/ros2_ws/build/servo_control/build install --record /home/alec/Documents/SpiderBot/ros2_ws/build/servo_control/install.log --single-version-externally-managed install_data
[1.875s] Level 1:colcon.colcon_core.environment:checking '/home/alec/Documents/SpiderBot/ros2_ws/install/servo_control' for CMake module files
[1.876s] Level 1:colcon.colcon_core.environment:checking '/home/alec/Documents/SpiderBot/ros2_ws/install/servo_control' for CMake config files
[1.876s] Level 1:colcon.colcon_core.environment:checking '/home/alec/Documents/SpiderBot/ros2_ws/install/servo_control/lib'
[1.877s] Level 1:colcon.colcon_core.environment:checking '/home/alec/Documents/SpiderBot/ros2_ws/install/servo_control/bin'
[1.877s] Level 1:colcon.colcon_core.shell:create_environment_hook('servo_control', 'path')
[1.877s] INFO:colcon.colcon_core.shell:Creating environment hook '/home/alec/Documents/SpiderBot/ros2_ws/install/servo_control/share/servo_control/hook/path.ps1'
[1.878s] INFO:colcon.colcon_core.shell:Creating environment descriptor '/home/alec/Documents/SpiderBot/ros2_ws/install/servo_control/share/servo_control/hook/path.dsv'
[1.878s] INFO:colcon.colcon_core.shell:Creating environment hook '/home/alec/Documents/SpiderBot/ros2_ws/install/servo_control/share/servo_control/hook/path.sh'
[1.878s] Level 1:colcon.colcon_core.environment:checking '/home/alec/Documents/SpiderBot/ros2_ws/install/servo_control/lib/pkgconfig/servo_control.pc'
[1.879s] Level 1:colcon.colcon_core.environment:checking '/home/alec/Documents/SpiderBot/ros2_ws/install/servo_control/lib/python3.12/site-packages'
[1.879s] Level 1:colcon.colcon_core.shell:create_environment_hook('servo_control', 'pythonpath')
[1.879s] INFO:colcon.colcon_core.shell:Creating environment hook '/home/alec/Documents/SpiderBot/ros2_ws/install/servo_control/share/servo_control/hook/pythonpath.ps1'
[1.880s] INFO:colcon.colcon_core.shell:Creating environment descriptor '/home/alec/Documents/SpiderBot/ros2_ws/install/servo_control/share/servo_control/hook/pythonpath.dsv'
[1.880s] INFO:colcon.colcon_core.shell:Creating environment hook '/home/alec/Documents/SpiderBot/ros2_ws/install/servo_control/share/servo_control/hook/pythonpath.sh'
[1.881s] Level 1:colcon.colcon_core.environment:checking '/home/alec/Documents/SpiderBot/ros2_ws/install/servo_control/bin'
[1.881s] Level 1:colcon.colcon_core.shell:create_environment_hook('servo_control', 'pythonscriptspath')
[1.881s] INFO:colcon.colcon_core.shell:Creating environment hook '/home/alec/Documents/SpiderBot/ros2_ws/install/servo_control/share/servo_control/hook/pythonscriptspath.ps1'
[1.881s] INFO:colcon.colcon_core.shell:Creating environment descriptor '/home/alec/Documents/SpiderBot/ros2_ws/install/servo_control/share/servo_control/hook/pythonscriptspath.dsv'
[1.882s] INFO:colcon.colcon_core.shell:Creating environment hook '/home/alec/Documents/SpiderBot/ros2_ws/install/servo_control/share/servo_control/hook/pythonscriptspath.sh'
[1.883s] Level 1:colcon.colcon_core.environment:create_environment_scripts_only(servo_control)
[1.883s] INFO:colcon.colcon_core.shell:Creating package script '/home/alec/Documents/SpiderBot/ros2_ws/install/servo_control/share/servo_control/package.ps1'
[1.884s] INFO:colcon.colcon_core.shell:Creating package descriptor '/home/alec/Documents/SpiderBot/ros2_ws/install/servo_control/share/servo_control/package.dsv'
[1.885s] INFO:colcon.colcon_core.shell:Creating package script '/home/alec/Documents/SpiderBot/ros2_ws/install/servo_control/share/servo_control/package.sh'
[1.886s] INFO:colcon.colcon_core.shell:Creating package script '/home/alec/Documents/SpiderBot/ros2_ws/install/servo_control/share/servo_control/package.bash'
[1.886s] INFO:colcon.colcon_core.shell:Creating package script '/home/alec/Documents/SpiderBot/ros2_ws/install/servo_control/share/servo_control/package.zsh'
[1.887s] Level 1:colcon.colcon_core.environment:create_file_with_runtime_dependencies(/home/alec/Documents/SpiderBot/ros2_ws/install/servo_control/share/colcon-core/packages/servo_control)
[1.887s] DEBUG:colcon.colcon_parallel_executor.executor.parallel:closing loop
[1.887s] DEBUG:colcon.colcon_parallel_executor.executor.parallel:loop closed
[1.887s] DEBUG:colcon.colcon_parallel_executor.executor.parallel:run_until_complete finished with '0'
[1.888s] DEBUG:colcon.colcon_core.event_reactor:joining thread
[1.896s] INFO:colcon.colcon_core.plugin_system:Skipping extension 'colcon_notification.desktop_notification.terminal_notifier': Not used on non-Darwin systems
[1.896s] INFO:colcon.colcon_core.plugin_system:Skipping extension 'colcon_notification.desktop_notification.win32': Not used on non-Windows systems
[1.896s] INFO:colcon.colcon_notification.desktop_notification:Sending desktop notification using 'notify2'
[1.926s] DEBUG:colcon.colcon_core.event_reactor:joined thread
[1.927s] INFO:colcon.colcon_core.shell:Creating prefix script '/home/alec/Documents/SpiderBot/ros2_ws/install/local_setup.ps1'
[1.928s] INFO:colcon.colcon_core.shell:Creating prefix util module '/home/alec/Documents/SpiderBot/ros2_ws/install/_local_setup_util_ps1.py'
[1.930s] INFO:colcon.colcon_core.shell:Creating prefix chain script '/home/alec/Documents/SpiderBot/ros2_ws/install/setup.ps1'
[1.932s] INFO:colcon.colcon_core.shell:Creating prefix script '/home/alec/Documents/SpiderBot/ros2_ws/install/local_setup.sh'
[1.933s] INFO:colcon.colcon_core.shell:Creating prefix util module '/home/alec/Documents/SpiderBot/ros2_ws/install/_local_setup_util_sh.py'
[1.934s] INFO:colcon.colcon_core.shell:Creating prefix chain script '/home/alec/Documents/SpiderBot/ros2_ws/install/setup.sh'
[1.936s] INFO:colcon.colcon_core.shell:Creating prefix script '/home/alec/Documents/SpiderBot/ros2_ws/install/local_setup.bash'
[1.937s] INFO:colcon.colcon_core.shell:Creating prefix chain script '/home/alec/Documents/SpiderBot/ros2_ws/install/setup.bash'
[1.939s] INFO:colcon.colcon_core.shell:Creating prefix script '/home/alec/Documents/SpiderBot/ros2_ws/install/local_setup.zsh'
[1.940s] INFO:colcon.colcon_core.shell:Creating prefix chain script '/home/alec/Documents/SpiderBot/ros2_ws/install/setup.zsh'
