[0.290s] Invoking command in '/home/alec/Documents/SpiderBot/ros2_ws/build/support_polygon_calculator': CMAKE_PREFIX_PATH=${CMAKE_PREFIX_PATH}:/opt/ros/jazzy DEBUGINFOD_URLS=https://debuginfod.ubuntu.com /usr/bin/cmake /home/alec/Documents/SpiderBot/ros2_ws/src/support_polygon_calculator -DCMAKE_INSTALL_PREFIX=/home/alec/Documents/SpiderBot/ros2_ws/install/support_polygon_calculator
[0.331s] -- The C compiler identification is GNU 13.2.0
[0.379s] -- The CXX compiler identification is GNU 13.2.0
[0.394s] -- Detecting C compiler ABI info
[0.470s] -- Detecting C compiler ABI info - done
[0.478s] -- Check for working C compiler: /usr/bin/cc - skipped
[0.478s] -- Detecting C compile features
[0.478s] -- Detecting C compile features - done
[0.487s] -- Detecting CXX compiler ABI info
[0.571s] -- Detecting CXX compiler ABI info - done
[0.583s] -- Check for working CXX compiler: /usr/bin/c++ - skipped
[0.583s] -- Detecting CXX compile features
[0.584s] -- Detecting CXX compile features - done
[0.590s] -- Found ament_cmake: 2.5.2 (/opt/ros/jazzy/share/ament_cmake/cmake)
[0.732s] -- Found Python3: /usr/bin/python3 (found version "3.12.3") found components: Interpreter 
[0.847s] -- Found rclcpp: 28.1.5 (/opt/ros/jazzy/share/rclcpp/cmake)
[0.911s] -- Found rosidl_generator_c: 4.6.4 (/opt/ros/jazzy/share/rosidl_generator_c/cmake)
[0.925s] -- Found rosidl_generator_cpp: 4.6.4 (/opt/ros/jazzy/share/rosidl_generator_cpp/cmake)
[0.941s] -- Using all available rosidl_typesupport_c: rosidl_typesupport_fastrtps_c;rosidl_typesupport_introspection_c
[0.960s] -- Using all available rosidl_typesupport_cpp: rosidl_typesupport_fastrtps_cpp;rosidl_typesupport_introspection_cpp
[1.032s] -- Found rmw_implementation_cmake: 7.3.1 (/opt/ros/jazzy/share/rmw_implementation_cmake/cmake)
[1.035s] -- Found rmw_fastrtps_cpp: 8.4.1 (/opt/ros/jazzy/share/rmw_fastrtps_cpp/cmake)
[1.112s] -- Found OpenSSL: /usr/lib/x86_64-linux-gnu/libcrypto.so (found version "3.0.13")  
[1.127s] -- Found FastRTPS: /opt/ros/jazzy/include (Required is at least version "2.13") 
[1.144s] -- Using RMW implementation 'rmw_fastrtps_cpp' as default
[1.203s] -- Found rclcpp_components: 28.1.5 (/opt/ros/jazzy/share/rclcpp_components/cmake)
[1.236s] -- Found std_msgs: 5.3.5 (/opt/ros/jazzy/share/std_msgs/cmake)
[1.247s] -- Found geometry_msgs: 5.3.5 (/opt/ros/jazzy/share/geometry_msgs/cmake)
[1.264s] -- Using header-only CGAL
[1.265s] -- Targeting Unix Makefiles
[1.265s] -- Using /usr/bin/c++ compiler.
[1.269s] -- Found GMP: /usr/lib/x86_64-linux-gnu/libgmp.so  
[1.272s] -- Found MPFR: /usr/lib/x86_64-linux-gnu/libmpfr.so  
[1.284s] -- Found Boost: /usr/lib/x86_64-linux-gnu/cmake/Boost-1.83.0/BoostConfig.cmake (found suitable version "1.83.0", minimum required is "1.66")  
[1.284s] -- Boost include dirs: /usr/include
[1.284s] -- Boost libraries:    
[1.285s] -- Performing Test CMAKE_HAVE_LIBC_PTHREAD
[1.357s] -- Performing Test CMAKE_HAVE_LIBC_PTHREAD - Success
[1.358s] -- Found Threads: TRUE  
[1.358s] -- Using gcc version 4 or later. Adding -frounding-math
[1.362s] -- Found Boost: /usr/lib/x86_64-linux-gnu/cmake/Boost-1.83.0/BoostConfig.cmake (found version "1.83.0")  
[1.364s] -- Found Eigen3: /usr/include/eigen3 (found suitable version "3.4.0", minimum required is "3.1.0") 
[1.368s] -- Found ament_lint_auto: 0.17.1 (/opt/ros/jazzy/share/ament_lint_auto/cmake)
[1.429s] [33mCMake Warning at /usr/lib/x86_64-linux-gnu/cmake/CGAL/CGAL_enable_end_of_configuration_hook.cmake:93 (message):
[1.429s]   =======================================================================
[1.429s] 
[1.429s]   CGAL performance notice:
[1.429s] 
[1.429s]   The variable CMAKE_BUILD_TYPE is set to "".  For performance reasons, you
[1.429s]   should set CMAKE_BUILD_TYPE to "Release".
[1.429s] 
[1.429s]   Set CGAL_DO_NOT_WARN_ABOUT_CMAKE_BUILD_TYPE to TRUE if you want to disable
[1.429s]   this warning.
[1.429s] 
[1.429s]   =======================================================================
[1.429s] Call Stack (most recent call first):
[1.429s]   /usr/lib/x86_64-linux-gnu/cmake/CGAL/CGAL_enable_end_of_configuration_hook.cmake:163 (CGAL_hook_check_CMAKE_BUILD_TYPE)
[1.429s]   CMakeLists.txt:DEFERRED
[1.429s] 
[1.430s] [0m
[1.430s] -- Configuring done (1.1s)
[1.436s] -- Generating done (0.0s)
[1.438s] -- Build files have been written to: /home/alec/Documents/SpiderBot/ros2_ws/build/support_polygon_calculator
