[0.063s] DEBUG:colcon:Command line arguments: ['/usr/bin/colcon', 'build']
[0.063s] DEBUG:colcon:Parsed command line arguments: Namespace(log_base=None, log_level=None, verb_name='build', build_base='build', install_base='install', merge_install=False, symlink_install=False, test_result_base=None, continue_on_error=False, executor='parallel', parallel_workers=20, event_handlers=None, ignore_user_meta=False, metas=['./colcon.meta'], base_paths=['.'], packages_ignore=None, packages_ignore_regex=None, paths=None, packages_up_to=None, packages_up_to_regex=None, packages_above=None, packages_above_and_dependencies=None, packages_above_depth=None, packages_select_by_dep=None, packages_skip_by_dep=None, packages_skip_up_to=None, packages_select_build_failed=False, packages_skip_build_finished=False, packages_select_test_failures=False, packages_skip_test_passed=False, packages_select=None, packages_skip=None, packages_select_regex=None, packages_skip_regex=None, packages_start=None, packages_end=None, allow_overriding=[], cmake_args=None, cmake_target=None, cmake_target_skip_unavailable=False, cmake_clean_cache=False, cmake_clean_first=False, cmake_force_configure=False, ament_cmake_args=None, catkin_cmake_args=None, catkin_skip_building_tests=False, mixin_files=None, mixin=None, verb_parser=<colcon_mixin.mixin.mixin_argument.MixinArgumentDecorator object at 0x71957699cc20>, verb_extension=<colcon_core.verb.build.BuildVerb object at 0x71957691e720>, main=<bound method BuildVerb.main of <colcon_core.verb.build.BuildVerb object at 0x71957691e720>>, mixin_verb=('build',))
[0.087s] Level 1:colcon.colcon_core.package_discovery:discover_packages(colcon_meta) check parameters
[0.087s] Level 1:colcon.colcon_core.package_discovery:discover_packages(recursive) check parameters
[0.087s] Level 1:colcon.colcon_core.package_discovery:discover_packages(ignore) check parameters
[0.087s] Level 1:colcon.colcon_core.package_discovery:discover_packages(path) check parameters
[0.087s] Level 1:colcon.colcon_core.package_discovery:discover_packages(colcon_meta) discover
[0.087s] Level 1:colcon.colcon_core.package_discovery:discover_packages(recursive) discover
[0.087s] INFO:colcon.colcon_core.package_discovery:Crawling recursively for packages in '/home/alec/Documents/SpiderBot/ros2_ws'
[0.088s] Level 1:colcon.colcon_core.package_identification:_identify(.) by extensions ['ignore', 'ignore_ament_install']
[0.088s] Level 1:colcon.colcon_core.package_identification:_identify(.) by extension 'ignore'
[0.088s] Level 1:colcon.colcon_core.package_identification:_identify(.) by extension 'ignore_ament_install'
[0.088s] Level 1:colcon.colcon_core.package_identification:_identify(.) by extensions ['colcon_pkg']
[0.088s] Level 1:colcon.colcon_core.package_identification:_identify(.) by extension 'colcon_pkg'
[0.088s] Level 1:colcon.colcon_core.package_identification:_identify(.) by extensions ['colcon_meta']
[0.088s] Level 1:colcon.colcon_core.package_identification:_identify(.) by extension 'colcon_meta'
[0.088s] Level 1:colcon.colcon_core.package_identification:_identify(.) by extensions ['ros']
[0.088s] Level 1:colcon.colcon_core.package_identification:_identify(.) by extension 'ros'
[0.104s] Level 1:colcon.colcon_core.package_identification:_identify(.) by extensions ['cmake', 'python']
[0.104s] Level 1:colcon.colcon_core.package_identification:_identify(.) by extension 'cmake'
[0.104s] Level 1:colcon.colcon_core.package_identification:_identify(.) by extension 'python'
[0.104s] Level 1:colcon.colcon_core.package_identification:_identify(.) by extensions ['python_setup_py']
[0.104s] Level 1:colcon.colcon_core.package_identification:_identify(.) by extension 'python_setup_py'
[0.104s] Level 1:colcon.colcon_core.package_identification:_identify(build) by extensions ['ignore', 'ignore_ament_install']
[0.105s] Level 1:colcon.colcon_core.package_identification:_identify(build) by extension 'ignore'
[0.105s] Level 1:colcon.colcon_core.package_identification:_identify(build) ignored
[0.105s] Level 1:colcon.colcon_core.package_identification:_identify(install) by extensions ['ignore', 'ignore_ament_install']
[0.105s] Level 1:colcon.colcon_core.package_identification:_identify(install) by extension 'ignore'
[0.105s] Level 1:colcon.colcon_core.package_identification:_identify(install) ignored
[0.105s] Level 1:colcon.colcon_core.package_identification:_identify(log) by extensions ['ignore', 'ignore_ament_install']
[0.105s] Level 1:colcon.colcon_core.package_identification:_identify(log) by extension 'ignore'
[0.105s] Level 1:colcon.colcon_core.package_identification:_identify(log) ignored
[0.105s] Level 1:colcon.colcon_core.package_identification:_identify(src) by extensions ['ignore', 'ignore_ament_install']
[0.105s] Level 1:colcon.colcon_core.package_identification:_identify(src) by extension 'ignore'
[0.105s] Level 1:colcon.colcon_core.package_identification:_identify(src) by extension 'ignore_ament_install'
[0.105s] Level 1:colcon.colcon_core.package_identification:_identify(src) by extensions ['colcon_pkg']
[0.105s] Level 1:colcon.colcon_core.package_identification:_identify(src) by extension 'colcon_pkg'
[0.105s] Level 1:colcon.colcon_core.package_identification:_identify(src) by extensions ['colcon_meta']
[0.105s] Level 1:colcon.colcon_core.package_identification:_identify(src) by extension 'colcon_meta'
[0.105s] Level 1:colcon.colcon_core.package_identification:_identify(src) by extensions ['ros']
[0.105s] Level 1:colcon.colcon_core.package_identification:_identify(src) by extension 'ros'
[0.105s] Level 1:colcon.colcon_core.package_identification:_identify(src) by extensions ['cmake', 'python']
[0.105s] Level 1:colcon.colcon_core.package_identification:_identify(src) by extension 'cmake'
[0.105s] Level 1:colcon.colcon_core.package_identification:_identify(src) by extension 'python'
[0.105s] Level 1:colcon.colcon_core.package_identification:_identify(src) by extensions ['python_setup_py']
[0.105s] Level 1:colcon.colcon_core.package_identification:_identify(src) by extension 'python_setup_py'
[0.105s] Level 1:colcon.colcon_core.package_identification:_identify(src/hexapod_com_calculator) by extensions ['ignore', 'ignore_ament_install']
[0.105s] Level 1:colcon.colcon_core.package_identification:_identify(src/hexapod_com_calculator) by extension 'ignore'
[0.105s] Level 1:colcon.colcon_core.package_identification:_identify(src/hexapod_com_calculator) by extension 'ignore_ament_install'
[0.105s] Level 1:colcon.colcon_core.package_identification:_identify(src/hexapod_com_calculator) by extensions ['colcon_pkg']
[0.105s] Level 1:colcon.colcon_core.package_identification:_identify(src/hexapod_com_calculator) by extension 'colcon_pkg'
[0.105s] Level 1:colcon.colcon_core.package_identification:_identify(src/hexapod_com_calculator) by extensions ['colcon_meta']
[0.105s] Level 1:colcon.colcon_core.package_identification:_identify(src/hexapod_com_calculator) by extension 'colcon_meta'
[0.105s] Level 1:colcon.colcon_core.package_identification:_identify(src/hexapod_com_calculator) by extensions ['ros']
[0.105s] Level 1:colcon.colcon_core.package_identification:_identify(src/hexapod_com_calculator) by extension 'ros'
[0.107s] DEBUG:colcon.colcon_core.package_identification:Package 'src/hexapod_com_calculator' with type 'ros.ament_python' and name 'hexapod_com_calculator'
[0.107s] Level 1:colcon.colcon_core.package_identification:_identify(src/hexapod_description) by extensions ['ignore', 'ignore_ament_install']
[0.107s] Level 1:colcon.colcon_core.package_identification:_identify(src/hexapod_description) by extension 'ignore'
[0.107s] Level 1:colcon.colcon_core.package_identification:_identify(src/hexapod_description) by extension 'ignore_ament_install'
[0.107s] Level 1:colcon.colcon_core.package_identification:_identify(src/hexapod_description) by extensions ['colcon_pkg']
[0.107s] Level 1:colcon.colcon_core.package_identification:_identify(src/hexapod_description) by extension 'colcon_pkg'
[0.107s] Level 1:colcon.colcon_core.package_identification:_identify(src/hexapod_description) by extensions ['colcon_meta']
[0.107s] Level 1:colcon.colcon_core.package_identification:_identify(src/hexapod_description) by extension 'colcon_meta'
[0.107s] Level 1:colcon.colcon_core.package_identification:_identify(src/hexapod_description) by extensions ['ros']
[0.107s] Level 1:colcon.colcon_core.package_identification:_identify(src/hexapod_description) by extension 'ros'
[0.108s] DEBUG:colcon.colcon_core.package_identification:Package 'src/hexapod_description' with type 'ros.ament_cmake' and name 'hexapod_description'
[0.108s] Level 1:colcon.colcon_core.package_identification:_identify(src/hexapod_kinematics_py) by extensions ['ignore', 'ignore_ament_install']
[0.108s] Level 1:colcon.colcon_core.package_identification:_identify(src/hexapod_kinematics_py) by extension 'ignore'
[0.108s] Level 1:colcon.colcon_core.package_identification:_identify(src/hexapod_kinematics_py) by extension 'ignore_ament_install'
[0.108s] Level 1:colcon.colcon_core.package_identification:_identify(src/hexapod_kinematics_py) by extensions ['colcon_pkg']
[0.108s] Level 1:colcon.colcon_core.package_identification:_identify(src/hexapod_kinematics_py) by extension 'colcon_pkg'
[0.108s] Level 1:colcon.colcon_core.package_identification:_identify(src/hexapod_kinematics_py) by extensions ['colcon_meta']
[0.108s] Level 1:colcon.colcon_core.package_identification:_identify(src/hexapod_kinematics_py) by extension 'colcon_meta'
[0.108s] Level 1:colcon.colcon_core.package_identification:_identify(src/hexapod_kinematics_py) by extensions ['ros']
[0.108s] Level 1:colcon.colcon_core.package_identification:_identify(src/hexapod_kinematics_py) by extension 'ros'
[0.108s] DEBUG:colcon.colcon_core.package_identification:Package 'src/hexapod_kinematics_py' with type 'ros.ament_python' and name 'hexapod_kinematics_py'
[0.108s] Level 1:colcon.colcon_core.package_identification:_identify(src/hexapod_msgs) by extensions ['ignore', 'ignore_ament_install']
[0.108s] Level 1:colcon.colcon_core.package_identification:_identify(src/hexapod_msgs) by extension 'ignore'
[0.108s] Level 1:colcon.colcon_core.package_identification:_identify(src/hexapod_msgs) by extension 'ignore_ament_install'
[0.108s] Level 1:colcon.colcon_core.package_identification:_identify(src/hexapod_msgs) by extensions ['colcon_pkg']
[0.108s] Level 1:colcon.colcon_core.package_identification:_identify(src/hexapod_msgs) by extension 'colcon_pkg'
[0.108s] Level 1:colcon.colcon_core.package_identification:_identify(src/hexapod_msgs) by extensions ['colcon_meta']
[0.108s] Level 1:colcon.colcon_core.package_identification:_identify(src/hexapod_msgs) by extension 'colcon_meta'
[0.108s] Level 1:colcon.colcon_core.package_identification:_identify(src/hexapod_msgs) by extensions ['ros']
[0.108s] Level 1:colcon.colcon_core.package_identification:_identify(src/hexapod_msgs) by extension 'ros'
[0.109s] DEBUG:colcon.colcon_core.package_identification:Package 'src/hexapod_msgs' with type 'ros.ament_cmake' and name 'hexapod_msgs'
[0.109s] Level 1:colcon.colcon_core.package_identification:_identify(src/servo_control) by extensions ['ignore', 'ignore_ament_install']
[0.109s] Level 1:colcon.colcon_core.package_identification:_identify(src/servo_control) by extension 'ignore'
[0.109s] Level 1:colcon.colcon_core.package_identification:_identify(src/servo_control) by extension 'ignore_ament_install'
[0.109s] Level 1:colcon.colcon_core.package_identification:_identify(src/servo_control) by extensions ['colcon_pkg']
[0.109s] Level 1:colcon.colcon_core.package_identification:_identify(src/servo_control) by extension 'colcon_pkg'
[0.109s] Level 1:colcon.colcon_core.package_identification:_identify(src/servo_control) by extensions ['colcon_meta']
[0.109s] Level 1:colcon.colcon_core.package_identification:_identify(src/servo_control) by extension 'colcon_meta'
[0.109s] Level 1:colcon.colcon_core.package_identification:_identify(src/servo_control) by extensions ['ros']
[0.109s] Level 1:colcon.colcon_core.package_identification:_identify(src/servo_control) by extension 'ros'
[0.109s] Level 1:colcon.colcon_core.package_identification:_identify(src/servo_control) by extensions ['cmake', 'python']
[0.109s] Level 1:colcon.colcon_core.package_identification:_identify(src/servo_control) by extension 'cmake'
[0.109s] Level 1:colcon.colcon_core.package_identification:_identify(src/servo_control) by extension 'python'
[0.109s] Level 1:colcon.colcon_core.package_identification:_identify(src/servo_control) by extensions ['python_setup_py']
[0.109s] Level 1:colcon.colcon_core.package_identification:_identify(src/servo_control) by extension 'python_setup_py'
[0.109s] Level 1:colcon.colcon_core.package_identification:_identify(src/servo_control/servo_control) by extensions ['ignore', 'ignore_ament_install']
[0.109s] Level 1:colcon.colcon_core.package_identification:_identify(src/servo_control/servo_control) by extension 'ignore'
[0.109s] Level 1:colcon.colcon_core.package_identification:_identify(src/servo_control/servo_control) by extension 'ignore_ament_install'
[0.109s] Level 1:colcon.colcon_core.package_identification:_identify(src/servo_control/servo_control) by extensions ['colcon_pkg']
[0.109s] Level 1:colcon.colcon_core.package_identification:_identify(src/servo_control/servo_control) by extension 'colcon_pkg'
[0.109s] Level 1:colcon.colcon_core.package_identification:_identify(src/servo_control/servo_control) by extensions ['colcon_meta']
[0.109s] Level 1:colcon.colcon_core.package_identification:_identify(src/servo_control/servo_control) by extension 'colcon_meta'
[0.109s] Level 1:colcon.colcon_core.package_identification:_identify(src/servo_control/servo_control) by extensions ['ros']
[0.109s] Level 1:colcon.colcon_core.package_identification:_identify(src/servo_control/servo_control) by extension 'ros'
[0.109s] Level 1:colcon.colcon_core.package_identification:_identify(src/servo_control/servo_control) by extensions ['cmake', 'python']
[0.109s] Level 1:colcon.colcon_core.package_identification:_identify(src/servo_control/servo_control) by extension 'cmake'
[0.109s] Level 1:colcon.colcon_core.package_identification:_identify(src/servo_control/servo_control) by extension 'python'
[0.109s] Level 1:colcon.colcon_core.package_identification:_identify(src/servo_control/servo_control) by extensions ['python_setup_py']
[0.109s] Level 1:colcon.colcon_core.package_identification:_identify(src/servo_control/servo_control) by extension 'python_setup_py'
[0.109s] Level 1:colcon.colcon_core.package_identification:_identify(src/servo_control/servo_control/utilities) by extensions ['ignore', 'ignore_ament_install']
[0.109s] Level 1:colcon.colcon_core.package_identification:_identify(src/servo_control/servo_control/utilities) by extension 'ignore'
[0.109s] Level 1:colcon.colcon_core.package_identification:_identify(src/servo_control/servo_control/utilities) by extension 'ignore_ament_install'
[0.110s] Level 1:colcon.colcon_core.package_identification:_identify(src/servo_control/servo_control/utilities) by extensions ['colcon_pkg']
[0.110s] Level 1:colcon.colcon_core.package_identification:_identify(src/servo_control/servo_control/utilities) by extension 'colcon_pkg'
[0.110s] Level 1:colcon.colcon_core.package_identification:_identify(src/servo_control/servo_control/utilities) by extensions ['colcon_meta']
[0.110s] Level 1:colcon.colcon_core.package_identification:_identify(src/servo_control/servo_control/utilities) by extension 'colcon_meta'
[0.110s] Level 1:colcon.colcon_core.package_identification:_identify(src/servo_control/servo_control/utilities) by extensions ['ros']
[0.110s] Level 1:colcon.colcon_core.package_identification:_identify(src/servo_control/servo_control/utilities) by extension 'ros'
[0.110s] Level 1:colcon.colcon_core.package_identification:_identify(src/servo_control/servo_control/utilities) by extensions ['cmake', 'python']
[0.110s] Level 1:colcon.colcon_core.package_identification:_identify(src/servo_control/servo_control/utilities) by extension 'cmake'
[0.110s] Level 1:colcon.colcon_core.package_identification:_identify(src/servo_control/servo_control/utilities) by extension 'python'
[0.110s] Level 1:colcon.colcon_core.package_identification:_identify(src/servo_control/servo_control/utilities) by extensions ['python_setup_py']
[0.110s] Level 1:colcon.colcon_core.package_identification:_identify(src/servo_control/servo_control/utilities) by extension 'python_setup_py'
[0.110s] Level 1:colcon.colcon_core.package_identification:_identify(src/support_polygon_calculator) by extensions ['ignore', 'ignore_ament_install']
[0.110s] Level 1:colcon.colcon_core.package_identification:_identify(src/support_polygon_calculator) by extension 'ignore'
[0.110s] Level 1:colcon.colcon_core.package_identification:_identify(src/support_polygon_calculator) by extension 'ignore_ament_install'
[0.110s] Level 1:colcon.colcon_core.package_identification:_identify(src/support_polygon_calculator) by extensions ['colcon_pkg']
[0.110s] Level 1:colcon.colcon_core.package_identification:_identify(src/support_polygon_calculator) by extension 'colcon_pkg'
[0.110s] Level 1:colcon.colcon_core.package_identification:_identify(src/support_polygon_calculator) by extensions ['colcon_meta']
[0.110s] Level 1:colcon.colcon_core.package_identification:_identify(src/support_polygon_calculator) by extension 'colcon_meta'
[0.110s] Level 1:colcon.colcon_core.package_identification:_identify(src/support_polygon_calculator) by extensions ['ros']
[0.110s] Level 1:colcon.colcon_core.package_identification:_identify(src/support_polygon_calculator) by extension 'ros'
[0.110s] DEBUG:colcon.colcon_core.package_identification:Package 'src/support_polygon_calculator' with type 'ros.ament_cmake' and name 'support_polygon_calculator'
[0.110s] Level 1:colcon.colcon_core.package_discovery:discover_packages(recursive) using defaults
[0.110s] Level 1:colcon.colcon_core.package_discovery:discover_packages(ignore) discover
[0.110s] Level 1:colcon.colcon_core.package_discovery:discover_packages(ignore) using defaults
[0.110s] Level 1:colcon.colcon_core.package_discovery:discover_packages(path) discover
[0.110s] Level 1:colcon.colcon_core.package_discovery:discover_packages(path) using defaults
[0.122s] Level 1:colcon.colcon_core.package_discovery:discover_packages(prefix_path) check parameters
[0.122s] Level 1:colcon.colcon_core.package_discovery:discover_packages(prefix_path) discover
[0.123s] DEBUG:colcon.colcon_installed_package_information.package_discovery:Found 5 installed packages in /home/alec/Documents/SpiderBot/ros2_ws/install
[0.123s] DEBUG:colcon.colcon_installed_package_information.package_discovery:Found 6 installed packages in /home/alec/Autotracking_Surgical_Lamp/ros2_ws/install
[0.123s] DEBUG:colcon.colcon_installed_package_information.package_discovery:Found 5 installed packages in /home/alec/ros2_ws/install
[0.124s] DEBUG:colcon.colcon_installed_package_information.package_discovery:Found 406 installed packages in /opt/ros/jazzy
[0.125s] Level 1:colcon.colcon_core.package_discovery:discover_packages(prefix_path) using defaults
[0.156s] Level 5:colcon.colcon_core.verb:set package 'hexapod_com_calculator' build argument 'cmake_args' from command line to 'None'
[0.156s] Level 5:colcon.colcon_core.verb:set package 'hexapod_com_calculator' build argument 'cmake_target' from command line to 'None'
[0.156s] Level 5:colcon.colcon_core.verb:set package 'hexapod_com_calculator' build argument 'cmake_target_skip_unavailable' from command line to 'False'
[0.156s] Level 5:colcon.colcon_core.verb:set package 'hexapod_com_calculator' build argument 'cmake_clean_cache' from command line to 'False'
[0.156s] Level 5:colcon.colcon_core.verb:set package 'hexapod_com_calculator' build argument 'cmake_clean_first' from command line to 'False'
[0.156s] Level 5:colcon.colcon_core.verb:set package 'hexapod_com_calculator' build argument 'cmake_force_configure' from command line to 'False'
[0.156s] Level 5:colcon.colcon_core.verb:set package 'hexapod_com_calculator' build argument 'ament_cmake_args' from command line to 'None'
[0.156s] Level 5:colcon.colcon_core.verb:set package 'hexapod_com_calculator' build argument 'catkin_cmake_args' from command line to 'None'
[0.156s] Level 5:colcon.colcon_core.verb:set package 'hexapod_com_calculator' build argument 'catkin_skip_building_tests' from command line to 'False'
[0.156s] DEBUG:colcon.colcon_core.verb:Building package 'hexapod_com_calculator' with the following arguments: {'ament_cmake_args': None, 'build_base': '/home/alec/Documents/SpiderBot/ros2_ws/build/hexapod_com_calculator', 'catkin_cmake_args': None, 'catkin_skip_building_tests': False, 'cmake_args': None, 'cmake_clean_cache': False, 'cmake_clean_first': False, 'cmake_force_configure': False, 'cmake_target': None, 'cmake_target_skip_unavailable': False, 'install_base': '/home/alec/Documents/SpiderBot/ros2_ws/install/hexapod_com_calculator', 'merge_install': False, 'path': '/home/alec/Documents/SpiderBot/ros2_ws/src/hexapod_com_calculator', 'symlink_install': False, 'test_result_base': None}
[0.156s] Level 5:colcon.colcon_core.verb:set package 'hexapod_description' build argument 'cmake_args' from command line to 'None'
[0.156s] Level 5:colcon.colcon_core.verb:set package 'hexapod_description' build argument 'cmake_target' from command line to 'None'
[0.156s] Level 5:colcon.colcon_core.verb:set package 'hexapod_description' build argument 'cmake_target_skip_unavailable' from command line to 'False'
[0.156s] Level 5:colcon.colcon_core.verb:set package 'hexapod_description' build argument 'cmake_clean_cache' from command line to 'False'
[0.156s] Level 5:colcon.colcon_core.verb:set package 'hexapod_description' build argument 'cmake_clean_first' from command line to 'False'
[0.156s] Level 5:colcon.colcon_core.verb:set package 'hexapod_description' build argument 'cmake_force_configure' from command line to 'False'
[0.156s] Level 5:colcon.colcon_core.verb:set package 'hexapod_description' build argument 'ament_cmake_args' from command line to 'None'
[0.156s] Level 5:colcon.colcon_core.verb:set package 'hexapod_description' build argument 'catkin_cmake_args' from command line to 'None'
[0.156s] Level 5:colcon.colcon_core.verb:set package 'hexapod_description' build argument 'catkin_skip_building_tests' from command line to 'False'
[0.156s] DEBUG:colcon.colcon_core.verb:Building package 'hexapod_description' with the following arguments: {'ament_cmake_args': None, 'build_base': '/home/alec/Documents/SpiderBot/ros2_ws/build/hexapod_description', 'catkin_cmake_args': None, 'catkin_skip_building_tests': False, 'cmake_args': None, 'cmake_clean_cache': False, 'cmake_clean_first': False, 'cmake_force_configure': False, 'cmake_target': None, 'cmake_target_skip_unavailable': False, 'install_base': '/home/alec/Documents/SpiderBot/ros2_ws/install/hexapod_description', 'merge_install': False, 'path': '/home/alec/Documents/SpiderBot/ros2_ws/src/hexapod_description', 'symlink_install': False, 'test_result_base': None}
[0.156s] Level 5:colcon.colcon_core.verb:set package 'hexapod_kinematics_py' build argument 'cmake_args' from command line to 'None'
[0.156s] Level 5:colcon.colcon_core.verb:set package 'hexapod_kinematics_py' build argument 'cmake_target' from command line to 'None'
[0.156s] Level 5:colcon.colcon_core.verb:set package 'hexapod_kinematics_py' build argument 'cmake_target_skip_unavailable' from command line to 'False'
[0.156s] Level 5:colcon.colcon_core.verb:set package 'hexapod_kinematics_py' build argument 'cmake_clean_cache' from command line to 'False'
[0.156s] Level 5:colcon.colcon_core.verb:set package 'hexapod_kinematics_py' build argument 'cmake_clean_first' from command line to 'False'
[0.156s] Level 5:colcon.colcon_core.verb:set package 'hexapod_kinematics_py' build argument 'cmake_force_configure' from command line to 'False'
[0.156s] Level 5:colcon.colcon_core.verb:set package 'hexapod_kinematics_py' build argument 'ament_cmake_args' from command line to 'None'
[0.156s] Level 5:colcon.colcon_core.verb:set package 'hexapod_kinematics_py' build argument 'catkin_cmake_args' from command line to 'None'
[0.156s] Level 5:colcon.colcon_core.verb:set package 'hexapod_kinematics_py' build argument 'catkin_skip_building_tests' from command line to 'False'
[0.156s] DEBUG:colcon.colcon_core.verb:Building package 'hexapod_kinematics_py' with the following arguments: {'ament_cmake_args': None, 'build_base': '/home/alec/Documents/SpiderBot/ros2_ws/build/hexapod_kinematics_py', 'catkin_cmake_args': None, 'catkin_skip_building_tests': False, 'cmake_args': None, 'cmake_clean_cache': False, 'cmake_clean_first': False, 'cmake_force_configure': False, 'cmake_target': None, 'cmake_target_skip_unavailable': False, 'install_base': '/home/alec/Documents/SpiderBot/ros2_ws/install/hexapod_kinematics_py', 'merge_install': False, 'path': '/home/alec/Documents/SpiderBot/ros2_ws/src/hexapod_kinematics_py', 'symlink_install': False, 'test_result_base': None}
[0.156s] Level 5:colcon.colcon_core.verb:set package 'hexapod_msgs' build argument 'cmake_args' from command line to 'None'
[0.156s] Level 5:colcon.colcon_core.verb:set package 'hexapod_msgs' build argument 'cmake_target' from command line to 'None'
[0.157s] Level 5:colcon.colcon_core.verb:set package 'hexapod_msgs' build argument 'cmake_target_skip_unavailable' from command line to 'False'
[0.157s] Level 5:colcon.colcon_core.verb:set package 'hexapod_msgs' build argument 'cmake_clean_cache' from command line to 'False'
[0.157s] Level 5:colcon.colcon_core.verb:set package 'hexapod_msgs' build argument 'cmake_clean_first' from command line to 'False'
[0.157s] Level 5:colcon.colcon_core.verb:set package 'hexapod_msgs' build argument 'cmake_force_configure' from command line to 'False'
[0.157s] Level 5:colcon.colcon_core.verb:set package 'hexapod_msgs' build argument 'ament_cmake_args' from command line to 'None'
[0.157s] Level 5:colcon.colcon_core.verb:set package 'hexapod_msgs' build argument 'catkin_cmake_args' from command line to 'None'
[0.157s] Level 5:colcon.colcon_core.verb:set package 'hexapod_msgs' build argument 'catkin_skip_building_tests' from command line to 'False'
[0.157s] DEBUG:colcon.colcon_core.verb:Building package 'hexapod_msgs' with the following arguments: {'ament_cmake_args': None, 'build_base': '/home/alec/Documents/SpiderBot/ros2_ws/build/hexapod_msgs', 'catkin_cmake_args': None, 'catkin_skip_building_tests': False, 'cmake_args': None, 'cmake_clean_cache': False, 'cmake_clean_first': False, 'cmake_force_configure': False, 'cmake_target': None, 'cmake_target_skip_unavailable': False, 'install_base': '/home/alec/Documents/SpiderBot/ros2_ws/install/hexapod_msgs', 'merge_install': False, 'path': '/home/alec/Documents/SpiderBot/ros2_ws/src/hexapod_msgs', 'symlink_install': False, 'test_result_base': None}
[0.157s] Level 5:colcon.colcon_core.verb:set package 'support_polygon_calculator' build argument 'cmake_args' from command line to 'None'
[0.157s] Level 5:colcon.colcon_core.verb:set package 'support_polygon_calculator' build argument 'cmake_target' from command line to 'None'
[0.157s] Level 5:colcon.colcon_core.verb:set package 'support_polygon_calculator' build argument 'cmake_target_skip_unavailable' from command line to 'False'
[0.157s] Level 5:colcon.colcon_core.verb:set package 'support_polygon_calculator' build argument 'cmake_clean_cache' from command line to 'False'
[0.157s] Level 5:colcon.colcon_core.verb:set package 'support_polygon_calculator' build argument 'cmake_clean_first' from command line to 'False'
[0.157s] Level 5:colcon.colcon_core.verb:set package 'support_polygon_calculator' build argument 'cmake_force_configure' from command line to 'False'
[0.157s] Level 5:colcon.colcon_core.verb:set package 'support_polygon_calculator' build argument 'ament_cmake_args' from command line to 'None'
[0.157s] Level 5:colcon.colcon_core.verb:set package 'support_polygon_calculator' build argument 'catkin_cmake_args' from command line to 'None'
[0.157s] Level 5:colcon.colcon_core.verb:set package 'support_polygon_calculator' build argument 'catkin_skip_building_tests' from command line to 'False'
[0.157s] DEBUG:colcon.colcon_core.verb:Building package 'support_polygon_calculator' with the following arguments: {'ament_cmake_args': None, 'build_base': '/home/alec/Documents/SpiderBot/ros2_ws/build/support_polygon_calculator', 'catkin_cmake_args': None, 'catkin_skip_building_tests': False, 'cmake_args': None, 'cmake_clean_cache': False, 'cmake_clean_first': False, 'cmake_force_configure': False, 'cmake_target': None, 'cmake_target_skip_unavailable': False, 'install_base': '/home/alec/Documents/SpiderBot/ros2_ws/install/support_polygon_calculator', 'merge_install': False, 'path': '/home/alec/Documents/SpiderBot/ros2_ws/src/support_polygon_calculator', 'symlink_install': False, 'test_result_base': None}
[0.157s] INFO:colcon.colcon_core.executor:Executing jobs using 'parallel' executor
[0.158s] DEBUG:colcon.colcon_parallel_executor.executor.parallel:run_until_complete
[0.158s] INFO:colcon.colcon_ros.task.ament_python.build:Building ROS package in '/home/alec/Documents/SpiderBot/ros2_ws/src/hexapod_com_calculator' with build type 'ament_python'
[0.158s] Level 1:colcon.colcon_core.shell:create_environment_hook('hexapod_com_calculator', 'ament_prefix_path')
[0.159s] INFO:colcon.colcon_core.plugin_system:Skipping extension 'colcon_core.shell.bat': Not used on non-Windows systems
[0.159s] INFO:colcon.colcon_core.shell:Creating environment hook '/home/alec/Documents/SpiderBot/ros2_ws/install/hexapod_com_calculator/share/hexapod_com_calculator/hook/ament_prefix_path.ps1'
[0.160s] INFO:colcon.colcon_core.shell:Creating environment descriptor '/home/alec/Documents/SpiderBot/ros2_ws/install/hexapod_com_calculator/share/hexapod_com_calculator/hook/ament_prefix_path.dsv'
[0.160s] INFO:colcon.colcon_core.shell:Creating environment hook '/home/alec/Documents/SpiderBot/ros2_ws/install/hexapod_com_calculator/share/hexapod_com_calculator/hook/ament_prefix_path.sh'
[0.160s] INFO:colcon.colcon_core.shell:Skip shell extension 'powershell' for command environment: Not usable outside of PowerShell
[0.160s] DEBUG:colcon.colcon_core.shell:Skip shell extension 'dsv' for command environment
[0.163s] INFO:colcon.colcon_ros.task.ament_cmake.build:Building ROS package in '/home/alec/Documents/SpiderBot/ros2_ws/src/hexapod_description' with build type 'ament_cmake'
[0.163s] INFO:colcon.colcon_cmake.task.cmake.build:Building CMake package in '/home/alec/Documents/SpiderBot/ros2_ws/src/hexapod_description'
[0.163s] INFO:colcon.colcon_core.shell:Skip shell extension 'powershell' for command environment: Not usable outside of PowerShell
[0.163s] DEBUG:colcon.colcon_core.shell:Skip shell extension 'dsv' for command environment
[0.166s] INFO:colcon.colcon_ros.task.ament_python.build:Building ROS package in '/home/alec/Documents/SpiderBot/ros2_ws/src/hexapod_kinematics_py' with build type 'ament_python'
[0.166s] Level 1:colcon.colcon_core.shell:create_environment_hook('hexapod_kinematics_py', 'ament_prefix_path')
[0.166s] INFO:colcon.colcon_core.shell:Creating environment hook '/home/alec/Documents/SpiderBot/ros2_ws/install/hexapod_kinematics_py/share/hexapod_kinematics_py/hook/ament_prefix_path.ps1'
[0.167s] INFO:colcon.colcon_core.shell:Creating environment descriptor '/home/alec/Documents/SpiderBot/ros2_ws/install/hexapod_kinematics_py/share/hexapod_kinematics_py/hook/ament_prefix_path.dsv'
[0.167s] INFO:colcon.colcon_core.shell:Creating environment hook '/home/alec/Documents/SpiderBot/ros2_ws/install/hexapod_kinematics_py/share/hexapod_kinematics_py/hook/ament_prefix_path.sh'
[0.167s] INFO:colcon.colcon_core.shell:Skip shell extension 'powershell' for command environment: Not usable outside of PowerShell
[0.167s] DEBUG:colcon.colcon_core.shell:Skip shell extension 'dsv' for command environment
[0.170s] INFO:colcon.colcon_ros.task.ament_cmake.build:Building ROS package in '/home/alec/Documents/SpiderBot/ros2_ws/src/hexapod_msgs' with build type 'ament_cmake'
[0.170s] INFO:colcon.colcon_cmake.task.cmake.build:Building CMake package in '/home/alec/Documents/SpiderBot/ros2_ws/src/hexapod_msgs'
[0.170s] INFO:colcon.colcon_core.shell:Skip shell extension 'powershell' for command environment: Not usable outside of PowerShell
[0.170s] DEBUG:colcon.colcon_core.shell:Skip shell extension 'dsv' for command environment
[0.173s] INFO:colcon.colcon_ros.task.ament_cmake.build:Building ROS package in '/home/alec/Documents/SpiderBot/ros2_ws/src/support_polygon_calculator' with build type 'ament_cmake'
[0.173s] INFO:colcon.colcon_cmake.task.cmake.build:Building CMake package in '/home/alec/Documents/SpiderBot/ros2_ws/src/support_polygon_calculator'
[0.173s] INFO:colcon.colcon_core.shell:Skip shell extension 'powershell' for command environment: Not usable outside of PowerShell
[0.173s] DEBUG:colcon.colcon_core.shell:Skip shell extension 'dsv' for command environment
[0.308s] INFO:colcon.colcon_core.task.python.build:Building Python package in '/home/alec/Documents/SpiderBot/ros2_ws/src/hexapod_com_calculator'
[0.309s] INFO:colcon.colcon_core.shell:Skip shell extension 'powershell' for command environment: Not usable outside of PowerShell
[0.309s] DEBUG:colcon.colcon_core.shell:Skip shell extension 'dsv' for command environment
[0.314s] DEBUG:colcon.colcon_core.event_handler.log_command:Invoking command in '/home/alec/Documents/SpiderBot/ros2_ws/build/hexapod_description': CMAKE_PREFIX_PATH=${CMAKE_PREFIX_PATH}:/home/alec/Documents/SpiderBot/ros2_ws/install/hexapod_kinematics_py:/home/alec/Documents/SpiderBot/ros2_ws/install/hexapod_com_calculator:/opt/ros/jazzy DEBUGINFOD_URLS=https://debuginfod.ubuntu.com /usr/bin/cmake --build /home/alec/Documents/SpiderBot/ros2_ws/build/hexapod_description -- -j20 -l20
[0.446s] INFO:colcon.colcon_core.task.python.build:Building Python package in '/home/alec/Documents/SpiderBot/ros2_ws/src/hexapod_kinematics_py'
[0.446s] INFO:colcon.colcon_core.shell:Skip shell extension 'powershell' for command environment: Not usable outside of PowerShell
[0.446s] DEBUG:colcon.colcon_core.shell:Skip shell extension 'dsv' for command environment
[0.451s] DEBUG:colcon.colcon_core.event_handler.log_command:Invoking command in '/home/alec/Documents/SpiderBot/ros2_ws/build/hexapod_msgs': CMAKE_PREFIX_PATH=${CMAKE_PREFIX_PATH}:/home/alec/Documents/SpiderBot/ros2_ws/install/hexapod_kinematics_py:/home/alec/Documents/SpiderBot/ros2_ws/install/hexapod_com_calculator:/opt/ros/jazzy DEBUGINFOD_URLS=https://debuginfod.ubuntu.com /usr/bin/cmake --build /home/alec/Documents/SpiderBot/ros2_ws/build/hexapod_msgs -- -j20 -l20
[0.453s] DEBUG:colcon.colcon_core.event_handler.log_command:Invoked command in '/home/alec/Documents/SpiderBot/ros2_ws/build/hexapod_description' returned '0': CMAKE_PREFIX_PATH=${CMAKE_PREFIX_PATH}:/home/alec/Documents/SpiderBot/ros2_ws/install/hexapod_kinematics_py:/home/alec/Documents/SpiderBot/ros2_ws/install/hexapod_com_calculator:/opt/ros/jazzy DEBUGINFOD_URLS=https://debuginfod.ubuntu.com /usr/bin/cmake --build /home/alec/Documents/SpiderBot/ros2_ws/build/hexapod_description -- -j20 -l20
[0.461s] DEBUG:colcon.colcon_core.event_handler.log_command:Invoking command in '/home/alec/Documents/SpiderBot/ros2_ws/build/hexapod_description': CMAKE_PREFIX_PATH=${CMAKE_PREFIX_PATH}:/home/alec/Documents/SpiderBot/ros2_ws/install/hexapod_kinematics_py:/home/alec/Documents/SpiderBot/ros2_ws/install/hexapod_com_calculator:/opt/ros/jazzy DEBUGINFOD_URLS=https://debuginfod.ubuntu.com /usr/bin/cmake --install /home/alec/Documents/SpiderBot/ros2_ws/build/hexapod_description
[0.463s] DEBUG:colcon.colcon_core.event_handler.log_command:Invoking command in '/home/alec/Documents/SpiderBot/ros2_ws/build/support_polygon_calculator': CMAKE_PREFIX_PATH=${CMAKE_PREFIX_PATH}:/home/alec/Documents/SpiderBot/ros2_ws/install/hexapod_kinematics_py:/home/alec/Documents/SpiderBot/ros2_ws/install/hexapod_com_calculator:/opt/ros/jazzy DEBUGINFOD_URLS=https://debuginfod.ubuntu.com /usr/bin/cmake --build /home/alec/Documents/SpiderBot/ros2_ws/build/support_polygon_calculator -- -j20 -l20
[0.470s] Level 1:colcon.colcon_core.environment:create_environment_scripts_only(hexapod_description)
[0.471s] DEBUG:colcon.colcon_core.event_handler.log_command:Invoked command in '/home/alec/Documents/SpiderBot/ros2_ws/build/hexapod_description' returned '0': CMAKE_PREFIX_PATH=${CMAKE_PREFIX_PATH}:/home/alec/Documents/SpiderBot/ros2_ws/install/hexapod_kinematics_py:/home/alec/Documents/SpiderBot/ros2_ws/install/hexapod_com_calculator:/opt/ros/jazzy DEBUGINFOD_URLS=https://debuginfod.ubuntu.com /usr/bin/cmake --install /home/alec/Documents/SpiderBot/ros2_ws/build/hexapod_description
[0.473s] Level 1:colcon.colcon_core.environment:checking '/home/alec/Documents/SpiderBot/ros2_ws/install/hexapod_description' for CMake module files
[0.473s] Level 1:colcon.colcon_core.environment:checking '/home/alec/Documents/SpiderBot/ros2_ws/install/hexapod_description' for CMake config files
[0.474s] Level 1:colcon.colcon_core.shell:create_environment_hook('hexapod_description', 'cmake_prefix_path')
[0.474s] INFO:colcon.colcon_core.shell:Creating environment hook '/home/alec/Documents/SpiderBot/ros2_ws/install/hexapod_description/share/hexapod_description/hook/cmake_prefix_path.ps1'
[0.474s] INFO:colcon.colcon_core.shell:Creating environment descriptor '/home/alec/Documents/SpiderBot/ros2_ws/install/hexapod_description/share/hexapod_description/hook/cmake_prefix_path.dsv'
[0.475s] INFO:colcon.colcon_core.shell:Creating environment hook '/home/alec/Documents/SpiderBot/ros2_ws/install/hexapod_description/share/hexapod_description/hook/cmake_prefix_path.sh'
[0.475s] Level 1:colcon.colcon_core.environment:checking '/home/alec/Documents/SpiderBot/ros2_ws/install/hexapod_description/bin'
[0.475s] Level 1:colcon.colcon_core.environment:checking '/home/alec/Documents/SpiderBot/ros2_ws/install/hexapod_description/lib/pkgconfig/hexapod_description.pc'
[0.475s] Level 1:colcon.colcon_core.environment:checking '/home/alec/Documents/SpiderBot/ros2_ws/install/hexapod_description/lib/python3.12/site-packages'
[0.476s] Level 1:colcon.colcon_core.environment:checking '/home/alec/Documents/SpiderBot/ros2_ws/install/hexapod_description/bin'
[0.476s] INFO:colcon.colcon_core.shell:Creating package script '/home/alec/Documents/SpiderBot/ros2_ws/install/hexapod_description/share/hexapod_description/package.ps1'
[0.477s] INFO:colcon.colcon_core.shell:Creating package descriptor '/home/alec/Documents/SpiderBot/ros2_ws/install/hexapod_description/share/hexapod_description/package.dsv'
[0.477s] INFO:colcon.colcon_core.shell:Creating package script '/home/alec/Documents/SpiderBot/ros2_ws/install/hexapod_description/share/hexapod_description/package.sh'
[0.478s] INFO:colcon.colcon_core.shell:Creating package script '/home/alec/Documents/SpiderBot/ros2_ws/install/hexapod_description/share/hexapod_description/package.bash'
[0.478s] INFO:colcon.colcon_core.shell:Creating package script '/home/alec/Documents/SpiderBot/ros2_ws/install/hexapod_description/share/hexapod_description/package.zsh'
[0.479s] Level 1:colcon.colcon_core.environment:create_file_with_runtime_dependencies(/home/alec/Documents/SpiderBot/ros2_ws/install/hexapod_description/share/colcon-core/packages/hexapod_description)
[0.479s] Level 1:colcon.colcon_core.environment:create_environment_scripts_only(hexapod_description)
[0.479s] Level 1:colcon.colcon_core.environment:checking '/home/alec/Documents/SpiderBot/ros2_ws/install/hexapod_description' for CMake module files
[0.480s] Level 1:colcon.colcon_core.environment:checking '/home/alec/Documents/SpiderBot/ros2_ws/install/hexapod_description' for CMake config files
[0.480s] Level 1:colcon.colcon_core.shell:create_environment_hook('hexapod_description', 'cmake_prefix_path')
[0.480s] INFO:colcon.colcon_core.shell:Creating environment hook '/home/alec/Documents/SpiderBot/ros2_ws/install/hexapod_description/share/hexapod_description/hook/cmake_prefix_path.ps1'
[0.480s] INFO:colcon.colcon_core.shell:Creating environment descriptor '/home/alec/Documents/SpiderBot/ros2_ws/install/hexapod_description/share/hexapod_description/hook/cmake_prefix_path.dsv'
[0.481s] INFO:colcon.colcon_core.shell:Creating environment hook '/home/alec/Documents/SpiderBot/ros2_ws/install/hexapod_description/share/hexapod_description/hook/cmake_prefix_path.sh'
[0.481s] Level 1:colcon.colcon_core.environment:checking '/home/alec/Documents/SpiderBot/ros2_ws/install/hexapod_description/bin'
[0.481s] Level 1:colcon.colcon_core.environment:checking '/home/alec/Documents/SpiderBot/ros2_ws/install/hexapod_description/lib/pkgconfig/hexapod_description.pc'
[0.482s] Level 1:colcon.colcon_core.environment:checking '/home/alec/Documents/SpiderBot/ros2_ws/install/hexapod_description/lib/python3.12/site-packages'
[0.482s] Level 1:colcon.colcon_core.environment:checking '/home/alec/Documents/SpiderBot/ros2_ws/install/hexapod_description/bin'
[0.482s] INFO:colcon.colcon_core.shell:Creating package script '/home/alec/Documents/SpiderBot/ros2_ws/install/hexapod_description/share/hexapod_description/package.ps1'
[0.482s] INFO:colcon.colcon_core.shell:Creating package descriptor '/home/alec/Documents/SpiderBot/ros2_ws/install/hexapod_description/share/hexapod_description/package.dsv'
[0.482s] INFO:colcon.colcon_core.shell:Creating package script '/home/alec/Documents/SpiderBot/ros2_ws/install/hexapod_description/share/hexapod_description/package.sh'
[0.483s] INFO:colcon.colcon_core.shell:Creating package script '/home/alec/Documents/SpiderBot/ros2_ws/install/hexapod_description/share/hexapod_description/package.bash'
[0.483s] INFO:colcon.colcon_core.shell:Creating package script '/home/alec/Documents/SpiderBot/ros2_ws/install/hexapod_description/share/hexapod_description/package.zsh'
[0.483s] Level 1:colcon.colcon_core.environment:create_file_with_runtime_dependencies(/home/alec/Documents/SpiderBot/ros2_ws/install/hexapod_description/share/colcon-core/packages/hexapod_description)
[0.528s] DEBUG:colcon.colcon_core.event_handler.log_command:Invoked command in '/home/alec/Documents/SpiderBot/ros2_ws/build/support_polygon_calculator' returned '0': CMAKE_PREFIX_PATH=${CMAKE_PREFIX_PATH}:/home/alec/Documents/SpiderBot/ros2_ws/install/hexapod_kinematics_py:/home/alec/Documents/SpiderBot/ros2_ws/install/hexapod_com_calculator:/opt/ros/jazzy DEBUGINFOD_URLS=https://debuginfod.ubuntu.com /usr/bin/cmake --build /home/alec/Documents/SpiderBot/ros2_ws/build/support_polygon_calculator -- -j20 -l20
[0.529s] DEBUG:colcon.colcon_core.event_handler.log_command:Invoking command in '/home/alec/Documents/SpiderBot/ros2_ws/build/support_polygon_calculator': CMAKE_PREFIX_PATH=${CMAKE_PREFIX_PATH}:/home/alec/Documents/SpiderBot/ros2_ws/install/hexapod_kinematics_py:/home/alec/Documents/SpiderBot/ros2_ws/install/hexapod_com_calculator:/opt/ros/jazzy DEBUGINFOD_URLS=https://debuginfod.ubuntu.com /usr/bin/cmake --install /home/alec/Documents/SpiderBot/ros2_ws/build/support_polygon_calculator
[0.538s] Level 1:colcon.colcon_core.environment:create_environment_scripts_only(support_polygon_calculator)
[0.538s] Level 1:colcon.colcon_core.environment:checking '/home/alec/Documents/SpiderBot/ros2_ws/install/support_polygon_calculator' for CMake module files
[0.539s] DEBUG:colcon.colcon_core.event_handler.log_command:Invoked command in '/home/alec/Documents/SpiderBot/ros2_ws/build/support_polygon_calculator' returned '0': CMAKE_PREFIX_PATH=${CMAKE_PREFIX_PATH}:/home/alec/Documents/SpiderBot/ros2_ws/install/hexapod_kinematics_py:/home/alec/Documents/SpiderBot/ros2_ws/install/hexapod_com_calculator:/opt/ros/jazzy DEBUGINFOD_URLS=https://debuginfod.ubuntu.com /usr/bin/cmake --install /home/alec/Documents/SpiderBot/ros2_ws/build/support_polygon_calculator
[0.539s] Level 1:colcon.colcon_core.environment:checking '/home/alec/Documents/SpiderBot/ros2_ws/install/support_polygon_calculator' for CMake config files
[0.540s] Level 1:colcon.colcon_core.shell:create_environment_hook('support_polygon_calculator', 'cmake_prefix_path')
[0.540s] INFO:colcon.colcon_core.shell:Creating environment hook '/home/alec/Documents/SpiderBot/ros2_ws/install/support_polygon_calculator/share/support_polygon_calculator/hook/cmake_prefix_path.ps1'
[0.541s] INFO:colcon.colcon_core.shell:Creating environment descriptor '/home/alec/Documents/SpiderBot/ros2_ws/install/support_polygon_calculator/share/support_polygon_calculator/hook/cmake_prefix_path.dsv'
[0.541s] INFO:colcon.colcon_core.shell:Creating environment hook '/home/alec/Documents/SpiderBot/ros2_ws/install/support_polygon_calculator/share/support_polygon_calculator/hook/cmake_prefix_path.sh'
[0.542s] Level 1:colcon.colcon_core.environment:checking '/home/alec/Documents/SpiderBot/ros2_ws/install/support_polygon_calculator/lib'
[0.542s] Level 1:colcon.colcon_core.environment:checking '/home/alec/Documents/SpiderBot/ros2_ws/install/support_polygon_calculator/bin'
[0.542s] Level 1:colcon.colcon_core.environment:checking '/home/alec/Documents/SpiderBot/ros2_ws/install/support_polygon_calculator/lib/pkgconfig/support_polygon_calculator.pc'
[0.542s] Level 1:colcon.colcon_core.environment:checking '/home/alec/Documents/SpiderBot/ros2_ws/install/support_polygon_calculator/lib/python3.12/site-packages'
[0.543s] Level 1:colcon.colcon_core.environment:checking '/home/alec/Documents/SpiderBot/ros2_ws/install/support_polygon_calculator/bin'
[0.543s] INFO:colcon.colcon_core.shell:Creating package script '/home/alec/Documents/SpiderBot/ros2_ws/install/support_polygon_calculator/share/support_polygon_calculator/package.ps1'
[0.544s] INFO:colcon.colcon_core.shell:Creating package descriptor '/home/alec/Documents/SpiderBot/ros2_ws/install/support_polygon_calculator/share/support_polygon_calculator/package.dsv'
[0.544s] INFO:colcon.colcon_core.shell:Creating package script '/home/alec/Documents/SpiderBot/ros2_ws/install/support_polygon_calculator/share/support_polygon_calculator/package.sh'
[0.545s] INFO:colcon.colcon_core.shell:Creating package script '/home/alec/Documents/SpiderBot/ros2_ws/install/support_polygon_calculator/share/support_polygon_calculator/package.bash'
[0.545s] INFO:colcon.colcon_core.shell:Creating package script '/home/alec/Documents/SpiderBot/ros2_ws/install/support_polygon_calculator/share/support_polygon_calculator/package.zsh'
[0.545s] Level 1:colcon.colcon_core.environment:create_file_with_runtime_dependencies(/home/alec/Documents/SpiderBot/ros2_ws/install/support_polygon_calculator/share/colcon-core/packages/support_polygon_calculator)
[0.546s] Level 1:colcon.colcon_core.environment:create_environment_scripts_only(support_polygon_calculator)
[0.546s] Level 1:colcon.colcon_core.environment:checking '/home/alec/Documents/SpiderBot/ros2_ws/install/support_polygon_calculator' for CMake module files
[0.547s] Level 1:colcon.colcon_core.environment:checking '/home/alec/Documents/SpiderBot/ros2_ws/install/support_polygon_calculator' for CMake config files
[0.547s] Level 1:colcon.colcon_core.shell:create_environment_hook('support_polygon_calculator', 'cmake_prefix_path')
[0.547s] INFO:colcon.colcon_core.shell:Creating environment hook '/home/alec/Documents/SpiderBot/ros2_ws/install/support_polygon_calculator/share/support_polygon_calculator/hook/cmake_prefix_path.ps1'
[0.548s] INFO:colcon.colcon_core.shell:Creating environment descriptor '/home/alec/Documents/SpiderBot/ros2_ws/install/support_polygon_calculator/share/support_polygon_calculator/hook/cmake_prefix_path.dsv'
[0.548s] INFO:colcon.colcon_core.shell:Creating environment hook '/home/alec/Documents/SpiderBot/ros2_ws/install/support_polygon_calculator/share/support_polygon_calculator/hook/cmake_prefix_path.sh'
[0.548s] Level 1:colcon.colcon_core.environment:checking '/home/alec/Documents/SpiderBot/ros2_ws/install/support_polygon_calculator/lib'
[0.548s] Level 1:colcon.colcon_core.environment:checking '/home/alec/Documents/SpiderBot/ros2_ws/install/support_polygon_calculator/bin'
[0.548s] Level 1:colcon.colcon_core.environment:checking '/home/alec/Documents/SpiderBot/ros2_ws/install/support_polygon_calculator/lib/pkgconfig/support_polygon_calculator.pc'
[0.549s] Level 1:colcon.colcon_core.environment:checking '/home/alec/Documents/SpiderBot/ros2_ws/install/support_polygon_calculator/lib/python3.12/site-packages'
[0.549s] Level 1:colcon.colcon_core.environment:checking '/home/alec/Documents/SpiderBot/ros2_ws/install/support_polygon_calculator/bin'
[0.549s] INFO:colcon.colcon_core.shell:Creating package script '/home/alec/Documents/SpiderBot/ros2_ws/install/support_polygon_calculator/share/support_polygon_calculator/package.ps1'
[0.549s] INFO:colcon.colcon_core.shell:Creating package descriptor '/home/alec/Documents/SpiderBot/ros2_ws/install/support_polygon_calculator/share/support_polygon_calculator/package.dsv'
[0.550s] INFO:colcon.colcon_core.shell:Creating package script '/home/alec/Documents/SpiderBot/ros2_ws/install/support_polygon_calculator/share/support_polygon_calculator/package.sh'
[0.550s] INFO:colcon.colcon_core.shell:Creating package script '/home/alec/Documents/SpiderBot/ros2_ws/install/support_polygon_calculator/share/support_polygon_calculator/package.bash'
[0.550s] INFO:colcon.colcon_core.shell:Creating package script '/home/alec/Documents/SpiderBot/ros2_ws/install/support_polygon_calculator/share/support_polygon_calculator/package.zsh'
[0.550s] Level 1:colcon.colcon_core.environment:create_file_with_runtime_dependencies(/home/alec/Documents/SpiderBot/ros2_ws/install/support_polygon_calculator/share/colcon-core/packages/support_polygon_calculator)
[0.750s] DEBUG:colcon.colcon_core.event_handler.log_command:Invoked command in '/home/alec/Documents/SpiderBot/ros2_ws/build/hexapod_msgs' returned '0': CMAKE_PREFIX_PATH=${CMAKE_PREFIX_PATH}:/home/alec/Documents/SpiderBot/ros2_ws/install/hexapod_kinematics_py:/home/alec/Documents/SpiderBot/ros2_ws/install/hexapod_com_calculator:/opt/ros/jazzy DEBUGINFOD_URLS=https://debuginfod.ubuntu.com /usr/bin/cmake --build /home/alec/Documents/SpiderBot/ros2_ws/build/hexapod_msgs -- -j20 -l20
[0.751s] DEBUG:colcon.colcon_core.event_handler.log_command:Invoking command in '/home/alec/Documents/SpiderBot/ros2_ws/build/hexapod_msgs': CMAKE_PREFIX_PATH=${CMAKE_PREFIX_PATH}:/home/alec/Documents/SpiderBot/ros2_ws/install/hexapod_kinematics_py:/home/alec/Documents/SpiderBot/ros2_ws/install/hexapod_com_calculator:/opt/ros/jazzy DEBUGINFOD_URLS=https://debuginfod.ubuntu.com /usr/bin/cmake --install /home/alec/Documents/SpiderBot/ros2_ws/build/hexapod_msgs
[0.797s] Level 1:colcon.colcon_core.environment:create_environment_scripts_only(hexapod_msgs)
[0.797s] Level 1:colcon.colcon_core.environment:checking '/home/alec/Documents/SpiderBot/ros2_ws/install/hexapod_msgs' for CMake module files
[0.797s] DEBUG:colcon.colcon_core.event_handler.log_command:Invoked command in '/home/alec/Documents/SpiderBot/ros2_ws/build/hexapod_msgs' returned '0': CMAKE_PREFIX_PATH=${CMAKE_PREFIX_PATH}:/home/alec/Documents/SpiderBot/ros2_ws/install/hexapod_kinematics_py:/home/alec/Documents/SpiderBot/ros2_ws/install/hexapod_com_calculator:/opt/ros/jazzy DEBUGINFOD_URLS=https://debuginfod.ubuntu.com /usr/bin/cmake --install /home/alec/Documents/SpiderBot/ros2_ws/build/hexapod_msgs
[0.798s] Level 1:colcon.colcon_core.environment:checking '/home/alec/Documents/SpiderBot/ros2_ws/install/hexapod_msgs' for CMake config files
[0.799s] Level 1:colcon.colcon_core.shell:create_environment_hook('hexapod_msgs', 'cmake_prefix_path')
[0.799s] INFO:colcon.colcon_core.shell:Creating environment hook '/home/alec/Documents/SpiderBot/ros2_ws/install/hexapod_msgs/share/hexapod_msgs/hook/cmake_prefix_path.ps1'
[0.799s] INFO:colcon.colcon_core.shell:Creating environment descriptor '/home/alec/Documents/SpiderBot/ros2_ws/install/hexapod_msgs/share/hexapod_msgs/hook/cmake_prefix_path.dsv'
[0.799s] INFO:colcon.colcon_core.shell:Creating environment hook '/home/alec/Documents/SpiderBot/ros2_ws/install/hexapod_msgs/share/hexapod_msgs/hook/cmake_prefix_path.sh'
[0.800s] Level 1:colcon.colcon_core.environment:checking '/home/alec/Documents/SpiderBot/ros2_ws/install/hexapod_msgs/lib'
[0.800s] Level 1:colcon.colcon_core.shell:create_environment_hook('hexapod_msgs', 'ld_library_path_lib')
[0.800s] INFO:colcon.colcon_core.shell:Creating environment hook '/home/alec/Documents/SpiderBot/ros2_ws/install/hexapod_msgs/share/hexapod_msgs/hook/ld_library_path_lib.ps1'
[0.800s] INFO:colcon.colcon_core.shell:Creating environment descriptor '/home/alec/Documents/SpiderBot/ros2_ws/install/hexapod_msgs/share/hexapod_msgs/hook/ld_library_path_lib.dsv'
[0.800s] INFO:colcon.colcon_core.shell:Creating environment hook '/home/alec/Documents/SpiderBot/ros2_ws/install/hexapod_msgs/share/hexapod_msgs/hook/ld_library_path_lib.sh'
[0.801s] Level 1:colcon.colcon_core.environment:checking '/home/alec/Documents/SpiderBot/ros2_ws/install/hexapod_msgs/bin'
[0.801s] Level 1:colcon.colcon_core.environment:checking '/home/alec/Documents/SpiderBot/ros2_ws/install/hexapod_msgs/lib/pkgconfig/hexapod_msgs.pc'
[0.801s] Level 1:colcon.colcon_core.environment:checking '/home/alec/Documents/SpiderBot/ros2_ws/install/hexapod_msgs/lib/python3.12/site-packages'
[0.801s] Level 1:colcon.colcon_core.shell:create_environment_hook('hexapod_msgs', 'pythonpath')
[0.801s] INFO:colcon.colcon_core.shell:Creating environment hook '/home/alec/Documents/SpiderBot/ros2_ws/install/hexapod_msgs/share/hexapod_msgs/hook/pythonpath.ps1'
[0.801s] INFO:colcon.colcon_core.shell:Creating environment descriptor '/home/alec/Documents/SpiderBot/ros2_ws/install/hexapod_msgs/share/hexapod_msgs/hook/pythonpath.dsv'
[0.801s] INFO:colcon.colcon_core.shell:Creating environment hook '/home/alec/Documents/SpiderBot/ros2_ws/install/hexapod_msgs/share/hexapod_msgs/hook/pythonpath.sh'
[0.802s] Level 1:colcon.colcon_core.environment:checking '/home/alec/Documents/SpiderBot/ros2_ws/install/hexapod_msgs/bin'
[0.802s] INFO:colcon.colcon_core.shell:Creating package script '/home/alec/Documents/SpiderBot/ros2_ws/install/hexapod_msgs/share/hexapod_msgs/package.ps1'
[0.802s] INFO:colcon.colcon_core.shell:Creating package descriptor '/home/alec/Documents/SpiderBot/ros2_ws/install/hexapod_msgs/share/hexapod_msgs/package.dsv'
[0.803s] INFO:colcon.colcon_core.shell:Creating package script '/home/alec/Documents/SpiderBot/ros2_ws/install/hexapod_msgs/share/hexapod_msgs/package.sh'
[0.803s] INFO:colcon.colcon_core.shell:Creating package script '/home/alec/Documents/SpiderBot/ros2_ws/install/hexapod_msgs/share/hexapod_msgs/package.bash'
[0.803s] INFO:colcon.colcon_core.shell:Creating package script '/home/alec/Documents/SpiderBot/ros2_ws/install/hexapod_msgs/share/hexapod_msgs/package.zsh'
[0.803s] Level 1:colcon.colcon_core.environment:create_file_with_runtime_dependencies(/home/alec/Documents/SpiderBot/ros2_ws/install/hexapod_msgs/share/colcon-core/packages/hexapod_msgs)
[0.803s] Level 1:colcon.colcon_core.environment:create_environment_scripts_only(hexapod_msgs)
[0.803s] Level 1:colcon.colcon_core.environment:checking '/home/alec/Documents/SpiderBot/ros2_ws/install/hexapod_msgs' for CMake module files
[0.804s] Level 1:colcon.colcon_core.environment:checking '/home/alec/Documents/SpiderBot/ros2_ws/install/hexapod_msgs' for CMake config files
[0.804s] Level 1:colcon.colcon_core.shell:create_environment_hook('hexapod_msgs', 'cmake_prefix_path')
[0.804s] INFO:colcon.colcon_core.shell:Creating environment hook '/home/alec/Documents/SpiderBot/ros2_ws/install/hexapod_msgs/share/hexapod_msgs/hook/cmake_prefix_path.ps1'
[0.804s] INFO:colcon.colcon_core.shell:Creating environment descriptor '/home/alec/Documents/SpiderBot/ros2_ws/install/hexapod_msgs/share/hexapod_msgs/hook/cmake_prefix_path.dsv'
[0.805s] INFO:colcon.colcon_core.shell:Creating environment hook '/home/alec/Documents/SpiderBot/ros2_ws/install/hexapod_msgs/share/hexapod_msgs/hook/cmake_prefix_path.sh'
[0.805s] Level 1:colcon.colcon_core.environment:checking '/home/alec/Documents/SpiderBot/ros2_ws/install/hexapod_msgs/lib'
[0.805s] Level 1:colcon.colcon_core.shell:create_environment_hook('hexapod_msgs', 'ld_library_path_lib')
[0.805s] INFO:colcon.colcon_core.shell:Creating environment hook '/home/alec/Documents/SpiderBot/ros2_ws/install/hexapod_msgs/share/hexapod_msgs/hook/ld_library_path_lib.ps1'
[0.805s] INFO:colcon.colcon_core.shell:Creating environment descriptor '/home/alec/Documents/SpiderBot/ros2_ws/install/hexapod_msgs/share/hexapod_msgs/hook/ld_library_path_lib.dsv'
[0.806s] INFO:colcon.colcon_core.shell:Creating environment hook '/home/alec/Documents/SpiderBot/ros2_ws/install/hexapod_msgs/share/hexapod_msgs/hook/ld_library_path_lib.sh'
[0.806s] Level 1:colcon.colcon_core.environment:checking '/home/alec/Documents/SpiderBot/ros2_ws/install/hexapod_msgs/bin'
[0.806s] Level 1:colcon.colcon_core.environment:checking '/home/alec/Documents/SpiderBot/ros2_ws/install/hexapod_msgs/lib/pkgconfig/hexapod_msgs.pc'
[0.806s] Level 1:colcon.colcon_core.environment:checking '/home/alec/Documents/SpiderBot/ros2_ws/install/hexapod_msgs/lib/python3.12/site-packages'
[0.806s] Level 1:colcon.colcon_core.shell:create_environment_hook('hexapod_msgs', 'pythonpath')
[0.806s] INFO:colcon.colcon_core.shell:Creating environment hook '/home/alec/Documents/SpiderBot/ros2_ws/install/hexapod_msgs/share/hexapod_msgs/hook/pythonpath.ps1'
[0.806s] INFO:colcon.colcon_core.shell:Creating environment descriptor '/home/alec/Documents/SpiderBot/ros2_ws/install/hexapod_msgs/share/hexapod_msgs/hook/pythonpath.dsv'
[0.807s] INFO:colcon.colcon_core.shell:Creating environment hook '/home/alec/Documents/SpiderBot/ros2_ws/install/hexapod_msgs/share/hexapod_msgs/hook/pythonpath.sh'
[0.807s] Level 1:colcon.colcon_core.environment:checking '/home/alec/Documents/SpiderBot/ros2_ws/install/hexapod_msgs/bin'
[0.807s] INFO:colcon.colcon_core.shell:Creating package script '/home/alec/Documents/SpiderBot/ros2_ws/install/hexapod_msgs/share/hexapod_msgs/package.ps1'
[0.807s] INFO:colcon.colcon_core.shell:Creating package descriptor '/home/alec/Documents/SpiderBot/ros2_ws/install/hexapod_msgs/share/hexapod_msgs/package.dsv'
[0.808s] INFO:colcon.colcon_core.shell:Creating package script '/home/alec/Documents/SpiderBot/ros2_ws/install/hexapod_msgs/share/hexapod_msgs/package.sh'
[0.808s] INFO:colcon.colcon_core.shell:Creating package script '/home/alec/Documents/SpiderBot/ros2_ws/install/hexapod_msgs/share/hexapod_msgs/package.bash'
[0.808s] INFO:colcon.colcon_core.shell:Creating package script '/home/alec/Documents/SpiderBot/ros2_ws/install/hexapod_msgs/share/hexapod_msgs/package.zsh'
[0.808s] Level 1:colcon.colcon_core.environment:create_file_with_runtime_dependencies(/home/alec/Documents/SpiderBot/ros2_ws/install/hexapod_msgs/share/colcon-core/packages/hexapod_msgs)
[0.865s] DEBUG:colcon.colcon_core.event_handler.log_command:Invoking command in '/home/alec/Documents/SpiderBot/ros2_ws/src/hexapod_kinematics_py': DEBUGINFOD_URLS=https://debuginfod.ubuntu.com PYTHONPATH=/home/alec/Documents/SpiderBot/ros2_ws/build/hexapod_kinematics_py/prefix_override:/usr/lib/python3/dist-packages/colcon_core/task/python/colcon_distutils_commands:/home/alec/Documents/SpiderBot/ros2_ws/install/hexapod_kinematics_py/lib/python3.12/site-packages:${PYTHONPATH} /usr/bin/python3 -W ignore:setup.py install is deprecated -W ignore:easy_install command is deprecated setup.py egg_info --egg-base ../../build/hexapod_kinematics_py build --build-base /home/alec/Documents/SpiderBot/ros2_ws/build/hexapod_kinematics_py/build install --record /home/alec/Documents/SpiderBot/ros2_ws/build/hexapod_kinematics_py/install.log --single-version-externally-managed install_data
[0.869s] DEBUG:colcon.colcon_core.event_handler.log_command:Invoking command in '/home/alec/Documents/SpiderBot/ros2_ws/src/hexapod_com_calculator': DEBUGINFOD_URLS=https://debuginfod.ubuntu.com PYTHONPATH=/home/alec/Documents/SpiderBot/ros2_ws/build/hexapod_com_calculator/prefix_override:/usr/lib/python3/dist-packages/colcon_core/task/python/colcon_distutils_commands:/home/alec/Documents/SpiderBot/ros2_ws/install/hexapod_com_calculator/lib/python3.12/site-packages:${PYTHONPATH} /usr/bin/python3 -W ignore:setup.py install is deprecated -W ignore:easy_install command is deprecated setup.py egg_info --egg-base ../../build/hexapod_com_calculator build --build-base /home/alec/Documents/SpiderBot/ros2_ws/build/hexapod_com_calculator/build install --record /home/alec/Documents/SpiderBot/ros2_ws/build/hexapod_com_calculator/install.log --single-version-externally-managed install_data
[1.197s] Level 1:colcon.colcon_core.environment:checking '/home/alec/Documents/SpiderBot/ros2_ws/install/hexapod_kinematics_py' for CMake module files
[1.197s] Level 1:colcon.colcon_core.environment:checking '/home/alec/Documents/SpiderBot/ros2_ws/install/hexapod_kinematics_py' for CMake config files
[1.197s] DEBUG:colcon.colcon_core.event_handler.log_command:Invoked command in '/home/alec/Documents/SpiderBot/ros2_ws/src/hexapod_kinematics_py' returned '0': DEBUGINFOD_URLS=https://debuginfod.ubuntu.com PYTHONPATH=/home/alec/Documents/SpiderBot/ros2_ws/build/hexapod_kinematics_py/prefix_override:/usr/lib/python3/dist-packages/colcon_core/task/python/colcon_distutils_commands:/home/alec/Documents/SpiderBot/ros2_ws/install/hexapod_kinematics_py/lib/python3.12/site-packages:${PYTHONPATH} /usr/bin/python3 -W ignore:setup.py install is deprecated -W ignore:easy_install command is deprecated setup.py egg_info --egg-base ../../build/hexapod_kinematics_py build --build-base /home/alec/Documents/SpiderBot/ros2_ws/build/hexapod_kinematics_py/build install --record /home/alec/Documents/SpiderBot/ros2_ws/build/hexapod_kinematics_py/install.log --single-version-externally-managed install_data
[1.198s] Level 1:colcon.colcon_core.environment:checking '/home/alec/Documents/SpiderBot/ros2_ws/install/hexapod_kinematics_py/lib'
[1.198s] Level 1:colcon.colcon_core.environment:checking '/home/alec/Documents/SpiderBot/ros2_ws/install/hexapod_kinematics_py/bin'
[1.198s] Level 1:colcon.colcon_core.environment:checking '/home/alec/Documents/SpiderBot/ros2_ws/install/hexapod_kinematics_py/lib/pkgconfig/hexapod_kinematics_py.pc'
[1.198s] Level 1:colcon.colcon_core.environment:checking '/home/alec/Documents/SpiderBot/ros2_ws/install/hexapod_kinematics_py/lib/python3.12/site-packages'
[1.198s] Level 1:colcon.colcon_core.shell:create_environment_hook('hexapod_kinematics_py', 'pythonpath')
[1.198s] INFO:colcon.colcon_core.shell:Creating environment hook '/home/alec/Documents/SpiderBot/ros2_ws/install/hexapod_kinematics_py/share/hexapod_kinematics_py/hook/pythonpath.ps1'
[1.198s] INFO:colcon.colcon_core.shell:Creating environment descriptor '/home/alec/Documents/SpiderBot/ros2_ws/install/hexapod_kinematics_py/share/hexapod_kinematics_py/hook/pythonpath.dsv'
[1.199s] INFO:colcon.colcon_core.shell:Creating environment hook '/home/alec/Documents/SpiderBot/ros2_ws/install/hexapod_kinematics_py/share/hexapod_kinematics_py/hook/pythonpath.sh'
[1.199s] Level 1:colcon.colcon_core.environment:checking '/home/alec/Documents/SpiderBot/ros2_ws/install/hexapod_kinematics_py/bin'
[1.199s] Level 1:colcon.colcon_core.environment:create_environment_scripts_only(hexapod_kinematics_py)
[1.199s] INFO:colcon.colcon_core.shell:Creating package script '/home/alec/Documents/SpiderBot/ros2_ws/install/hexapod_kinematics_py/share/hexapod_kinematics_py/package.ps1'
[1.199s] INFO:colcon.colcon_core.shell:Creating package descriptor '/home/alec/Documents/SpiderBot/ros2_ws/install/hexapod_kinematics_py/share/hexapod_kinematics_py/package.dsv'
[1.199s] INFO:colcon.colcon_core.shell:Creating package script '/home/alec/Documents/SpiderBot/ros2_ws/install/hexapod_kinematics_py/share/hexapod_kinematics_py/package.sh'
[1.200s] INFO:colcon.colcon_core.shell:Creating package script '/home/alec/Documents/SpiderBot/ros2_ws/install/hexapod_kinematics_py/share/hexapod_kinematics_py/package.bash'
[1.200s] INFO:colcon.colcon_core.shell:Creating package script '/home/alec/Documents/SpiderBot/ros2_ws/install/hexapod_kinematics_py/share/hexapod_kinematics_py/package.zsh'
[1.200s] Level 1:colcon.colcon_core.environment:create_file_with_runtime_dependencies(/home/alec/Documents/SpiderBot/ros2_ws/install/hexapod_kinematics_py/share/colcon-core/packages/hexapod_kinematics_py)
[1.206s] Level 1:colcon.colcon_core.environment:checking '/home/alec/Documents/SpiderBot/ros2_ws/install/hexapod_com_calculator' for CMake module files
[1.207s] Level 1:colcon.colcon_core.environment:checking '/home/alec/Documents/SpiderBot/ros2_ws/install/hexapod_com_calculator' for CMake config files
[1.207s] DEBUG:colcon.colcon_core.event_handler.log_command:Invoked command in '/home/alec/Documents/SpiderBot/ros2_ws/src/hexapod_com_calculator' returned '0': DEBUGINFOD_URLS=https://debuginfod.ubuntu.com PYTHONPATH=/home/alec/Documents/SpiderBot/ros2_ws/build/hexapod_com_calculator/prefix_override:/usr/lib/python3/dist-packages/colcon_core/task/python/colcon_distutils_commands:/home/alec/Documents/SpiderBot/ros2_ws/install/hexapod_com_calculator/lib/python3.12/site-packages:${PYTHONPATH} /usr/bin/python3 -W ignore:setup.py install is deprecated -W ignore:easy_install command is deprecated setup.py egg_info --egg-base ../../build/hexapod_com_calculator build --build-base /home/alec/Documents/SpiderBot/ros2_ws/build/hexapod_com_calculator/build install --record /home/alec/Documents/SpiderBot/ros2_ws/build/hexapod_com_calculator/install.log --single-version-externally-managed install_data
[1.207s] Level 1:colcon.colcon_core.environment:checking '/home/alec/Documents/SpiderBot/ros2_ws/install/hexapod_com_calculator/lib'
[1.207s] Level 1:colcon.colcon_core.environment:checking '/home/alec/Documents/SpiderBot/ros2_ws/install/hexapod_com_calculator/bin'
[1.207s] Level 1:colcon.colcon_core.environment:checking '/home/alec/Documents/SpiderBot/ros2_ws/install/hexapod_com_calculator/lib/pkgconfig/hexapod_com_calculator.pc'
[1.207s] Level 1:colcon.colcon_core.environment:checking '/home/alec/Documents/SpiderBot/ros2_ws/install/hexapod_com_calculator/lib/python3.12/site-packages'
[1.208s] Level 1:colcon.colcon_core.shell:create_environment_hook('hexapod_com_calculator', 'pythonpath')
[1.208s] INFO:colcon.colcon_core.shell:Creating environment hook '/home/alec/Documents/SpiderBot/ros2_ws/install/hexapod_com_calculator/share/hexapod_com_calculator/hook/pythonpath.ps1'
[1.208s] INFO:colcon.colcon_core.shell:Creating environment descriptor '/home/alec/Documents/SpiderBot/ros2_ws/install/hexapod_com_calculator/share/hexapod_com_calculator/hook/pythonpath.dsv'
[1.208s] INFO:colcon.colcon_core.shell:Creating environment hook '/home/alec/Documents/SpiderBot/ros2_ws/install/hexapod_com_calculator/share/hexapod_com_calculator/hook/pythonpath.sh'
[1.208s] Level 1:colcon.colcon_core.environment:checking '/home/alec/Documents/SpiderBot/ros2_ws/install/hexapod_com_calculator/bin'
[1.208s] Level 1:colcon.colcon_core.environment:create_environment_scripts_only(hexapod_com_calculator)
[1.209s] INFO:colcon.colcon_core.shell:Creating package script '/home/alec/Documents/SpiderBot/ros2_ws/install/hexapod_com_calculator/share/hexapod_com_calculator/package.ps1'
[1.209s] INFO:colcon.colcon_core.shell:Creating package descriptor '/home/alec/Documents/SpiderBot/ros2_ws/install/hexapod_com_calculator/share/hexapod_com_calculator/package.dsv'
[1.209s] INFO:colcon.colcon_core.shell:Creating package script '/home/alec/Documents/SpiderBot/ros2_ws/install/hexapod_com_calculator/share/hexapod_com_calculator/package.sh'
[1.209s] INFO:colcon.colcon_core.shell:Creating package script '/home/alec/Documents/SpiderBot/ros2_ws/install/hexapod_com_calculator/share/hexapod_com_calculator/package.bash'
[1.209s] INFO:colcon.colcon_core.shell:Creating package script '/home/alec/Documents/SpiderBot/ros2_ws/install/hexapod_com_calculator/share/hexapod_com_calculator/package.zsh'
[1.209s] Level 1:colcon.colcon_core.environment:create_file_with_runtime_dependencies(/home/alec/Documents/SpiderBot/ros2_ws/install/hexapod_com_calculator/share/colcon-core/packages/hexapod_com_calculator)
[1.210s] DEBUG:colcon.colcon_parallel_executor.executor.parallel:closing loop
[1.210s] DEBUG:colcon.colcon_parallel_executor.executor.parallel:loop closed
[1.210s] DEBUG:colcon.colcon_parallel_executor.executor.parallel:run_until_complete finished with '0'
[1.210s] DEBUG:colcon.colcon_core.event_reactor:joining thread
[1.213s] INFO:colcon.colcon_core.plugin_system:Skipping extension 'colcon_notification.desktop_notification.terminal_notifier': Not used on non-Darwin systems
[1.213s] INFO:colcon.colcon_core.plugin_system:Skipping extension 'colcon_notification.desktop_notification.win32': Not used on non-Windows systems
[1.213s] INFO:colcon.colcon_notification.desktop_notification:Sending desktop notification using 'notify2'
[1.222s] DEBUG:colcon.colcon_core.event_reactor:joined thread
[1.223s] INFO:colcon.colcon_core.shell:Creating prefix script '/home/alec/Documents/SpiderBot/ros2_ws/install/local_setup.ps1'
[1.223s] INFO:colcon.colcon_core.shell:Creating prefix util module '/home/alec/Documents/SpiderBot/ros2_ws/install/_local_setup_util_ps1.py'
[1.224s] INFO:colcon.colcon_core.shell:Creating prefix chain script '/home/alec/Documents/SpiderBot/ros2_ws/install/setup.ps1'
[1.224s] INFO:colcon.colcon_core.shell:Creating prefix script '/home/alec/Documents/SpiderBot/ros2_ws/install/local_setup.sh'
[1.225s] INFO:colcon.colcon_core.shell:Creating prefix util module '/home/alec/Documents/SpiderBot/ros2_ws/install/_local_setup_util_sh.py'
[1.225s] INFO:colcon.colcon_core.shell:Creating prefix chain script '/home/alec/Documents/SpiderBot/ros2_ws/install/setup.sh'
[1.226s] INFO:colcon.colcon_core.shell:Creating prefix script '/home/alec/Documents/SpiderBot/ros2_ws/install/local_setup.bash'
[1.226s] INFO:colcon.colcon_core.shell:Creating prefix chain script '/home/alec/Documents/SpiderBot/ros2_ws/install/setup.bash'
[1.227s] INFO:colcon.colcon_core.shell:Creating prefix script '/home/alec/Documents/SpiderBot/ros2_ws/install/local_setup.zsh'
[1.227s] INFO:colcon.colcon_core.shell:Creating prefix chain script '/home/alec/Documents/SpiderBot/ros2_ws/install/setup.zsh'
