[0.689s] Invoking command in '/home/alec/Documents/SpiderBot/ros2_ws/src/hexapod_com_calculator': DEBUGINFOD_URLS=https://debuginfod.ubuntu.com PYTHONPATH=/home/alec/Documents/SpiderBot/ros2_ws/build/hexapod_com_calculator/prefix_override:/usr/lib/python3/dist-packages/colcon_core/task/python/colcon_distutils_commands:/home/alec/Documents/SpiderBot/ros2_ws/install/hexapod_com_calculator/lib/python3.12/site-packages:${PYTHONPATH} /usr/bin/python3 -W ignore:setup.py install is deprecated -W ignore:easy_install command is deprecated setup.py egg_info --egg-base ../../build/hexapod_com_calculator build --build-base /home/alec/Documents/SpiderBot/ros2_ws/build/hexapod_com_calculator/build install --record /home/alec/Documents/SpiderBot/ros2_ws/build/hexapod_com_calculator/install.log --single-version-externally-managed install_data
[0.861s] running egg_info
[0.873s] writing ../../build/hexapod_com_calculator/hexapod_com_calculator.egg-info/PKG-INFO
[0.873s] writing dependency_links to ../../build/hexapod_com_calculator/hexapod_com_calculator.egg-info/dependency_links.txt
[0.873s] writing entry points to ../../build/hexapod_com_calculator/hexapod_com_calculator.egg-info/entry_points.txt
[0.874s] writing requirements to ../../build/hexapod_com_calculator/hexapod_com_calculator.egg-info/requires.txt
[0.874s] writing top-level names to ../../build/hexapod_com_calculator/hexapod_com_calculator.egg-info/top_level.txt
[0.900s] reading manifest file '../../build/hexapod_com_calculator/hexapod_com_calculator.egg-info/SOURCES.txt'
[0.900s] writing manifest file '../../build/hexapod_com_calculator/hexapod_com_calculator.egg-info/SOURCES.txt'
[0.900s] running build
[0.900s] running build_py
[0.901s] running install
[0.905s] running install_lib
[0.918s] running install_data
[0.918s] running install_egg_info
[0.931s] removing '/home/alec/Documents/SpiderBot/ros2_ws/install/hexapod_com_calculator/lib/python3.12/site-packages/hexapod_com_calculator-0.1.0-py3.12.egg-info' (and everything under it)
[0.931s] Copying ../../build/hexapod_com_calculator/hexapod_com_calculator.egg-info to /home/alec/Documents/SpiderBot/ros2_ws/install/hexapod_com_calculator/lib/python3.12/site-packages/hexapod_com_calculator-0.1.0-py3.12.egg-info
[0.932s] running install_scripts
[1.012s] Installing com_calculator script to /home/alec/Documents/SpiderBot/ros2_ws/install/hexapod_com_calculator/lib/hexapod_com_calculator
[1.012s] writing list of installed files to '/home/alec/Documents/SpiderBot/ros2_ws/build/hexapod_com_calculator/install.log'
[1.032s] Invoked command in '/home/alec/Documents/SpiderBot/ros2_ws/src/hexapod_com_calculator' returned '0': DEBUGINFOD_URLS=https://debuginfod.ubuntu.com PYTHONPATH=/home/alec/Documents/SpiderBot/ros2_ws/build/hexapod_com_calculator/prefix_override:/usr/lib/python3/dist-packages/colcon_core/task/python/colcon_distutils_commands:/home/alec/Documents/SpiderBot/ros2_ws/install/hexapod_com_calculator/lib/python3.12/site-packages:${PYTHONPATH} /usr/bin/python3 -W ignore:setup.py install is deprecated -W ignore:easy_install command is deprecated setup.py egg_info --egg-base ../../build/hexapod_com_calculator build --build-base /home/alec/Documents/SpiderBot/ros2_ws/build/hexapod_com_calculator/build install --record /home/alec/Documents/SpiderBot/ros2_ws/build/hexapod_com_calculator/install.log --single-version-externally-managed install_data
