[0.278s] Invoking command in '/home/alec/Documents/SpiderBot/ros2_ws/build/kinematics': CMAKE_PREFIX_PATH=${CMAKE_PREFIX_PATH}:/home/alec/Documents/SpiderBot/ros2_ws/install/servo_control:/home/alec/Documents/SpiderBot/ros2_ws/install/imu_interface:/home/alec/Documents/SpiderBot/ros2_ws/install/hexapod_com_calculator:/home/alec/Documents/SpiderBot/ros2_ws/install/hexapod_kinematics_py:/opt/ros/jazzy DEBUGINFOD_URLS=https://debuginfod.ubuntu.com /usr/bin/cmake /home/alec/Documents/SpiderBot/ros2_ws/src/kinematics -DCMAKE_INSTALL_PREFIX=/home/alec/Documents/SpiderBot/ros2_ws/install/kinematics
[0.351s] -- The C compiler identification is GNU 13.2.0
[0.432s] -- The CXX compiler identification is GNU 13.2.0
[0.459s] -- Detecting C compiler ABI info
[0.601s] -- Detecting C compiler ABI info - done
[0.615s] -- Check for working C compiler: /usr/bin/cc - skipped
[0.615s] -- Detecting C compile features
[0.616s] -- Detecting C compile features - done
[0.630s] -- Detecting CXX compiler ABI info
[0.777s] -- Detecting CXX compiler ABI info - done
[0.788s] -- Check for working CXX compiler: /usr/bin/c++ - skipped
[0.789s] -- Detecting CXX compile features
[0.789s] -- Detecting CXX compile features - done
[0.795s] -- Found ament_cmake: 2.5.2 (/opt/ros/jazzy/share/ament_cmake/cmake)
[1.040s] -- Found Python3: /usr/bin/python3 (found version "3.12.3") found components: Interpreter 
[1.214s] -- Found rclcpp: 28.1.5 (/opt/ros/jazzy/share/rclcpp/cmake)
[1.286s] -- Found rosidl_generator_c: 4.6.4 (/opt/ros/jazzy/share/rosidl_generator_c/cmake)
[1.309s] -- Found rosidl_generator_cpp: 4.6.4 (/opt/ros/jazzy/share/rosidl_generator_cpp/cmake)
[1.337s] -- Using all available rosidl_typesupport_c: rosidl_typesupport_fastrtps_c;rosidl_typesupport_introspection_c
[1.367s] -- Using all available rosidl_typesupport_cpp: rosidl_typesupport_fastrtps_cpp;rosidl_typesupport_introspection_cpp
[1.486s] -- Found rmw_implementation_cmake: 7.3.1 (/opt/ros/jazzy/share/rmw_implementation_cmake/cmake)
[1.493s] -- Found rmw_fastrtps_cpp: 8.4.1 (/opt/ros/jazzy/share/rmw_fastrtps_cpp/cmake)
[1.629s] -- Found OpenSSL: /usr/lib/x86_64-linux-gnu/libcrypto.so (found version "3.0.13")  
[1.662s] -- Found FastRTPS: /opt/ros/jazzy/include (Required is at least version "2.13") 
[1.698s] -- Using RMW implementation 'rmw_fastrtps_cpp' as default
[1.815s] -- Found std_msgs: 5.3.5 (/opt/ros/jazzy/share/std_msgs/cmake)
[1.965s] -- Configuring done (1.7s)
[1.992s] -- Generating done (0.0s)
[2.002s] -- Build files have been written to: /home/alec/Documents/SpiderBot/ros2_ws/build/kinematics
[2.018s] Invoked command in '/home/alec/Documents/SpiderBot/ros2_ws/build/kinematics' returned '0': CMAKE_PREFIX_PATH=${CMAKE_PREFIX_PATH}:/home/alec/Documents/SpiderBot/ros2_ws/install/servo_control:/home/alec/Documents/SpiderBot/ros2_ws/install/imu_interface:/home/alec/Documents/SpiderBot/ros2_ws/install/hexapod_com_calculator:/home/alec/Documents/SpiderBot/ros2_ws/install/hexapod_kinematics_py:/opt/ros/jazzy DEBUGINFOD_URLS=https://debuginfod.ubuntu.com /usr/bin/cmake /home/alec/Documents/SpiderBot/ros2_ws/src/kinematics -DCMAKE_INSTALL_PREFIX=/home/alec/Documents/SpiderBot/ros2_ws/install/kinematics
[2.019s] Invoking command in '/home/alec/Documents/SpiderBot/ros2_ws/build/kinematics': CMAKE_PREFIX_PATH=${CMAKE_PREFIX_PATH}:/home/alec/Documents/SpiderBot/ros2_ws/install/servo_control:/home/alec/Documents/SpiderBot/ros2_ws/install/imu_interface:/home/alec/Documents/SpiderBot/ros2_ws/install/hexapod_com_calculator:/home/alec/Documents/SpiderBot/ros2_ws/install/hexapod_kinematics_py:/opt/ros/jazzy DEBUGINFOD_URLS=https://debuginfod.ubuntu.com /usr/bin/cmake --build /home/alec/Documents/SpiderBot/ros2_ws/build/kinematics -- -j20 -l20
[2.096s] [  8%] [32mBuilding CXX object CMakeFiles/inverse_kinematics_node.dir/src/inverse_kinematics_node.cpp.o[0m
[2.096s] [ 16%] [32mBuilding CXX object CMakeFiles/kinematics_test.dir/src/Hexapod.cpp.o[0m
[2.097s] [ 25%] [32mBuilding CXX object CMakeFiles/forward_kinematics_node.dir/src/forward_kinematics_node.cpp.o[0m
[2.097s] [ 33%] [32mBuilding CXX object CMakeFiles/kinematics_test.dir/src/SpiderLeg.cpp.o[0m
[2.098s] [ 41%] [32mBuilding CXX object CMakeFiles/inverse_kinematics_node.dir/src/Hexapod.cpp.o[0m
[2.099s] [ 50%] [32mBuilding CXX object CMakeFiles/kinematics_test.dir/src/main.cpp.o[0m
[2.100s] [ 58%] [32mBuilding CXX object CMakeFiles/inverse_kinematics_node.dir/src/SpiderLeg.cpp.o[0m
[2.100s] [ 66%] [32mBuilding CXX object CMakeFiles/forward_kinematics_node.dir/src/SpiderLeg.cpp.o[0m
[2.102s] [ 75%] [32mBuilding CXX object CMakeFiles/forward_kinematics_node.dir/src/Hexapod.cpp.o[0m
[5.571s] [ 83%] [32m[1mLinking CXX executable kinematics_test[0m
[5.720s] [ 83%] Built target kinematics_test
[11.624s] [ 91%] [32m[1mLinking CXX executable forward_kinematics_node[0m
[11.717s] [100%] [32m[1mLinking CXX executable inverse_kinematics_node[0m
[11.934s] [100%] Built target forward_kinematics_node
[12.028s] [100%] Built target inverse_kinematics_node
[12.044s] Invoked command in '/home/alec/Documents/SpiderBot/ros2_ws/build/kinematics' returned '0': CMAKE_PREFIX_PATH=${CMAKE_PREFIX_PATH}:/home/alec/Documents/SpiderBot/ros2_ws/install/servo_control:/home/alec/Documents/SpiderBot/ros2_ws/install/imu_interface:/home/alec/Documents/SpiderBot/ros2_ws/install/hexapod_com_calculator:/home/alec/Documents/SpiderBot/ros2_ws/install/hexapod_kinematics_py:/opt/ros/jazzy DEBUGINFOD_URLS=https://debuginfod.ubuntu.com /usr/bin/cmake --build /home/alec/Documents/SpiderBot/ros2_ws/build/kinematics -- -j20 -l20
[12.045s] Invoking command in '/home/alec/Documents/SpiderBot/ros2_ws/build/kinematics': CMAKE_PREFIX_PATH=${CMAKE_PREFIX_PATH}:/home/alec/Documents/SpiderBot/ros2_ws/install/servo_control:/home/alec/Documents/SpiderBot/ros2_ws/install/imu_interface:/home/alec/Documents/SpiderBot/ros2_ws/install/hexapod_com_calculator:/home/alec/Documents/SpiderBot/ros2_ws/install/hexapod_kinematics_py:/opt/ros/jazzy DEBUGINFOD_URLS=https://debuginfod.ubuntu.com /usr/bin/cmake --install /home/alec/Documents/SpiderBot/ros2_ws/build/kinematics
[12.056s] -- Install configuration: ""
[12.056s] -- Installing: /home/alec/Documents/SpiderBot/ros2_ws/install/kinematics/lib/kinematics/forward_kinematics_node
[12.060s] -- Set non-toolchain portion of runtime path of "/home/alec/Documents/SpiderBot/ros2_ws/install/kinematics/lib/kinematics/forward_kinematics_node" to ""
[12.060s] -- Installing: /home/alec/Documents/SpiderBot/ros2_ws/install/kinematics/lib/kinematics/inverse_kinematics_node
[12.063s] -- Set non-toolchain portion of runtime path of "/home/alec/Documents/SpiderBot/ros2_ws/install/kinematics/lib/kinematics/inverse_kinematics_node" to ""
[12.063s] -- Installing: /home/alec/Documents/SpiderBot/ros2_ws/install/kinematics/lib/kinematics/kinematics_test
[12.063s] -- Set non-toolchain portion of runtime path of "/home/alec/Documents/SpiderBot/ros2_ws/install/kinematics/lib/kinematics/kinematics_test" to ""
[12.064s] -- Installing: /home/alec/Documents/SpiderBot/ros2_ws/install/kinematics/include/
[12.064s] -- Installing: /home/alec/Documents/SpiderBot/ros2_ws/install/kinematics/include//SpiderLeg.hpp
[12.064s] -- Installing: /home/alec/Documents/SpiderBot/ros2_ws/install/kinematics/include//Hexapod.hpp
[12.064s] -- Installing: /home/alec/Documents/SpiderBot/ros2_ws/install/kinematics/share/kinematics/launch
[12.065s] -- Installing: /home/alec/Documents/SpiderBot/ros2_ws/install/kinematics/share/kinematics/launch/inverse_kinematics.launch.py
[12.065s] -- Installing: /home/alec/Documents/SpiderBot/ros2_ws/install/kinematics/share/kinematics/launch/forward_kinematics.launch.py
[12.065s] -- Installing: /home/alec/Documents/SpiderBot/ros2_ws/install/kinematics/share/ament_index/resource_index/package_run_dependencies/kinematics
[12.065s] -- Installing: /home/alec/Documents/SpiderBot/ros2_ws/install/kinematics/share/ament_index/resource_index/parent_prefix_path/kinematics
[12.065s] -- Installing: /home/alec/Documents/SpiderBot/ros2_ws/install/kinematics/share/kinematics/environment/ament_prefix_path.sh
[12.065s] -- Installing: /home/alec/Documents/SpiderBot/ros2_ws/install/kinematics/share/kinematics/environment/ament_prefix_path.dsv
[12.065s] -- Installing: /home/alec/Documents/SpiderBot/ros2_ws/install/kinematics/share/kinematics/environment/path.sh
[12.066s] -- Installing: /home/alec/Documents/SpiderBot/ros2_ws/install/kinematics/share/kinematics/environment/path.dsv
[12.066s] -- Installing: /home/alec/Documents/SpiderBot/ros2_ws/install/kinematics/share/kinematics/local_setup.bash
[12.066s] -- Installing: /home/alec/Documents/SpiderBot/ros2_ws/install/kinematics/share/kinematics/local_setup.sh
[12.066s] -- Installing: /home/alec/Documents/SpiderBot/ros2_ws/install/kinematics/share/kinematics/local_setup.zsh
[12.066s] -- Installing: /home/alec/Documents/SpiderBot/ros2_ws/install/kinematics/share/kinematics/local_setup.dsv
[12.066s] -- Installing: /home/alec/Documents/SpiderBot/ros2_ws/install/kinematics/share/kinematics/package.dsv
[12.066s] -- Installing: /home/alec/Documents/SpiderBot/ros2_ws/install/kinematics/share/ament_index/resource_index/packages/kinematics
[12.066s] -- Installing: /home/alec/Documents/SpiderBot/ros2_ws/install/kinematics/share/kinematics/cmake/kinematicsConfig.cmake
[12.067s] -- Installing: /home/alec/Documents/SpiderBot/ros2_ws/install/kinematics/share/kinematics/cmake/kinematicsConfig-version.cmake
[12.067s] -- Installing: /home/alec/Documents/SpiderBot/ros2_ws/install/kinematics/share/kinematics/package.xml
[12.068s] Invoked command in '/home/alec/Documents/SpiderBot/ros2_ws/build/kinematics' returned '0': CMAKE_PREFIX_PATH=${CMAKE_PREFIX_PATH}:/home/alec/Documents/SpiderBot/ros2_ws/install/servo_control:/home/alec/Documents/SpiderBot/ros2_ws/install/imu_interface:/home/alec/Documents/SpiderBot/ros2_ws/install/hexapod_com_calculator:/home/alec/Documents/SpiderBot/ros2_ws/install/hexapod_kinematics_py:/opt/ros/jazzy DEBUGINFOD_URLS=https://debuginfod.ubuntu.com /usr/bin/cmake --install /home/alec/Documents/SpiderBot/ros2_ws/build/kinematics
