/home/alec/Documents/SpiderBot/ros2_ws/install/servo_control/lib/python3.12/site-packages/servo_control/__init__.py
/home/alec/Documents/SpiderBot/ros2_ws/install/servo_control/lib/python3.12/site-packages/servo_control/servo_control_node.py
/home/alec/Documents/SpiderBot/ros2_ws/install/servo_control/lib/python3.12/site-packages/servo_control/utilities/calibrate_servos.py
/home/alec/Documents/SpiderBot/ros2_ws/install/servo_control/lib/python3.12/site-packages/servo_control/utilities/__init__.py
/home/alec/Documents/SpiderBot/ros2_ws/install/servo_control/lib/python3.12/site-packages/servo_control/__pycache__/__init__.cpython-312.pyc
/home/alec/Documents/SpiderBot/ros2_ws/install/servo_control/lib/python3.12/site-packages/servo_control/__pycache__/servo_control_node.cpython-312.pyc
/home/alec/Documents/SpiderBot/ros2_ws/install/servo_control/lib/python3.12/site-packages/servo_control/utilities/__pycache__/calibrate_servos.cpython-312.pyc
/home/alec/Documents/SpiderBot/ros2_ws/install/servo_control/lib/python3.12/site-packages/servo_control/utilities/__pycache__/__init__.cpython-312.pyc
/home/alec/Documents/SpiderBot/ros2_ws/install/servo_control/share/servo_control/package.xml
/home/alec/Documents/SpiderBot/ros2_ws/install/servo_control/share/servo_control/launch/servo_control_launch.py
/home/alec/Documents/SpiderBot/ros2_ws/install/servo_control/share/ament_index/resource_index/packages/servo_control
/home/alec/Documents/SpiderBot/ros2_ws/install/servo_control/lib/python3.12/site-packages/servo_control-0.0.0-py3.12.egg-info/PKG-INFO
/home/alec/Documents/SpiderBot/ros2_ws/install/servo_control/lib/python3.12/site-packages/servo_control-0.0.0-py3.12.egg-info/SOURCES.txt
/home/alec/Documents/SpiderBot/ros2_ws/install/servo_control/lib/python3.12/site-packages/servo_control-0.0.0-py3.12.egg-info/entry_points.txt
/home/alec/Documents/SpiderBot/ros2_ws/install/servo_control/lib/python3.12/site-packages/servo_control-0.0.0-py3.12.egg-info/requires.txt
/home/alec/Documents/SpiderBot/ros2_ws/install/servo_control/lib/python3.12/site-packages/servo_control-0.0.0-py3.12.egg-info/zip-safe
/home/alec/Documents/SpiderBot/ros2_ws/install/servo_control/lib/python3.12/site-packages/servo_control-0.0.0-py3.12.egg-info/top_level.txt
/home/alec/Documents/SpiderBot/ros2_ws/install/servo_control/lib/python3.12/site-packages/servo_control-0.0.0-py3.12.egg-info/dependency_links.txt
/home/alec/Documents/SpiderBot/ros2_ws/install/servo_control/lib/servo_control/calibrate_servos
/home/alec/Documents/SpiderBot/ros2_ws/install/servo_control/lib/servo_control/servo_control_node
