[0.156s] Invoking command in '/home/alec/Documents/SpiderBot/ros2_ws/build/hexapod_description': CMAKE_PREFIX_PATH=${CMAKE_PREFIX_PATH}:/opt/ros/jazzy DEBUGINFOD_URLS=https://debuginfod.ubuntu.com /usr/bin/cmake /home/alec/Documents/SpiderBot/ros2_ws/src/hexapod_description -DCMAKE_INSTALL_PREFIX=/home/alec/Documents/SpiderBot/ros2_ws/install/hexapod_description
[0.298s] -- The C compiler identification is GNU 13.2.0
[0.298s] -- The CXX compiler identification is GNU 13.2.0
[0.298s] -- Detecting C compiler ABI info
[0.333s] -- Detecting C compiler ABI info - done
[0.339s] -- Check for working C compiler: /usr/bin/cc - skipped
[0.339s] -- Detecting C compile features
[0.339s] -- Detecting C compile features - done
[0.348s] -- Detecting CXX compiler ABI info
[0.437s] -- Detecting CXX compiler ABI info - done
[0.444s] -- Check for working CXX compiler: /usr/bin/c++ - skipped
[0.445s] -- Detecting CXX compile features
[0.445s] -- Detecting CXX compile features - done
[0.448s] -- Found ament_cmake: 2.5.2 (/opt/ros/jazzy/share/ament_cmake/cmake)
[0.580s] -- Found Python3: /usr/bin/python3 (found version "3.12.3") found components: Interpreter 
[0.699s] -- Found urdf: 2.10.0 (/opt/ros/jazzy/share/urdf/cmake)
[0.744s] -- Found TinyXML2 via Config file: /usr/lib/x86_64-linux-gnu/cmake/tinyxml2
[0.764s] -- Found xacro: 2.0.11 (/opt/ros/jazzy/share/xacro/cmake)
[0.850s] -- Configuring done (0.7s)
[0.853s] -- Generating done (0.0s)
[0.855s] -- Build files have been written to: /home/alec/Documents/SpiderBot/ros2_ws/build/hexapod_description
[0.861s] Invoked command in '/home/alec/Documents/SpiderBot/ros2_ws/build/hexapod_description' returned '0': CMAKE_PREFIX_PATH=${CMAKE_PREFIX_PATH}:/opt/ros/jazzy DEBUGINFOD_URLS=https://debuginfod.ubuntu.com /usr/bin/cmake /home/alec/Documents/SpiderBot/ros2_ws/src/hexapod_description -DCMAKE_INSTALL_PREFIX=/home/alec/Documents/SpiderBot/ros2_ws/install/hexapod_description
[0.862s] Invoking command in '/home/alec/Documents/SpiderBot/ros2_ws/build/hexapod_description': CMAKE_PREFIX_PATH=${CMAKE_PREFIX_PATH}:/opt/ros/jazzy DEBUGINFOD_URLS=https://debuginfod.ubuntu.com /usr/bin/cmake --build /home/alec/Documents/SpiderBot/ros2_ws/build/hexapod_description -- -j20 -l20
[0.902s] Invoked command in '/home/alec/Documents/SpiderBot/ros2_ws/build/hexapod_description' returned '0': CMAKE_PREFIX_PATH=${CMAKE_PREFIX_PATH}:/opt/ros/jazzy DEBUGINFOD_URLS=https://debuginfod.ubuntu.com /usr/bin/cmake --build /home/alec/Documents/SpiderBot/ros2_ws/build/hexapod_description -- -j20 -l20
[0.912s] Invoking command in '/home/alec/Documents/SpiderBot/ros2_ws/build/hexapod_description': CMAKE_PREFIX_PATH=${CMAKE_PREFIX_PATH}:/opt/ros/jazzy DEBUGINFOD_URLS=https://debuginfod.ubuntu.com /usr/bin/cmake --install /home/alec/Documents/SpiderBot/ros2_ws/build/hexapod_description
[0.919s] -- Install configuration: ""
[0.919s] -- Installing: /home/alec/Documents/SpiderBot/ros2_ws/install/hexapod_description/share/hexapod_description/urdf
[0.919s] -- Installing: /home/alec/Documents/SpiderBot/ros2_ws/install/hexapod_description/share/hexapod_description/urdf/hexapod.urdf
[0.919s] -- Installing: /home/alec/Documents/SpiderBot/ros2_ws/install/hexapod_description/share/hexapod_description/urdf/hexapod.xacro
[0.919s] -- Installing: /home/alec/Documents/SpiderBot/ros2_ws/install/hexapod_description/share/hexapod_description/rviz
[0.919s] -- Installing: /home/alec/Documents/SpiderBot/ros2_ws/install/hexapod_description/share/hexapod_description/launch
[0.919s] -- Installing: /home/alec/Documents/SpiderBot/ros2_ws/install/hexapod_description/share/hexapod_description/launch/view_hexapod.launch.py
[0.920s] -- Installing: /home/alec/Documents/SpiderBot/ros2_ws/install/hexapod_description/share/ament_index/resource_index/package_run_dependencies/hexapod_description
[0.920s] -- Installing: /home/alec/Documents/SpiderBot/ros2_ws/install/hexapod_description/share/ament_index/resource_index/parent_prefix_path/hexapod_description
[0.920s] -- Installing: /home/alec/Documents/SpiderBot/ros2_ws/install/hexapod_description/share/hexapod_description/environment/ament_prefix_path.sh
[0.920s] -- Installing: /home/alec/Documents/SpiderBot/ros2_ws/install/hexapod_description/share/hexapod_description/environment/ament_prefix_path.dsv
[0.920s] -- Installing: /home/alec/Documents/SpiderBot/ros2_ws/install/hexapod_description/share/hexapod_description/environment/path.sh
[0.920s] -- Installing: /home/alec/Documents/SpiderBot/ros2_ws/install/hexapod_description/share/hexapod_description/environment/path.dsv
[0.920s] -- Installing: /home/alec/Documents/SpiderBot/ros2_ws/install/hexapod_description/share/hexapod_description/local_setup.bash
[0.920s] -- Installing: /home/alec/Documents/SpiderBot/ros2_ws/install/hexapod_description/share/hexapod_description/local_setup.sh
[0.920s] -- Installing: /home/alec/Documents/SpiderBot/ros2_ws/install/hexapod_description/share/hexapod_description/local_setup.zsh
[0.920s] -- Installing: /home/alec/Documents/SpiderBot/ros2_ws/install/hexapod_description/share/hexapod_description/local_setup.dsv
[0.920s] -- Installing: /home/alec/Documents/SpiderBot/ros2_ws/install/hexapod_description/share/hexapod_description/package.dsv
[0.920s] -- Installing: /home/alec/Documents/SpiderBot/ros2_ws/install/hexapod_description/share/ament_index/resource_index/packages/hexapod_description
[0.921s] -- Installing: /home/alec/Documents/SpiderBot/ros2_ws/install/hexapod_description/share/hexapod_description/cmake/hexapod_descriptionConfig.cmake
[0.921s] -- Installing: /home/alec/Documents/SpiderBot/ros2_ws/install/hexapod_description/share/hexapod_description/cmake/hexapod_descriptionConfig-version.cmake
[0.921s] -- Installing: /home/alec/Documents/SpiderBot/ros2_ws/install/hexapod_description/share/hexapod_description/package.xml
[0.922s] Invoked command in '/home/alec/Documents/SpiderBot/ros2_ws/build/hexapod_description' returned '0': CMAKE_PREFIX_PATH=${CMAKE_PREFIX_PATH}:/opt/ros/jazzy DEBUGINFOD_URLS=https://debuginfod.ubuntu.com /usr/bin/cmake --install /home/alec/Documents/SpiderBot/ros2_ws/build/hexapod_description
