running egg_info
writing ../../build/hexapod_kinematics_py/hexapod_kinematics_py.egg-info/PKG-INFO
writing dependency_links to ../../build/hexapod_kinematics_py/hexapod_kinematics_py.egg-info/dependency_links.txt
writing entry points to ../../build/hexapod_kinematics_py/hexapod_kinematics_py.egg-info/entry_points.txt
writing requirements to ../../build/hexapod_kinematics_py/hexapod_kinematics_py.egg-info/requires.txt
writing top-level names to ../../build/hexapod_kinematics_py/hexapod_kinematics_py.egg-info/top_level.txt
reading manifest file '../../build/hexapod_kinematics_py/hexapod_kinematics_py.egg-info/SOURCES.txt'
writing manifest file '../../build/hexapod_kinematics_py/hexapod_kinematics_py.egg-info/SOURCES.txt'
running build
running build_py
creating /home/alec/Documents/SpiderBot/ros2_ws/build/hexapod_kinematics_py/build
creating /home/alec/Documents/SpiderBot/ros2_ws/build/hexapod_kinematics_py/build/lib
creating /home/alec/Documents/SpiderBot/ros2_ws/build/hexapod_kinematics_py/build/lib/hexapod_kinematics_py
copying hexapod_kinematics_py/__init__.py -> /home/alec/Documents/SpiderBot/ros2_ws/build/hexapod_kinematics_py/build/lib/hexapod_kinematics_py
copying hexapod_kinematics_py/ik_node.py -> /home/alec/Documents/SpiderBot/ros2_ws/build/hexapod_kinematics_py/build/lib/hexapod_kinematics_py
copying hexapod_kinematics_py/kinematics.py -> /home/alec/Documents/SpiderBot/ros2_ws/build/hexapod_kinematics_py/build/lib/hexapod_kinematics_py
running install
running install_lib
creating /home/alec/Documents/SpiderBot/ros2_ws/install/hexapod_kinematics_py/lib/python3.12/site-packages/hexapod_kinematics_py
copying /home/alec/Documents/SpiderBot/ros2_ws/build/hexapod_kinematics_py/build/lib/hexapod_kinematics_py/__init__.py -> /home/alec/Documents/SpiderBot/ros2_ws/install/hexapod_kinematics_py/lib/python3.12/site-packages/hexapod_kinematics_py
copying /home/alec/Documents/SpiderBot/ros2_ws/build/hexapod_kinematics_py/build/lib/hexapod_kinematics_py/ik_node.py -> /home/alec/Documents/SpiderBot/ros2_ws/install/hexapod_kinematics_py/lib/python3.12/site-packages/hexapod_kinematics_py
copying /home/alec/Documents/SpiderBot/ros2_ws/build/hexapod_kinematics_py/build/lib/hexapod_kinematics_py/kinematics.py -> /home/alec/Documents/SpiderBot/ros2_ws/install/hexapod_kinematics_py/lib/python3.12/site-packages/hexapod_kinematics_py
byte-compiling /home/alec/Documents/SpiderBot/ros2_ws/install/hexapod_kinematics_py/lib/python3.12/site-packages/hexapod_kinematics_py/__init__.py to __init__.cpython-312.pyc
byte-compiling /home/alec/Documents/SpiderBot/ros2_ws/install/hexapod_kinematics_py/lib/python3.12/site-packages/hexapod_kinematics_py/ik_node.py to ik_node.cpython-312.pyc
byte-compiling /home/alec/Documents/SpiderBot/ros2_ws/install/hexapod_kinematics_py/lib/python3.12/site-packages/hexapod_kinematics_py/kinematics.py to kinematics.cpython-312.pyc
running install_data
creating /home/alec/Documents/SpiderBot/ros2_ws/install/hexapod_kinematics_py/share/ament_index
creating /home/alec/Documents/SpiderBot/ros2_ws/install/hexapod_kinematics_py/share/ament_index/resource_index
creating /home/alec/Documents/SpiderBot/ros2_ws/install/hexapod_kinematics_py/share/ament_index/resource_index/packages
copying resource/hexapod_kinematics_py -> /home/alec/Documents/SpiderBot/ros2_ws/install/hexapod_kinematics_py/share/ament_index/resource_index/packages
copying package.xml -> /home/alec/Documents/SpiderBot/ros2_ws/install/hexapod_kinematics_py/share/hexapod_kinematics_py
running install_egg_info
Copying ../../build/hexapod_kinematics_py/hexapod_kinematics_py.egg-info to /home/alec/Documents/SpiderBot/ros2_ws/install/hexapod_kinematics_py/lib/python3.12/site-packages/hexapod_kinematics_py-0.1.0-py3.12.egg-info
running install_scripts
Installing ik_node script to /home/alec/Documents/SpiderBot/ros2_ws/install/hexapod_kinematics_py/lib/hexapod_kinematics
writing list of installed files to '/home/alec/Documents/SpiderBot/ros2_ws/build/hexapod_kinematics_py/install.log'
