running egg_info
creating ../../build/imu_interface/imu_interface.egg-info
writing ../../build/imu_interface/imu_interface.egg-info/PKG-INFO
writing dependency_links to ../../build/imu_interface/imu_interface.egg-info/dependency_links.txt
writing entry points to ../../build/imu_interface/imu_interface.egg-info/entry_points.txt
writing requirements to ../../build/imu_interface/imu_interface.egg-info/requires.txt
writing top-level names to ../../build/imu_interface/imu_interface.egg-info/top_level.txt
writing manifest file '../../build/imu_interface/imu_interface.egg-info/SOURCES.txt'
reading manifest file '../../build/imu_interface/imu_interface.egg-info/SOURCES.txt'
writing manifest file '../../build/imu_interface/imu_interface.egg-info/SOURCES.txt'
running build
running build_py
creating /home/alec/Documents/SpiderBot/ros2_ws/build/imu_interface/build
creating /home/alec/Documents/SpiderBot/ros2_ws/build/imu_interface/build/lib
creating /home/alec/Documents/SpiderBot/ros2_ws/build/imu_interface/build/lib/imu_interface
copying imu_interface/imu_interface_node.py -> /home/alec/Documents/SpiderBot/ros2_ws/build/imu_interface/build/lib/imu_interface
copying imu_interface/__init__.py -> /home/alec/Documents/SpiderBot/ros2_ws/build/imu_interface/build/lib/imu_interface
running install
running install_lib
creating /home/alec/Documents/SpiderBot/ros2_ws/install/imu_interface/lib/python3.12/site-packages/imu_interface
copying /home/alec/Documents/SpiderBot/ros2_ws/build/imu_interface/build/lib/imu_interface/imu_interface_node.py -> /home/alec/Documents/SpiderBot/ros2_ws/install/imu_interface/lib/python3.12/site-packages/imu_interface
copying /home/alec/Documents/SpiderBot/ros2_ws/build/imu_interface/build/lib/imu_interface/__init__.py -> /home/alec/Documents/SpiderBot/ros2_ws/install/imu_interface/lib/python3.12/site-packages/imu_interface
byte-compiling /home/alec/Documents/SpiderBot/ros2_ws/install/imu_interface/lib/python3.12/site-packages/imu_interface/imu_interface_node.py to imu_interface_node.cpython-312.pyc
byte-compiling /home/alec/Documents/SpiderBot/ros2_ws/install/imu_interface/lib/python3.12/site-packages/imu_interface/__init__.py to __init__.cpython-312.pyc
running install_data
creating /home/alec/Documents/SpiderBot/ros2_ws/install/imu_interface/share/ament_index
creating /home/alec/Documents/SpiderBot/ros2_ws/install/imu_interface/share/ament_index/resource_index
creating /home/alec/Documents/SpiderBot/ros2_ws/install/imu_interface/share/ament_index/resource_index/packages
copying resource/imu_interface -> /home/alec/Documents/SpiderBot/ros2_ws/install/imu_interface/share/ament_index/resource_index/packages
copying package.xml -> /home/alec/Documents/SpiderBot/ros2_ws/install/imu_interface/share/imu_interface
creating /home/alec/Documents/SpiderBot/ros2_ws/install/imu_interface/share/imu_interface/launch
copying launch/imu_interface.launch.py -> /home/alec/Documents/SpiderBot/ros2_ws/install/imu_interface/share/imu_interface/launch
running install_egg_info
Copying ../../build/imu_interface/imu_interface.egg-info to /home/alec/Documents/SpiderBot/ros2_ws/install/imu_interface/lib/python3.12/site-packages/imu_interface-0.1.0-py3.12.egg-info
running install_scripts
Installing imu_interface_node script to /home/alec/Documents/SpiderBot/ros2_ws/install/imu_interface/lib/imu_interface
writing list of installed files to '/home/alec/Documents/SpiderBot/ros2_ws/build/imu_interface/install.log'
