[1.513s] Invoking command in '/home/alec/Documents/SpiderBot/ros2_ws/src/imu_interface': DEBUGINFOD_URLS=https://debuginfod.ubuntu.com PYTHONPATH=/home/alec/Documents/SpiderBot/ros2_ws/build/imu_interface/prefix_override:/usr/lib/python3/dist-packages/colcon_core/task/python/colcon_distutils_commands:/home/alec/Documents/SpiderBot/ros2_ws/install/imu_interface/lib/python3.12/site-packages:${PYTHONPATH} /usr/bin/python3 -W ignore:setup.py install is deprecated -W ignore:easy_install command is deprecated setup.py egg_info --egg-base ../../build/imu_interface build --build-base /home/alec/Documents/SpiderBot/ros2_ws/build/imu_interface/build install --record /home/alec/Documents/SpiderBot/ros2_ws/build/imu_interface/install.log --single-version-externally-managed install_data
[1.818s] running egg_info
[1.818s] creating ../../build/imu_interface/imu_interface.egg-info
[1.839s] writing ../../build/imu_interface/imu_interface.egg-info/PKG-INFO
[1.839s] writing dependency_links to ../../build/imu_interface/imu_interface.egg-info/dependency_links.txt
[1.840s] writing entry points to ../../build/imu_interface/imu_interface.egg-info/entry_points.txt
[1.840s] writing requirements to ../../build/imu_interface/imu_interface.egg-info/requires.txt
[1.840s] writing top-level names to ../../build/imu_interface/imu_interface.egg-info/top_level.txt
[1.840s] writing manifest file '../../build/imu_interface/imu_interface.egg-info/SOURCES.txt'
[1.881s] reading manifest file '../../build/imu_interface/imu_interface.egg-info/SOURCES.txt'
[1.882s] writing manifest file '../../build/imu_interface/imu_interface.egg-info/SOURCES.txt'
[1.882s] running build
[1.882s] running build_py
[1.883s] creating /home/alec/Documents/SpiderBot/ros2_ws/build/imu_interface/build
[1.883s] creating /home/alec/Documents/SpiderBot/ros2_ws/build/imu_interface/build/lib
[1.883s] creating /home/alec/Documents/SpiderBot/ros2_ws/build/imu_interface/build/lib/imu_interface
[1.883s] copying imu_interface/imu_interface_node.py -> /home/alec/Documents/SpiderBot/ros2_ws/build/imu_interface/build/lib/imu_interface
[1.884s] copying imu_interface/__init__.py -> /home/alec/Documents/SpiderBot/ros2_ws/build/imu_interface/build/lib/imu_interface
[1.884s] running install
[1.891s] running install_lib
[1.912s] creating /home/alec/Documents/SpiderBot/ros2_ws/install/imu_interface/lib/python3.12/site-packages/imu_interface
[1.912s] copying /home/alec/Documents/SpiderBot/ros2_ws/build/imu_interface/build/lib/imu_interface/imu_interface_node.py -> /home/alec/Documents/SpiderBot/ros2_ws/install/imu_interface/lib/python3.12/site-packages/imu_interface
[1.912s] copying /home/alec/Documents/SpiderBot/ros2_ws/build/imu_interface/build/lib/imu_interface/__init__.py -> /home/alec/Documents/SpiderBot/ros2_ws/install/imu_interface/lib/python3.12/site-packages/imu_interface
[1.912s] byte-compiling /home/alec/Documents/SpiderBot/ros2_ws/install/imu_interface/lib/python3.12/site-packages/imu_interface/imu_interface_node.py to imu_interface_node.cpython-312.pyc
[1.914s] byte-compiling /home/alec/Documents/SpiderBot/ros2_ws/install/imu_interface/lib/python3.12/site-packages/imu_interface/__init__.py to __init__.cpython-312.pyc
[1.914s] running install_data
[1.914s] creating /home/alec/Documents/SpiderBot/ros2_ws/install/imu_interface/share/ament_index
[1.915s] creating /home/alec/Documents/SpiderBot/ros2_ws/install/imu_interface/share/ament_index/resource_index
[1.915s] creating /home/alec/Documents/SpiderBot/ros2_ws/install/imu_interface/share/ament_index/resource_index/packages
[1.915s] copying resource/imu_interface -> /home/alec/Documents/SpiderBot/ros2_ws/install/imu_interface/share/ament_index/resource_index/packages
[1.915s] copying package.xml -> /home/alec/Documents/SpiderBot/ros2_ws/install/imu_interface/share/imu_interface
[1.915s] creating /home/alec/Documents/SpiderBot/ros2_ws/install/imu_interface/share/imu_interface/launch
[1.915s] copying launch/imu_interface.launch.py -> /home/alec/Documents/SpiderBot/ros2_ws/install/imu_interface/share/imu_interface/launch
[1.915s] running install_egg_info
[1.938s] Copying ../../build/imu_interface/imu_interface.egg-info to /home/alec/Documents/SpiderBot/ros2_ws/install/imu_interface/lib/python3.12/site-packages/imu_interface-0.1.0-py3.12.egg-info
[1.938s] running install_scripts
[2.085s] Installing imu_interface_node script to /home/alec/Documents/SpiderBot/ros2_ws/install/imu_interface/lib/imu_interface
[2.086s] writing list of installed files to '/home/alec/Documents/SpiderBot/ros2_ws/build/imu_interface/install.log'
[2.127s] Invoked command in '/home/alec/Documents/SpiderBot/ros2_ws/src/imu_interface' returned '0': DEBUGINFOD_URLS=https://debuginfod.ubuntu.com PYTHONPATH=/home/alec/Documents/SpiderBot/ros2_ws/build/imu_interface/prefix_override:/usr/lib/python3/dist-packages/colcon_core/task/python/colcon_distutils_commands:/home/alec/Documents/SpiderBot/ros2_ws/install/imu_interface/lib/python3.12/site-packages:${PYTHONPATH} /usr/bin/python3 -W ignore:setup.py install is deprecated -W ignore:easy_install command is deprecated setup.py egg_info --egg-base ../../build/imu_interface build --build-base /home/alec/Documents/SpiderBot/ros2_ws/build/imu_interface/build install --record /home/alec/Documents/SpiderBot/ros2_ws/build/imu_interface/install.log --single-version-externally-managed install_data
