[0.285s] Invoking command in '/home/alec/Documents/SpiderBot/ros2_ws/build/hexapod_description': CMAKE_PREFIX_PATH=${CMAKE_PREFIX_PATH}:/home/alec/Documents/SpiderBot/ros2_ws/install/servo_control:/home/alec/Documents/SpiderBot/ros2_ws/install/imu_interface:/home/alec/Documents/SpiderBot/ros2_ws/install/hexapod_com_calculator:/home/alec/Documents/SpiderBot/ros2_ws/install/hexapod_kinematics_py:/opt/ros/jazzy DEBUGINFOD_URLS=https://debuginfod.ubuntu.com /usr/bin/cmake --build /home/alec/Documents/SpiderBot/ros2_ws/build/hexapod_description -- -j20 -l20
[0.321s] -- Found ament_cmake: 2.5.2 (/opt/ros/jazzy/share/ament_cmake/cmake)
[0.638s] -- Found urdf: 2.10.0 (/opt/ros/jazzy/share/urdf/cmake)
[0.675s] -- Found TinyXML2 via Config file: /usr/lib/x86_64-linux-gnu/cmake/tinyxml2
[0.680s] -- Found xacro: 2.0.11 (/opt/ros/jazzy/share/xacro/cmake)
[0.804s] -- Configuring done (0.5s)
[0.807s] -- Generating done (0.0s)
[0.809s] -- Build files have been written to: /home/alec/Documents/SpiderBot/ros2_ws/build/hexapod_description
[0.847s] Invoked command in '/home/alec/Documents/SpiderBot/ros2_ws/build/hexapod_description' returned '0': CMAKE_PREFIX_PATH=${CMAKE_PREFIX_PATH}:/home/alec/Documents/SpiderBot/ros2_ws/install/servo_control:/home/alec/Documents/SpiderBot/ros2_ws/install/imu_interface:/home/alec/Documents/SpiderBot/ros2_ws/install/hexapod_com_calculator:/home/alec/Documents/SpiderBot/ros2_ws/install/hexapod_kinematics_py:/opt/ros/jazzy DEBUGINFOD_URLS=https://debuginfod.ubuntu.com /usr/bin/cmake --build /home/alec/Documents/SpiderBot/ros2_ws/build/hexapod_description -- -j20 -l20
[0.863s] Invoking command in '/home/alec/Documents/SpiderBot/ros2_ws/build/hexapod_description': CMAKE_PREFIX_PATH=${CMAKE_PREFIX_PATH}:/home/alec/Documents/SpiderBot/ros2_ws/install/servo_control:/home/alec/Documents/SpiderBot/ros2_ws/install/imu_interface:/home/alec/Documents/SpiderBot/ros2_ws/install/hexapod_com_calculator:/home/alec/Documents/SpiderBot/ros2_ws/install/hexapod_kinematics_py:/opt/ros/jazzy DEBUGINFOD_URLS=https://debuginfod.ubuntu.com /usr/bin/cmake --install /home/alec/Documents/SpiderBot/ros2_ws/build/hexapod_description
[0.875s] -- Install configuration: ""
[0.875s] -- Up-to-date: /home/alec/Documents/SpiderBot/ros2_ws/install/hexapod_description/share/hexapod_description/urdf
[0.876s] -- Installing: /home/alec/Documents/SpiderBot/ros2_ws/install/hexapod_description/share/hexapod_description/urdf/hexapod.urdf
[0.876s] -- Installing: /home/alec/Documents/SpiderBot/ros2_ws/install/hexapod_description/share/hexapod_description/urdf/hexapod.xacro
[0.876s] -- Up-to-date: /home/alec/Documents/SpiderBot/ros2_ws/install/hexapod_description/share/hexapod_description/rviz
[0.876s] -- Up-to-date: /home/alec/Documents/SpiderBot/ros2_ws/install/hexapod_description/share/hexapod_description/launch
[0.876s] -- Installing: /home/alec/Documents/SpiderBot/ros2_ws/install/hexapod_description/share/hexapod_description/launch/view_hexapod.launch.py
[0.876s] -- Up-to-date: /home/alec/Documents/SpiderBot/ros2_ws/install/hexapod_description/share/ament_index/resource_index/package_run_dependencies/hexapod_description
[0.877s] -- Installing: /home/alec/Documents/SpiderBot/ros2_ws/install/hexapod_description/share/ament_index/resource_index/parent_prefix_path/hexapod_description
[0.877s] -- Up-to-date: /home/alec/Documents/SpiderBot/ros2_ws/install/hexapod_description/share/hexapod_description/environment/ament_prefix_path.sh
[0.877s] -- Up-to-date: /home/alec/Documents/SpiderBot/ros2_ws/install/hexapod_description/share/hexapod_description/environment/ament_prefix_path.dsv
[0.877s] -- Up-to-date: /home/alec/Documents/SpiderBot/ros2_ws/install/hexapod_description/share/hexapod_description/environment/path.sh
[0.877s] -- Up-to-date: /home/alec/Documents/SpiderBot/ros2_ws/install/hexapod_description/share/hexapod_description/environment/path.dsv
[0.877s] -- Up-to-date: /home/alec/Documents/SpiderBot/ros2_ws/install/hexapod_description/share/hexapod_description/local_setup.bash
[0.877s] -- Up-to-date: /home/alec/Documents/SpiderBot/ros2_ws/install/hexapod_description/share/hexapod_description/local_setup.sh
[0.878s] -- Up-to-date: /home/alec/Documents/SpiderBot/ros2_ws/install/hexapod_description/share/hexapod_description/local_setup.zsh
[0.878s] -- Up-to-date: /home/alec/Documents/SpiderBot/ros2_ws/install/hexapod_description/share/hexapod_description/local_setup.dsv
[0.878s] -- Installing: /home/alec/Documents/SpiderBot/ros2_ws/install/hexapod_description/share/hexapod_description/package.dsv
[0.878s] -- Up-to-date: /home/alec/Documents/SpiderBot/ros2_ws/install/hexapod_description/share/ament_index/resource_index/packages/hexapod_description
[0.878s] -- Up-to-date: /home/alec/Documents/SpiderBot/ros2_ws/install/hexapod_description/share/hexapod_description/cmake/hexapod_descriptionConfig.cmake
[0.878s] -- Up-to-date: /home/alec/Documents/SpiderBot/ros2_ws/install/hexapod_description/share/hexapod_description/cmake/hexapod_descriptionConfig-version.cmake
[0.879s] -- Installing: /home/alec/Documents/SpiderBot/ros2_ws/install/hexapod_description/share/hexapod_description/package.xml
[0.880s] Invoked command in '/home/alec/Documents/SpiderBot/ros2_ws/build/hexapod_description' returned '0': CMAKE_PREFIX_PATH=${CMAKE_PREFIX_PATH}:/home/alec/Documents/SpiderBot/ros2_ws/install/servo_control:/home/alec/Documents/SpiderBot/ros2_ws/install/imu_interface:/home/alec/Documents/SpiderBot/ros2_ws/install/hexapod_com_calculator:/home/alec/Documents/SpiderBot/ros2_ws/install/hexapod_kinematics_py:/opt/ros/jazzy DEBUGINFOD_URLS=https://debuginfod.ubuntu.com /usr/bin/cmake --install /home/alec/Documents/SpiderBot/ros2_ws/build/hexapod_description
