[0.278s] Invoking command in '/home/alec/Documents/SpiderBot/ros2_ws/build/support_polygon_calculator': CMAKE_PREFIX_PATH=${CMAKE_PREFIX_PATH}:/home/alec/Documents/SpiderBot/ros2_ws/install/servo_control:/home/alec/Documents/SpiderBot/ros2_ws/install/imu_interface:/home/alec/Documents/SpiderBot/ros2_ws/install/hexapod_com_calculator:/home/alec/Documents/SpiderBot/ros2_ws/install/hexapod_kinematics_py:/opt/ros/jazzy DEBUGINFOD_URLS=https://debuginfod.ubuntu.com /usr/bin/cmake --build /home/alec/Documents/SpiderBot/ros2_ws/build/support_polygon_calculator -- -j20 -l20
[0.313s] -- Found ament_cmake: 2.5.2 (/opt/ros/jazzy/share/ament_cmake/cmake)
[0.622s] -- Found rclcpp: 28.1.5 (/opt/ros/jazzy/share/rclcpp/cmake)
[0.657s] -- Found rosidl_generator_c: 4.6.4 (/opt/ros/jazzy/share/rosidl_generator_c/cmake)
[0.667s] -- Found rosidl_generator_cpp: 4.6.4 (/opt/ros/jazzy/share/rosidl_generator_cpp/cmake)
[0.682s] -- Using all available rosidl_typesupport_c: rosidl_typesupport_fastrtps_c;rosidl_typesupport_introspection_c
[0.699s] -- Using all available rosidl_typesupport_cpp: rosidl_typesupport_fastrtps_cpp;rosidl_typesupport_introspection_cpp
[0.775s] -- Found rmw_implementation_cmake: 7.3.1 (/opt/ros/jazzy/share/rmw_implementation_cmake/cmake)
[0.778s] -- Found rmw_fastrtps_cpp: 8.4.1 (/opt/ros/jazzy/share/rmw_fastrtps_cpp/cmake)
[0.877s] -- Using RMW implementation 'rmw_fastrtps_cpp' as default
[0.959s] -- Found rclcpp_components: 28.1.5 (/opt/ros/jazzy/share/rclcpp_components/cmake)
[0.994s] -- Found std_msgs: 5.3.5 (/opt/ros/jazzy/share/std_msgs/cmake)
[1.011s] -- Found geometry_msgs: 5.3.5 (/opt/ros/jazzy/share/geometry_msgs/cmake)
[1.032s] -- Using header-only CGAL
[1.034s] -- Targeting Unix Makefiles
[1.034s] -- Using /usr/bin/c++ compiler.
[1.042s] -- Found Boost: /usr/lib/x86_64-linux-gnu/cmake/Boost-1.83.0/BoostConfig.cmake (found suitable version "1.83.0", minimum required is "1.66")  
[1.043s] -- Boost include dirs: /usr/include
[1.043s] -- Boost libraries:    
[1.045s] -- Using gcc version 4 or later. Adding -frounding-math
[1.050s] -- Found Boost: /usr/lib/x86_64-linux-gnu/cmake/Boost-1.83.0/BoostConfig.cmake (found version "1.83.0")  
[1.055s] -- Found ament_lint_auto: 0.17.1 (/opt/ros/jazzy/share/ament_lint_auto/cmake)
[1.184s] [33mCMake Warning at /usr/lib/x86_64-linux-gnu/cmake/CGAL/CGAL_enable_end_of_configuration_hook.cmake:93 (message):
[1.184s]   =======================================================================
[1.184s] 
[1.184s]   CGAL performance notice:
[1.184s] 
[1.184s]   The variable CMAKE_BUILD_TYPE is set to "".  For performance reasons, you
[1.184s]   should set CMAKE_BUILD_TYPE to "Release".
[1.185s] 
[1.185s]   Set CGAL_DO_NOT_WARN_ABOUT_CMAKE_BUILD_TYPE to TRUE if you want to disable
[1.185s]   this warning.
[1.185s] 
[1.185s]   =======================================================================
[1.185s] Call Stack (most recent call first):
[1.185s]   /usr/lib/x86_64-linux-gnu/cmake/CGAL/CGAL_enable_end_of_configuration_hook.cmake:163 (CGAL_hook_check_CMAKE_BUILD_TYPE)
[1.185s]   CMakeLists.txt:DEFERRED
[1.185s] 
[1.186s] [0m
[1.186s] -- Configuring done (0.9s)
[1.198s] -- Generating done (0.0s)
[1.202s] -- Build files have been written to: /home/alec/Documents/SpiderBot/ros2_ws/build/support_polygon_calculator
[1.303s] [ 50%] [32mBuilding CXX object CMakeFiles/support_polygon_node.dir/src/support_polygon_calculator.cpp.o[0m
[24.482s] [100%] [32m[1mLinking CXX executable support_polygon_node[0m
[24.994s] [100%] Built target support_polygon_node
[25.012s] Invoked command in '/home/alec/Documents/SpiderBot/ros2_ws/build/support_polygon_calculator' returned '0': CMAKE_PREFIX_PATH=${CMAKE_PREFIX_PATH}:/home/alec/Documents/SpiderBot/ros2_ws/install/servo_control:/home/alec/Documents/SpiderBot/ros2_ws/install/imu_interface:/home/alec/Documents/SpiderBot/ros2_ws/install/hexapod_com_calculator:/home/alec/Documents/SpiderBot/ros2_ws/install/hexapod_kinematics_py:/opt/ros/jazzy DEBUGINFOD_URLS=https://debuginfod.ubuntu.com /usr/bin/cmake --build /home/alec/Documents/SpiderBot/ros2_ws/build/support_polygon_calculator -- -j20 -l20
[25.014s] Invoking command in '/home/alec/Documents/SpiderBot/ros2_ws/build/support_polygon_calculator': CMAKE_PREFIX_PATH=${CMAKE_PREFIX_PATH}:/home/alec/Documents/SpiderBot/ros2_ws/install/servo_control:/home/alec/Documents/SpiderBot/ros2_ws/install/imu_interface:/home/alec/Documents/SpiderBot/ros2_ws/install/hexapod_com_calculator:/home/alec/Documents/SpiderBot/ros2_ws/install/hexapod_kinematics_py:/opt/ros/jazzy DEBUGINFOD_URLS=https://debuginfod.ubuntu.com /usr/bin/cmake --install /home/alec/Documents/SpiderBot/ros2_ws/build/support_polygon_calculator
[25.028s] -- Install configuration: ""
[25.029s] -- Installing: /home/alec/Documents/SpiderBot/ros2_ws/install/support_polygon_calculator/lib/support_polygon_calculator/support_polygon_node
[25.044s] -- Set non-toolchain portion of runtime path of "/home/alec/Documents/SpiderBot/ros2_ws/install/support_polygon_calculator/lib/support_polygon_calculator/support_polygon_node" to ""
[25.045s] -- Up-to-date: /home/alec/Documents/SpiderBot/ros2_ws/install/support_polygon_calculator/share/ament_index/resource_index/package_run_dependencies/support_polygon_calculator
[25.045s] -- Installing: /home/alec/Documents/SpiderBot/ros2_ws/install/support_polygon_calculator/share/ament_index/resource_index/parent_prefix_path/support_polygon_calculator
[25.045s] -- Up-to-date: /home/alec/Documents/SpiderBot/ros2_ws/install/support_polygon_calculator/share/support_polygon_calculator/environment/ament_prefix_path.sh
[25.045s] -- Up-to-date: /home/alec/Documents/SpiderBot/ros2_ws/install/support_polygon_calculator/share/support_polygon_calculator/environment/ament_prefix_path.dsv
[25.045s] -- Up-to-date: /home/alec/Documents/SpiderBot/ros2_ws/install/support_polygon_calculator/share/support_polygon_calculator/environment/path.sh
[25.045s] -- Up-to-date: /home/alec/Documents/SpiderBot/ros2_ws/install/support_polygon_calculator/share/support_polygon_calculator/environment/path.dsv
[25.046s] -- Up-to-date: /home/alec/Documents/SpiderBot/ros2_ws/install/support_polygon_calculator/share/support_polygon_calculator/local_setup.bash
[25.046s] -- Up-to-date: /home/alec/Documents/SpiderBot/ros2_ws/install/support_polygon_calculator/share/support_polygon_calculator/local_setup.sh
[25.046s] -- Up-to-date: /home/alec/Documents/SpiderBot/ros2_ws/install/support_polygon_calculator/share/support_polygon_calculator/local_setup.zsh
[25.046s] -- Up-to-date: /home/alec/Documents/SpiderBot/ros2_ws/install/support_polygon_calculator/share/support_polygon_calculator/local_setup.dsv
[25.046s] -- Installing: /home/alec/Documents/SpiderBot/ros2_ws/install/support_polygon_calculator/share/support_polygon_calculator/package.dsv
[25.046s] -- Up-to-date: /home/alec/Documents/SpiderBot/ros2_ws/install/support_polygon_calculator/share/ament_index/resource_index/packages/support_polygon_calculator
[25.046s] -- Up-to-date: /home/alec/Documents/SpiderBot/ros2_ws/install/support_polygon_calculator/share/support_polygon_calculator/cmake/support_polygon_calculatorConfig.cmake
[25.046s] -- Up-to-date: /home/alec/Documents/SpiderBot/ros2_ws/install/support_polygon_calculator/share/support_polygon_calculator/cmake/support_polygon_calculatorConfig-version.cmake
[25.046s] -- Installing: /home/alec/Documents/SpiderBot/ros2_ws/install/support_polygon_calculator/share/support_polygon_calculator/package.xml
[25.049s] Invoked command in '/home/alec/Documents/SpiderBot/ros2_ws/build/support_polygon_calculator' returned '0': CMAKE_PREFIX_PATH=${CMAKE_PREFIX_PATH}:/home/alec/Documents/SpiderBot/ros2_ws/install/servo_control:/home/alec/Documents/SpiderBot/ros2_ws/install/imu_interface:/home/alec/Documents/SpiderBot/ros2_ws/install/hexapod_com_calculator:/home/alec/Documents/SpiderBot/ros2_ws/install/hexapod_kinematics_py:/opt/ros/jazzy DEBUGINFOD_URLS=https://debuginfod.ubuntu.com /usr/bin/cmake --install /home/alec/Documents/SpiderBot/ros2_ws/build/support_polygon_calculator
