[0.812s] Invoking command in '/home/alec/Documents/SpiderBot/ros2_ws/build/support_polygon_calculator': CMAKE_PREFIX_PATH=${CMAKE_PREFIX_PATH}:/opt/ros/jazzy DEBUGINFOD_URLS=https://debuginfod.ubuntu.com /usr/bin/cmake --build /home/alec/Documents/SpiderBot/ros2_ws/build/support_polygon_calculator -- -j20 -l20
[0.851s] -- Found ament_cmake: 2.5.2 (/opt/ros/jazzy/share/ament_cmake/cmake)
[1.147s] -- Found rclcpp: 28.1.5 (/opt/ros/jazzy/share/rclcpp/cmake)
[1.187s] -- Found rosidl_generator_c: 4.6.4 (/opt/ros/jazzy/share/rosidl_generator_c/cmake)
[1.198s] -- Found rosidl_generator_cpp: 4.6.4 (/opt/ros/jazzy/share/rosidl_generator_cpp/cmake)
[1.212s] -- Using all available rosidl_typesupport_c: rosidl_typesupport_fastrtps_c;rosidl_typesupport_introspection_c
[1.228s] -- Using all available rosidl_typesupport_cpp: rosidl_typesupport_fastrtps_cpp;rosidl_typesupport_introspection_cpp
[1.304s] -- Found rmw_implementation_cmake: 7.3.1 (/opt/ros/jazzy/share/rmw_implementation_cmake/cmake)
[1.306s] -- Found rmw_fastrtps_cpp: 8.4.1 (/opt/ros/jazzy/share/rmw_fastrtps_cpp/cmake)
[1.411s] -- Using RMW implementation 'rmw_fastrtps_cpp' as default
[1.499s] -- Found rclcpp_components: 28.1.5 (/opt/ros/jazzy/share/rclcpp_components/cmake)
[1.533s] -- Found std_msgs: 5.3.5 (/opt/ros/jazzy/share/std_msgs/cmake)
[1.549s] -- Found geometry_msgs: 5.3.5 (/opt/ros/jazzy/share/geometry_msgs/cmake)
[1.571s] -- Using header-only CGAL
[1.573s] -- Targeting Unix Makefiles
[1.573s] -- Using /usr/bin/c++ compiler.
[1.582s] -- Found Boost: /usr/lib/x86_64-linux-gnu/cmake/Boost-1.83.0/BoostConfig.cmake (found suitable version "1.83.0", minimum required is "1.66")  
[1.582s] -- Boost include dirs: /usr/include
[1.582s] -- Boost libraries:    
[1.585s] -- Using gcc version 4 or later. Adding -frounding-math
[1.589s] -- Found Boost: /usr/lib/x86_64-linux-gnu/cmake/Boost-1.83.0/BoostConfig.cmake (found version "1.83.0")  
[1.594s] -- Found ament_lint_auto: 0.17.1 (/opt/ros/jazzy/share/ament_lint_auto/cmake)
[1.709s] [33mCMake Warning at /usr/lib/x86_64-linux-gnu/cmake/CGAL/CGAL_enable_end_of_configuration_hook.cmake:93 (message):
[1.710s]   =======================================================================
[1.710s] 
[1.710s]   CGAL performance notice:
[1.710s] 
[1.710s]   The variable CMAKE_BUILD_TYPE is set to "".  For performance reasons, you
[1.710s]   should set CMAKE_BUILD_TYPE to "Release".
[1.711s] 
[1.711s]   Set CGAL_DO_NOT_WARN_ABOUT_CMAKE_BUILD_TYPE to TRUE if you want to disable
[1.711s]   this warning.
[1.711s] 
[1.711s]   =======================================================================
[1.711s] Call Stack (most recent call first):
[1.711s]   /usr/lib/x86_64-linux-gnu/cmake/CGAL/CGAL_enable_end_of_configuration_hook.cmake:163 (CGAL_hook_check_CMAKE_BUILD_TYPE)
[1.711s]   CMakeLists.txt:DEFERRED
[1.712s] 
[1.712s] [0m
[1.712s] -- Configuring done (0.9s)
[1.724s] -- Generating done (0.0s)
[1.729s] -- Build files have been written to: /home/alec/Documents/SpiderBot/ros2_ws/build/support_polygon_calculator
[1.820s] [ 50%] [32mBuilding CXX object CMakeFiles/support_polygon_node.dir/src/support_polygon_calculator.cpp.o[0m
[25.145s] [100%] [32m[1mLinking CXX executable support_polygon_node[0m
[25.670s] [100%] Built target support_polygon_node
[25.685s] Invoked command in '/home/alec/Documents/SpiderBot/ros2_ws/build/support_polygon_calculator' returned '0': CMAKE_PREFIX_PATH=${CMAKE_PREFIX_PATH}:/opt/ros/jazzy DEBUGINFOD_URLS=https://debuginfod.ubuntu.com /usr/bin/cmake --build /home/alec/Documents/SpiderBot/ros2_ws/build/support_polygon_calculator -- -j20 -l20
[25.687s] Invoking command in '/home/alec/Documents/SpiderBot/ros2_ws/build/support_polygon_calculator': CMAKE_PREFIX_PATH=${CMAKE_PREFIX_PATH}:/opt/ros/jazzy DEBUGINFOD_URLS=https://debuginfod.ubuntu.com /usr/bin/cmake --install /home/alec/Documents/SpiderBot/ros2_ws/build/support_polygon_calculator
[25.698s] -- Install configuration: ""
[25.698s] -- Installing: /home/alec/Documents/SpiderBot/ros2_ws/install/support_polygon_calculator/lib/support_polygon_calculator/support_polygon_node
[25.709s] -- Set non-toolchain portion of runtime path of "/home/alec/Documents/SpiderBot/ros2_ws/install/support_polygon_calculator/lib/support_polygon_calculator/support_polygon_node" to ""
[25.709s] -- Up-to-date: /home/alec/Documents/SpiderBot/ros2_ws/install/support_polygon_calculator/share/ament_index/resource_index/package_run_dependencies/support_polygon_calculator
[25.710s] -- Up-to-date: /home/alec/Documents/SpiderBot/ros2_ws/install/support_polygon_calculator/share/ament_index/resource_index/parent_prefix_path/support_polygon_calculator
[25.710s] -- Up-to-date: /home/alec/Documents/SpiderBot/ros2_ws/install/support_polygon_calculator/share/support_polygon_calculator/environment/ament_prefix_path.sh
[25.710s] -- Up-to-date: /home/alec/Documents/SpiderBot/ros2_ws/install/support_polygon_calculator/share/support_polygon_calculator/environment/ament_prefix_path.dsv
[25.710s] -- Up-to-date: /home/alec/Documents/SpiderBot/ros2_ws/install/support_polygon_calculator/share/support_polygon_calculator/environment/path.sh
[25.710s] -- Up-to-date: /home/alec/Documents/SpiderBot/ros2_ws/install/support_polygon_calculator/share/support_polygon_calculator/environment/path.dsv
[25.711s] -- Up-to-date: /home/alec/Documents/SpiderBot/ros2_ws/install/support_polygon_calculator/share/support_polygon_calculator/local_setup.bash
[25.711s] -- Up-to-date: /home/alec/Documents/SpiderBot/ros2_ws/install/support_polygon_calculator/share/support_polygon_calculator/local_setup.sh
[25.711s] -- Up-to-date: /home/alec/Documents/SpiderBot/ros2_ws/install/support_polygon_calculator/share/support_polygon_calculator/local_setup.zsh
[25.711s] -- Up-to-date: /home/alec/Documents/SpiderBot/ros2_ws/install/support_polygon_calculator/share/support_polygon_calculator/local_setup.dsv
[25.711s] -- Installing: /home/alec/Documents/SpiderBot/ros2_ws/install/support_polygon_calculator/share/support_polygon_calculator/package.dsv
[25.711s] -- Up-to-date: /home/alec/Documents/SpiderBot/ros2_ws/install/support_polygon_calculator/share/ament_index/resource_index/packages/support_polygon_calculator
[25.712s] -- Up-to-date: /home/alec/Documents/SpiderBot/ros2_ws/install/support_polygon_calculator/share/support_polygon_calculator/cmake/support_polygon_calculatorConfig.cmake
[25.712s] -- Up-to-date: /home/alec/Documents/SpiderBot/ros2_ws/install/support_polygon_calculator/share/support_polygon_calculator/cmake/support_polygon_calculatorConfig-version.cmake
[25.712s] -- Installing: /home/alec/Documents/SpiderBot/ros2_ws/install/support_polygon_calculator/share/support_polygon_calculator/package.xml
[25.713s] Invoked command in '/home/alec/Documents/SpiderBot/ros2_ws/build/support_polygon_calculator' returned '0': CMAKE_PREFIX_PATH=${CMAKE_PREFIX_PATH}:/opt/ros/jazzy DEBUGINFOD_URLS=https://debuginfod.ubuntu.com /usr/bin/cmake --install /home/alec/Documents/SpiderBot/ros2_ws/build/support_polygon_calculator
