[0.123s] DEBUG:colcon:Command line arguments: ['/usr/bin/colcon', 'build']
[0.123s] DEBUG:colcon:Parsed command line arguments: Namespace(log_base=None, log_level=None, verb_name='build', build_base='build', install_base='install', merge_install=False, symlink_install=False, test_result_base=None, continue_on_error=False, executor='parallel', parallel_workers=20, event_handlers=None, ignore_user_meta=False, metas=['./colcon.meta'], base_paths=['.'], packages_ignore=None, packages_ignore_regex=None, paths=None, packages_up_to=None, packages_up_to_regex=None, packages_above=None, packages_above_and_dependencies=None, packages_above_depth=None, packages_select_by_dep=None, packages_skip_by_dep=None, packages_skip_up_to=None, packages_select_build_failed=False, packages_skip_build_finished=False, packages_select_test_failures=False, packages_skip_test_passed=False, packages_select=None, packages_skip=None, packages_select_regex=None, packages_skip_regex=None, packages_start=None, packages_end=None, allow_overriding=[], cmake_args=None, cmake_target=None, cmake_target_skip_unavailable=False, cmake_clean_cache=False, cmake_clean_first=False, cmake_force_configure=False, ament_cmake_args=None, catkin_cmake_args=None, catkin_skip_building_tests=False, mixin_files=None, mixin=None, verb_parser=<colcon_mixin.mixin.mixin_argument.MixinArgumentDecorator object at 0x7683802ac920>, verb_extension=<colcon_core.verb.build.BuildVerb object at 0x76838022a3f0>, main=<bound method BuildVerb.main of <colcon_core.verb.build.BuildVerb object at 0x76838022a3f0>>, mixin_verb=('build',))
[0.169s] Level 1:colcon.colcon_core.package_discovery:discover_packages(colcon_meta) check parameters
[0.169s] Level 1:colcon.colcon_core.package_discovery:discover_packages(recursive) check parameters
[0.169s] Level 1:colcon.colcon_core.package_discovery:discover_packages(ignore) check parameters
[0.169s] Level 1:colcon.colcon_core.package_discovery:discover_packages(path) check parameters
[0.169s] Level 1:colcon.colcon_core.package_discovery:discover_packages(colcon_meta) discover
[0.169s] Level 1:colcon.colcon_core.package_discovery:discover_packages(recursive) discover
[0.169s] INFO:colcon.colcon_core.package_discovery:Crawling recursively for packages in '/home/alec/Documents/SpiderBot/ros2_ws'
[0.169s] Level 1:colcon.colcon_core.package_identification:_identify(.) by extensions ['ignore', 'ignore_ament_install']
[0.169s] Level 1:colcon.colcon_core.package_identification:_identify(.) by extension 'ignore'
[0.169s] Level 1:colcon.colcon_core.package_identification:_identify(.) by extension 'ignore_ament_install'
[0.169s] Level 1:colcon.colcon_core.package_identification:_identify(.) by extensions ['colcon_pkg']
[0.169s] Level 1:colcon.colcon_core.package_identification:_identify(.) by extension 'colcon_pkg'
[0.170s] Level 1:colcon.colcon_core.package_identification:_identify(.) by extensions ['colcon_meta']
[0.170s] Level 1:colcon.colcon_core.package_identification:_identify(.) by extension 'colcon_meta'
[0.170s] Level 1:colcon.colcon_core.package_identification:_identify(.) by extensions ['ros']
[0.170s] Level 1:colcon.colcon_core.package_identification:_identify(.) by extension 'ros'
[0.201s] Level 1:colcon.colcon_core.package_identification:_identify(.) by extensions ['cmake', 'python']
[0.201s] Level 1:colcon.colcon_core.package_identification:_identify(.) by extension 'cmake'
[0.201s] Level 1:colcon.colcon_core.package_identification:_identify(.) by extension 'python'
[0.201s] Level 1:colcon.colcon_core.package_identification:_identify(.) by extensions ['python_setup_py']
[0.201s] Level 1:colcon.colcon_core.package_identification:_identify(.) by extension 'python_setup_py'
[0.201s] Level 1:colcon.colcon_core.package_identification:_identify(build) by extensions ['ignore', 'ignore_ament_install']
[0.201s] Level 1:colcon.colcon_core.package_identification:_identify(build) by extension 'ignore'
[0.201s] Level 1:colcon.colcon_core.package_identification:_identify(build) ignored
[0.201s] Level 1:colcon.colcon_core.package_identification:_identify(install) by extensions ['ignore', 'ignore_ament_install']
[0.202s] Level 1:colcon.colcon_core.package_identification:_identify(install) by extension 'ignore'
[0.202s] Level 1:colcon.colcon_core.package_identification:_identify(install) ignored
[0.202s] Level 1:colcon.colcon_core.package_identification:_identify(log) by extensions ['ignore', 'ignore_ament_install']
[0.202s] Level 1:colcon.colcon_core.package_identification:_identify(log) by extension 'ignore'
[0.202s] Level 1:colcon.colcon_core.package_identification:_identify(log) ignored
[0.202s] Level 1:colcon.colcon_core.package_identification:_identify(src) by extensions ['ignore', 'ignore_ament_install']
[0.202s] Level 1:colcon.colcon_core.package_identification:_identify(src) by extension 'ignore'
[0.202s] Level 1:colcon.colcon_core.package_identification:_identify(src) by extension 'ignore_ament_install'
[0.202s] Level 1:colcon.colcon_core.package_identification:_identify(src) by extensions ['colcon_pkg']
[0.202s] Level 1:colcon.colcon_core.package_identification:_identify(src) by extension 'colcon_pkg'
[0.202s] Level 1:colcon.colcon_core.package_identification:_identify(src) by extensions ['colcon_meta']
[0.202s] Level 1:colcon.colcon_core.package_identification:_identify(src) by extension 'colcon_meta'
[0.202s] Level 1:colcon.colcon_core.package_identification:_identify(src) by extensions ['ros']
[0.202s] Level 1:colcon.colcon_core.package_identification:_identify(src) by extension 'ros'
[0.202s] Level 1:colcon.colcon_core.package_identification:_identify(src) by extensions ['cmake', 'python']
[0.202s] Level 1:colcon.colcon_core.package_identification:_identify(src) by extension 'cmake'
[0.202s] Level 1:colcon.colcon_core.package_identification:_identify(src) by extension 'python'
[0.202s] Level 1:colcon.colcon_core.package_identification:_identify(src) by extensions ['python_setup_py']
[0.203s] Level 1:colcon.colcon_core.package_identification:_identify(src) by extension 'python_setup_py'
[0.203s] Level 1:colcon.colcon_core.package_identification:_identify(src/hexapod_com_calculator) by extensions ['ignore', 'ignore_ament_install']
[0.203s] Level 1:colcon.colcon_core.package_identification:_identify(src/hexapod_com_calculator) by extension 'ignore'
[0.203s] Level 1:colcon.colcon_core.package_identification:_identify(src/hexapod_com_calculator) by extension 'ignore_ament_install'
[0.203s] Level 1:colcon.colcon_core.package_identification:_identify(src/hexapod_com_calculator) by extensions ['colcon_pkg']
[0.203s] Level 1:colcon.colcon_core.package_identification:_identify(src/hexapod_com_calculator) by extension 'colcon_pkg'
[0.203s] Level 1:colcon.colcon_core.package_identification:_identify(src/hexapod_com_calculator) by extensions ['colcon_meta']
[0.203s] Level 1:colcon.colcon_core.package_identification:_identify(src/hexapod_com_calculator) by extension 'colcon_meta'
[0.203s] Level 1:colcon.colcon_core.package_identification:_identify(src/hexapod_com_calculator) by extensions ['ros']
[0.203s] Level 1:colcon.colcon_core.package_identification:_identify(src/hexapod_com_calculator) by extension 'ros'
[0.206s] DEBUG:colcon.colcon_core.package_identification:Package 'src/hexapod_com_calculator' with type 'ros.ament_python' and name 'hexapod_com_calculator'
[0.206s] Level 1:colcon.colcon_core.package_identification:_identify(src/hexapod_description) by extensions ['ignore', 'ignore_ament_install']
[0.206s] Level 1:colcon.colcon_core.package_identification:_identify(src/hexapod_description) by extension 'ignore'
[0.206s] Level 1:colcon.colcon_core.package_identification:_identify(src/hexapod_description) by extension 'ignore_ament_install'
[0.207s] Level 1:colcon.colcon_core.package_identification:_identify(src/hexapod_description) by extensions ['colcon_pkg']
[0.207s] Level 1:colcon.colcon_core.package_identification:_identify(src/hexapod_description) by extension 'colcon_pkg'
[0.207s] Level 1:colcon.colcon_core.package_identification:_identify(src/hexapod_description) by extensions ['colcon_meta']
[0.207s] Level 1:colcon.colcon_core.package_identification:_identify(src/hexapod_description) by extension 'colcon_meta'
[0.207s] Level 1:colcon.colcon_core.package_identification:_identify(src/hexapod_description) by extensions ['ros']
[0.207s] Level 1:colcon.colcon_core.package_identification:_identify(src/hexapod_description) by extension 'ros'
[0.207s] DEBUG:colcon.colcon_core.package_identification:Package 'src/hexapod_description' with type 'ros.ament_cmake' and name 'hexapod_description'
[0.208s] Level 1:colcon.colcon_core.package_identification:_identify(src/hexapod_msgs) by extensions ['ignore', 'ignore_ament_install']
[0.208s] Level 1:colcon.colcon_core.package_identification:_identify(src/hexapod_msgs) by extension 'ignore'
[0.208s] Level 1:colcon.colcon_core.package_identification:_identify(src/hexapod_msgs) by extension 'ignore_ament_install'
[0.208s] Level 1:colcon.colcon_core.package_identification:_identify(src/hexapod_msgs) by extensions ['colcon_pkg']
[0.208s] Level 1:colcon.colcon_core.package_identification:_identify(src/hexapod_msgs) by extension 'colcon_pkg'
[0.208s] Level 1:colcon.colcon_core.package_identification:_identify(src/hexapod_msgs) by extensions ['colcon_meta']
[0.208s] Level 1:colcon.colcon_core.package_identification:_identify(src/hexapod_msgs) by extension 'colcon_meta'
[0.208s] Level 1:colcon.colcon_core.package_identification:_identify(src/hexapod_msgs) by extensions ['ros']
[0.208s] Level 1:colcon.colcon_core.package_identification:_identify(src/hexapod_msgs) by extension 'ros'
[0.208s] DEBUG:colcon.colcon_core.package_identification:Package 'src/hexapod_msgs' with type 'ros.ament_cmake' and name 'hexapod_msgs'
[0.209s] Level 1:colcon.colcon_core.package_identification:_identify(src/kinematics) by extensions ['ignore', 'ignore_ament_install']
[0.209s] Level 1:colcon.colcon_core.package_identification:_identify(src/kinematics) by extension 'ignore'
[0.209s] Level 1:colcon.colcon_core.package_identification:_identify(src/kinematics) by extension 'ignore_ament_install'
[0.209s] Level 1:colcon.colcon_core.package_identification:_identify(src/kinematics) by extensions ['colcon_pkg']
[0.209s] Level 1:colcon.colcon_core.package_identification:_identify(src/kinematics) by extension 'colcon_pkg'
[0.209s] Level 1:colcon.colcon_core.package_identification:_identify(src/kinematics) by extensions ['colcon_meta']
[0.209s] Level 1:colcon.colcon_core.package_identification:_identify(src/kinematics) by extension 'colcon_meta'
[0.209s] Level 1:colcon.colcon_core.package_identification:_identify(src/kinematics) by extensions ['ros']
[0.209s] Level 1:colcon.colcon_core.package_identification:_identify(src/kinematics) by extension 'ros'
[0.210s] DEBUG:colcon.colcon_core.package_identification:Package 'src/kinematics' with type 'ros.ament_cmake' and name 'kinematics'
[0.210s] Level 1:colcon.colcon_core.package_identification:_identify(src/servo_control) by extensions ['ignore', 'ignore_ament_install']
[0.210s] Level 1:colcon.colcon_core.package_identification:_identify(src/servo_control) by extension 'ignore'
[0.210s] Level 1:colcon.colcon_core.package_identification:_identify(src/servo_control) by extension 'ignore_ament_install'
[0.210s] Level 1:colcon.colcon_core.package_identification:_identify(src/servo_control) by extensions ['colcon_pkg']
[0.210s] Level 1:colcon.colcon_core.package_identification:_identify(src/servo_control) by extension 'colcon_pkg'
[0.210s] Level 1:colcon.colcon_core.package_identification:_identify(src/servo_control) by extensions ['colcon_meta']
[0.210s] Level 1:colcon.colcon_core.package_identification:_identify(src/servo_control) by extension 'colcon_meta'
[0.210s] Level 1:colcon.colcon_core.package_identification:_identify(src/servo_control) by extensions ['ros']
[0.210s] Level 1:colcon.colcon_core.package_identification:_identify(src/servo_control) by extension 'ros'
[0.210s] Level 1:colcon.colcon_core.package_identification:_identify(src/servo_control) by extensions ['cmake', 'python']
[0.210s] Level 1:colcon.colcon_core.package_identification:_identify(src/servo_control) by extension 'cmake'
[0.210s] Level 1:colcon.colcon_core.package_identification:_identify(src/servo_control) by extension 'python'
[0.210s] Level 1:colcon.colcon_core.package_identification:_identify(src/servo_control) by extensions ['python_setup_py']
[0.210s] Level 1:colcon.colcon_core.package_identification:_identify(src/servo_control) by extension 'python_setup_py'
[0.210s] Level 1:colcon.colcon_core.package_identification:_identify(src/servo_control/servo_control) by extensions ['ignore', 'ignore_ament_install']
[0.211s] Level 1:colcon.colcon_core.package_identification:_identify(src/servo_control/servo_control) by extension 'ignore'
[0.211s] Level 1:colcon.colcon_core.package_identification:_identify(src/servo_control/servo_control) by extension 'ignore_ament_install'
[0.211s] Level 1:colcon.colcon_core.package_identification:_identify(src/servo_control/servo_control) by extensions ['colcon_pkg']
[0.211s] Level 1:colcon.colcon_core.package_identification:_identify(src/servo_control/servo_control) by extension 'colcon_pkg'
[0.211s] Level 1:colcon.colcon_core.package_identification:_identify(src/servo_control/servo_control) by extensions ['colcon_meta']
[0.211s] Level 1:colcon.colcon_core.package_identification:_identify(src/servo_control/servo_control) by extension 'colcon_meta'
[0.211s] Level 1:colcon.colcon_core.package_identification:_identify(src/servo_control/servo_control) by extensions ['ros']
[0.211s] Level 1:colcon.colcon_core.package_identification:_identify(src/servo_control/servo_control) by extension 'ros'
[0.211s] Level 1:colcon.colcon_core.package_identification:_identify(src/servo_control/servo_control) by extensions ['cmake', 'python']
[0.211s] Level 1:colcon.colcon_core.package_identification:_identify(src/servo_control/servo_control) by extension 'cmake'
[0.211s] Level 1:colcon.colcon_core.package_identification:_identify(src/servo_control/servo_control) by extension 'python'
[0.211s] Level 1:colcon.colcon_core.package_identification:_identify(src/servo_control/servo_control) by extensions ['python_setup_py']
[0.211s] Level 1:colcon.colcon_core.package_identification:_identify(src/servo_control/servo_control) by extension 'python_setup_py'
[0.211s] Level 1:colcon.colcon_core.package_identification:_identify(src/servo_control/servo_control/utilities) by extensions ['ignore', 'ignore_ament_install']
[0.211s] Level 1:colcon.colcon_core.package_identification:_identify(src/servo_control/servo_control/utilities) by extension 'ignore'
[0.211s] Level 1:colcon.colcon_core.package_identification:_identify(src/servo_control/servo_control/utilities) by extension 'ignore_ament_install'
[0.211s] Level 1:colcon.colcon_core.package_identification:_identify(src/servo_control/servo_control/utilities) by extensions ['colcon_pkg']
[0.211s] Level 1:colcon.colcon_core.package_identification:_identify(src/servo_control/servo_control/utilities) by extension 'colcon_pkg'
[0.211s] Level 1:colcon.colcon_core.package_identification:_identify(src/servo_control/servo_control/utilities) by extensions ['colcon_meta']
[0.211s] Level 1:colcon.colcon_core.package_identification:_identify(src/servo_control/servo_control/utilities) by extension 'colcon_meta'
[0.211s] Level 1:colcon.colcon_core.package_identification:_identify(src/servo_control/servo_control/utilities) by extensions ['ros']
[0.211s] Level 1:colcon.colcon_core.package_identification:_identify(src/servo_control/servo_control/utilities) by extension 'ros'
[0.212s] Level 1:colcon.colcon_core.package_identification:_identify(src/servo_control/servo_control/utilities) by extensions ['cmake', 'python']
[0.212s] Level 1:colcon.colcon_core.package_identification:_identify(src/servo_control/servo_control/utilities) by extension 'cmake'
[0.212s] Level 1:colcon.colcon_core.package_identification:_identify(src/servo_control/servo_control/utilities) by extension 'python'
[0.212s] Level 1:colcon.colcon_core.package_identification:_identify(src/servo_control/servo_control/utilities) by extensions ['python_setup_py']
[0.212s] Level 1:colcon.colcon_core.package_identification:_identify(src/servo_control/servo_control/utilities) by extension 'python_setup_py'
[0.212s] Level 1:colcon.colcon_core.package_identification:_identify(src/support_polygon_calculator) by extensions ['ignore', 'ignore_ament_install']
[0.212s] Level 1:colcon.colcon_core.package_identification:_identify(src/support_polygon_calculator) by extension 'ignore'
[0.212s] Level 1:colcon.colcon_core.package_identification:_identify(src/support_polygon_calculator) by extension 'ignore_ament_install'
[0.212s] Level 1:colcon.colcon_core.package_identification:_identify(src/support_polygon_calculator) by extensions ['colcon_pkg']
[0.212s] Level 1:colcon.colcon_core.package_identification:_identify(src/support_polygon_calculator) by extension 'colcon_pkg'
[0.212s] Level 1:colcon.colcon_core.package_identification:_identify(src/support_polygon_calculator) by extensions ['colcon_meta']
[0.212s] Level 1:colcon.colcon_core.package_identification:_identify(src/support_polygon_calculator) by extension 'colcon_meta'
[0.212s] Level 1:colcon.colcon_core.package_identification:_identify(src/support_polygon_calculator) by extensions ['ros']
[0.212s] Level 1:colcon.colcon_core.package_identification:_identify(src/support_polygon_calculator) by extension 'ros'
[0.213s] DEBUG:colcon.colcon_core.package_identification:Package 'src/support_polygon_calculator' with type 'ros.ament_cmake' and name 'support_polygon_calculator'
[0.213s] Level 1:colcon.colcon_core.package_discovery:discover_packages(recursive) using defaults
[0.213s] Level 1:colcon.colcon_core.package_discovery:discover_packages(ignore) discover
[0.213s] Level 1:colcon.colcon_core.package_discovery:discover_packages(ignore) using defaults
[0.213s] Level 1:colcon.colcon_core.package_discovery:discover_packages(path) discover
[0.213s] Level 1:colcon.colcon_core.package_discovery:discover_packages(path) using defaults
[0.234s] Level 1:colcon.colcon_core.package_discovery:discover_packages(prefix_path) check parameters
[0.235s] Level 1:colcon.colcon_core.package_discovery:discover_packages(prefix_path) discover
[0.237s] DEBUG:colcon.colcon_installed_package_information.package_discovery:Found 7 installed packages in /home/alec/Documents/SpiderBot/ros2_ws/install
[0.238s] DEBUG:colcon.colcon_installed_package_information.package_discovery:Found 6 installed packages in /home/alec/Autotracking_Surgical_Lamp/ros2_ws/install
[0.238s] DEBUG:colcon.colcon_installed_package_information.package_discovery:Found 5 installed packages in /home/alec/ros2_ws/install
[0.240s] DEBUG:colcon.colcon_installed_package_information.package_discovery:Found 406 installed packages in /opt/ros/jazzy
[0.242s] Level 1:colcon.colcon_core.package_discovery:discover_packages(prefix_path) using defaults
[0.296s] Level 5:colcon.colcon_core.verb:set package 'hexapod_com_calculator' build argument 'cmake_args' from command line to 'None'
[0.296s] Level 5:colcon.colcon_core.verb:set package 'hexapod_com_calculator' build argument 'cmake_target' from command line to 'None'
[0.296s] Level 5:colcon.colcon_core.verb:set package 'hexapod_com_calculator' build argument 'cmake_target_skip_unavailable' from command line to 'False'
[0.296s] Level 5:colcon.colcon_core.verb:set package 'hexapod_com_calculator' build argument 'cmake_clean_cache' from command line to 'False'
[0.296s] Level 5:colcon.colcon_core.verb:set package 'hexapod_com_calculator' build argument 'cmake_clean_first' from command line to 'False'
[0.296s] Level 5:colcon.colcon_core.verb:set package 'hexapod_com_calculator' build argument 'cmake_force_configure' from command line to 'False'
[0.296s] Level 5:colcon.colcon_core.verb:set package 'hexapod_com_calculator' build argument 'ament_cmake_args' from command line to 'None'
[0.296s] Level 5:colcon.colcon_core.verb:set package 'hexapod_com_calculator' build argument 'catkin_cmake_args' from command line to 'None'
[0.296s] Level 5:colcon.colcon_core.verb:set package 'hexapod_com_calculator' build argument 'catkin_skip_building_tests' from command line to 'False'
[0.296s] DEBUG:colcon.colcon_core.verb:Building package 'hexapod_com_calculator' with the following arguments: {'ament_cmake_args': None, 'build_base': '/home/alec/Documents/SpiderBot/ros2_ws/build/hexapod_com_calculator', 'catkin_cmake_args': None, 'catkin_skip_building_tests': False, 'cmake_args': None, 'cmake_clean_cache': False, 'cmake_clean_first': False, 'cmake_force_configure': False, 'cmake_target': None, 'cmake_target_skip_unavailable': False, 'install_base': '/home/alec/Documents/SpiderBot/ros2_ws/install/hexapod_com_calculator', 'merge_install': False, 'path': '/home/alec/Documents/SpiderBot/ros2_ws/src/hexapod_com_calculator', 'symlink_install': False, 'test_result_base': None}
[0.297s] Level 5:colcon.colcon_core.verb:set package 'hexapod_description' build argument 'cmake_args' from command line to 'None'
[0.297s] Level 5:colcon.colcon_core.verb:set package 'hexapod_description' build argument 'cmake_target' from command line to 'None'
[0.297s] Level 5:colcon.colcon_core.verb:set package 'hexapod_description' build argument 'cmake_target_skip_unavailable' from command line to 'False'
[0.297s] Level 5:colcon.colcon_core.verb:set package 'hexapod_description' build argument 'cmake_clean_cache' from command line to 'False'
[0.297s] Level 5:colcon.colcon_core.verb:set package 'hexapod_description' build argument 'cmake_clean_first' from command line to 'False'
[0.297s] Level 5:colcon.colcon_core.verb:set package 'hexapod_description' build argument 'cmake_force_configure' from command line to 'False'
[0.297s] Level 5:colcon.colcon_core.verb:set package 'hexapod_description' build argument 'ament_cmake_args' from command line to 'None'
[0.297s] Level 5:colcon.colcon_core.verb:set package 'hexapod_description' build argument 'catkin_cmake_args' from command line to 'None'
[0.297s] Level 5:colcon.colcon_core.verb:set package 'hexapod_description' build argument 'catkin_skip_building_tests' from command line to 'False'
[0.297s] DEBUG:colcon.colcon_core.verb:Building package 'hexapod_description' with the following arguments: {'ament_cmake_args': None, 'build_base': '/home/alec/Documents/SpiderBot/ros2_ws/build/hexapod_description', 'catkin_cmake_args': None, 'catkin_skip_building_tests': False, 'cmake_args': None, 'cmake_clean_cache': False, 'cmake_clean_first': False, 'cmake_force_configure': False, 'cmake_target': None, 'cmake_target_skip_unavailable': False, 'install_base': '/home/alec/Documents/SpiderBot/ros2_ws/install/hexapod_description', 'merge_install': False, 'path': '/home/alec/Documents/SpiderBot/ros2_ws/src/hexapod_description', 'symlink_install': False, 'test_result_base': None}
[0.297s] Level 5:colcon.colcon_core.verb:set package 'hexapod_msgs' build argument 'cmake_args' from command line to 'None'
[0.297s] Level 5:colcon.colcon_core.verb:set package 'hexapod_msgs' build argument 'cmake_target' from command line to 'None'
[0.297s] Level 5:colcon.colcon_core.verb:set package 'hexapod_msgs' build argument 'cmake_target_skip_unavailable' from command line to 'False'
[0.297s] Level 5:colcon.colcon_core.verb:set package 'hexapod_msgs' build argument 'cmake_clean_cache' from command line to 'False'
[0.297s] Level 5:colcon.colcon_core.verb:set package 'hexapod_msgs' build argument 'cmake_clean_first' from command line to 'False'
[0.297s] Level 5:colcon.colcon_core.verb:set package 'hexapod_msgs' build argument 'cmake_force_configure' from command line to 'False'
[0.297s] Level 5:colcon.colcon_core.verb:set package 'hexapod_msgs' build argument 'ament_cmake_args' from command line to 'None'
[0.297s] Level 5:colcon.colcon_core.verb:set package 'hexapod_msgs' build argument 'catkin_cmake_args' from command line to 'None'
[0.297s] Level 5:colcon.colcon_core.verb:set package 'hexapod_msgs' build argument 'catkin_skip_building_tests' from command line to 'False'
[0.297s] DEBUG:colcon.colcon_core.verb:Building package 'hexapod_msgs' with the following arguments: {'ament_cmake_args': None, 'build_base': '/home/alec/Documents/SpiderBot/ros2_ws/build/hexapod_msgs', 'catkin_cmake_args': None, 'catkin_skip_building_tests': False, 'cmake_args': None, 'cmake_clean_cache': False, 'cmake_clean_first': False, 'cmake_force_configure': False, 'cmake_target': None, 'cmake_target_skip_unavailable': False, 'install_base': '/home/alec/Documents/SpiderBot/ros2_ws/install/hexapod_msgs', 'merge_install': False, 'path': '/home/alec/Documents/SpiderBot/ros2_ws/src/hexapod_msgs', 'symlink_install': False, 'test_result_base': None}
[0.298s] Level 5:colcon.colcon_core.verb:set package 'kinematics' build argument 'cmake_args' from command line to 'None'
[0.298s] Level 5:colcon.colcon_core.verb:set package 'kinematics' build argument 'cmake_target' from command line to 'None'
[0.298s] Level 5:colcon.colcon_core.verb:set package 'kinematics' build argument 'cmake_target_skip_unavailable' from command line to 'False'
[0.298s] Level 5:colcon.colcon_core.verb:set package 'kinematics' build argument 'cmake_clean_cache' from command line to 'False'
[0.298s] Level 5:colcon.colcon_core.verb:set package 'kinematics' build argument 'cmake_clean_first' from command line to 'False'
[0.298s] Level 5:colcon.colcon_core.verb:set package 'kinematics' build argument 'cmake_force_configure' from command line to 'False'
[0.298s] Level 5:colcon.colcon_core.verb:set package 'kinematics' build argument 'ament_cmake_args' from command line to 'None'
[0.298s] Level 5:colcon.colcon_core.verb:set package 'kinematics' build argument 'catkin_cmake_args' from command line to 'None'
[0.298s] Level 5:colcon.colcon_core.verb:set package 'kinematics' build argument 'catkin_skip_building_tests' from command line to 'False'
[0.298s] DEBUG:colcon.colcon_core.verb:Building package 'kinematics' with the following arguments: {'ament_cmake_args': None, 'build_base': '/home/alec/Documents/SpiderBot/ros2_ws/build/kinematics', 'catkin_cmake_args': None, 'catkin_skip_building_tests': False, 'cmake_args': None, 'cmake_clean_cache': False, 'cmake_clean_first': False, 'cmake_force_configure': False, 'cmake_target': None, 'cmake_target_skip_unavailable': False, 'install_base': '/home/alec/Documents/SpiderBot/ros2_ws/install/kinematics', 'merge_install': False, 'path': '/home/alec/Documents/SpiderBot/ros2_ws/src/kinematics', 'symlink_install': False, 'test_result_base': None}
[0.298s] Level 5:colcon.colcon_core.verb:set package 'support_polygon_calculator' build argument 'cmake_args' from command line to 'None'
[0.298s] Level 5:colcon.colcon_core.verb:set package 'support_polygon_calculator' build argument 'cmake_target' from command line to 'None'
[0.298s] Level 5:colcon.colcon_core.verb:set package 'support_polygon_calculator' build argument 'cmake_target_skip_unavailable' from command line to 'False'
[0.298s] Level 5:colcon.colcon_core.verb:set package 'support_polygon_calculator' build argument 'cmake_clean_cache' from command line to 'False'
[0.298s] Level 5:colcon.colcon_core.verb:set package 'support_polygon_calculator' build argument 'cmake_clean_first' from command line to 'False'
[0.298s] Level 5:colcon.colcon_core.verb:set package 'support_polygon_calculator' build argument 'cmake_force_configure' from command line to 'False'
[0.298s] Level 5:colcon.colcon_core.verb:set package 'support_polygon_calculator' build argument 'ament_cmake_args' from command line to 'None'
[0.298s] Level 5:colcon.colcon_core.verb:set package 'support_polygon_calculator' build argument 'catkin_cmake_args' from command line to 'None'
[0.298s] Level 5:colcon.colcon_core.verb:set package 'support_polygon_calculator' build argument 'catkin_skip_building_tests' from command line to 'False'
[0.298s] DEBUG:colcon.colcon_core.verb:Building package 'support_polygon_calculator' with the following arguments: {'ament_cmake_args': None, 'build_base': '/home/alec/Documents/SpiderBot/ros2_ws/build/support_polygon_calculator', 'catkin_cmake_args': None, 'catkin_skip_building_tests': False, 'cmake_args': None, 'cmake_clean_cache': False, 'cmake_clean_first': False, 'cmake_force_configure': False, 'cmake_target': None, 'cmake_target_skip_unavailable': False, 'install_base': '/home/alec/Documents/SpiderBot/ros2_ws/install/support_polygon_calculator', 'merge_install': False, 'path': '/home/alec/Documents/SpiderBot/ros2_ws/src/support_polygon_calculator', 'symlink_install': False, 'test_result_base': None}
[0.298s] INFO:colcon.colcon_core.executor:Executing jobs using 'parallel' executor
[0.299s] DEBUG:colcon.colcon_parallel_executor.executor.parallel:run_until_complete
[0.300s] INFO:colcon.colcon_ros.task.ament_python.build:Building ROS package in '/home/alec/Documents/SpiderBot/ros2_ws/src/hexapod_com_calculator' with build type 'ament_python'
[0.300s] Level 1:colcon.colcon_core.shell:create_environment_hook('hexapod_com_calculator', 'ament_prefix_path')
[0.302s] INFO:colcon.colcon_core.plugin_system:Skipping extension 'colcon_core.shell.bat': Not used on non-Windows systems
[0.303s] INFO:colcon.colcon_core.shell:Creating environment hook '/home/alec/Documents/SpiderBot/ros2_ws/install/hexapod_com_calculator/share/hexapod_com_calculator/hook/ament_prefix_path.ps1'
[0.303s] INFO:colcon.colcon_core.shell:Creating environment descriptor '/home/alec/Documents/SpiderBot/ros2_ws/install/hexapod_com_calculator/share/hexapod_com_calculator/hook/ament_prefix_path.dsv'
[0.304s] INFO:colcon.colcon_core.shell:Creating environment hook '/home/alec/Documents/SpiderBot/ros2_ws/install/hexapod_com_calculator/share/hexapod_com_calculator/hook/ament_prefix_path.sh'
[0.305s] INFO:colcon.colcon_core.shell:Skip shell extension 'powershell' for command environment: Not usable outside of PowerShell
[0.305s] DEBUG:colcon.colcon_core.shell:Skip shell extension 'dsv' for command environment
[0.311s] INFO:colcon.colcon_ros.task.ament_cmake.build:Building ROS package in '/home/alec/Documents/SpiderBot/ros2_ws/src/hexapod_description' with build type 'ament_cmake'
[0.311s] INFO:colcon.colcon_cmake.task.cmake.build:Building CMake package in '/home/alec/Documents/SpiderBot/ros2_ws/src/hexapod_description'
[0.311s] INFO:colcon.colcon_core.shell:Skip shell extension 'powershell' for command environment: Not usable outside of PowerShell
[0.311s] DEBUG:colcon.colcon_core.shell:Skip shell extension 'dsv' for command environment
[0.317s] INFO:colcon.colcon_ros.task.ament_cmake.build:Building ROS package in '/home/alec/Documents/SpiderBot/ros2_ws/src/hexapod_msgs' with build type 'ament_cmake'
[0.317s] INFO:colcon.colcon_cmake.task.cmake.build:Building CMake package in '/home/alec/Documents/SpiderBot/ros2_ws/src/hexapod_msgs'
[0.317s] INFO:colcon.colcon_core.shell:Skip shell extension 'powershell' for command environment: Not usable outside of PowerShell
[0.317s] DEBUG:colcon.colcon_core.shell:Skip shell extension 'dsv' for command environment
[0.323s] INFO:colcon.colcon_ros.task.ament_cmake.build:Building ROS package in '/home/alec/Documents/SpiderBot/ros2_ws/src/kinematics' with build type 'ament_cmake'
[0.323s] INFO:colcon.colcon_cmake.task.cmake.build:Building CMake package in '/home/alec/Documents/SpiderBot/ros2_ws/src/kinematics'
[0.323s] INFO:colcon.colcon_core.shell:Skip shell extension 'powershell' for command environment: Not usable outside of PowerShell
[0.323s] DEBUG:colcon.colcon_core.shell:Skip shell extension 'dsv' for command environment
[0.328s] INFO:colcon.colcon_ros.task.ament_cmake.build:Building ROS package in '/home/alec/Documents/SpiderBot/ros2_ws/src/support_polygon_calculator' with build type 'ament_cmake'
[0.329s] INFO:colcon.colcon_cmake.task.cmake.build:Building CMake package in '/home/alec/Documents/SpiderBot/ros2_ws/src/support_polygon_calculator'
[0.329s] INFO:colcon.colcon_core.shell:Skip shell extension 'powershell' for command environment: Not usable outside of PowerShell
[0.329s] DEBUG:colcon.colcon_core.shell:Skip shell extension 'dsv' for command environment
[0.585s] INFO:colcon.colcon_core.task.python.build:Building Python package in '/home/alec/Documents/SpiderBot/ros2_ws/src/hexapod_com_calculator'
[0.586s] INFO:colcon.colcon_core.shell:Skip shell extension 'powershell' for command environment: Not usable outside of PowerShell
[0.586s] DEBUG:colcon.colcon_core.shell:Skip shell extension 'dsv' for command environment
[0.597s] DEBUG:colcon.colcon_core.event_handler.log_command:Invoking command in '/home/alec/Documents/SpiderBot/ros2_ws/build/hexapod_description': CMAKE_PREFIX_PATH=${CMAKE_PREFIX_PATH}:/home/alec/Documents/SpiderBot/ros2_ws/install/servo_control:/home/alec/Documents/SpiderBot/ros2_ws/install/imu_interface:/home/alec/Documents/SpiderBot/ros2_ws/install/hexapod_com_calculator:/home/alec/Documents/SpiderBot/ros2_ws/install/hexapod_kinematics_py:/opt/ros/jazzy DEBUGINFOD_URLS=https://debuginfod.ubuntu.com /usr/bin/cmake --build /home/alec/Documents/SpiderBot/ros2_ws/build/hexapod_description -- -j20 -l20
[0.599s] DEBUG:colcon.colcon_core.event_handler.log_command:Invoking command in '/home/alec/Documents/SpiderBot/ros2_ws/build/hexapod_msgs': CMAKE_PREFIX_PATH=${CMAKE_PREFIX_PATH}:/home/alec/Documents/SpiderBot/ros2_ws/install/servo_control:/home/alec/Documents/SpiderBot/ros2_ws/install/imu_interface:/home/alec/Documents/SpiderBot/ros2_ws/install/hexapod_com_calculator:/home/alec/Documents/SpiderBot/ros2_ws/install/hexapod_kinematics_py:/opt/ros/jazzy DEBUGINFOD_URLS=https://debuginfod.ubuntu.com /usr/bin/cmake --build /home/alec/Documents/SpiderBot/ros2_ws/build/hexapod_msgs -- -j20 -l20
[0.602s] DEBUG:colcon.colcon_core.event_handler.log_command:Invoking command in '/home/alec/Documents/SpiderBot/ros2_ws/build/kinematics': CMAKE_PREFIX_PATH=${CMAKE_PREFIX_PATH}:/home/alec/Documents/SpiderBot/ros2_ws/install/servo_control:/home/alec/Documents/SpiderBot/ros2_ws/install/imu_interface:/home/alec/Documents/SpiderBot/ros2_ws/install/hexapod_com_calculator:/home/alec/Documents/SpiderBot/ros2_ws/install/hexapod_kinematics_py:/opt/ros/jazzy DEBUGINFOD_URLS=https://debuginfod.ubuntu.com /usr/bin/cmake /home/alec/Documents/SpiderBot/ros2_ws/src/kinematics -DCMAKE_INSTALL_PREFIX=/home/alec/Documents/SpiderBot/ros2_ws/install/kinematics
[0.608s] DEBUG:colcon.colcon_core.event_handler.log_command:Invoking command in '/home/alec/Documents/SpiderBot/ros2_ws/build/support_polygon_calculator': CMAKE_PREFIX_PATH=${CMAKE_PREFIX_PATH}:/home/alec/Documents/SpiderBot/ros2_ws/install/servo_control:/home/alec/Documents/SpiderBot/ros2_ws/install/imu_interface:/home/alec/Documents/SpiderBot/ros2_ws/install/hexapod_com_calculator:/home/alec/Documents/SpiderBot/ros2_ws/install/hexapod_kinematics_py:/opt/ros/jazzy DEBUGINFOD_URLS=https://debuginfod.ubuntu.com /usr/bin/cmake --build /home/alec/Documents/SpiderBot/ros2_ws/build/support_polygon_calculator -- -j20 -l20
[1.158s] DEBUG:colcon.colcon_core.event_handler.log_command:Invoked command in '/home/alec/Documents/SpiderBot/ros2_ws/build/hexapod_description' returned '0': CMAKE_PREFIX_PATH=${CMAKE_PREFIX_PATH}:/home/alec/Documents/SpiderBot/ros2_ws/install/servo_control:/home/alec/Documents/SpiderBot/ros2_ws/install/imu_interface:/home/alec/Documents/SpiderBot/ros2_ws/install/hexapod_com_calculator:/home/alec/Documents/SpiderBot/ros2_ws/install/hexapod_kinematics_py:/opt/ros/jazzy DEBUGINFOD_URLS=https://debuginfod.ubuntu.com /usr/bin/cmake --build /home/alec/Documents/SpiderBot/ros2_ws/build/hexapod_description -- -j20 -l20
[1.174s] DEBUG:colcon.colcon_core.event_handler.log_command:Invoking command in '/home/alec/Documents/SpiderBot/ros2_ws/build/hexapod_description': CMAKE_PREFIX_PATH=${CMAKE_PREFIX_PATH}:/home/alec/Documents/SpiderBot/ros2_ws/install/servo_control:/home/alec/Documents/SpiderBot/ros2_ws/install/imu_interface:/home/alec/Documents/SpiderBot/ros2_ws/install/hexapod_com_calculator:/home/alec/Documents/SpiderBot/ros2_ws/install/hexapod_kinematics_py:/opt/ros/jazzy DEBUGINFOD_URLS=https://debuginfod.ubuntu.com /usr/bin/cmake --install /home/alec/Documents/SpiderBot/ros2_ws/build/hexapod_description
[1.191s] Level 1:colcon.colcon_core.environment:create_environment_scripts_only(hexapod_description)
[1.192s] DEBUG:colcon.colcon_core.event_handler.log_command:Invoked command in '/home/alec/Documents/SpiderBot/ros2_ws/build/hexapod_description' returned '0': CMAKE_PREFIX_PATH=${CMAKE_PREFIX_PATH}:/home/alec/Documents/SpiderBot/ros2_ws/install/servo_control:/home/alec/Documents/SpiderBot/ros2_ws/install/imu_interface:/home/alec/Documents/SpiderBot/ros2_ws/install/hexapod_com_calculator:/home/alec/Documents/SpiderBot/ros2_ws/install/hexapod_kinematics_py:/opt/ros/jazzy DEBUGINFOD_URLS=https://debuginfod.ubuntu.com /usr/bin/cmake --install /home/alec/Documents/SpiderBot/ros2_ws/build/hexapod_description
[1.195s] Level 1:colcon.colcon_core.environment:checking '/home/alec/Documents/SpiderBot/ros2_ws/install/hexapod_description' for CMake module files
[1.196s] Level 1:colcon.colcon_core.environment:checking '/home/alec/Documents/SpiderBot/ros2_ws/install/hexapod_description' for CMake config files
[1.197s] Level 1:colcon.colcon_core.shell:create_environment_hook('hexapod_description', 'cmake_prefix_path')
[1.197s] INFO:colcon.colcon_core.shell:Creating environment hook '/home/alec/Documents/SpiderBot/ros2_ws/install/hexapod_description/share/hexapod_description/hook/cmake_prefix_path.ps1'
[1.198s] INFO:colcon.colcon_core.shell:Creating environment descriptor '/home/alec/Documents/SpiderBot/ros2_ws/install/hexapod_description/share/hexapod_description/hook/cmake_prefix_path.dsv'
[1.198s] INFO:colcon.colcon_core.shell:Creating environment hook '/home/alec/Documents/SpiderBot/ros2_ws/install/hexapod_description/share/hexapod_description/hook/cmake_prefix_path.sh'
[1.200s] Level 1:colcon.colcon_core.environment:checking '/home/alec/Documents/SpiderBot/ros2_ws/install/hexapod_description/bin'
[1.200s] Level 1:colcon.colcon_core.environment:checking '/home/alec/Documents/SpiderBot/ros2_ws/install/hexapod_description/lib/pkgconfig/hexapod_description.pc'
[1.200s] Level 1:colcon.colcon_core.environment:checking '/home/alec/Documents/SpiderBot/ros2_ws/install/hexapod_description/lib/python3.12/site-packages'
[1.200s] Level 1:colcon.colcon_core.environment:checking '/home/alec/Documents/SpiderBot/ros2_ws/install/hexapod_description/bin'
[1.201s] INFO:colcon.colcon_core.shell:Creating package script '/home/alec/Documents/SpiderBot/ros2_ws/install/hexapod_description/share/hexapod_description/package.ps1'
[1.202s] INFO:colcon.colcon_core.shell:Creating package descriptor '/home/alec/Documents/SpiderBot/ros2_ws/install/hexapod_description/share/hexapod_description/package.dsv'
[1.203s] INFO:colcon.colcon_core.shell:Creating package script '/home/alec/Documents/SpiderBot/ros2_ws/install/hexapod_description/share/hexapod_description/package.sh'
[1.204s] INFO:colcon.colcon_core.shell:Creating package script '/home/alec/Documents/SpiderBot/ros2_ws/install/hexapod_description/share/hexapod_description/package.bash'
[1.204s] INFO:colcon.colcon_core.shell:Creating package script '/home/alec/Documents/SpiderBot/ros2_ws/install/hexapod_description/share/hexapod_description/package.zsh'
[1.205s] Level 1:colcon.colcon_core.environment:create_file_with_runtime_dependencies(/home/alec/Documents/SpiderBot/ros2_ws/install/hexapod_description/share/colcon-core/packages/hexapod_description)
[1.205s] Level 1:colcon.colcon_core.environment:create_environment_scripts_only(hexapod_description)
[1.206s] Level 1:colcon.colcon_core.environment:checking '/home/alec/Documents/SpiderBot/ros2_ws/install/hexapod_description' for CMake module files
[1.207s] Level 1:colcon.colcon_core.environment:checking '/home/alec/Documents/SpiderBot/ros2_ws/install/hexapod_description' for CMake config files
[1.207s] Level 1:colcon.colcon_core.shell:create_environment_hook('hexapod_description', 'cmake_prefix_path')
[1.207s] INFO:colcon.colcon_core.shell:Creating environment hook '/home/alec/Documents/SpiderBot/ros2_ws/install/hexapod_description/share/hexapod_description/hook/cmake_prefix_path.ps1'
[1.208s] INFO:colcon.colcon_core.shell:Creating environment descriptor '/home/alec/Documents/SpiderBot/ros2_ws/install/hexapod_description/share/hexapod_description/hook/cmake_prefix_path.dsv'
[1.208s] INFO:colcon.colcon_core.shell:Creating environment hook '/home/alec/Documents/SpiderBot/ros2_ws/install/hexapod_description/share/hexapod_description/hook/cmake_prefix_path.sh'
[1.209s] Level 1:colcon.colcon_core.environment:checking '/home/alec/Documents/SpiderBot/ros2_ws/install/hexapod_description/bin'
[1.209s] Level 1:colcon.colcon_core.environment:checking '/home/alec/Documents/SpiderBot/ros2_ws/install/hexapod_description/lib/pkgconfig/hexapod_description.pc'
[1.209s] Level 1:colcon.colcon_core.environment:checking '/home/alec/Documents/SpiderBot/ros2_ws/install/hexapod_description/lib/python3.12/site-packages'
[1.209s] Level 1:colcon.colcon_core.environment:checking '/home/alec/Documents/SpiderBot/ros2_ws/install/hexapod_description/bin'
[1.209s] INFO:colcon.colcon_core.shell:Creating package script '/home/alec/Documents/SpiderBot/ros2_ws/install/hexapod_description/share/hexapod_description/package.ps1'
[1.210s] INFO:colcon.colcon_core.shell:Creating package descriptor '/home/alec/Documents/SpiderBot/ros2_ws/install/hexapod_description/share/hexapod_description/package.dsv'
[1.210s] INFO:colcon.colcon_core.shell:Creating package script '/home/alec/Documents/SpiderBot/ros2_ws/install/hexapod_description/share/hexapod_description/package.sh'
[1.211s] INFO:colcon.colcon_core.shell:Creating package script '/home/alec/Documents/SpiderBot/ros2_ws/install/hexapod_description/share/hexapod_description/package.bash'
[1.211s] INFO:colcon.colcon_core.shell:Creating package script '/home/alec/Documents/SpiderBot/ros2_ws/install/hexapod_description/share/hexapod_description/package.zsh'
[1.212s] Level 1:colcon.colcon_core.environment:create_file_with_runtime_dependencies(/home/alec/Documents/SpiderBot/ros2_ws/install/hexapod_description/share/colcon-core/packages/hexapod_description)
[1.327s] DEBUG:colcon.colcon_core.event_handler.log_command:Invoking command in '/home/alec/Documents/SpiderBot/ros2_ws/src/hexapod_com_calculator': DEBUGINFOD_URLS=https://debuginfod.ubuntu.com PYTHONPATH=/home/alec/Documents/SpiderBot/ros2_ws/build/hexapod_com_calculator/prefix_override:/usr/lib/python3/dist-packages/colcon_core/task/python/colcon_distutils_commands:/home/alec/Documents/SpiderBot/ros2_ws/install/hexapod_com_calculator/lib/python3.12/site-packages:${PYTHONPATH} /usr/bin/python3 -W ignore:setup.py install is deprecated -W ignore:easy_install command is deprecated setup.py egg_info --egg-base ../../build/hexapod_com_calculator build --build-base /home/alec/Documents/SpiderBot/ros2_ws/build/hexapod_com_calculator/build install --record /home/alec/Documents/SpiderBot/ros2_ws/build/hexapod_com_calculator/install.log --single-version-externally-managed install_data
[1.952s] Level 1:colcon.colcon_core.environment:checking '/home/alec/Documents/SpiderBot/ros2_ws/install/hexapod_com_calculator' for CMake module files
[1.953s] DEBUG:colcon.colcon_core.event_handler.log_command:Invoked command in '/home/alec/Documents/SpiderBot/ros2_ws/src/hexapod_com_calculator' returned '0': DEBUGINFOD_URLS=https://debuginfod.ubuntu.com PYTHONPATH=/home/alec/Documents/SpiderBot/ros2_ws/build/hexapod_com_calculator/prefix_override:/usr/lib/python3/dist-packages/colcon_core/task/python/colcon_distutils_commands:/home/alec/Documents/SpiderBot/ros2_ws/install/hexapod_com_calculator/lib/python3.12/site-packages:${PYTHONPATH} /usr/bin/python3 -W ignore:setup.py install is deprecated -W ignore:easy_install command is deprecated setup.py egg_info --egg-base ../../build/hexapod_com_calculator build --build-base /home/alec/Documents/SpiderBot/ros2_ws/build/hexapod_com_calculator/build install --record /home/alec/Documents/SpiderBot/ros2_ws/build/hexapod_com_calculator/install.log --single-version-externally-managed install_data
[1.953s] Level 1:colcon.colcon_core.environment:checking '/home/alec/Documents/SpiderBot/ros2_ws/install/hexapod_com_calculator' for CMake config files
[1.954s] Level 1:colcon.colcon_core.environment:checking '/home/alec/Documents/SpiderBot/ros2_ws/install/hexapod_com_calculator/lib'
[1.954s] Level 1:colcon.colcon_core.environment:checking '/home/alec/Documents/SpiderBot/ros2_ws/install/hexapod_com_calculator/bin'
[1.954s] Level 1:colcon.colcon_core.environment:checking '/home/alec/Documents/SpiderBot/ros2_ws/install/hexapod_com_calculator/lib/pkgconfig/hexapod_com_calculator.pc'
[1.954s] Level 1:colcon.colcon_core.environment:checking '/home/alec/Documents/SpiderBot/ros2_ws/install/hexapod_com_calculator/lib/python3.12/site-packages'
[1.954s] Level 1:colcon.colcon_core.shell:create_environment_hook('hexapod_com_calculator', 'pythonpath')
[1.955s] INFO:colcon.colcon_core.shell:Creating environment hook '/home/alec/Documents/SpiderBot/ros2_ws/install/hexapod_com_calculator/share/hexapod_com_calculator/hook/pythonpath.ps1'
[1.955s] INFO:colcon.colcon_core.shell:Creating environment descriptor '/home/alec/Documents/SpiderBot/ros2_ws/install/hexapod_com_calculator/share/hexapod_com_calculator/hook/pythonpath.dsv'
[1.956s] INFO:colcon.colcon_core.shell:Creating environment hook '/home/alec/Documents/SpiderBot/ros2_ws/install/hexapod_com_calculator/share/hexapod_com_calculator/hook/pythonpath.sh'
[1.956s] Level 1:colcon.colcon_core.environment:checking '/home/alec/Documents/SpiderBot/ros2_ws/install/hexapod_com_calculator/bin'
[1.956s] Level 1:colcon.colcon_core.environment:create_environment_scripts_only(hexapod_com_calculator)
[1.957s] INFO:colcon.colcon_core.shell:Creating package script '/home/alec/Documents/SpiderBot/ros2_ws/install/hexapod_com_calculator/share/hexapod_com_calculator/package.ps1'
[1.957s] INFO:colcon.colcon_core.shell:Creating package descriptor '/home/alec/Documents/SpiderBot/ros2_ws/install/hexapod_com_calculator/share/hexapod_com_calculator/package.dsv'
[1.957s] INFO:colcon.colcon_core.shell:Creating package script '/home/alec/Documents/SpiderBot/ros2_ws/install/hexapod_com_calculator/share/hexapod_com_calculator/package.sh'
[1.958s] INFO:colcon.colcon_core.shell:Creating package script '/home/alec/Documents/SpiderBot/ros2_ws/install/hexapod_com_calculator/share/hexapod_com_calculator/package.bash'
[1.958s] INFO:colcon.colcon_core.shell:Creating package script '/home/alec/Documents/SpiderBot/ros2_ws/install/hexapod_com_calculator/share/hexapod_com_calculator/package.zsh'
[1.959s] Level 1:colcon.colcon_core.environment:create_file_with_runtime_dependencies(/home/alec/Documents/SpiderBot/ros2_ws/install/hexapod_com_calculator/share/colcon-core/packages/hexapod_com_calculator)
[2.341s] DEBUG:colcon.colcon_core.event_handler.log_command:Invoked command in '/home/alec/Documents/SpiderBot/ros2_ws/build/kinematics' returned '0': CMAKE_PREFIX_PATH=${CMAKE_PREFIX_PATH}:/home/alec/Documents/SpiderBot/ros2_ws/install/servo_control:/home/alec/Documents/SpiderBot/ros2_ws/install/imu_interface:/home/alec/Documents/SpiderBot/ros2_ws/install/hexapod_com_calculator:/home/alec/Documents/SpiderBot/ros2_ws/install/hexapod_kinematics_py:/opt/ros/jazzy DEBUGINFOD_URLS=https://debuginfod.ubuntu.com /usr/bin/cmake /home/alec/Documents/SpiderBot/ros2_ws/src/kinematics -DCMAKE_INSTALL_PREFIX=/home/alec/Documents/SpiderBot/ros2_ws/install/kinematics
[2.343s] DEBUG:colcon.colcon_core.event_handler.log_command:Invoking command in '/home/alec/Documents/SpiderBot/ros2_ws/build/kinematics': CMAKE_PREFIX_PATH=${CMAKE_PREFIX_PATH}:/home/alec/Documents/SpiderBot/ros2_ws/install/servo_control:/home/alec/Documents/SpiderBot/ros2_ws/install/imu_interface:/home/alec/Documents/SpiderBot/ros2_ws/install/hexapod_com_calculator:/home/alec/Documents/SpiderBot/ros2_ws/install/hexapod_kinematics_py:/opt/ros/jazzy DEBUGINFOD_URLS=https://debuginfod.ubuntu.com /usr/bin/cmake --build /home/alec/Documents/SpiderBot/ros2_ws/build/kinematics -- -j20 -l20
[3.042s] DEBUG:colcon.colcon_core.event_handler.log_command:Invoked command in '/home/alec/Documents/SpiderBot/ros2_ws/build/hexapod_msgs' returned '0': CMAKE_PREFIX_PATH=${CMAKE_PREFIX_PATH}:/home/alec/Documents/SpiderBot/ros2_ws/install/servo_control:/home/alec/Documents/SpiderBot/ros2_ws/install/imu_interface:/home/alec/Documents/SpiderBot/ros2_ws/install/hexapod_com_calculator:/home/alec/Documents/SpiderBot/ros2_ws/install/hexapod_kinematics_py:/opt/ros/jazzy DEBUGINFOD_URLS=https://debuginfod.ubuntu.com /usr/bin/cmake --build /home/alec/Documents/SpiderBot/ros2_ws/build/hexapod_msgs -- -j20 -l20
[3.043s] DEBUG:colcon.colcon_core.event_handler.log_command:Invoking command in '/home/alec/Documents/SpiderBot/ros2_ws/build/hexapod_msgs': CMAKE_PREFIX_PATH=${CMAKE_PREFIX_PATH}:/home/alec/Documents/SpiderBot/ros2_ws/install/servo_control:/home/alec/Documents/SpiderBot/ros2_ws/install/imu_interface:/home/alec/Documents/SpiderBot/ros2_ws/install/hexapod_com_calculator:/home/alec/Documents/SpiderBot/ros2_ws/install/hexapod_kinematics_py:/opt/ros/jazzy DEBUGINFOD_URLS=https://debuginfod.ubuntu.com /usr/bin/cmake --install /home/alec/Documents/SpiderBot/ros2_ws/build/hexapod_msgs
[3.142s] Level 1:colcon.colcon_core.environment:create_environment_scripts_only(hexapod_msgs)
[3.143s] Level 1:colcon.colcon_core.environment:checking '/home/alec/Documents/SpiderBot/ros2_ws/install/hexapod_msgs' for CMake module files
[3.144s] DEBUG:colcon.colcon_core.event_handler.log_command:Invoked command in '/home/alec/Documents/SpiderBot/ros2_ws/build/hexapod_msgs' returned '0': CMAKE_PREFIX_PATH=${CMAKE_PREFIX_PATH}:/home/alec/Documents/SpiderBot/ros2_ws/install/servo_control:/home/alec/Documents/SpiderBot/ros2_ws/install/imu_interface:/home/alec/Documents/SpiderBot/ros2_ws/install/hexapod_com_calculator:/home/alec/Documents/SpiderBot/ros2_ws/install/hexapod_kinematics_py:/opt/ros/jazzy DEBUGINFOD_URLS=https://debuginfod.ubuntu.com /usr/bin/cmake --install /home/alec/Documents/SpiderBot/ros2_ws/build/hexapod_msgs
[3.145s] Level 1:colcon.colcon_core.environment:checking '/home/alec/Documents/SpiderBot/ros2_ws/install/hexapod_msgs' for CMake config files
[3.146s] Level 1:colcon.colcon_core.shell:create_environment_hook('hexapod_msgs', 'cmake_prefix_path')
[3.146s] INFO:colcon.colcon_core.shell:Creating environment hook '/home/alec/Documents/SpiderBot/ros2_ws/install/hexapod_msgs/share/hexapod_msgs/hook/cmake_prefix_path.ps1'
[3.147s] INFO:colcon.colcon_core.shell:Creating environment descriptor '/home/alec/Documents/SpiderBot/ros2_ws/install/hexapod_msgs/share/hexapod_msgs/hook/cmake_prefix_path.dsv'
[3.148s] INFO:colcon.colcon_core.shell:Creating environment hook '/home/alec/Documents/SpiderBot/ros2_ws/install/hexapod_msgs/share/hexapod_msgs/hook/cmake_prefix_path.sh'
[3.149s] Level 1:colcon.colcon_core.environment:checking '/home/alec/Documents/SpiderBot/ros2_ws/install/hexapod_msgs/lib'
[3.149s] Level 1:colcon.colcon_core.shell:create_environment_hook('hexapod_msgs', 'ld_library_path_lib')
[3.149s] INFO:colcon.colcon_core.shell:Creating environment hook '/home/alec/Documents/SpiderBot/ros2_ws/install/hexapod_msgs/share/hexapod_msgs/hook/ld_library_path_lib.ps1'
[3.150s] INFO:colcon.colcon_core.shell:Creating environment descriptor '/home/alec/Documents/SpiderBot/ros2_ws/install/hexapod_msgs/share/hexapod_msgs/hook/ld_library_path_lib.dsv'
[3.150s] INFO:colcon.colcon_core.shell:Creating environment hook '/home/alec/Documents/SpiderBot/ros2_ws/install/hexapod_msgs/share/hexapod_msgs/hook/ld_library_path_lib.sh'
[3.151s] Level 1:colcon.colcon_core.environment:checking '/home/alec/Documents/SpiderBot/ros2_ws/install/hexapod_msgs/bin'
[3.151s] Level 1:colcon.colcon_core.environment:checking '/home/alec/Documents/SpiderBot/ros2_ws/install/hexapod_msgs/lib/pkgconfig/hexapod_msgs.pc'
[3.152s] Level 1:colcon.colcon_core.environment:checking '/home/alec/Documents/SpiderBot/ros2_ws/install/hexapod_msgs/lib/python3.12/site-packages'
[3.152s] Level 1:colcon.colcon_core.shell:create_environment_hook('hexapod_msgs', 'pythonpath')
[3.152s] INFO:colcon.colcon_core.shell:Creating environment hook '/home/alec/Documents/SpiderBot/ros2_ws/install/hexapod_msgs/share/hexapod_msgs/hook/pythonpath.ps1'
[3.153s] INFO:colcon.colcon_core.shell:Creating environment descriptor '/home/alec/Documents/SpiderBot/ros2_ws/install/hexapod_msgs/share/hexapod_msgs/hook/pythonpath.dsv'
[3.154s] INFO:colcon.colcon_core.shell:Creating environment hook '/home/alec/Documents/SpiderBot/ros2_ws/install/hexapod_msgs/share/hexapod_msgs/hook/pythonpath.sh'
[3.155s] Level 1:colcon.colcon_core.environment:checking '/home/alec/Documents/SpiderBot/ros2_ws/install/hexapod_msgs/bin'
[3.155s] INFO:colcon.colcon_core.shell:Creating package script '/home/alec/Documents/SpiderBot/ros2_ws/install/hexapod_msgs/share/hexapod_msgs/package.ps1'
[3.157s] INFO:colcon.colcon_core.shell:Creating package descriptor '/home/alec/Documents/SpiderBot/ros2_ws/install/hexapod_msgs/share/hexapod_msgs/package.dsv'
[3.158s] INFO:colcon.colcon_core.shell:Creating package script '/home/alec/Documents/SpiderBot/ros2_ws/install/hexapod_msgs/share/hexapod_msgs/package.sh'
[3.158s] INFO:colcon.colcon_core.shell:Creating package script '/home/alec/Documents/SpiderBot/ros2_ws/install/hexapod_msgs/share/hexapod_msgs/package.bash'
[3.159s] INFO:colcon.colcon_core.shell:Creating package script '/home/alec/Documents/SpiderBot/ros2_ws/install/hexapod_msgs/share/hexapod_msgs/package.zsh'
[3.160s] Level 1:colcon.colcon_core.environment:create_file_with_runtime_dependencies(/home/alec/Documents/SpiderBot/ros2_ws/install/hexapod_msgs/share/colcon-core/packages/hexapod_msgs)
[3.161s] Level 1:colcon.colcon_core.environment:create_environment_scripts_only(hexapod_msgs)
[3.161s] Level 1:colcon.colcon_core.environment:checking '/home/alec/Documents/SpiderBot/ros2_ws/install/hexapod_msgs' for CMake module files
[3.162s] Level 1:colcon.colcon_core.environment:checking '/home/alec/Documents/SpiderBot/ros2_ws/install/hexapod_msgs' for CMake config files
[3.163s] Level 1:colcon.colcon_core.shell:create_environment_hook('hexapod_msgs', 'cmake_prefix_path')
[3.164s] INFO:colcon.colcon_core.shell:Creating environment hook '/home/alec/Documents/SpiderBot/ros2_ws/install/hexapod_msgs/share/hexapod_msgs/hook/cmake_prefix_path.ps1'
[3.164s] INFO:colcon.colcon_core.shell:Creating environment descriptor '/home/alec/Documents/SpiderBot/ros2_ws/install/hexapod_msgs/share/hexapod_msgs/hook/cmake_prefix_path.dsv'
[3.165s] INFO:colcon.colcon_core.shell:Creating environment hook '/home/alec/Documents/SpiderBot/ros2_ws/install/hexapod_msgs/share/hexapod_msgs/hook/cmake_prefix_path.sh'
[3.166s] Level 1:colcon.colcon_core.environment:checking '/home/alec/Documents/SpiderBot/ros2_ws/install/hexapod_msgs/lib'
[3.166s] Level 1:colcon.colcon_core.shell:create_environment_hook('hexapod_msgs', 'ld_library_path_lib')
[3.167s] INFO:colcon.colcon_core.shell:Creating environment hook '/home/alec/Documents/SpiderBot/ros2_ws/install/hexapod_msgs/share/hexapod_msgs/hook/ld_library_path_lib.ps1'
[3.167s] INFO:colcon.colcon_core.shell:Creating environment descriptor '/home/alec/Documents/SpiderBot/ros2_ws/install/hexapod_msgs/share/hexapod_msgs/hook/ld_library_path_lib.dsv'
[3.168s] INFO:colcon.colcon_core.shell:Creating environment hook '/home/alec/Documents/SpiderBot/ros2_ws/install/hexapod_msgs/share/hexapod_msgs/hook/ld_library_path_lib.sh'
[3.169s] Level 1:colcon.colcon_core.environment:checking '/home/alec/Documents/SpiderBot/ros2_ws/install/hexapod_msgs/bin'
[3.169s] Level 1:colcon.colcon_core.environment:checking '/home/alec/Documents/SpiderBot/ros2_ws/install/hexapod_msgs/lib/pkgconfig/hexapod_msgs.pc'
[3.169s] Level 1:colcon.colcon_core.environment:checking '/home/alec/Documents/SpiderBot/ros2_ws/install/hexapod_msgs/lib/python3.12/site-packages'
[3.169s] Level 1:colcon.colcon_core.shell:create_environment_hook('hexapod_msgs', 'pythonpath')
[3.170s] INFO:colcon.colcon_core.shell:Creating environment hook '/home/alec/Documents/SpiderBot/ros2_ws/install/hexapod_msgs/share/hexapod_msgs/hook/pythonpath.ps1'
[3.170s] INFO:colcon.colcon_core.shell:Creating environment descriptor '/home/alec/Documents/SpiderBot/ros2_ws/install/hexapod_msgs/share/hexapod_msgs/hook/pythonpath.dsv'
[3.171s] INFO:colcon.colcon_core.shell:Creating environment hook '/home/alec/Documents/SpiderBot/ros2_ws/install/hexapod_msgs/share/hexapod_msgs/hook/pythonpath.sh'
[3.172s] Level 1:colcon.colcon_core.environment:checking '/home/alec/Documents/SpiderBot/ros2_ws/install/hexapod_msgs/bin'
[3.173s] INFO:colcon.colcon_core.shell:Creating package script '/home/alec/Documents/SpiderBot/ros2_ws/install/hexapod_msgs/share/hexapod_msgs/package.ps1'
[3.174s] INFO:colcon.colcon_core.shell:Creating package descriptor '/home/alec/Documents/SpiderBot/ros2_ws/install/hexapod_msgs/share/hexapod_msgs/package.dsv'
[3.175s] INFO:colcon.colcon_core.shell:Creating package script '/home/alec/Documents/SpiderBot/ros2_ws/install/hexapod_msgs/share/hexapod_msgs/package.sh'
[3.176s] INFO:colcon.colcon_core.shell:Creating package script '/home/alec/Documents/SpiderBot/ros2_ws/install/hexapod_msgs/share/hexapod_msgs/package.bash'
[3.177s] INFO:colcon.colcon_core.shell:Creating package script '/home/alec/Documents/SpiderBot/ros2_ws/install/hexapod_msgs/share/hexapod_msgs/package.zsh'
[3.178s] Level 1:colcon.colcon_core.environment:create_file_with_runtime_dependencies(/home/alec/Documents/SpiderBot/ros2_ws/install/hexapod_msgs/share/colcon-core/packages/hexapod_msgs)
[12.368s] DEBUG:colcon.colcon_core.event_handler.log_command:Invoked command in '/home/alec/Documents/SpiderBot/ros2_ws/build/kinematics' returned '0': CMAKE_PREFIX_PATH=${CMAKE_PREFIX_PATH}:/home/alec/Documents/SpiderBot/ros2_ws/install/servo_control:/home/alec/Documents/SpiderBot/ros2_ws/install/imu_interface:/home/alec/Documents/SpiderBot/ros2_ws/install/hexapod_com_calculator:/home/alec/Documents/SpiderBot/ros2_ws/install/hexapod_kinematics_py:/opt/ros/jazzy DEBUGINFOD_URLS=https://debuginfod.ubuntu.com /usr/bin/cmake --build /home/alec/Documents/SpiderBot/ros2_ws/build/kinematics -- -j20 -l20
[12.369s] DEBUG:colcon.colcon_core.event_handler.log_command:Invoking command in '/home/alec/Documents/SpiderBot/ros2_ws/build/kinematics': CMAKE_PREFIX_PATH=${CMAKE_PREFIX_PATH}:/home/alec/Documents/SpiderBot/ros2_ws/install/servo_control:/home/alec/Documents/SpiderBot/ros2_ws/install/imu_interface:/home/alec/Documents/SpiderBot/ros2_ws/install/hexapod_com_calculator:/home/alec/Documents/SpiderBot/ros2_ws/install/hexapod_kinematics_py:/opt/ros/jazzy DEBUGINFOD_URLS=https://debuginfod.ubuntu.com /usr/bin/cmake --install /home/alec/Documents/SpiderBot/ros2_ws/build/kinematics
[12.391s] Level 1:colcon.colcon_core.environment:create_environment_scripts_only(kinematics)
[12.391s] DEBUG:colcon.colcon_core.event_handler.log_command:Invoked command in '/home/alec/Documents/SpiderBot/ros2_ws/build/kinematics' returned '0': CMAKE_PREFIX_PATH=${CMAKE_PREFIX_PATH}:/home/alec/Documents/SpiderBot/ros2_ws/install/servo_control:/home/alec/Documents/SpiderBot/ros2_ws/install/imu_interface:/home/alec/Documents/SpiderBot/ros2_ws/install/hexapod_com_calculator:/home/alec/Documents/SpiderBot/ros2_ws/install/hexapod_kinematics_py:/opt/ros/jazzy DEBUGINFOD_URLS=https://debuginfod.ubuntu.com /usr/bin/cmake --install /home/alec/Documents/SpiderBot/ros2_ws/build/kinematics
[12.391s] Level 1:colcon.colcon_core.environment:checking '/home/alec/Documents/SpiderBot/ros2_ws/install/kinematics' for CMake module files
[12.392s] Level 1:colcon.colcon_core.environment:checking '/home/alec/Documents/SpiderBot/ros2_ws/install/kinematics' for CMake config files
[12.392s] Level 1:colcon.colcon_core.shell:create_environment_hook('kinematics', 'cmake_prefix_path')
[12.392s] INFO:colcon.colcon_core.shell:Creating environment hook '/home/alec/Documents/SpiderBot/ros2_ws/install/kinematics/share/kinematics/hook/cmake_prefix_path.ps1'
[12.393s] INFO:colcon.colcon_core.shell:Creating environment descriptor '/home/alec/Documents/SpiderBot/ros2_ws/install/kinematics/share/kinematics/hook/cmake_prefix_path.dsv'
[12.393s] INFO:colcon.colcon_core.shell:Creating environment hook '/home/alec/Documents/SpiderBot/ros2_ws/install/kinematics/share/kinematics/hook/cmake_prefix_path.sh'
[12.394s] Level 1:colcon.colcon_core.environment:checking '/home/alec/Documents/SpiderBot/ros2_ws/install/kinematics/lib'
[12.394s] Level 1:colcon.colcon_core.environment:checking '/home/alec/Documents/SpiderBot/ros2_ws/install/kinematics/bin'
[12.394s] Level 1:colcon.colcon_core.environment:checking '/home/alec/Documents/SpiderBot/ros2_ws/install/kinematics/lib/pkgconfig/kinematics.pc'
[12.394s] Level 1:colcon.colcon_core.environment:checking '/home/alec/Documents/SpiderBot/ros2_ws/install/kinematics/lib/python3.12/site-packages'
[12.394s] Level 1:colcon.colcon_core.environment:checking '/home/alec/Documents/SpiderBot/ros2_ws/install/kinematics/bin'
[12.395s] INFO:colcon.colcon_core.shell:Creating package script '/home/alec/Documents/SpiderBot/ros2_ws/install/kinematics/share/kinematics/package.ps1'
[12.395s] INFO:colcon.colcon_core.shell:Creating package descriptor '/home/alec/Documents/SpiderBot/ros2_ws/install/kinematics/share/kinematics/package.dsv'
[12.395s] INFO:colcon.colcon_core.shell:Creating package script '/home/alec/Documents/SpiderBot/ros2_ws/install/kinematics/share/kinematics/package.sh'
[12.396s] INFO:colcon.colcon_core.shell:Creating package script '/home/alec/Documents/SpiderBot/ros2_ws/install/kinematics/share/kinematics/package.bash'
[12.396s] INFO:colcon.colcon_core.shell:Creating package script '/home/alec/Documents/SpiderBot/ros2_ws/install/kinematics/share/kinematics/package.zsh'
[12.396s] Level 1:colcon.colcon_core.environment:create_file_with_runtime_dependencies(/home/alec/Documents/SpiderBot/ros2_ws/install/kinematics/share/colcon-core/packages/kinematics)
[12.397s] Level 1:colcon.colcon_core.environment:create_environment_scripts_only(kinematics)
[12.397s] Level 1:colcon.colcon_core.environment:checking '/home/alec/Documents/SpiderBot/ros2_ws/install/kinematics' for CMake module files
[12.397s] Level 1:colcon.colcon_core.environment:checking '/home/alec/Documents/SpiderBot/ros2_ws/install/kinematics' for CMake config files
[12.398s] Level 1:colcon.colcon_core.shell:create_environment_hook('kinematics', 'cmake_prefix_path')
[12.398s] INFO:colcon.colcon_core.shell:Creating environment hook '/home/alec/Documents/SpiderBot/ros2_ws/install/kinematics/share/kinematics/hook/cmake_prefix_path.ps1'
[12.398s] INFO:colcon.colcon_core.shell:Creating environment descriptor '/home/alec/Documents/SpiderBot/ros2_ws/install/kinematics/share/kinematics/hook/cmake_prefix_path.dsv'
[12.399s] INFO:colcon.colcon_core.shell:Creating environment hook '/home/alec/Documents/SpiderBot/ros2_ws/install/kinematics/share/kinematics/hook/cmake_prefix_path.sh'
[12.399s] Level 1:colcon.colcon_core.environment:checking '/home/alec/Documents/SpiderBot/ros2_ws/install/kinematics/lib'
[12.399s] Level 1:colcon.colcon_core.environment:checking '/home/alec/Documents/SpiderBot/ros2_ws/install/kinematics/bin'
[12.399s] Level 1:colcon.colcon_core.environment:checking '/home/alec/Documents/SpiderBot/ros2_ws/install/kinematics/lib/pkgconfig/kinematics.pc'
[12.399s] Level 1:colcon.colcon_core.environment:checking '/home/alec/Documents/SpiderBot/ros2_ws/install/kinematics/lib/python3.12/site-packages'
[12.400s] Level 1:colcon.colcon_core.environment:checking '/home/alec/Documents/SpiderBot/ros2_ws/install/kinematics/bin'
[12.400s] INFO:colcon.colcon_core.shell:Creating package script '/home/alec/Documents/SpiderBot/ros2_ws/install/kinematics/share/kinematics/package.ps1'
[12.400s] INFO:colcon.colcon_core.shell:Creating package descriptor '/home/alec/Documents/SpiderBot/ros2_ws/install/kinematics/share/kinematics/package.dsv'
[12.401s] INFO:colcon.colcon_core.shell:Creating package script '/home/alec/Documents/SpiderBot/ros2_ws/install/kinematics/share/kinematics/package.sh'
[12.401s] INFO:colcon.colcon_core.shell:Creating package script '/home/alec/Documents/SpiderBot/ros2_ws/install/kinematics/share/kinematics/package.bash'
[12.402s] INFO:colcon.colcon_core.shell:Creating package script '/home/alec/Documents/SpiderBot/ros2_ws/install/kinematics/share/kinematics/package.zsh'
[12.402s] Level 1:colcon.colcon_core.environment:create_file_with_runtime_dependencies(/home/alec/Documents/SpiderBot/ros2_ws/install/kinematics/share/colcon-core/packages/kinematics)
[25.341s] DEBUG:colcon.colcon_core.event_handler.log_command:Invoked command in '/home/alec/Documents/SpiderBot/ros2_ws/build/support_polygon_calculator' returned '0': CMAKE_PREFIX_PATH=${CMAKE_PREFIX_PATH}:/home/alec/Documents/SpiderBot/ros2_ws/install/servo_control:/home/alec/Documents/SpiderBot/ros2_ws/install/imu_interface:/home/alec/Documents/SpiderBot/ros2_ws/install/hexapod_com_calculator:/home/alec/Documents/SpiderBot/ros2_ws/install/hexapod_kinematics_py:/opt/ros/jazzy DEBUGINFOD_URLS=https://debuginfod.ubuntu.com /usr/bin/cmake --build /home/alec/Documents/SpiderBot/ros2_ws/build/support_polygon_calculator -- -j20 -l20
[25.343s] DEBUG:colcon.colcon_core.event_handler.log_command:Invoking command in '/home/alec/Documents/SpiderBot/ros2_ws/build/support_polygon_calculator': CMAKE_PREFIX_PATH=${CMAKE_PREFIX_PATH}:/home/alec/Documents/SpiderBot/ros2_ws/install/servo_control:/home/alec/Documents/SpiderBot/ros2_ws/install/imu_interface:/home/alec/Documents/SpiderBot/ros2_ws/install/hexapod_com_calculator:/home/alec/Documents/SpiderBot/ros2_ws/install/hexapod_kinematics_py:/opt/ros/jazzy DEBUGINFOD_URLS=https://debuginfod.ubuntu.com /usr/bin/cmake --install /home/alec/Documents/SpiderBot/ros2_ws/build/support_polygon_calculator
[25.377s] Level 1:colcon.colcon_core.environment:create_environment_scripts_only(support_polygon_calculator)
[25.377s] Level 1:colcon.colcon_core.environment:checking '/home/alec/Documents/SpiderBot/ros2_ws/install/support_polygon_calculator' for CMake module files
[25.378s] DEBUG:colcon.colcon_core.event_handler.log_command:Invoked command in '/home/alec/Documents/SpiderBot/ros2_ws/build/support_polygon_calculator' returned '0': CMAKE_PREFIX_PATH=${CMAKE_PREFIX_PATH}:/home/alec/Documents/SpiderBot/ros2_ws/install/servo_control:/home/alec/Documents/SpiderBot/ros2_ws/install/imu_interface:/home/alec/Documents/SpiderBot/ros2_ws/install/hexapod_com_calculator:/home/alec/Documents/SpiderBot/ros2_ws/install/hexapod_kinematics_py:/opt/ros/jazzy DEBUGINFOD_URLS=https://debuginfod.ubuntu.com /usr/bin/cmake --install /home/alec/Documents/SpiderBot/ros2_ws/build/support_polygon_calculator
[25.379s] Level 1:colcon.colcon_core.environment:checking '/home/alec/Documents/SpiderBot/ros2_ws/install/support_polygon_calculator' for CMake config files
[25.379s] Level 1:colcon.colcon_core.shell:create_environment_hook('support_polygon_calculator', 'cmake_prefix_path')
[25.379s] INFO:colcon.colcon_core.shell:Creating environment hook '/home/alec/Documents/SpiderBot/ros2_ws/install/support_polygon_calculator/share/support_polygon_calculator/hook/cmake_prefix_path.ps1'
[25.380s] INFO:colcon.colcon_core.shell:Creating environment descriptor '/home/alec/Documents/SpiderBot/ros2_ws/install/support_polygon_calculator/share/support_polygon_calculator/hook/cmake_prefix_path.dsv'
[25.381s] INFO:colcon.colcon_core.shell:Creating environment hook '/home/alec/Documents/SpiderBot/ros2_ws/install/support_polygon_calculator/share/support_polygon_calculator/hook/cmake_prefix_path.sh'
[25.381s] Level 1:colcon.colcon_core.environment:checking '/home/alec/Documents/SpiderBot/ros2_ws/install/support_polygon_calculator/lib'
[25.382s] Level 1:colcon.colcon_core.environment:checking '/home/alec/Documents/SpiderBot/ros2_ws/install/support_polygon_calculator/bin'
[25.382s] Level 1:colcon.colcon_core.environment:checking '/home/alec/Documents/SpiderBot/ros2_ws/install/support_polygon_calculator/lib/pkgconfig/support_polygon_calculator.pc'
[25.382s] Level 1:colcon.colcon_core.environment:checking '/home/alec/Documents/SpiderBot/ros2_ws/install/support_polygon_calculator/lib/python3.12/site-packages'
[25.382s] Level 1:colcon.colcon_core.environment:checking '/home/alec/Documents/SpiderBot/ros2_ws/install/support_polygon_calculator/bin'
[25.383s] INFO:colcon.colcon_core.shell:Creating package script '/home/alec/Documents/SpiderBot/ros2_ws/install/support_polygon_calculator/share/support_polygon_calculator/package.ps1'
[25.383s] INFO:colcon.colcon_core.shell:Creating package descriptor '/home/alec/Documents/SpiderBot/ros2_ws/install/support_polygon_calculator/share/support_polygon_calculator/package.dsv'
[25.384s] INFO:colcon.colcon_core.shell:Creating package script '/home/alec/Documents/SpiderBot/ros2_ws/install/support_polygon_calculator/share/support_polygon_calculator/package.sh'
[25.385s] INFO:colcon.colcon_core.shell:Creating package script '/home/alec/Documents/SpiderBot/ros2_ws/install/support_polygon_calculator/share/support_polygon_calculator/package.bash'
[25.386s] INFO:colcon.colcon_core.shell:Creating package script '/home/alec/Documents/SpiderBot/ros2_ws/install/support_polygon_calculator/share/support_polygon_calculator/package.zsh'
[25.386s] Level 1:colcon.colcon_core.environment:create_file_with_runtime_dependencies(/home/alec/Documents/SpiderBot/ros2_ws/install/support_polygon_calculator/share/colcon-core/packages/support_polygon_calculator)
[25.387s] Level 1:colcon.colcon_core.environment:create_environment_scripts_only(support_polygon_calculator)
[25.387s] Level 1:colcon.colcon_core.environment:checking '/home/alec/Documents/SpiderBot/ros2_ws/install/support_polygon_calculator' for CMake module files
[25.388s] Level 1:colcon.colcon_core.environment:checking '/home/alec/Documents/SpiderBot/ros2_ws/install/support_polygon_calculator' for CMake config files
[25.388s] Level 1:colcon.colcon_core.shell:create_environment_hook('support_polygon_calculator', 'cmake_prefix_path')
[25.388s] INFO:colcon.colcon_core.shell:Creating environment hook '/home/alec/Documents/SpiderBot/ros2_ws/install/support_polygon_calculator/share/support_polygon_calculator/hook/cmake_prefix_path.ps1'
[25.389s] INFO:colcon.colcon_core.shell:Creating environment descriptor '/home/alec/Documents/SpiderBot/ros2_ws/install/support_polygon_calculator/share/support_polygon_calculator/hook/cmake_prefix_path.dsv'
[25.389s] INFO:colcon.colcon_core.shell:Creating environment hook '/home/alec/Documents/SpiderBot/ros2_ws/install/support_polygon_calculator/share/support_polygon_calculator/hook/cmake_prefix_path.sh'
[25.390s] Level 1:colcon.colcon_core.environment:checking '/home/alec/Documents/SpiderBot/ros2_ws/install/support_polygon_calculator/lib'
[25.390s] Level 1:colcon.colcon_core.environment:checking '/home/alec/Documents/SpiderBot/ros2_ws/install/support_polygon_calculator/bin'
[25.390s] Level 1:colcon.colcon_core.environment:checking '/home/alec/Documents/SpiderBot/ros2_ws/install/support_polygon_calculator/lib/pkgconfig/support_polygon_calculator.pc'
[25.391s] Level 1:colcon.colcon_core.environment:checking '/home/alec/Documents/SpiderBot/ros2_ws/install/support_polygon_calculator/lib/python3.12/site-packages'
[25.391s] Level 1:colcon.colcon_core.environment:checking '/home/alec/Documents/SpiderBot/ros2_ws/install/support_polygon_calculator/bin'
[25.391s] INFO:colcon.colcon_core.shell:Creating package script '/home/alec/Documents/SpiderBot/ros2_ws/install/support_polygon_calculator/share/support_polygon_calculator/package.ps1'
[25.392s] INFO:colcon.colcon_core.shell:Creating package descriptor '/home/alec/Documents/SpiderBot/ros2_ws/install/support_polygon_calculator/share/support_polygon_calculator/package.dsv'
[25.393s] INFO:colcon.colcon_core.shell:Creating package script '/home/alec/Documents/SpiderBot/ros2_ws/install/support_polygon_calculator/share/support_polygon_calculator/package.sh'
[25.393s] INFO:colcon.colcon_core.shell:Creating package script '/home/alec/Documents/SpiderBot/ros2_ws/install/support_polygon_calculator/share/support_polygon_calculator/package.bash'
[25.394s] INFO:colcon.colcon_core.shell:Creating package script '/home/alec/Documents/SpiderBot/ros2_ws/install/support_polygon_calculator/share/support_polygon_calculator/package.zsh'
[25.394s] Level 1:colcon.colcon_core.environment:create_file_with_runtime_dependencies(/home/alec/Documents/SpiderBot/ros2_ws/install/support_polygon_calculator/share/colcon-core/packages/support_polygon_calculator)
[25.395s] DEBUG:colcon.colcon_parallel_executor.executor.parallel:closing loop
[25.395s] DEBUG:colcon.colcon_parallel_executor.executor.parallel:loop closed
[25.395s] DEBUG:colcon.colcon_parallel_executor.executor.parallel:run_until_complete finished with '0'
[25.396s] DEBUG:colcon.colcon_core.event_reactor:joining thread
[25.406s] INFO:colcon.colcon_core.plugin_system:Skipping extension 'colcon_notification.desktop_notification.terminal_notifier': Not used on non-Darwin systems
[25.406s] INFO:colcon.colcon_core.plugin_system:Skipping extension 'colcon_notification.desktop_notification.win32': Not used on non-Windows systems
[25.406s] INFO:colcon.colcon_notification.desktop_notification:Sending desktop notification using 'notify2'
[25.435s] DEBUG:colcon.colcon_core.event_reactor:joined thread
[25.436s] INFO:colcon.colcon_core.shell:Creating prefix script '/home/alec/Documents/SpiderBot/ros2_ws/install/local_setup.ps1'
[25.437s] INFO:colcon.colcon_core.shell:Creating prefix util module '/home/alec/Documents/SpiderBot/ros2_ws/install/_local_setup_util_ps1.py'
[25.439s] INFO:colcon.colcon_core.shell:Creating prefix chain script '/home/alec/Documents/SpiderBot/ros2_ws/install/setup.ps1'
[25.441s] INFO:colcon.colcon_core.shell:Creating prefix script '/home/alec/Documents/SpiderBot/ros2_ws/install/local_setup.sh'
[25.442s] INFO:colcon.colcon_core.shell:Creating prefix util module '/home/alec/Documents/SpiderBot/ros2_ws/install/_local_setup_util_sh.py'
[25.443s] INFO:colcon.colcon_core.shell:Creating prefix chain script '/home/alec/Documents/SpiderBot/ros2_ws/install/setup.sh'
[25.445s] INFO:colcon.colcon_core.shell:Creating prefix script '/home/alec/Documents/SpiderBot/ros2_ws/install/local_setup.bash'
[25.445s] INFO:colcon.colcon_core.shell:Creating prefix chain script '/home/alec/Documents/SpiderBot/ros2_ws/install/setup.bash'
[25.447s] INFO:colcon.colcon_core.shell:Creating prefix script '/home/alec/Documents/SpiderBot/ros2_ws/install/local_setup.zsh'
[25.448s] INFO:colcon.colcon_core.shell:Creating prefix chain script '/home/alec/Documents/SpiderBot/ros2_ws/install/setup.zsh'
