[ 50%] [32mBuilding CXX object CMakeFiles/support_polygon_node.dir/src/support_polygon_calculator.cpp.o[0m
[100%] [32m[1mLinking CXX executable support_polygon_node[0m
[100%] Built target support_polygon_node
-- Install configuration: ""
-- Installing: /home/alec/Documents/SpiderBot/ros2_ws/install/support_polygon_calculator/lib/support_polygon_calculator/support_polygon_node
-- Set non-toolchain portion of runtime path of "/home/alec/Documents/SpiderBot/ros2_ws/install/support_polygon_calculator/lib/support_polygon_calculator/support_polygon_node" to ""
-- Installing: /home/alec/Documents/SpiderBot/ros2_ws/install/support_polygon_calculator/share/ament_index/resource_index/package_run_dependencies/support_polygon_calculator
-- Installing: /home/alec/Documents/SpiderBot/ros2_ws/install/support_polygon_calculator/share/ament_index/resource_index/parent_prefix_path/support_polygon_calculator
-- Installing: /home/alec/Documents/SpiderBot/ros2_ws/install/support_polygon_calculator/share/support_polygon_calculator/environment/ament_prefix_path.sh
-- Installing: /home/alec/Documents/SpiderBot/ros2_ws/install/support_polygon_calculator/share/support_polygon_calculator/environment/ament_prefix_path.dsv
-- Installing: /home/alec/Documents/SpiderBot/ros2_ws/install/support_polygon_calculator/share/support_polygon_calculator/environment/path.sh
-- Installing: /home/alec/Documents/SpiderBot/ros2_ws/install/support_polygon_calculator/share/support_polygon_calculator/environment/path.dsv
-- Installing: /home/alec/Documents/SpiderBot/ros2_ws/install/support_polygon_calculator/share/support_polygon_calculator/local_setup.bash
-- Installing: /home/alec/Documents/SpiderBot/ros2_ws/install/support_polygon_calculator/share/support_polygon_calculator/local_setup.sh
-- Installing: /home/alec/Documents/SpiderBot/ros2_ws/install/support_polygon_calculator/share/support_polygon_calculator/local_setup.zsh
-- Installing: /home/alec/Documents/SpiderBot/ros2_ws/install/support_polygon_calculator/share/support_polygon_calculator/local_setup.dsv
-- Installing: /home/alec/Documents/SpiderBot/ros2_ws/install/support_polygon_calculator/share/support_polygon_calculator/package.dsv
-- Installing: /home/alec/Documents/SpiderBot/ros2_ws/install/support_polygon_calculator/share/ament_index/resource_index/packages/support_polygon_calculator
-- Installing: /home/alec/Documents/SpiderBot/ros2_ws/install/support_polygon_calculator/share/support_polygon_calculator/cmake/support_polygon_calculatorConfig.cmake
-- Installing: /home/alec/Documents/SpiderBot/ros2_ws/install/support_polygon_calculator/share/support_polygon_calculator/cmake/support_polygon_calculatorConfig-version.cmake
-- Installing: /home/alec/Documents/SpiderBot/ros2_ws/install/support_polygon_calculator/share/support_polygon_calculator/package.xml
