[0.274s] Invoking command in '/home/alec/Documents/SpiderBot/ros2_ws/build/support_polygon_calculator': CMAKE_PREFIX_PATH=${CMAKE_PREFIX_PATH}:/opt/ros/jazzy DEBUGINFOD_URLS=https://debuginfod.ubuntu.com /usr/bin/cmake --build /home/alec/Documents/SpiderBot/ros2_ws/build/support_polygon_calculator -- -j20 -l20
[0.319s] [ 50%] [32mBuilding CXX object CMakeFiles/support_polygon_node.dir/src/support_polygon_calculator.cpp.o[0m
[13.909s] [100%] [32m[1mLinking CXX executable support_polygon_node[0m
[14.183s] [100%] Built target support_polygon_node
[14.192s] Invoked command in '/home/alec/Documents/SpiderBot/ros2_ws/build/support_polygon_calculator' returned '0': CMAKE_PREFIX_PATH=${CMAKE_PREFIX_PATH}:/opt/ros/jazzy DEBUGINFOD_URLS=https://debuginfod.ubuntu.com /usr/bin/cmake --build /home/alec/Documents/SpiderBot/ros2_ws/build/support_polygon_calculator -- -j20 -l20
[14.192s] Invoking command in '/home/alec/Documents/SpiderBot/ros2_ws/build/support_polygon_calculator': CMAKE_PREFIX_PATH=${CMAKE_PREFIX_PATH}:/opt/ros/jazzy DEBUGINFOD_URLS=https://debuginfod.ubuntu.com /usr/bin/cmake --install /home/alec/Documents/SpiderBot/ros2_ws/build/support_polygon_calculator
[14.197s] -- Install configuration: ""
[14.197s] -- Installing: /home/alec/Documents/SpiderBot/ros2_ws/install/support_polygon_calculator/lib/support_polygon_calculator/support_polygon_node
[14.201s] -- Set non-toolchain portion of runtime path of "/home/alec/Documents/SpiderBot/ros2_ws/install/support_polygon_calculator/lib/support_polygon_calculator/support_polygon_node" to ""
[14.201s] -- Installing: /home/alec/Documents/SpiderBot/ros2_ws/install/support_polygon_calculator/share/ament_index/resource_index/package_run_dependencies/support_polygon_calculator
[14.201s] -- Installing: /home/alec/Documents/SpiderBot/ros2_ws/install/support_polygon_calculator/share/ament_index/resource_index/parent_prefix_path/support_polygon_calculator
[14.201s] -- Installing: /home/alec/Documents/SpiderBot/ros2_ws/install/support_polygon_calculator/share/support_polygon_calculator/environment/ament_prefix_path.sh
[14.201s] -- Installing: /home/alec/Documents/SpiderBot/ros2_ws/install/support_polygon_calculator/share/support_polygon_calculator/environment/ament_prefix_path.dsv
[14.202s] -- Installing: /home/alec/Documents/SpiderBot/ros2_ws/install/support_polygon_calculator/share/support_polygon_calculator/environment/path.sh
[14.202s] -- Installing: /home/alec/Documents/SpiderBot/ros2_ws/install/support_polygon_calculator/share/support_polygon_calculator/environment/path.dsv
[14.202s] -- Installing: /home/alec/Documents/SpiderBot/ros2_ws/install/support_polygon_calculator/share/support_polygon_calculator/local_setup.bash
[14.202s] -- Installing: /home/alec/Documents/SpiderBot/ros2_ws/install/support_polygon_calculator/share/support_polygon_calculator/local_setup.sh
[14.202s] -- Installing: /home/alec/Documents/SpiderBot/ros2_ws/install/support_polygon_calculator/share/support_polygon_calculator/local_setup.zsh
[14.202s] -- Installing: /home/alec/Documents/SpiderBot/ros2_ws/install/support_polygon_calculator/share/support_polygon_calculator/local_setup.dsv
[14.202s] -- Installing: /home/alec/Documents/SpiderBot/ros2_ws/install/support_polygon_calculator/share/support_polygon_calculator/package.dsv
[14.202s] -- Installing: /home/alec/Documents/SpiderBot/ros2_ws/install/support_polygon_calculator/share/ament_index/resource_index/packages/support_polygon_calculator
[14.202s] -- Installing: /home/alec/Documents/SpiderBot/ros2_ws/install/support_polygon_calculator/share/support_polygon_calculator/cmake/support_polygon_calculatorConfig.cmake
[14.202s] -- Installing: /home/alec/Documents/SpiderBot/ros2_ws/install/support_polygon_calculator/share/support_polygon_calculator/cmake/support_polygon_calculatorConfig-version.cmake
[14.202s] -- Installing: /home/alec/Documents/SpiderBot/ros2_ws/install/support_polygon_calculator/share/support_polygon_calculator/package.xml
[14.203s] Invoked command in '/home/alec/Documents/SpiderBot/ros2_ws/build/support_polygon_calculator' returned '0': CMAKE_PREFIX_PATH=${CMAKE_PREFIX_PATH}:/opt/ros/jazzy DEBUGINFOD_URLS=https://debuginfod.ubuntu.com /usr/bin/cmake --install /home/alec/Documents/SpiderBot/ros2_ws/build/support_polygon_calculator
