[1.505s] Invoking command in '/home/alec/Documents/SpiderBot/ros2_ws/src/hexapod_kinematics_py': DEBUGINFOD_URLS=https://debuginfod.ubuntu.com PYTHONPATH=/home/alec/Documents/SpiderBot/ros2_ws/build/hexapod_kinematics_py/prefix_override:/usr/lib/python3/dist-packages/colcon_core/task/python/colcon_distutils_commands:/home/alec/Documents/SpiderBot/ros2_ws/install/hexapod_kinematics_py/lib/python3.12/site-packages:${PYTHONPATH} /usr/bin/python3 -W ignore:setup.py install is deprecated -W ignore:easy_install command is deprecated setup.py egg_info --egg-base ../../build/hexapod_kinematics_py build --build-base /home/alec/Documents/SpiderBot/ros2_ws/build/hexapod_kinematics_py/build install --record /home/alec/Documents/SpiderBot/ros2_ws/build/hexapod_kinematics_py/install.log --single-version-externally-managed install_data
[1.805s] running egg_info
[1.826s] writing ../../build/hexapod_kinematics_py/hexapod_kinematics_py.egg-info/PKG-INFO
[1.826s] writing dependency_links to ../../build/hexapod_kinematics_py/hexapod_kinematics_py.egg-info/dependency_links.txt
[1.827s] writing entry points to ../../build/hexapod_kinematics_py/hexapod_kinematics_py.egg-info/entry_points.txt
[1.827s] writing requirements to ../../build/hexapod_kinematics_py/hexapod_kinematics_py.egg-info/requires.txt
[1.827s] writing top-level names to ../../build/hexapod_kinematics_py/hexapod_kinematics_py.egg-info/top_level.txt
[1.868s] reading manifest file '../../build/hexapod_kinematics_py/hexapod_kinematics_py.egg-info/SOURCES.txt'
[1.869s] writing manifest file '../../build/hexapod_kinematics_py/hexapod_kinematics_py.egg-info/SOURCES.txt'
[1.870s] running build
[1.870s] running build_py
[1.870s] copying hexapod_kinematics_py/__init__.py -> /home/alec/Documents/SpiderBot/ros2_ws/build/hexapod_kinematics_py/build/lib/hexapod_kinematics_py
[1.870s] copying hexapod_kinematics_py/ik_node.py -> /home/alec/Documents/SpiderBot/ros2_ws/build/hexapod_kinematics_py/build/lib/hexapod_kinematics_py
[1.871s] copying hexapod_kinematics_py/kinematics.py -> /home/alec/Documents/SpiderBot/ros2_ws/build/hexapod_kinematics_py/build/lib/hexapod_kinematics_py
[1.871s] running install
[1.878s] running install_lib
[1.898s] copying /home/alec/Documents/SpiderBot/ros2_ws/build/hexapod_kinematics_py/build/lib/hexapod_kinematics_py/__init__.py -> /home/alec/Documents/SpiderBot/ros2_ws/install/hexapod_kinematics_py/lib/python3.12/site-packages/hexapod_kinematics_py
[1.899s] copying /home/alec/Documents/SpiderBot/ros2_ws/build/hexapod_kinematics_py/build/lib/hexapod_kinematics_py/ik_node.py -> /home/alec/Documents/SpiderBot/ros2_ws/install/hexapod_kinematics_py/lib/python3.12/site-packages/hexapod_kinematics_py
[1.899s] copying /home/alec/Documents/SpiderBot/ros2_ws/build/hexapod_kinematics_py/build/lib/hexapod_kinematics_py/kinematics.py -> /home/alec/Documents/SpiderBot/ros2_ws/install/hexapod_kinematics_py/lib/python3.12/site-packages/hexapod_kinematics_py
[1.900s] byte-compiling /home/alec/Documents/SpiderBot/ros2_ws/install/hexapod_kinematics_py/lib/python3.12/site-packages/hexapod_kinematics_py/__init__.py to __init__.cpython-312.pyc
[1.900s] byte-compiling /home/alec/Documents/SpiderBot/ros2_ws/install/hexapod_kinematics_py/lib/python3.12/site-packages/hexapod_kinematics_py/ik_node.py to ik_node.cpython-312.pyc
[1.900s] byte-compiling /home/alec/Documents/SpiderBot/ros2_ws/install/hexapod_kinematics_py/lib/python3.12/site-packages/hexapod_kinematics_py/kinematics.py to kinematics.cpython-312.pyc
[1.901s] running install_data
[1.901s] copying resource/hexapod_kinematics_py -> /home/alec/Documents/SpiderBot/ros2_ws/install/hexapod_kinematics_py/share/ament_index/resource_index/packages
[1.901s] copying package.xml -> /home/alec/Documents/SpiderBot/ros2_ws/install/hexapod_kinematics_py/share/hexapod_kinematics_py
[1.902s] running install_egg_info
[1.924s] removing '/home/alec/Documents/SpiderBot/ros2_ws/install/hexapod_kinematics_py/lib/python3.12/site-packages/hexapod_kinematics_py-0.0.0-py3.12.egg-info' (and everything under it)
[1.924s] Copying ../../build/hexapod_kinematics_py/hexapod_kinematics_py.egg-info to /home/alec/Documents/SpiderBot/ros2_ws/install/hexapod_kinematics_py/lib/python3.12/site-packages/hexapod_kinematics_py-0.0.0-py3.12.egg-info
[1.925s] running install_scripts
[2.070s] Installing ik_node script to /home/alec/Documents/SpiderBot/ros2_ws/install/hexapod_kinematics_py/lib/hexapod_kinematics_py
[2.070s] Installing kinematics script to /home/alec/Documents/SpiderBot/ros2_ws/install/hexapod_kinematics_py/lib/hexapod_kinematics_py
[2.070s] writing list of installed files to '/home/alec/Documents/SpiderBot/ros2_ws/build/hexapod_kinematics_py/install.log'
[2.110s] Invoked command in '/home/alec/Documents/SpiderBot/ros2_ws/src/hexapod_kinematics_py' returned '0': DEBUGINFOD_URLS=https://debuginfod.ubuntu.com PYTHONPATH=/home/alec/Documents/SpiderBot/ros2_ws/build/hexapod_kinematics_py/prefix_override:/usr/lib/python3/dist-packages/colcon_core/task/python/colcon_distutils_commands:/home/alec/Documents/SpiderBot/ros2_ws/install/hexapod_kinematics_py/lib/python3.12/site-packages:${PYTHONPATH} /usr/bin/python3 -W ignore:setup.py install is deprecated -W ignore:easy_install command is deprecated setup.py egg_info --egg-base ../../build/hexapod_kinematics_py build --build-base /home/alec/Documents/SpiderBot/ros2_ws/build/hexapod_kinematics_py/build install --record /home/alec/Documents/SpiderBot/ros2_ws/build/hexapod_kinematics_py/install.log --single-version-externally-managed install_data
