running egg_info
creating ../../build/i2c_comms/i2c_comms.egg-info
writing ../../build/i2c_comms/i2c_comms.egg-info/PKG-INFO
writing dependency_links to ../../build/i2c_comms/i2c_comms.egg-info/dependency_links.txt
writing requirements to ../../build/i2c_comms/i2c_comms.egg-info/requires.txt
writing top-level names to ../../build/i2c_comms/i2c_comms.egg-info/top_level.txt
writing manifest file '../../build/i2c_comms/i2c_comms.egg-info/SOURCES.txt'
reading manifest file '../../build/i2c_comms/i2c_comms.egg-info/SOURCES.txt'
adding license file 'LICENSE'
writing manifest file '../../build/i2c_comms/i2c_comms.egg-info/SOURCES.txt'
running build
running build_py
creating /home/alec/Documents/SpiderBot/ros2_ws/build/i2c_comms/build
creating /home/alec/Documents/SpiderBot/ros2_ws/build/i2c_comms/build/lib
creating /home/alec/Documents/SpiderBot/ros2_ws/build/i2c_comms/build/lib/i2c_comms
copying i2c_comms/__init__.py -> /home/alec/Documents/SpiderBot/ros2_ws/build/i2c_comms/build/lib/i2c_comms
running install
running install_lib
creating /home/alec/Documents/SpiderBot/ros2_ws/install/i2c_comms/lib/python3.12/site-packages/i2c_comms
copying /home/alec/Documents/SpiderBot/ros2_ws/build/i2c_comms/build/lib/i2c_comms/__init__.py -> /home/alec/Documents/SpiderBot/ros2_ws/install/i2c_comms/lib/python3.12/site-packages/i2c_comms
byte-compiling /home/alec/Documents/SpiderBot/ros2_ws/install/i2c_comms/lib/python3.12/site-packages/i2c_comms/__init__.py to __init__.cpython-312.pyc
running install_data
creating /home/alec/Documents/SpiderBot/ros2_ws/install/i2c_comms/share/ament_index
creating /home/alec/Documents/SpiderBot/ros2_ws/install/i2c_comms/share/ament_index/resource_index
creating /home/alec/Documents/SpiderBot/ros2_ws/install/i2c_comms/share/ament_index/resource_index/packages
copying resource/i2c_comms -> /home/alec/Documents/SpiderBot/ros2_ws/install/i2c_comms/share/ament_index/resource_index/packages
copying package.xml -> /home/alec/Documents/SpiderBot/ros2_ws/install/i2c_comms/share/i2c_comms
running install_egg_info
Copying ../../build/i2c_comms/i2c_comms.egg-info to /home/alec/Documents/SpiderBot/ros2_ws/install/i2c_comms/lib/python3.12/site-packages/i2c_comms-0.0.0-py3.12.egg-info
running install_scripts
writing list of installed files to '/home/alec/Documents/SpiderBot/ros2_ws/build/i2c_comms/install.log'
