[0.569s] Invoking command in '/home/alec/Documents/SpiderBot/ros2_ws/src/i2c_comms': DEBUGINFOD_URLS=https://debuginfod.ubuntu.com PYTHONPATH=/home/alec/Documents/SpiderBot/ros2_ws/build/i2c_comms/prefix_override:/usr/lib/python3/dist-packages/colcon_core/task/python/colcon_distutils_commands:/home/alec/Documents/SpiderBot/ros2_ws/install/i2c_comms/lib/python3.12/site-packages:${PYTHONPATH} /usr/bin/python3 -W ignore:setup.py install is deprecated setup.py egg_info --egg-base ../../build/i2c_comms build --build-base /home/alec/Documents/SpiderBot/ros2_ws/build/i2c_comms/build install --record /home/alec/Documents/SpiderBot/ros2_ws/build/i2c_comms/install.log --single-version-externally-managed install_data
[0.728s] running egg_info
[0.728s] creating ../../build/i2c_comms/i2c_comms.egg-info
[0.739s] writing ../../build/i2c_comms/i2c_comms.egg-info/PKG-INFO
[0.739s] writing dependency_links to ../../build/i2c_comms/i2c_comms.egg-info/dependency_links.txt
[0.739s] writing requirements to ../../build/i2c_comms/i2c_comms.egg-info/requires.txt
[0.739s] writing top-level names to ../../build/i2c_comms/i2c_comms.egg-info/top_level.txt
[0.739s] writing manifest file '../../build/i2c_comms/i2c_comms.egg-info/SOURCES.txt'
[0.760s] reading manifest file '../../build/i2c_comms/i2c_comms.egg-info/SOURCES.txt'
[0.760s] adding license file 'LICENSE'
[0.760s] writing manifest file '../../build/i2c_comms/i2c_comms.egg-info/SOURCES.txt'
[0.760s] running build
[0.760s] running build_py
[0.761s] creating /home/alec/Documents/SpiderBot/ros2_ws/build/i2c_comms/build
[0.761s] creating /home/alec/Documents/SpiderBot/ros2_ws/build/i2c_comms/build/lib
[0.761s] creating /home/alec/Documents/SpiderBot/ros2_ws/build/i2c_comms/build/lib/i2c_comms
[0.761s] copying i2c_comms/__init__.py -> /home/alec/Documents/SpiderBot/ros2_ws/build/i2c_comms/build/lib/i2c_comms
[0.761s] running install
[0.765s] running install_lib
[0.775s] creating /home/alec/Documents/SpiderBot/ros2_ws/install/i2c_comms/lib/python3.12/site-packages/i2c_comms
[0.775s] copying /home/alec/Documents/SpiderBot/ros2_ws/build/i2c_comms/build/lib/i2c_comms/__init__.py -> /home/alec/Documents/SpiderBot/ros2_ws/install/i2c_comms/lib/python3.12/site-packages/i2c_comms
[0.776s] byte-compiling /home/alec/Documents/SpiderBot/ros2_ws/install/i2c_comms/lib/python3.12/site-packages/i2c_comms/__init__.py to __init__.cpython-312.pyc
[0.776s] running install_data
[0.776s] creating /home/alec/Documents/SpiderBot/ros2_ws/install/i2c_comms/share/ament_index
[0.776s] creating /home/alec/Documents/SpiderBot/ros2_ws/install/i2c_comms/share/ament_index/resource_index
[0.776s] creating /home/alec/Documents/SpiderBot/ros2_ws/install/i2c_comms/share/ament_index/resource_index/packages
[0.776s] copying resource/i2c_comms -> /home/alec/Documents/SpiderBot/ros2_ws/install/i2c_comms/share/ament_index/resource_index/packages
[0.776s] copying package.xml -> /home/alec/Documents/SpiderBot/ros2_ws/install/i2c_comms/share/i2c_comms
[0.776s] running install_egg_info
[0.788s] Copying ../../build/i2c_comms/i2c_comms.egg-info to /home/alec/Documents/SpiderBot/ros2_ws/install/i2c_comms/lib/python3.12/site-packages/i2c_comms-0.0.0-py3.12.egg-info
[0.788s] running install_scripts
[0.864s] writing list of installed files to '/home/alec/Documents/SpiderBot/ros2_ws/build/i2c_comms/install.log'
[0.879s] Invoked command in '/home/alec/Documents/SpiderBot/ros2_ws/src/i2c_comms' returned '0': DEBUGINFOD_URLS=https://debuginfod.ubuntu.com PYTHONPATH=/home/alec/Documents/SpiderBot/ros2_ws/build/i2c_comms/prefix_override:/usr/lib/python3/dist-packages/colcon_core/task/python/colcon_distutils_commands:/home/alec/Documents/SpiderBot/ros2_ws/install/i2c_comms/lib/python3.12/site-packages:${PYTHONPATH} /usr/bin/python3 -W ignore:setup.py install is deprecated setup.py egg_info --egg-base ../../build/i2c_comms build --build-base /home/alec/Documents/SpiderBot/ros2_ws/build/i2c_comms/build install --record /home/alec/Documents/SpiderBot/ros2_ws/build/i2c_comms/install.log --single-version-externally-managed install_data
