running egg_info
creating ../../build/servo_control/servo_control.egg-info
writing ../../build/servo_control/servo_control.egg-info/PKG-INFO
writing dependency_links to ../../build/servo_control/servo_control.egg-info/dependency_links.txt
writing entry points to ../../build/servo_control/servo_control.egg-info/entry_points.txt
writing requirements to ../../build/servo_control/servo_control.egg-info/requires.txt
writing top-level names to ../../build/servo_control/servo_control.egg-info/top_level.txt
writing manifest file '../../build/servo_control/servo_control.egg-info/SOURCES.txt'
reading manifest file '../../build/servo_control/servo_control.egg-info/SOURCES.txt'
writing manifest file '../../build/servo_control/servo_control.egg-info/SOURCES.txt'
running build
running install
running install_data
copying package.xml -> /home/alec/Documents/SpiderBot/ros2_ws/install/servo_control/share/servo_control
creating /home/alec/Documents/SpiderBot/ros2_ws/install/servo_control/share/servo_control/launch
creating /home/alec/Documents/SpiderBot/ros2_ws/install/servo_control/share/ament_index
creating /home/alec/Documents/SpiderBot/ros2_ws/install/servo_control/share/ament_index/resource_index
creating /home/alec/Documents/SpiderBot/ros2_ws/install/servo_control/share/ament_index/resource_index/packages
copying resource/servo_control -> /home/alec/Documents/SpiderBot/ros2_ws/install/servo_control/share/ament_index/resource_index/packages
running install_egg_info
Copying ../../build/servo_control/servo_control.egg-info to /home/alec/Documents/SpiderBot/ros2_ws/install/servo_control/lib/python3.12/site-packages/servo_control-0.0.0-py3.12.egg-info
running install_scripts
Installing calibrate_servos script to /home/alec/Documents/SpiderBot/ros2_ws/install/servo_control/bin
Installing preset_positions script to /home/alec/Documents/SpiderBot/ros2_ws/install/servo_control/bin
Installing servo_control_node script to /home/alec/Documents/SpiderBot/ros2_ws/install/servo_control/bin
writing list of installed files to '/home/alec/Documents/SpiderBot/ros2_ws/build/servo_control/install.log'
