[1.492s] Invoking command in '/home/alec/Documents/SpiderBot/ros2_ws/src/servo_control': DEBUGINFOD_URLS=https://debuginfod.ubuntu.com PYTHONPATH=/home/alec/Documents/SpiderBot/ros2_ws/build/servo_control/prefix_override:/usr/lib/python3/dist-packages/colcon_core/task/python/colcon_distutils_commands:/home/alec/Documents/SpiderBot/ros2_ws/install/servo_control/lib/python3.12/site-packages:${PYTHONPATH} /usr/bin/python3 -W ignore:setup.py install is deprecated -W ignore:easy_install command is deprecated setup.py egg_info --egg-base ../../build/servo_control build --build-base /home/alec/Documents/SpiderBot/ros2_ws/build/servo_control/build install --record /home/alec/Documents/SpiderBot/ros2_ws/build/servo_control/install.log --single-version-externally-managed install_data
[1.790s] running egg_info
[1.791s] creating ../../build/servo_control/servo_control.egg-info
[1.811s] writing ../../build/servo_control/servo_control.egg-info/PKG-INFO
[1.812s] writing dependency_links to ../../build/servo_control/servo_control.egg-info/dependency_links.txt
[1.812s] writing entry points to ../../build/servo_control/servo_control.egg-info/entry_points.txt
[1.812s] writing requirements to ../../build/servo_control/servo_control.egg-info/requires.txt
[1.812s] writing top-level names to ../../build/servo_control/servo_control.egg-info/top_level.txt
[1.812s] writing manifest file '../../build/servo_control/servo_control.egg-info/SOURCES.txt'
[1.832s] reading manifest file '../../build/servo_control/servo_control.egg-info/SOURCES.txt'
[1.833s] writing manifest file '../../build/servo_control/servo_control.egg-info/SOURCES.txt'
[1.833s] running build
[1.833s] running install
[1.841s] running install_data
[1.841s] copying package.xml -> /home/alec/Documents/SpiderBot/ros2_ws/install/servo_control/share/servo_control
[1.842s] creating /home/alec/Documents/SpiderBot/ros2_ws/install/servo_control/share/servo_control/launch
[1.842s] creating /home/alec/Documents/SpiderBot/ros2_ws/install/servo_control/share/ament_index
[1.842s] creating /home/alec/Documents/SpiderBot/ros2_ws/install/servo_control/share/ament_index/resource_index
[1.842s] creating /home/alec/Documents/SpiderBot/ros2_ws/install/servo_control/share/ament_index/resource_index/packages
[1.842s] copying resource/servo_control -> /home/alec/Documents/SpiderBot/ros2_ws/install/servo_control/share/ament_index/resource_index/packages
[1.842s] running install_egg_info
[1.884s] Copying ../../build/servo_control/servo_control.egg-info to /home/alec/Documents/SpiderBot/ros2_ws/install/servo_control/lib/python3.12/site-packages/servo_control-0.0.0-py3.12.egg-info
[1.884s] running install_scripts
[2.029s] Installing calibrate_servos script to /home/alec/Documents/SpiderBot/ros2_ws/install/servo_control/bin
[2.029s] Installing preset_positions script to /home/alec/Documents/SpiderBot/ros2_ws/install/servo_control/bin
[2.029s] Installing servo_control_node script to /home/alec/Documents/SpiderBot/ros2_ws/install/servo_control/bin
[2.029s] writing list of installed files to '/home/alec/Documents/SpiderBot/ros2_ws/build/servo_control/install.log'
[2.070s] Invoked command in '/home/alec/Documents/SpiderBot/ros2_ws/src/servo_control' returned '0': DEBUGINFOD_URLS=https://debuginfod.ubuntu.com PYTHONPATH=/home/alec/Documents/SpiderBot/ros2_ws/build/servo_control/prefix_override:/usr/lib/python3/dist-packages/colcon_core/task/python/colcon_distutils_commands:/home/alec/Documents/SpiderBot/ros2_ws/install/servo_control/lib/python3.12/site-packages:${PYTHONPATH} /usr/bin/python3 -W ignore:setup.py install is deprecated -W ignore:easy_install command is deprecated setup.py egg_info --egg-base ../../build/servo_control build --build-base /home/alec/Documents/SpiderBot/ros2_ws/build/servo_control/build install --record /home/alec/Documents/SpiderBot/ros2_ws/build/servo_control/install.log --single-version-externally-managed install_data
