[0.899s] Invoking command in '/home/alec/Documents/SpiderBot/ros2_ws/src/hexapod_com_calculator': AMENT_PREFIX_PATH=/home/alec/Documents/SpiderBot/ros2_ws/install/hexapod_msgs:${AMENT_PREFIX_PATH} CMAKE_PREFIX_PATH=/home/alec/Documents/SpiderBot/ros2_ws/install/hexapod_msgs:${CMAKE_PREFIX_PATH} DEBUGINFOD_URLS=https://debuginfod.ubuntu.com LD_LIBRARY_PATH=/home/alec/Documents/SpiderBot/ros2_ws/install/hexapod_msgs/lib:${LD_LIBRARY_PATH} PYTHONPATH=/home/alec/Documents/SpiderBot/ros2_ws/build/hexapod_com_calculator/prefix_override:/usr/lib/python3/dist-packages/colcon_core/task/python/colcon_distutils_commands:/home/alec/Documents/SpiderBot/ros2_ws/install/hexapod_com_calculator/lib/python3.12/site-packages:/home/alec/Documents/SpiderBot/ros2_ws/install/hexapod_msgs/lib/python3.12/site-packages:${PYTHONPATH} /usr/bin/python3 -W ignore:setup.py install is deprecated -W ignore:easy_install command is deprecated setup.py egg_info --egg-base ../../build/hexapod_com_calculator build --build-base /home/alec/Documents/SpiderBot/ros2_ws/build/hexapod_com_calculator/build install --record /home/alec/Documents/SpiderBot/ros2_ws/build/hexapod_com_calculator/install.log --single-version-externally-managed install_data
[1.190s] running egg_info
[1.210s] writing ../../build/hexapod_com_calculator/hexapod_com_calculator.egg-info/PKG-INFO
[1.210s] writing dependency_links to ../../build/hexapod_com_calculator/hexapod_com_calculator.egg-info/dependency_links.txt
[1.210s] writing entry points to ../../build/hexapod_com_calculator/hexapod_com_calculator.egg-info/entry_points.txt
[1.210s] writing requirements to ../../build/hexapod_com_calculator/hexapod_com_calculator.egg-info/requires.txt
[1.211s] writing top-level names to ../../build/hexapod_com_calculator/hexapod_com_calculator.egg-info/top_level.txt
[1.251s] reading manifest file '../../build/hexapod_com_calculator/hexapod_com_calculator.egg-info/SOURCES.txt'
[1.252s] writing manifest file '../../build/hexapod_com_calculator/hexapod_com_calculator.egg-info/SOURCES.txt'
[1.252s] running build
[1.252s] running build_py
[1.253s] copying hexapod_com_calculator/__init__.py -> /home/alec/Documents/SpiderBot/ros2_ws/build/hexapod_com_calculator/build/lib/hexapod_com_calculator
[1.253s] copying hexapod_com_calculator/com_calculator.py -> /home/alec/Documents/SpiderBot/ros2_ws/build/hexapod_com_calculator/build/lib/hexapod_com_calculator
[1.253s] running install
[1.260s] running install_lib
[1.281s] copying /home/alec/Documents/SpiderBot/ros2_ws/build/hexapod_com_calculator/build/lib/hexapod_com_calculator/__init__.py -> /home/alec/Documents/SpiderBot/ros2_ws/install/hexapod_com_calculator/lib/python3.12/site-packages/hexapod_com_calculator
[1.281s] copying /home/alec/Documents/SpiderBot/ros2_ws/build/hexapod_com_calculator/build/lib/hexapod_com_calculator/com_calculator.py -> /home/alec/Documents/SpiderBot/ros2_ws/install/hexapod_com_calculator/lib/python3.12/site-packages/hexapod_com_calculator
[1.282s] byte-compiling /home/alec/Documents/SpiderBot/ros2_ws/install/hexapod_com_calculator/lib/python3.12/site-packages/hexapod_com_calculator/__init__.py to __init__.cpython-312.pyc
[1.282s] byte-compiling /home/alec/Documents/SpiderBot/ros2_ws/install/hexapod_com_calculator/lib/python3.12/site-packages/hexapod_com_calculator/com_calculator.py to com_calculator.cpython-312.pyc
[1.283s] running install_data
[1.284s] copying resource/hexapod_com_calculator -> /home/alec/Documents/SpiderBot/ros2_ws/install/hexapod_com_calculator/share/ament_index/resource_index/packages
[1.284s] copying package.xml -> /home/alec/Documents/SpiderBot/ros2_ws/install/hexapod_com_calculator/share/hexapod_com_calculator
[1.284s] running install_egg_info
[1.306s] removing '/home/alec/Documents/SpiderBot/ros2_ws/install/hexapod_com_calculator/lib/python3.12/site-packages/hexapod_com_calculator-0.1.0-py3.12.egg-info' (and everything under it)
[1.306s] Copying ../../build/hexapod_com_calculator/hexapod_com_calculator.egg-info to /home/alec/Documents/SpiderBot/ros2_ws/install/hexapod_com_calculator/lib/python3.12/site-packages/hexapod_com_calculator-0.1.0-py3.12.egg-info
[1.306s] running install_scripts
[1.446s] Installing com_calculator script to /home/alec/Documents/SpiderBot/ros2_ws/install/hexapod_com_calculator/lib/hexapod_com_calculator
[1.447s] writing list of installed files to '/home/alec/Documents/SpiderBot/ros2_ws/build/hexapod_com_calculator/install.log'
[1.478s] Invoked command in '/home/alec/Documents/SpiderBot/ros2_ws/src/hexapod_com_calculator' returned '0': AMENT_PREFIX_PATH=/home/alec/Documents/SpiderBot/ros2_ws/install/hexapod_msgs:${AMENT_PREFIX_PATH} CMAKE_PREFIX_PATH=/home/alec/Documents/SpiderBot/ros2_ws/install/hexapod_msgs:${CMAKE_PREFIX_PATH} DEBUGINFOD_URLS=https://debuginfod.ubuntu.com LD_LIBRARY_PATH=/home/alec/Documents/SpiderBot/ros2_ws/install/hexapod_msgs/lib:${LD_LIBRARY_PATH} PYTHONPATH=/home/alec/Documents/SpiderBot/ros2_ws/build/hexapod_com_calculator/prefix_override:/usr/lib/python3/dist-packages/colcon_core/task/python/colcon_distutils_commands:/home/alec/Documents/SpiderBot/ros2_ws/install/hexapod_com_calculator/lib/python3.12/site-packages:/home/alec/Documents/SpiderBot/ros2_ws/install/hexapod_msgs/lib/python3.12/site-packages:${PYTHONPATH} /usr/bin/python3 -W ignore:setup.py install is deprecated -W ignore:easy_install command is deprecated setup.py egg_info --egg-base ../../build/hexapod_com_calculator build --build-base /home/alec/Documents/SpiderBot/ros2_ws/build/hexapod_com_calculator/build install --record /home/alec/Documents/SpiderBot/ros2_ws/build/hexapod_com_calculator/install.log --single-version-externally-managed install_data
