[0.699s] Invoking command in '/home/alec/Documents/SpiderBot/ros2_ws/src/hexapod_kinematics_py': DEBUGINFOD_URLS=https://debuginfod.ubuntu.com PYTHONPATH=/home/alec/Documents/SpiderBot/ros2_ws/build/hexapod_kinematics_py/prefix_override:/usr/lib/python3/dist-packages/colcon_core/task/python/colcon_distutils_commands:/home/alec/Documents/SpiderBot/ros2_ws/install/hexapod_kinematics_py/lib/python3.12/site-packages:${PYTHONPATH} /usr/bin/python3 -W ignore:setup.py install is deprecated -W ignore:easy_install command is deprecated setup.py egg_info --egg-base ../../build/hexapod_kinematics_py build --build-base /home/alec/Documents/SpiderBot/ros2_ws/build/hexapod_kinematics_py/build install --record /home/alec/Documents/SpiderBot/ros2_ws/build/hexapod_kinematics_py/install.log --single-version-externally-managed install_data
[0.864s] running egg_info
[0.876s] writing ../../build/hexapod_kinematics_py/hexapod_kinematics_py.egg-info/PKG-INFO
[0.876s] writing dependency_links to ../../build/hexapod_kinematics_py/hexapod_kinematics_py.egg-info/dependency_links.txt
[0.876s] writing entry points to ../../build/hexapod_kinematics_py/hexapod_kinematics_py.egg-info/entry_points.txt
[0.876s] writing requirements to ../../build/hexapod_kinematics_py/hexapod_kinematics_py.egg-info/requires.txt
[0.876s] writing top-level names to ../../build/hexapod_kinematics_py/hexapod_kinematics_py.egg-info/top_level.txt
[0.900s] reading manifest file '../../build/hexapod_kinematics_py/hexapod_kinematics_py.egg-info/SOURCES.txt'
[0.901s] writing manifest file '../../build/hexapod_kinematics_py/hexapod_kinematics_py.egg-info/SOURCES.txt'
[0.901s] running build
[0.901s] running build_py
[0.901s] running install
[0.905s] running install_lib
[0.918s] running install_data
[0.918s] running install_egg_info
[0.931s] Copying ../../build/hexapod_kinematics_py/hexapod_kinematics_py.egg-info to /home/alec/Documents/SpiderBot/ros2_ws/install/hexapod_kinematics_py/lib/python3.12/site-packages/hexapod_kinematics_py-0.0.0-py3.12.egg-info
[0.931s] running install_scripts
[1.012s] Installing ik_node script to /home/alec/Documents/SpiderBot/ros2_ws/install/hexapod_kinematics_py/lib/hexapod_kinematics
[1.012s] writing list of installed files to '/home/alec/Documents/SpiderBot/ros2_ws/build/hexapod_kinematics_py/install.log'
[1.031s] Invoked command in '/home/alec/Documents/SpiderBot/ros2_ws/src/hexapod_kinematics_py' returned '0': DEBUGINFOD_URLS=https://debuginfod.ubuntu.com PYTHONPATH=/home/alec/Documents/SpiderBot/ros2_ws/build/hexapod_kinematics_py/prefix_override:/usr/lib/python3/dist-packages/colcon_core/task/python/colcon_distutils_commands:/home/alec/Documents/SpiderBot/ros2_ws/install/hexapod_kinematics_py/lib/python3.12/site-packages:${PYTHONPATH} /usr/bin/python3 -W ignore:setup.py install is deprecated -W ignore:easy_install command is deprecated setup.py egg_info --egg-base ../../build/hexapod_kinematics_py build --build-base /home/alec/Documents/SpiderBot/ros2_ws/build/hexapod_kinematics_py/build install --record /home/alec/Documents/SpiderBot/ros2_ws/build/hexapod_kinematics_py/install.log --single-version-externally-managed install_data
