[  1%] [34m[1mGenerating type hashes for ROS interfaces[0m
[  1%] Built target ament_cmake_python_copy_hexapod_msgs
running egg_info
creating hexapod_msgs.egg-info
[  1%] Built target hexapod_msgs__rosidl_generator_type_description
writing hexapod_msgs.egg-info/PKG-INFO
writing dependency_links to hexapod_msgs.egg-info/dependency_links.txt
writing top-level names to hexapod_msgs.egg-info/top_level.txt
writing manifest file 'hexapod_msgs.egg-info/SOURCES.txt'
[  3%] [34m[1mGenerating C code for ROS interfaces[0m
[  4%] [34m[1mGenerating C++ code for ROS interfaces[0m
reading manifest file 'hexapod_msgs.egg-info/SOURCES.txt'
writing manifest file 'hexapod_msgs.egg-info/SOURCES.txt'
[  4%] Built target ament_cmake_python_build_hexapod_msgs_egg
[  4%] Built target hexapod_msgs__cpp
[  6%] [32mBuilding C object CMakeFiles/hexapod_msgs__rosidl_generator_c.dir/rosidl_generator_c/hexapod_msgs/msg/detail/polygon__description.c.o[0m
[  7%] [32mBuilding C object CMakeFiles/hexapod_msgs__rosidl_generator_c.dir/rosidl_generator_c/hexapod_msgs/msg/detail/polygon__functions.c.o[0m
[  9%] [32mBuilding C object CMakeFiles/hexapod_msgs__rosidl_generator_c.dir/rosidl_generator_c/hexapod_msgs/msg/detail/joint_angles__functions.c.o[0m
[ 10%] [32mBuilding C object CMakeFiles/hexapod_msgs__rosidl_generator_c.dir/rosidl_generator_c/hexapod_msgs/msg/detail/leg_commands__type_support.c.o[0m
[ 12%] [32mBuilding C object CMakeFiles/hexapod_msgs__rosidl_generator_c.dir/rosidl_generator_c/hexapod_msgs/msg/detail/leg_positions__description.c.o[0m
[ 14%] [32mBuilding C object CMakeFiles/hexapod_msgs__rosidl_generator_c.dir/rosidl_generator_c/hexapod_msgs/msg/detail/joint_angles__description.c.o[0m
[ 15%] [32mBuilding C object CMakeFiles/hexapod_msgs__rosidl_generator_c.dir/rosidl_generator_c/hexapod_msgs/msg/detail/joint_angles__type_support.c.o[0m
[ 17%] [32mBuilding C object CMakeFiles/hexapod_msgs__rosidl_generator_c.dir/rosidl_generator_c/hexapod_msgs/msg/detail/leg_commands__functions.c.o[0m
[ 20%] [32mBuilding C object CMakeFiles/hexapod_msgs__rosidl_generator_c.dir/rosidl_generator_c/hexapod_msgs/msg/detail/leg_positions__type_support.c.o[0m
[ 21%] [32mBuilding C object CMakeFiles/hexapod_msgs__rosidl_generator_c.dir/rosidl_generator_c/hexapod_msgs/msg/detail/leg_commands__description.c.o[0m
[ 21%] [32mBuilding C object CMakeFiles/hexapod_msgs__rosidl_generator_c.dir/rosidl_generator_c/hexapod_msgs/msg/detail/polygon__type_support.c.o[0m
[ 23%] [32mBuilding C object CMakeFiles/hexapod_msgs__rosidl_generator_c.dir/rosidl_generator_c/hexapod_msgs/msg/detail/leg_positions__functions.c.o[0m
[ 25%] [32m[1mLinking C shared library libhexapod_msgs__rosidl_generator_c.so[0m
[ 25%] Built target hexapod_msgs__rosidl_generator_c
[ 28%] [34m[1mGenerating C introspection for ROS interfaces[0m
[ 28%] [34m[1mGenerating C++ type support for eProsima Fast-RTPS[0m
[ 29%] [34m[1mGenerating C++ introspection for ROS interfaces[0m
[ 31%] [34m[1mGenerating C++ type support dispatch for ROS interfaces[0m
[ 32%] [34m[1mGenerating C type support for eProsima Fast-RTPS[0m
[ 34%] [34m[1mGenerating C type support dispatch for ROS interfaces[0m
[ 35%] [32mBuilding CXX object CMakeFiles/hexapod_msgs__rosidl_typesupport_c.dir/rosidl_typesupport_c/hexapod_msgs/msg/leg_positions__type_support.cpp.o[0m
[ 37%] [32mBuilding CXX object CMakeFiles/hexapod_msgs__rosidl_typesupport_c.dir/rosidl_typesupport_c/hexapod_msgs/msg/joint_angles__type_support.cpp.o[0m
[ 39%] [32mBuilding CXX object CMakeFiles/hexapod_msgs__rosidl_typesupport_c.dir/rosidl_typesupport_c/hexapod_msgs/msg/polygon__type_support.cpp.o[0m
[ 40%] [32mBuilding CXX object CMakeFiles/hexapod_msgs__rosidl_typesupport_c.dir/rosidl_typesupport_c/hexapod_msgs/msg/leg_commands__type_support.cpp.o[0m
[ 42%] [32mBuilding CXX object CMakeFiles/hexapod_msgs__rosidl_typesupport_cpp.dir/rosidl_typesupport_cpp/hexapod_msgs/msg/joint_angles__type_support.cpp.o[0m
[ 43%] [32mBuilding CXX object CMakeFiles/hexapod_msgs__rosidl_typesupport_cpp.dir/rosidl_typesupport_cpp/hexapod_msgs/msg/polygon__type_support.cpp.o[0m
[ 45%] [32mBuilding CXX object CMakeFiles/hexapod_msgs__rosidl_typesupport_cpp.dir/rosidl_typesupport_cpp/hexapod_msgs/msg/leg_commands__type_support.cpp.o[0m
[ 46%] [32mBuilding CXX object CMakeFiles/hexapod_msgs__rosidl_typesupport_cpp.dir/rosidl_typesupport_cpp/hexapod_msgs/msg/leg_positions__type_support.cpp.o[0m
[ 53%] [32mBuilding CXX object CMakeFiles/hexapod_msgs__rosidl_typesupport_introspection_cpp.dir/rosidl_typesupport_introspection_cpp/hexapod_msgs/msg/detail/polygon__type_support.cpp.o[0m
[ 53%] [32mBuilding CXX object CMakeFiles/hexapod_msgs__rosidl_typesupport_introspection_cpp.dir/rosidl_typesupport_introspection_cpp/hexapod_msgs/msg/detail/leg_commands__type_support.cpp.o[0m
[ 53%] [32mBuilding CXX object CMakeFiles/hexapod_msgs__rosidl_typesupport_introspection_cpp.dir/rosidl_typesupport_introspection_cpp/hexapod_msgs/msg/detail/leg_positions__type_support.cpp.o[0m
[ 53%] [32mBuilding CXX object CMakeFiles/hexapod_msgs__rosidl_typesupport_introspection_cpp.dir/rosidl_typesupport_introspection_cpp/hexapod_msgs/msg/detail/joint_angles__type_support.cpp.o[0m
[ 54%] [32m[1mLinking CXX shared library libhexapod_msgs__rosidl_typesupport_c.so[0m
[ 56%] [32mBuilding C object CMakeFiles/hexapod_msgs__rosidl_typesupport_introspection_c.dir/rosidl_typesupport_introspection_c/hexapod_msgs/msg/detail/joint_angles__type_support.c.o[0m
[ 57%] [32mBuilding C object CMakeFiles/hexapod_msgs__rosidl_typesupport_introspection_c.dir/rosidl_typesupport_introspection_c/hexapod_msgs/msg/detail/polygon__type_support.c.o[0m
[ 59%] [32mBuilding C object CMakeFiles/hexapod_msgs__rosidl_typesupport_introspection_c.dir/rosidl_typesupport_introspection_c/hexapod_msgs/msg/detail/leg_positions__type_support.c.o[0m
[ 60%] [32mBuilding C object CMakeFiles/hexapod_msgs__rosidl_typesupport_introspection_c.dir/rosidl_typesupport_introspection_c/hexapod_msgs/msg/detail/leg_commands__type_support.c.o[0m
[ 60%] Built target hexapod_msgs__rosidl_typesupport_c
[ 62%] [32m[1mLinking C shared library libhexapod_msgs__rosidl_typesupport_introspection_c.so[0m
[ 64%] [32mBuilding CXX object CMakeFiles/hexapod_msgs__rosidl_typesupport_fastrtps_cpp.dir/rosidl_typesupport_fastrtps_cpp/hexapod_msgs/msg/detail/dds_fastrtps/leg_commands__type_support.cpp.o[0m
[ 67%] [32mBuilding CXX object CMakeFiles/hexapod_msgs__rosidl_typesupport_fastrtps_cpp.dir/rosidl_typesupport_fastrtps_cpp/hexapod_msgs/msg/detail/dds_fastrtps/polygon__type_support.cpp.o[0m
[ 67%] [32mBuilding CXX object CMakeFiles/hexapod_msgs__rosidl_typesupport_fastrtps_cpp.dir/rosidl_typesupport_fastrtps_cpp/hexapod_msgs/msg/detail/dds_fastrtps/leg_positions__type_support.cpp.o[0m
[ 68%] [32mBuilding CXX object CMakeFiles/hexapod_msgs__rosidl_typesupport_fastrtps_cpp.dir/rosidl_typesupport_fastrtps_cpp/hexapod_msgs/msg/detail/dds_fastrtps/joint_angles__type_support.cpp.o[0m
[ 68%] Built target hexapod_msgs__rosidl_typesupport_introspection_c
[ 73%] [32mBuilding CXX object CMakeFiles/hexapod_msgs__rosidl_typesupport_fastrtps_c.dir/rosidl_typesupport_fastrtps_c/hexapod_msgs/msg/detail/polygon__type_support_c.cpp.o[0m
[ 73%] [32mBuilding CXX object CMakeFiles/hexapod_msgs__rosidl_typesupport_fastrtps_c.dir/rosidl_typesupport_fastrtps_c/hexapod_msgs/msg/detail/joint_angles__type_support_c.cpp.o[0m
[ 75%] [32mBuilding CXX object CMakeFiles/hexapod_msgs__rosidl_typesupport_fastrtps_c.dir/rosidl_typesupport_fastrtps_c/hexapod_msgs/msg/detail/leg_commands__type_support_c.cpp.o[0m
[ 75%] [32mBuilding CXX object CMakeFiles/hexapod_msgs__rosidl_typesupport_fastrtps_c.dir/rosidl_typesupport_fastrtps_c/hexapod_msgs/msg/detail/leg_positions__type_support_c.cpp.o[0m
[ 76%] [32m[1mLinking CXX shared library libhexapod_msgs__rosidl_typesupport_cpp.so[0m
[ 76%] Built target hexapod_msgs__rosidl_typesupport_cpp
[ 78%] [32m[1mLinking CXX shared library libhexapod_msgs__rosidl_typesupport_introspection_cpp.so[0m
[ 78%] Built target hexapod_msgs__rosidl_typesupport_introspection_cpp
[ 79%] [32m[1mLinking CXX shared library libhexapod_msgs__rosidl_typesupport_fastrtps_c.so[0m
[ 79%] Built target hexapod_msgs__rosidl_typesupport_fastrtps_c
[ 81%] [32m[1mLinking CXX shared library libhexapod_msgs__rosidl_typesupport_fastrtps_cpp.so[0m
[ 81%] Built target hexapod_msgs__rosidl_typesupport_fastrtps_cpp
[ 81%] Built target hexapod_msgs
[ 82%] [34m[1mGenerating Python code for ROS interfaces[0m
[ 82%] Built target hexapod_msgs__py
[ 84%] [32mBuilding C object CMakeFiles/hexapod_msgs__rosidl_generator_py.dir/rosidl_generator_py/hexapod_msgs/msg/_joint_angles_s.c.o[0m
[ 89%] [32mBuilding C object CMakeFiles/hexapod_msgs__rosidl_generator_py.dir/rosidl_generator_py/hexapod_msgs/msg/_leg_commands_s.c.o[0m
[ 89%] [32mBuilding C object CMakeFiles/hexapod_msgs__rosidl_generator_py.dir/rosidl_generator_py/hexapod_msgs/msg/_polygon_s.c.o[0m
[ 89%] [32mBuilding C object CMakeFiles/hexapod_msgs__rosidl_generator_py.dir/rosidl_generator_py/hexapod_msgs/msg/_leg_positions_s.c.o[0m
[ 90%] [32m[1mLinking C shared library libhexapod_msgs__rosidl_generator_py.so[0m
[ 90%] Built target hexapod_msgs__rosidl_generator_py
[ 92%] [32mBuilding C object CMakeFiles/hexapod_msgs_s__rosidl_typesupport_introspection_c.dir/rosidl_generator_py/hexapod_msgs/_hexapod_msgs_s.ep.rosidl_typesupport_introspection_c.c.o[0m
[ 93%] [32mBuilding C object CMakeFiles/hexapod_msgs_s__rosidl_typesupport_c.dir/rosidl_generator_py/hexapod_msgs/_hexapod_msgs_s.ep.rosidl_typesupport_c.c.o[0m
[ 95%] [32mBuilding C object CMakeFiles/hexapod_msgs_s__rosidl_typesupport_fastrtps_c.dir/rosidl_generator_py/hexapod_msgs/_hexapod_msgs_s.ep.rosidl_typesupport_fastrtps_c.c.o[0m
[ 96%] [32m[1mLinking C shared module rosidl_generator_py/hexapod_msgs/hexapod_msgs_s__rosidl_typesupport_c.so[0m
[ 98%] [32m[1mLinking C shared module rosidl_generator_py/hexapod_msgs/hexapod_msgs_s__rosidl_typesupport_introspection_c.so[0m
[100%] [32m[1mLinking C shared module rosidl_generator_py/hexapod_msgs/hexapod_msgs_s__rosidl_typesupport_fastrtps_c.so[0m
[100%] Built target hexapod_msgs_s__rosidl_typesupport_c
[100%] Built target hexapod_msgs_s__rosidl_typesupport_fastrtps_c
[100%] Built target hexapod_msgs_s__rosidl_typesupport_introspection_c
-- Install configuration: ""
-- Installing: /home/alec/Documents/SpiderBot/ros2_ws/install/hexapod_msgs/share/ament_index/resource_index/rosidl_interfaces/hexapod_msgs
-- Installing: /home/alec/Documents/SpiderBot/ros2_ws/install/hexapod_msgs/share/hexapod_msgs/msg/JointAngles.json
-- Installing: /home/alec/Documents/SpiderBot/ros2_ws/install/hexapod_msgs/share/hexapod_msgs/msg/Polygon.json
-- Installing: /home/alec/Documents/SpiderBot/ros2_ws/install/hexapod_msgs/share/hexapod_msgs/msg/LegCommands.json
-- Installing: /home/alec/Documents/SpiderBot/ros2_ws/install/hexapod_msgs/share/hexapod_msgs/msg/LegPositions.json
-- Installing: /home/alec/Documents/SpiderBot/ros2_ws/install/hexapod_msgs/include/hexapod_msgs/hexapod_msgs
-- Installing: /home/alec/Documents/SpiderBot/ros2_ws/install/hexapod_msgs/include/hexapod_msgs/hexapod_msgs/msg
-- Installing: /home/alec/Documents/SpiderBot/ros2_ws/install/hexapod_msgs/include/hexapod_msgs/hexapod_msgs/msg/leg_commands.h
-- Installing: /home/alec/Documents/SpiderBot/ros2_ws/install/hexapod_msgs/include/hexapod_msgs/hexapod_msgs/msg/detail
-- Installing: /home/alec/Documents/SpiderBot/ros2_ws/install/hexapod_msgs/include/hexapod_msgs/hexapod_msgs/msg/detail/joint_angles__functions.h
-- Installing: /home/alec/Documents/SpiderBot/ros2_ws/install/hexapod_msgs/include/hexapod_msgs/hexapod_msgs/msg/detail/joint_angles__type_support.h
-- Installing: /home/alec/Documents/SpiderBot/ros2_ws/install/hexapod_msgs/include/hexapod_msgs/hexapod_msgs/msg/detail/polygon__type_support.h
-- Installing: /home/alec/Documents/SpiderBot/ros2_ws/install/hexapod_msgs/include/hexapod_msgs/hexapod_msgs/msg/detail/leg_commands__functions.h
-- Installing: /home/alec/Documents/SpiderBot/ros2_ws/install/hexapod_msgs/include/hexapod_msgs/hexapod_msgs/msg/detail/leg_commands__functions.c
-- Installing: /home/alec/Documents/SpiderBot/ros2_ws/install/hexapod_msgs/include/hexapod_msgs/hexapod_msgs/msg/detail/polygon__functions.h
-- Installing: /home/alec/Documents/SpiderBot/ros2_ws/install/hexapod_msgs/include/hexapod_msgs/hexapod_msgs/msg/detail/leg_commands__type_support.c
-- Installing: /home/alec/Documents/SpiderBot/ros2_ws/install/hexapod_msgs/include/hexapod_msgs/hexapod_msgs/msg/detail/leg_commands__type_support.h
-- Installing: /home/alec/Documents/SpiderBot/ros2_ws/install/hexapod_msgs/include/hexapod_msgs/hexapod_msgs/msg/detail/leg_commands__description.c
-- Installing: /home/alec/Documents/SpiderBot/ros2_ws/install/hexapod_msgs/include/hexapod_msgs/hexapod_msgs/msg/detail/joint_angles__description.c
-- Installing: /home/alec/Documents/SpiderBot/ros2_ws/install/hexapod_msgs/include/hexapod_msgs/hexapod_msgs/msg/detail/leg_positions__description.c
-- Installing: /home/alec/Documents/SpiderBot/ros2_ws/install/hexapod_msgs/include/hexapod_msgs/hexapod_msgs/msg/detail/joint_angles__functions.c
-- Installing: /home/alec/Documents/SpiderBot/ros2_ws/install/hexapod_msgs/include/hexapod_msgs/hexapod_msgs/msg/detail/leg_positions__type_support.c
-- Installing: /home/alec/Documents/SpiderBot/ros2_ws/install/hexapod_msgs/include/hexapod_msgs/hexapod_msgs/msg/detail/leg_commands__struct.h
-- Installing: /home/alec/Documents/SpiderBot/ros2_ws/install/hexapod_msgs/include/hexapod_msgs/hexapod_msgs/msg/detail/polygon__type_support.c
-- Installing: /home/alec/Documents/SpiderBot/ros2_ws/install/hexapod_msgs/include/hexapod_msgs/hexapod_msgs/msg/detail/joint_angles__struct.h
-- Installing: /home/alec/Documents/SpiderBot/ros2_ws/install/hexapod_msgs/include/hexapod_msgs/hexapod_msgs/msg/detail/leg_positions__functions.h
-- Installing: /home/alec/Documents/SpiderBot/ros2_ws/install/hexapod_msgs/include/hexapod_msgs/hexapod_msgs/msg/detail/polygon__description.c
-- Installing: /home/alec/Documents/SpiderBot/ros2_ws/install/hexapod_msgs/include/hexapod_msgs/hexapod_msgs/msg/detail/leg_positions__functions.c
-- Installing: /home/alec/Documents/SpiderBot/ros2_ws/install/hexapod_msgs/include/hexapod_msgs/hexapod_msgs/msg/detail/leg_positions__type_support.h
-- Installing: /home/alec/Documents/SpiderBot/ros2_ws/install/hexapod_msgs/include/hexapod_msgs/hexapod_msgs/msg/detail/polygon__functions.c
-- Installing: /home/alec/Documents/SpiderBot/ros2_ws/install/hexapod_msgs/include/hexapod_msgs/hexapod_msgs/msg/detail/polygon__struct.h
-- Installing: /home/alec/Documents/SpiderBot/ros2_ws/install/hexapod_msgs/include/hexapod_msgs/hexapod_msgs/msg/detail/leg_positions__struct.h
-- Installing: /home/alec/Documents/SpiderBot/ros2_ws/install/hexapod_msgs/include/hexapod_msgs/hexapod_msgs/msg/detail/joint_angles__type_support.c
-- Installing: /home/alec/Documents/SpiderBot/ros2_ws/install/hexapod_msgs/include/hexapod_msgs/hexapod_msgs/msg/polygon.h
-- Installing: /home/alec/Documents/SpiderBot/ros2_ws/install/hexapod_msgs/include/hexapod_msgs/hexapod_msgs/msg/rosidl_generator_c__visibility_control.h
-- Installing: /home/alec/Documents/SpiderBot/ros2_ws/install/hexapod_msgs/include/hexapod_msgs/hexapod_msgs/msg/leg_positions.h
-- Installing: /home/alec/Documents/SpiderBot/ros2_ws/install/hexapod_msgs/include/hexapod_msgs/hexapod_msgs/msg/joint_angles.h
-- Installing: /home/alec/Documents/SpiderBot/ros2_ws/install/hexapod_msgs/share/hexapod_msgs/environment/library_path.sh
-- Installing: /home/alec/Documents/SpiderBot/ros2_ws/install/hexapod_msgs/share/hexapod_msgs/environment/library_path.dsv
-- Installing: /home/alec/Documents/SpiderBot/ros2_ws/install/hexapod_msgs/lib/libhexapod_msgs__rosidl_generator_c.so
-- Set non-toolchain portion of runtime path of "/home/alec/Documents/SpiderBot/ros2_ws/install/hexapod_msgs/lib/libhexapod_msgs__rosidl_generator_c.so" to ""
-- Up-to-date: /home/alec/Documents/SpiderBot/ros2_ws/install/hexapod_msgs/include/hexapod_msgs/hexapod_msgs
-- Up-to-date: /home/alec/Documents/SpiderBot/ros2_ws/install/hexapod_msgs/include/hexapod_msgs/hexapod_msgs/msg
-- Up-to-date: /home/alec/Documents/SpiderBot/ros2_ws/install/hexapod_msgs/include/hexapod_msgs/hexapod_msgs/msg/detail
-- Installing: /home/alec/Documents/SpiderBot/ros2_ws/install/hexapod_msgs/include/hexapod_msgs/hexapod_msgs/msg/detail/leg_commands__rosidl_typesupport_fastrtps_c.h
-- Installing: /home/alec/Documents/SpiderBot/ros2_ws/install/hexapod_msgs/include/hexapod_msgs/hexapod_msgs/msg/detail/leg_positions__rosidl_typesupport_fastrtps_c.h
-- Installing: /home/alec/Documents/SpiderBot/ros2_ws/install/hexapod_msgs/include/hexapod_msgs/hexapod_msgs/msg/detail/polygon__rosidl_typesupport_fastrtps_c.h
-- Installing: /home/alec/Documents/SpiderBot/ros2_ws/install/hexapod_msgs/include/hexapod_msgs/hexapod_msgs/msg/detail/joint_angles__rosidl_typesupport_fastrtps_c.h
-- Installing: /home/alec/Documents/SpiderBot/ros2_ws/install/hexapod_msgs/include/hexapod_msgs/hexapod_msgs/msg/rosidl_typesupport_fastrtps_c__visibility_control.h
-- Installing: /home/alec/Documents/SpiderBot/ros2_ws/install/hexapod_msgs/lib/libhexapod_msgs__rosidl_typesupport_fastrtps_c.so
-- Set non-toolchain portion of runtime path of "/home/alec/Documents/SpiderBot/ros2_ws/install/hexapod_msgs/lib/libhexapod_msgs__rosidl_typesupport_fastrtps_c.so" to ""
-- Up-to-date: /home/alec/Documents/SpiderBot/ros2_ws/install/hexapod_msgs/include/hexapod_msgs/hexapod_msgs
-- Up-to-date: /home/alec/Documents/SpiderBot/ros2_ws/install/hexapod_msgs/include/hexapod_msgs/hexapod_msgs/msg
-- Up-to-date: /home/alec/Documents/SpiderBot/ros2_ws/install/hexapod_msgs/include/hexapod_msgs/hexapod_msgs/msg/detail
-- Installing: /home/alec/Documents/SpiderBot/ros2_ws/install/hexapod_msgs/include/hexapod_msgs/hexapod_msgs/msg/detail/leg_commands__rosidl_typesupport_introspection_c.h
-- Up-to-date: /home/alec/Documents/SpiderBot/ros2_ws/install/hexapod_msgs/include/hexapod_msgs/hexapod_msgs/msg/detail/leg_commands__type_support.c
-- Installing: /home/alec/Documents/SpiderBot/ros2_ws/install/hexapod_msgs/include/hexapod_msgs/hexapod_msgs/msg/detail/joint_angles__rosidl_typesupport_introspection_c.h
-- Up-to-date: /home/alec/Documents/SpiderBot/ros2_ws/install/hexapod_msgs/include/hexapod_msgs/hexapod_msgs/msg/detail/leg_positions__type_support.c
-- Up-to-date: /home/alec/Documents/SpiderBot/ros2_ws/install/hexapod_msgs/include/hexapod_msgs/hexapod_msgs/msg/detail/polygon__type_support.c
-- Installing: /home/alec/Documents/SpiderBot/ros2_ws/install/hexapod_msgs/include/hexapod_msgs/hexapod_msgs/msg/detail/leg_positions__rosidl_typesupport_introspection_c.h
-- Installing: /home/alec/Documents/SpiderBot/ros2_ws/install/hexapod_msgs/include/hexapod_msgs/hexapod_msgs/msg/detail/polygon__rosidl_typesupport_introspection_c.h
-- Up-to-date: /home/alec/Documents/SpiderBot/ros2_ws/install/hexapod_msgs/include/hexapod_msgs/hexapod_msgs/msg/detail/joint_angles__type_support.c
-- Installing: /home/alec/Documents/SpiderBot/ros2_ws/install/hexapod_msgs/include/hexapod_msgs/hexapod_msgs/msg/rosidl_typesupport_introspection_c__visibility_control.h
-- Installing: /home/alec/Documents/SpiderBot/ros2_ws/install/hexapod_msgs/lib/libhexapod_msgs__rosidl_typesupport_introspection_c.so
-- Set non-toolchain portion of runtime path of "/home/alec/Documents/SpiderBot/ros2_ws/install/hexapod_msgs/lib/libhexapod_msgs__rosidl_typesupport_introspection_c.so" to ""
-- Installing: /home/alec/Documents/SpiderBot/ros2_ws/install/hexapod_msgs/lib/libhexapod_msgs__rosidl_typesupport_c.so
-- Set non-toolchain portion of runtime path of "/home/alec/Documents/SpiderBot/ros2_ws/install/hexapod_msgs/lib/libhexapod_msgs__rosidl_typesupport_c.so" to ""
-- Up-to-date: /home/alec/Documents/SpiderBot/ros2_ws/install/hexapod_msgs/include/hexapod_msgs/hexapod_msgs
-- Up-to-date: /home/alec/Documents/SpiderBot/ros2_ws/install/hexapod_msgs/include/hexapod_msgs/hexapod_msgs/msg
-- Installing: /home/alec/Documents/SpiderBot/ros2_ws/install/hexapod_msgs/include/hexapod_msgs/hexapod_msgs/msg/leg_positions.hpp
-- Installing: /home/alec/Documents/SpiderBot/ros2_ws/install/hexapod_msgs/include/hexapod_msgs/hexapod_msgs/msg/joint_angles.hpp
-- Up-to-date: /home/alec/Documents/SpiderBot/ros2_ws/install/hexapod_msgs/include/hexapod_msgs/hexapod_msgs/msg/detail
-- Installing: /home/alec/Documents/SpiderBot/ros2_ws/install/hexapod_msgs/include/hexapod_msgs/hexapod_msgs/msg/detail/leg_positions__type_support.hpp
-- Installing: /home/alec/Documents/SpiderBot/ros2_ws/install/hexapod_msgs/include/hexapod_msgs/hexapod_msgs/msg/detail/leg_commands__builder.hpp
-- Installing: /home/alec/Documents/SpiderBot/ros2_ws/install/hexapod_msgs/include/hexapod_msgs/hexapod_msgs/msg/detail/polygon__traits.hpp
-- Installing: /home/alec/Documents/SpiderBot/ros2_ws/install/hexapod_msgs/include/hexapod_msgs/hexapod_msgs/msg/detail/joint_angles__builder.hpp
-- Installing: /home/alec/Documents/SpiderBot/ros2_ws/install/hexapod_msgs/include/hexapod_msgs/hexapod_msgs/msg/detail/leg_positions__builder.hpp
-- Installing: /home/alec/Documents/SpiderBot/ros2_ws/install/hexapod_msgs/include/hexapod_msgs/hexapod_msgs/msg/detail/polygon__builder.hpp
-- Installing: /home/alec/Documents/SpiderBot/ros2_ws/install/hexapod_msgs/include/hexapod_msgs/hexapod_msgs/msg/detail/leg_positions__struct.hpp
-- Installing: /home/alec/Documents/SpiderBot/ros2_ws/install/hexapod_msgs/include/hexapod_msgs/hexapod_msgs/msg/detail/polygon__type_support.hpp
-- Installing: /home/alec/Documents/SpiderBot/ros2_ws/install/hexapod_msgs/include/hexapod_msgs/hexapod_msgs/msg/detail/joint_angles__struct.hpp
-- Installing: /home/alec/Documents/SpiderBot/ros2_ws/install/hexapod_msgs/include/hexapod_msgs/hexapod_msgs/msg/detail/leg_commands__traits.hpp
-- Installing: /home/alec/Documents/SpiderBot/ros2_ws/install/hexapod_msgs/include/hexapod_msgs/hexapod_msgs/msg/detail/joint_angles__traits.hpp
-- Installing: /home/alec/Documents/SpiderBot/ros2_ws/install/hexapod_msgs/include/hexapod_msgs/hexapod_msgs/msg/detail/joint_angles__type_support.hpp
-- Installing: /home/alec/Documents/SpiderBot/ros2_ws/install/hexapod_msgs/include/hexapod_msgs/hexapod_msgs/msg/detail/leg_commands__struct.hpp
-- Installing: /home/alec/Documents/SpiderBot/ros2_ws/install/hexapod_msgs/include/hexapod_msgs/hexapod_msgs/msg/detail/leg_positions__traits.hpp
-- Installing: /home/alec/Documents/SpiderBot/ros2_ws/install/hexapod_msgs/include/hexapod_msgs/hexapod_msgs/msg/detail/polygon__struct.hpp
-- Installing: /home/alec/Documents/SpiderBot/ros2_ws/install/hexapod_msgs/include/hexapod_msgs/hexapod_msgs/msg/detail/leg_commands__type_support.hpp
-- Installing: /home/alec/Documents/SpiderBot/ros2_ws/install/hexapod_msgs/include/hexapod_msgs/hexapod_msgs/msg/rosidl_generator_cpp__visibility_control.hpp
-- Installing: /home/alec/Documents/SpiderBot/ros2_ws/install/hexapod_msgs/include/hexapod_msgs/hexapod_msgs/msg/leg_commands.hpp
-- Installing: /home/alec/Documents/SpiderBot/ros2_ws/install/hexapod_msgs/include/hexapod_msgs/hexapod_msgs/msg/polygon.hpp
-- Up-to-date: /home/alec/Documents/SpiderBot/ros2_ws/install/hexapod_msgs/include/hexapod_msgs/hexapod_msgs
-- Up-to-date: /home/alec/Documents/SpiderBot/ros2_ws/install/hexapod_msgs/include/hexapod_msgs/hexapod_msgs/msg
-- Up-to-date: /home/alec/Documents/SpiderBot/ros2_ws/install/hexapod_msgs/include/hexapod_msgs/hexapod_msgs/msg/detail
-- Installing: /home/alec/Documents/SpiderBot/ros2_ws/install/hexapod_msgs/include/hexapod_msgs/hexapod_msgs/msg/detail/leg_positions__rosidl_typesupport_fastrtps_cpp.hpp
-- Installing: /home/alec/Documents/SpiderBot/ros2_ws/install/hexapod_msgs/include/hexapod_msgs/hexapod_msgs/msg/detail/dds_fastrtps
-- Installing: /home/alec/Documents/SpiderBot/ros2_ws/install/hexapod_msgs/include/hexapod_msgs/hexapod_msgs/msg/detail/joint_angles__rosidl_typesupport_fastrtps_cpp.hpp
-- Installing: /home/alec/Documents/SpiderBot/ros2_ws/install/hexapod_msgs/include/hexapod_msgs/hexapod_msgs/msg/detail/polygon__rosidl_typesupport_fastrtps_cpp.hpp
-- Installing: /home/alec/Documents/SpiderBot/ros2_ws/install/hexapod_msgs/include/hexapod_msgs/hexapod_msgs/msg/detail/leg_commands__rosidl_typesupport_fastrtps_cpp.hpp
-- Installing: /home/alec/Documents/SpiderBot/ros2_ws/install/hexapod_msgs/include/hexapod_msgs/hexapod_msgs/msg/rosidl_typesupport_fastrtps_cpp__visibility_control.h
-- Installing: /home/alec/Documents/SpiderBot/ros2_ws/install/hexapod_msgs/lib/libhexapod_msgs__rosidl_typesupport_fastrtps_cpp.so
-- Set non-toolchain portion of runtime path of "/home/alec/Documents/SpiderBot/ros2_ws/install/hexapod_msgs/lib/libhexapod_msgs__rosidl_typesupport_fastrtps_cpp.so" to ""
-- Up-to-date: /home/alec/Documents/SpiderBot/ros2_ws/install/hexapod_msgs/include/hexapod_msgs/hexapod_msgs
-- Up-to-date: /home/alec/Documents/SpiderBot/ros2_ws/install/hexapod_msgs/include/hexapod_msgs/hexapod_msgs/msg
-- Up-to-date: /home/alec/Documents/SpiderBot/ros2_ws/install/hexapod_msgs/include/hexapod_msgs/hexapod_msgs/msg/detail
-- Installing: /home/alec/Documents/SpiderBot/ros2_ws/install/hexapod_msgs/include/hexapod_msgs/hexapod_msgs/msg/detail/joint_angles__type_support.cpp
-- Installing: /home/alec/Documents/SpiderBot/ros2_ws/install/hexapod_msgs/include/hexapod_msgs/hexapod_msgs/msg/detail/leg_commands__type_support.cpp
-- Installing: /home/alec/Documents/SpiderBot/ros2_ws/install/hexapod_msgs/include/hexapod_msgs/hexapod_msgs/msg/detail/leg_commands__rosidl_typesupport_introspection_cpp.hpp
-- Installing: /home/alec/Documents/SpiderBot/ros2_ws/install/hexapod_msgs/include/hexapod_msgs/hexapod_msgs/msg/detail/polygon__rosidl_typesupport_introspection_cpp.hpp
-- Installing: /home/alec/Documents/SpiderBot/ros2_ws/install/hexapod_msgs/include/hexapod_msgs/hexapod_msgs/msg/detail/joint_angles__rosidl_typesupport_introspection_cpp.hpp
-- Installing: /home/alec/Documents/SpiderBot/ros2_ws/install/hexapod_msgs/include/hexapod_msgs/hexapod_msgs/msg/detail/polygon__type_support.cpp
-- Installing: /home/alec/Documents/SpiderBot/ros2_ws/install/hexapod_msgs/include/hexapod_msgs/hexapod_msgs/msg/detail/leg_positions__rosidl_typesupport_introspection_cpp.hpp
-- Installing: /home/alec/Documents/SpiderBot/ros2_ws/install/hexapod_msgs/include/hexapod_msgs/hexapod_msgs/msg/detail/leg_positions__type_support.cpp
-- Installing: /home/alec/Documents/SpiderBot/ros2_ws/install/hexapod_msgs/lib/libhexapod_msgs__rosidl_typesupport_introspection_cpp.so
-- Set non-toolchain portion of runtime path of "/home/alec/Documents/SpiderBot/ros2_ws/install/hexapod_msgs/lib/libhexapod_msgs__rosidl_typesupport_introspection_cpp.so" to ""
-- Installing: /home/alec/Documents/SpiderBot/ros2_ws/install/hexapod_msgs/lib/libhexapod_msgs__rosidl_typesupport_cpp.so
-- Set non-toolchain portion of runtime path of "/home/alec/Documents/SpiderBot/ros2_ws/install/hexapod_msgs/lib/libhexapod_msgs__rosidl_typesupport_cpp.so" to ""
-- Installing: /home/alec/Documents/SpiderBot/ros2_ws/install/hexapod_msgs/share/hexapod_msgs/environment/pythonpath.sh
-- Installing: /home/alec/Documents/SpiderBot/ros2_ws/install/hexapod_msgs/share/hexapod_msgs/environment/pythonpath.dsv
-- Installing: /home/alec/Documents/SpiderBot/ros2_ws/install/hexapod_msgs/lib/python3.12/site-packages/hexapod_msgs-0.1.0-py3.12.egg-info
-- Installing: /home/alec/Documents/SpiderBot/ros2_ws/install/hexapod_msgs/lib/python3.12/site-packages/hexapod_msgs-0.1.0-py3.12.egg-info/PKG-INFO
-- Installing: /home/alec/Documents/SpiderBot/ros2_ws/install/hexapod_msgs/lib/python3.12/site-packages/hexapod_msgs-0.1.0-py3.12.egg-info/SOURCES.txt
-- Installing: /home/alec/Documents/SpiderBot/ros2_ws/install/hexapod_msgs/lib/python3.12/site-packages/hexapod_msgs-0.1.0-py3.12.egg-info/top_level.txt
-- Installing: /home/alec/Documents/SpiderBot/ros2_ws/install/hexapod_msgs/lib/python3.12/site-packages/hexapod_msgs-0.1.0-py3.12.egg-info/dependency_links.txt
-- Installing: /home/alec/Documents/SpiderBot/ros2_ws/install/hexapod_msgs/lib/python3.12/site-packages/hexapod_msgs
-- Installing: /home/alec/Documents/SpiderBot/ros2_ws/install/hexapod_msgs/lib/python3.12/site-packages/hexapod_msgs/hexapod_msgs_s__rosidl_typesupport_introspection_c.so
-- Installing: /home/alec/Documents/SpiderBot/ros2_ws/install/hexapod_msgs/lib/python3.12/site-packages/hexapod_msgs/_hexapod_msgs_s.ep.rosidl_typesupport_c.c
-- Installing: /home/alec/Documents/SpiderBot/ros2_ws/install/hexapod_msgs/lib/python3.12/site-packages/hexapod_msgs/_hexapod_msgs_s.ep.rosidl_typesupport_fastrtps_c.c
-- Installing: /home/alec/Documents/SpiderBot/ros2_ws/install/hexapod_msgs/lib/python3.12/site-packages/hexapod_msgs/hexapod_msgs_s__rosidl_typesupport_fastrtps_c.so
-- Installing: /home/alec/Documents/SpiderBot/ros2_ws/install/hexapod_msgs/lib/python3.12/site-packages/hexapod_msgs/__init__.py
-- Installing: /home/alec/Documents/SpiderBot/ros2_ws/install/hexapod_msgs/lib/python3.12/site-packages/hexapod_msgs/msg
-- Installing: /home/alec/Documents/SpiderBot/ros2_ws/install/hexapod_msgs/lib/python3.12/site-packages/hexapod_msgs/msg/_joint_angles.py
-- Installing: /home/alec/Documents/SpiderBot/ros2_ws/install/hexapod_msgs/lib/python3.12/site-packages/hexapod_msgs/msg/_leg_commands.py
-- Installing: /home/alec/Documents/SpiderBot/ros2_ws/install/hexapod_msgs/lib/python3.12/site-packages/hexapod_msgs/msg/_polygon.py
-- Installing: /home/alec/Documents/SpiderBot/ros2_ws/install/hexapod_msgs/lib/python3.12/site-packages/hexapod_msgs/msg/_leg_positions_s.c
-- Installing: /home/alec/Documents/SpiderBot/ros2_ws/install/hexapod_msgs/lib/python3.12/site-packages/hexapod_msgs/msg/__init__.py
-- Installing: /home/alec/Documents/SpiderBot/ros2_ws/install/hexapod_msgs/lib/python3.12/site-packages/hexapod_msgs/msg/_polygon_s.c
-- Installing: /home/alec/Documents/SpiderBot/ros2_ws/install/hexapod_msgs/lib/python3.12/site-packages/hexapod_msgs/msg/_leg_positions.py
-- Installing: /home/alec/Documents/SpiderBot/ros2_ws/install/hexapod_msgs/lib/python3.12/site-packages/hexapod_msgs/msg/_leg_commands_s.c
-- Installing: /home/alec/Documents/SpiderBot/ros2_ws/install/hexapod_msgs/lib/python3.12/site-packages/hexapod_msgs/msg/_joint_angles_s.c
-- Installing: /home/alec/Documents/SpiderBot/ros2_ws/install/hexapod_msgs/lib/python3.12/site-packages/hexapod_msgs/hexapod_msgs_s__rosidl_typesupport_c.so
-- Installing: /home/alec/Documents/SpiderBot/ros2_ws/install/hexapod_msgs/lib/python3.12/site-packages/hexapod_msgs/_hexapod_msgs_s.ep.rosidl_typesupport_introspection_c.c
Listing '/home/alec/Documents/SpiderBot/ros2_ws/install/hexapod_msgs/lib/python3.12/site-packages/hexapod_msgs'...
Compiling '/home/alec/Documents/SpiderBot/ros2_ws/install/hexapod_msgs/lib/python3.12/site-packages/hexapod_msgs/__init__.py'...
Listing '/home/alec/Documents/SpiderBot/ros2_ws/install/hexapod_msgs/lib/python3.12/site-packages/hexapod_msgs/msg'...
Compiling '/home/alec/Documents/SpiderBot/ros2_ws/install/hexapod_msgs/lib/python3.12/site-packages/hexapod_msgs/msg/__init__.py'...
Compiling '/home/alec/Documents/SpiderBot/ros2_ws/install/hexapod_msgs/lib/python3.12/site-packages/hexapod_msgs/msg/_joint_angles.py'...
Compiling '/home/alec/Documents/SpiderBot/ros2_ws/install/hexapod_msgs/lib/python3.12/site-packages/hexapod_msgs/msg/_leg_commands.py'...
Compiling '/home/alec/Documents/SpiderBot/ros2_ws/install/hexapod_msgs/lib/python3.12/site-packages/hexapod_msgs/msg/_leg_positions.py'...
Compiling '/home/alec/Documents/SpiderBot/ros2_ws/install/hexapod_msgs/lib/python3.12/site-packages/hexapod_msgs/msg/_polygon.py'...
-- Installing: /home/alec/Documents/SpiderBot/ros2_ws/install/hexapod_msgs/lib/python3.12/site-packages/hexapod_msgs/hexapod_msgs_s__rosidl_typesupport_fastrtps_c.so
-- Set non-toolchain portion of runtime path of "/home/alec/Documents/SpiderBot/ros2_ws/install/hexapod_msgs/lib/python3.12/site-packages/hexapod_msgs/hexapod_msgs_s__rosidl_typesupport_fastrtps_c.so" to ""
-- Installing: /home/alec/Documents/SpiderBot/ros2_ws/install/hexapod_msgs/lib/python3.12/site-packages/hexapod_msgs/hexapod_msgs_s__rosidl_typesupport_introspection_c.so
-- Set non-toolchain portion of runtime path of "/home/alec/Documents/SpiderBot/ros2_ws/install/hexapod_msgs/lib/python3.12/site-packages/hexapod_msgs/hexapod_msgs_s__rosidl_typesupport_introspection_c.so" to ""
-- Installing: /home/alec/Documents/SpiderBot/ros2_ws/install/hexapod_msgs/lib/python3.12/site-packages/hexapod_msgs/hexapod_msgs_s__rosidl_typesupport_c.so
-- Set non-toolchain portion of runtime path of "/home/alec/Documents/SpiderBot/ros2_ws/install/hexapod_msgs/lib/python3.12/site-packages/hexapod_msgs/hexapod_msgs_s__rosidl_typesupport_c.so" to ""
-- Installing: /home/alec/Documents/SpiderBot/ros2_ws/install/hexapod_msgs/lib/libhexapod_msgs__rosidl_generator_py.so
-- Set non-toolchain portion of runtime path of "/home/alec/Documents/SpiderBot/ros2_ws/install/hexapod_msgs/lib/libhexapod_msgs__rosidl_generator_py.so" to ""
-- Installing: /home/alec/Documents/SpiderBot/ros2_ws/install/hexapod_msgs/share/hexapod_msgs/msg/JointAngles.idl
-- Installing: /home/alec/Documents/SpiderBot/ros2_ws/install/hexapod_msgs/share/hexapod_msgs/msg/Polygon.idl
-- Installing: /home/alec/Documents/SpiderBot/ros2_ws/install/hexapod_msgs/share/hexapod_msgs/msg/LegCommands.idl
-- Installing: /home/alec/Documents/SpiderBot/ros2_ws/install/hexapod_msgs/share/hexapod_msgs/msg/LegPositions.idl
-- Installing: /home/alec/Documents/SpiderBot/ros2_ws/install/hexapod_msgs/share/hexapod_msgs/msg/JointAngles.msg
-- Installing: /home/alec/Documents/SpiderBot/ros2_ws/install/hexapod_msgs/share/hexapod_msgs/msg/Polygon.msg
-- Installing: /home/alec/Documents/SpiderBot/ros2_ws/install/hexapod_msgs/share/hexapod_msgs/msg/LegCommands.msg
-- Installing: /home/alec/Documents/SpiderBot/ros2_ws/install/hexapod_msgs/share/hexapod_msgs/msg/LegPositions.msg
-- Installing: /home/alec/Documents/SpiderBot/ros2_ws/install/hexapod_msgs/share/ament_index/resource_index/package_run_dependencies/hexapod_msgs
-- Installing: /home/alec/Documents/SpiderBot/ros2_ws/install/hexapod_msgs/share/ament_index/resource_index/parent_prefix_path/hexapod_msgs
-- Installing: /home/alec/Documents/SpiderBot/ros2_ws/install/hexapod_msgs/share/hexapod_msgs/environment/ament_prefix_path.sh
-- Installing: /home/alec/Documents/SpiderBot/ros2_ws/install/hexapod_msgs/share/hexapod_msgs/environment/ament_prefix_path.dsv
-- Installing: /home/alec/Documents/SpiderBot/ros2_ws/install/hexapod_msgs/share/hexapod_msgs/environment/path.sh
-- Installing: /home/alec/Documents/SpiderBot/ros2_ws/install/hexapod_msgs/share/hexapod_msgs/environment/path.dsv
-- Installing: /home/alec/Documents/SpiderBot/ros2_ws/install/hexapod_msgs/share/hexapod_msgs/local_setup.bash
-- Installing: /home/alec/Documents/SpiderBot/ros2_ws/install/hexapod_msgs/share/hexapod_msgs/local_setup.sh
-- Installing: /home/alec/Documents/SpiderBot/ros2_ws/install/hexapod_msgs/share/hexapod_msgs/local_setup.zsh
-- Installing: /home/alec/Documents/SpiderBot/ros2_ws/install/hexapod_msgs/share/hexapod_msgs/local_setup.dsv
-- Installing: /home/alec/Documents/SpiderBot/ros2_ws/install/hexapod_msgs/share/hexapod_msgs/package.dsv
-- Installing: /home/alec/Documents/SpiderBot/ros2_ws/install/hexapod_msgs/share/ament_index/resource_index/packages/hexapod_msgs
-- Installing: /home/alec/Documents/SpiderBot/ros2_ws/install/hexapod_msgs/share/hexapod_msgs/cmake/export_hexapod_msgs__rosidl_generator_cExport.cmake
-- Installing: /home/alec/Documents/SpiderBot/ros2_ws/install/hexapod_msgs/share/hexapod_msgs/cmake/export_hexapod_msgs__rosidl_generator_cExport-noconfig.cmake
-- Installing: /home/alec/Documents/SpiderBot/ros2_ws/install/hexapod_msgs/share/hexapod_msgs/cmake/export_hexapod_msgs__rosidl_typesupport_fastrtps_cExport.cmake
-- Installing: /home/alec/Documents/SpiderBot/ros2_ws/install/hexapod_msgs/share/hexapod_msgs/cmake/export_hexapod_msgs__rosidl_typesupport_fastrtps_cExport-noconfig.cmake
-- Installing: /home/alec/Documents/SpiderBot/ros2_ws/install/hexapod_msgs/share/hexapod_msgs/cmake/hexapod_msgs__rosidl_typesupport_introspection_cExport.cmake
-- Installing: /home/alec/Documents/SpiderBot/ros2_ws/install/hexapod_msgs/share/hexapod_msgs/cmake/hexapod_msgs__rosidl_typesupport_introspection_cExport-noconfig.cmake
-- Installing: /home/alec/Documents/SpiderBot/ros2_ws/install/hexapod_msgs/share/hexapod_msgs/cmake/hexapod_msgs__rosidl_typesupport_cExport.cmake
-- Installing: /home/alec/Documents/SpiderBot/ros2_ws/install/hexapod_msgs/share/hexapod_msgs/cmake/hexapod_msgs__rosidl_typesupport_cExport-noconfig.cmake
-- Installing: /home/alec/Documents/SpiderBot/ros2_ws/install/hexapod_msgs/share/hexapod_msgs/cmake/export_hexapod_msgs__rosidl_generator_cppExport.cmake
-- Installing: /home/alec/Documents/SpiderBot/ros2_ws/install/hexapod_msgs/share/hexapod_msgs/cmake/export_hexapod_msgs__rosidl_typesupport_fastrtps_cppExport.cmake
-- Installing: /home/alec/Documents/SpiderBot/ros2_ws/install/hexapod_msgs/share/hexapod_msgs/cmake/export_hexapod_msgs__rosidl_typesupport_fastrtps_cppExport-noconfig.cmake
-- Installing: /home/alec/Documents/SpiderBot/ros2_ws/install/hexapod_msgs/share/hexapod_msgs/cmake/hexapod_msgs__rosidl_typesupport_introspection_cppExport.cmake
-- Installing: /home/alec/Documents/SpiderBot/ros2_ws/install/hexapod_msgs/share/hexapod_msgs/cmake/hexapod_msgs__rosidl_typesupport_introspection_cppExport-noconfig.cmake
-- Installing: /home/alec/Documents/SpiderBot/ros2_ws/install/hexapod_msgs/share/hexapod_msgs/cmake/hexapod_msgs__rosidl_typesupport_cppExport.cmake
-- Installing: /home/alec/Documents/SpiderBot/ros2_ws/install/hexapod_msgs/share/hexapod_msgs/cmake/hexapod_msgs__rosidl_typesupport_cppExport-noconfig.cmake
-- Installing: /home/alec/Documents/SpiderBot/ros2_ws/install/hexapod_msgs/share/hexapod_msgs/cmake/export_hexapod_msgs__rosidl_generator_pyExport.cmake
-- Installing: /home/alec/Documents/SpiderBot/ros2_ws/install/hexapod_msgs/share/hexapod_msgs/cmake/export_hexapod_msgs__rosidl_generator_pyExport-noconfig.cmake
-- Installing: /home/alec/Documents/SpiderBot/ros2_ws/install/hexapod_msgs/share/hexapod_msgs/cmake/rosidl_cmake-extras.cmake
-- Installing: /home/alec/Documents/SpiderBot/ros2_ws/install/hexapod_msgs/share/hexapod_msgs/cmake/ament_cmake_export_dependencies-extras.cmake
-- Installing: /home/alec/Documents/SpiderBot/ros2_ws/install/hexapod_msgs/share/hexapod_msgs/cmake/ament_cmake_export_include_directories-extras.cmake
-- Installing: /home/alec/Documents/SpiderBot/ros2_ws/install/hexapod_msgs/share/hexapod_msgs/cmake/ament_cmake_export_libraries-extras.cmake
-- Installing: /home/alec/Documents/SpiderBot/ros2_ws/install/hexapod_msgs/share/hexapod_msgs/cmake/ament_cmake_export_targets-extras.cmake
-- Installing: /home/alec/Documents/SpiderBot/ros2_ws/install/hexapod_msgs/share/hexapod_msgs/cmake/rosidl_cmake_export_typesupport_targets-extras.cmake
-- Installing: /home/alec/Documents/SpiderBot/ros2_ws/install/hexapod_msgs/share/hexapod_msgs/cmake/rosidl_cmake_export_typesupport_libraries-extras.cmake
-- Installing: /home/alec/Documents/SpiderBot/ros2_ws/install/hexapod_msgs/share/hexapod_msgs/cmake/hexapod_msgsConfig.cmake
-- Installing: /home/alec/Documents/SpiderBot/ros2_ws/install/hexapod_msgs/share/hexapod_msgs/cmake/hexapod_msgsConfig-version.cmake
-- Installing: /home/alec/Documents/SpiderBot/ros2_ws/install/hexapod_msgs/share/hexapod_msgs/package.xml
