[0.268s] Invoking command in '/home/alec/Documents/SpiderBot/ros2_ws/build/hexapod_msgs': CMAKE_PREFIX_PATH=${CMAKE_PREFIX_PATH}:/opt/ros/jazzy DEBUGINFOD_URLS=https://debuginfod.ubuntu.com /usr/bin/cmake --build /home/alec/Documents/SpiderBot/ros2_ws/build/hexapod_msgs -- -j20 -l20
[0.312s] [  1%] [34m[1mGenerating type hashes for ROS interfaces[0m
[0.321s] [  1%] Built target ament_cmake_python_copy_hexapod_msgs
[0.482s] running egg_info
[0.483s] creating hexapod_msgs.egg-info
[0.495s] [  1%] Built target hexapod_msgs__rosidl_generator_type_description
[0.496s] writing hexapod_msgs.egg-info/PKG-INFO
[0.497s] writing dependency_links to hexapod_msgs.egg-info/dependency_links.txt
[0.497s] writing top-level names to hexapod_msgs.egg-info/top_level.txt
[0.497s] writing manifest file 'hexapod_msgs.egg-info/SOURCES.txt'
[0.506s] [  3%] [34m[1mGenerating C code for ROS interfaces[0m
[0.517s] [  4%] [34m[1mGenerating C++ code for ROS interfaces[0m
[0.537s] reading manifest file 'hexapod_msgs.egg-info/SOURCES.txt'
[0.538s] writing manifest file 'hexapod_msgs.egg-info/SOURCES.txt'
[0.565s] [  4%] Built target ament_cmake_python_build_hexapod_msgs_egg
[0.798s] [  4%] Built target hexapod_msgs__cpp
[0.861s] [  6%] [32mBuilding C object CMakeFiles/hexapod_msgs__rosidl_generator_c.dir/rosidl_generator_c/hexapod_msgs/msg/detail/polygon__description.c.o[0m
[0.862s] [  7%] [32mBuilding C object CMakeFiles/hexapod_msgs__rosidl_generator_c.dir/rosidl_generator_c/hexapod_msgs/msg/detail/polygon__functions.c.o[0m
[0.862s] [  9%] [32mBuilding C object CMakeFiles/hexapod_msgs__rosidl_generator_c.dir/rosidl_generator_c/hexapod_msgs/msg/detail/joint_angles__functions.c.o[0m
[0.862s] [ 10%] [32mBuilding C object CMakeFiles/hexapod_msgs__rosidl_generator_c.dir/rosidl_generator_c/hexapod_msgs/msg/detail/leg_commands__type_support.c.o[0m
[0.862s] [ 12%] [32mBuilding C object CMakeFiles/hexapod_msgs__rosidl_generator_c.dir/rosidl_generator_c/hexapod_msgs/msg/detail/leg_positions__description.c.o[0m
[0.863s] [ 14%] [32mBuilding C object CMakeFiles/hexapod_msgs__rosidl_generator_c.dir/rosidl_generator_c/hexapod_msgs/msg/detail/joint_angles__description.c.o[0m
[0.863s] [ 15%] [32mBuilding C object CMakeFiles/hexapod_msgs__rosidl_generator_c.dir/rosidl_generator_c/hexapod_msgs/msg/detail/joint_angles__type_support.c.o[0m
[0.864s] [ 17%] [32mBuilding C object CMakeFiles/hexapod_msgs__rosidl_generator_c.dir/rosidl_generator_c/hexapod_msgs/msg/detail/leg_commands__functions.c.o[0m
[0.864s] [ 20%] [32mBuilding C object CMakeFiles/hexapod_msgs__rosidl_generator_c.dir/rosidl_generator_c/hexapod_msgs/msg/detail/leg_positions__type_support.c.o[0m
[0.864s] [ 21%] [32mBuilding C object CMakeFiles/hexapod_msgs__rosidl_generator_c.dir/rosidl_generator_c/hexapod_msgs/msg/detail/leg_commands__description.c.o[0m
[0.864s] [ 21%] [32mBuilding C object CMakeFiles/hexapod_msgs__rosidl_generator_c.dir/rosidl_generator_c/hexapod_msgs/msg/detail/polygon__type_support.c.o[0m
[0.865s] [ 23%] [32mBuilding C object CMakeFiles/hexapod_msgs__rosidl_generator_c.dir/rosidl_generator_c/hexapod_msgs/msg/detail/leg_positions__functions.c.o[0m
[0.915s] [ 25%] [32m[1mLinking C shared library libhexapod_msgs__rosidl_generator_c.so[0m
[0.954s] [ 25%] Built target hexapod_msgs__rosidl_generator_c
[0.965s] [ 28%] [34m[1mGenerating C introspection for ROS interfaces[0m
[0.965s] [ 28%] [34m[1mGenerating C++ type support for eProsima Fast-RTPS[0m
[0.967s] [ 29%] [34m[1mGenerating C++ introspection for ROS interfaces[0m
[0.967s] [ 31%] [34m[1mGenerating C++ type support dispatch for ROS interfaces[0m
[0.968s] [ 32%] [34m[1mGenerating C type support for eProsima Fast-RTPS[0m
[0.968s] [ 34%] [34m[1mGenerating C type support dispatch for ROS interfaces[0m
[1.210s] [ 35%] [32mBuilding CXX object CMakeFiles/hexapod_msgs__rosidl_typesupport_c.dir/rosidl_typesupport_c/hexapod_msgs/msg/leg_positions__type_support.cpp.o[0m
[1.211s] [ 37%] [32mBuilding CXX object CMakeFiles/hexapod_msgs__rosidl_typesupport_c.dir/rosidl_typesupport_c/hexapod_msgs/msg/joint_angles__type_support.cpp.o[0m
[1.212s] [ 39%] [32mBuilding CXX object CMakeFiles/hexapod_msgs__rosidl_typesupport_c.dir/rosidl_typesupport_c/hexapod_msgs/msg/polygon__type_support.cpp.o[0m
[1.212s] [ 40%] [32mBuilding CXX object CMakeFiles/hexapod_msgs__rosidl_typesupport_c.dir/rosidl_typesupport_c/hexapod_msgs/msg/leg_commands__type_support.cpp.o[0m
[1.221s] [ 42%] [32mBuilding CXX object CMakeFiles/hexapod_msgs__rosidl_typesupport_cpp.dir/rosidl_typesupport_cpp/hexapod_msgs/msg/joint_angles__type_support.cpp.o[0m
[1.221s] [ 43%] [32mBuilding CXX object CMakeFiles/hexapod_msgs__rosidl_typesupport_cpp.dir/rosidl_typesupport_cpp/hexapod_msgs/msg/polygon__type_support.cpp.o[0m
[1.221s] [ 45%] [32mBuilding CXX object CMakeFiles/hexapod_msgs__rosidl_typesupport_cpp.dir/rosidl_typesupport_cpp/hexapod_msgs/msg/leg_commands__type_support.cpp.o[0m
[1.221s] [ 46%] [32mBuilding CXX object CMakeFiles/hexapod_msgs__rosidl_typesupport_cpp.dir/rosidl_typesupport_cpp/hexapod_msgs/msg/leg_positions__type_support.cpp.o[0m
[1.247s] [ 53%] [32mBuilding CXX object CMakeFiles/hexapod_msgs__rosidl_typesupport_introspection_cpp.dir/rosidl_typesupport_introspection_cpp/hexapod_msgs/msg/detail/polygon__type_support.cpp.o[0m
[1.247s] [ 53%] [32mBuilding CXX object CMakeFiles/hexapod_msgs__rosidl_typesupport_introspection_cpp.dir/rosidl_typesupport_introspection_cpp/hexapod_msgs/msg/detail/leg_commands__type_support.cpp.o[0m
[1.247s] [ 53%] [32mBuilding CXX object CMakeFiles/hexapod_msgs__rosidl_typesupport_introspection_cpp.dir/rosidl_typesupport_introspection_cpp/hexapod_msgs/msg/detail/leg_positions__type_support.cpp.o[0m
[1.248s] [ 53%] [32mBuilding CXX object CMakeFiles/hexapod_msgs__rosidl_typesupport_introspection_cpp.dir/rosidl_typesupport_introspection_cpp/hexapod_msgs/msg/detail/joint_angles__type_support.cpp.o[0m
[1.269s] [ 54%] [32m[1mLinking CXX shared library libhexapod_msgs__rosidl_typesupport_c.so[0m
[1.279s] [ 56%] [32mBuilding C object CMakeFiles/hexapod_msgs__rosidl_typesupport_introspection_c.dir/rosidl_typesupport_introspection_c/hexapod_msgs/msg/detail/joint_angles__type_support.c.o[0m
[1.280s] [ 57%] [32mBuilding C object CMakeFiles/hexapod_msgs__rosidl_typesupport_introspection_c.dir/rosidl_typesupport_introspection_c/hexapod_msgs/msg/detail/polygon__type_support.c.o[0m
[1.281s] [ 59%] [32mBuilding C object CMakeFiles/hexapod_msgs__rosidl_typesupport_introspection_c.dir/rosidl_typesupport_introspection_c/hexapod_msgs/msg/detail/leg_positions__type_support.c.o[0m
[1.281s] [ 60%] [32mBuilding C object CMakeFiles/hexapod_msgs__rosidl_typesupport_introspection_c.dir/rosidl_typesupport_introspection_c/hexapod_msgs/msg/detail/leg_commands__type_support.c.o[0m
[1.325s] [ 60%] Built target hexapod_msgs__rosidl_typesupport_c
[1.334s] [ 62%] [32m[1mLinking C shared library libhexapod_msgs__rosidl_typesupport_introspection_c.so[0m
[1.349s] [ 64%] [32mBuilding CXX object CMakeFiles/hexapod_msgs__rosidl_typesupport_fastrtps_cpp.dir/rosidl_typesupport_fastrtps_cpp/hexapod_msgs/msg/detail/dds_fastrtps/leg_commands__type_support.cpp.o[0m
[1.351s] [ 67%] [32mBuilding CXX object CMakeFiles/hexapod_msgs__rosidl_typesupport_fastrtps_cpp.dir/rosidl_typesupport_fastrtps_cpp/hexapod_msgs/msg/detail/dds_fastrtps/polygon__type_support.cpp.o[0m
[1.351s] [ 67%] [32mBuilding CXX object CMakeFiles/hexapod_msgs__rosidl_typesupport_fastrtps_cpp.dir/rosidl_typesupport_fastrtps_cpp/hexapod_msgs/msg/detail/dds_fastrtps/leg_positions__type_support.cpp.o[0m
[1.351s] [ 68%] [32mBuilding CXX object CMakeFiles/hexapod_msgs__rosidl_typesupport_fastrtps_cpp.dir/rosidl_typesupport_fastrtps_cpp/hexapod_msgs/msg/detail/dds_fastrtps/joint_angles__type_support.cpp.o[0m
[1.368s] [ 68%] Built target hexapod_msgs__rosidl_typesupport_introspection_c
[1.452s] [ 73%] [32mBuilding CXX object CMakeFiles/hexapod_msgs__rosidl_typesupport_fastrtps_c.dir/rosidl_typesupport_fastrtps_c/hexapod_msgs/msg/detail/polygon__type_support_c.cpp.o[0m
[1.452s] [ 73%] [32mBuilding CXX object CMakeFiles/hexapod_msgs__rosidl_typesupport_fastrtps_c.dir/rosidl_typesupport_fastrtps_c/hexapod_msgs/msg/detail/joint_angles__type_support_c.cpp.o[0m
[1.452s] [ 75%] [32mBuilding CXX object CMakeFiles/hexapod_msgs__rosidl_typesupport_fastrtps_c.dir/rosidl_typesupport_fastrtps_c/hexapod_msgs/msg/detail/leg_commands__type_support_c.cpp.o[0m
[1.452s] [ 75%] [32mBuilding CXX object CMakeFiles/hexapod_msgs__rosidl_typesupport_fastrtps_c.dir/rosidl_typesupport_fastrtps_c/hexapod_msgs/msg/detail/leg_positions__type_support_c.cpp.o[0m
[1.709s] [ 76%] [32m[1mLinking CXX shared library libhexapod_msgs__rosidl_typesupport_cpp.so[0m
[1.748s] [ 76%] Built target hexapod_msgs__rosidl_typesupport_cpp
[1.791s] [ 78%] [32m[1mLinking CXX shared library libhexapod_msgs__rosidl_typesupport_introspection_cpp.so[0m
[1.877s] [ 78%] Built target hexapod_msgs__rosidl_typesupport_introspection_cpp
[1.902s] [ 79%] [32m[1mLinking CXX shared library libhexapod_msgs__rosidl_typesupport_fastrtps_c.so[0m
[1.942s] [ 79%] Built target hexapod_msgs__rosidl_typesupport_fastrtps_c
[2.002s] [ 81%] [32m[1mLinking CXX shared library libhexapod_msgs__rosidl_typesupport_fastrtps_cpp.so[0m
[2.053s] [ 81%] Built target hexapod_msgs__rosidl_typesupport_fastrtps_cpp
[2.069s] [ 81%] Built target hexapod_msgs
[2.088s] [ 82%] [34m[1mGenerating Python code for ROS interfaces[0m
[2.382s] [ 82%] Built target hexapod_msgs__py
[2.398s] [ 84%] [32mBuilding C object CMakeFiles/hexapod_msgs__rosidl_generator_py.dir/rosidl_generator_py/hexapod_msgs/msg/_joint_angles_s.c.o[0m
[2.400s] [ 89%] [32mBuilding C object CMakeFiles/hexapod_msgs__rosidl_generator_py.dir/rosidl_generator_py/hexapod_msgs/msg/_leg_commands_s.c.o[0m
[2.400s] [ 89%] [32mBuilding C object CMakeFiles/hexapod_msgs__rosidl_generator_py.dir/rosidl_generator_py/hexapod_msgs/msg/_polygon_s.c.o[0m
[2.400s] [ 89%] [32mBuilding C object CMakeFiles/hexapod_msgs__rosidl_generator_py.dir/rosidl_generator_py/hexapod_msgs/msg/_leg_positions_s.c.o[0m
[2.508s] [ 90%] [32m[1mLinking C shared library libhexapod_msgs__rosidl_generator_py.so[0m
[2.545s] [ 90%] Built target hexapod_msgs__rosidl_generator_py
[2.566s] [ 92%] [32mBuilding C object CMakeFiles/hexapod_msgs_s__rosidl_typesupport_introspection_c.dir/rosidl_generator_py/hexapod_msgs/_hexapod_msgs_s.ep.rosidl_typesupport_introspection_c.c.o[0m
[2.566s] [ 93%] [32mBuilding C object CMakeFiles/hexapod_msgs_s__rosidl_typesupport_c.dir/rosidl_generator_py/hexapod_msgs/_hexapod_msgs_s.ep.rosidl_typesupport_c.c.o[0m
[2.567s] [ 95%] [32mBuilding C object CMakeFiles/hexapod_msgs_s__rosidl_typesupport_fastrtps_c.dir/rosidl_generator_py/hexapod_msgs/_hexapod_msgs_s.ep.rosidl_typesupport_fastrtps_c.c.o[0m
[2.647s] [ 96%] [32m[1mLinking C shared module rosidl_generator_py/hexapod_msgs/hexapod_msgs_s__rosidl_typesupport_c.so[0m
[2.647s] [ 98%] [32m[1mLinking C shared module rosidl_generator_py/hexapod_msgs/hexapod_msgs_s__rosidl_typesupport_introspection_c.so[0m
[2.647s] [100%] [32m[1mLinking C shared module rosidl_generator_py/hexapod_msgs/hexapod_msgs_s__rosidl_typesupport_fastrtps_c.so[0m
[2.677s] [100%] Built target hexapod_msgs_s__rosidl_typesupport_c
[2.678s] [100%] Built target hexapod_msgs_s__rosidl_typesupport_fastrtps_c
[2.678s] [100%] Built target hexapod_msgs_s__rosidl_typesupport_introspection_c
[2.690s] Invoked command in '/home/alec/Documents/SpiderBot/ros2_ws/build/hexapod_msgs' returned '0': CMAKE_PREFIX_PATH=${CMAKE_PREFIX_PATH}:/opt/ros/jazzy DEBUGINFOD_URLS=https://debuginfod.ubuntu.com /usr/bin/cmake --build /home/alec/Documents/SpiderBot/ros2_ws/build/hexapod_msgs -- -j20 -l20
[2.690s] Invoking command in '/home/alec/Documents/SpiderBot/ros2_ws/build/hexapod_msgs': CMAKE_PREFIX_PATH=${CMAKE_PREFIX_PATH}:/opt/ros/jazzy DEBUGINFOD_URLS=https://debuginfod.ubuntu.com /usr/bin/cmake --install /home/alec/Documents/SpiderBot/ros2_ws/build/hexapod_msgs
[2.699s] -- Install configuration: ""
[2.699s] -- Installing: /home/alec/Documents/SpiderBot/ros2_ws/install/hexapod_msgs/share/ament_index/resource_index/rosidl_interfaces/hexapod_msgs
[2.699s] -- Installing: /home/alec/Documents/SpiderBot/ros2_ws/install/hexapod_msgs/share/hexapod_msgs/msg/JointAngles.json
[2.699s] -- Installing: /home/alec/Documents/SpiderBot/ros2_ws/install/hexapod_msgs/share/hexapod_msgs/msg/Polygon.json
[2.699s] -- Installing: /home/alec/Documents/SpiderBot/ros2_ws/install/hexapod_msgs/share/hexapod_msgs/msg/LegCommands.json
[2.699s] -- Installing: /home/alec/Documents/SpiderBot/ros2_ws/install/hexapod_msgs/share/hexapod_msgs/msg/LegPositions.json
[2.699s] -- Installing: /home/alec/Documents/SpiderBot/ros2_ws/install/hexapod_msgs/include/hexapod_msgs/hexapod_msgs
[2.700s] -- Installing: /home/alec/Documents/SpiderBot/ros2_ws/install/hexapod_msgs/include/hexapod_msgs/hexapod_msgs/msg
[2.700s] -- Installing: /home/alec/Documents/SpiderBot/ros2_ws/install/hexapod_msgs/include/hexapod_msgs/hexapod_msgs/msg/leg_commands.h
[2.700s] -- Installing: /home/alec/Documents/SpiderBot/ros2_ws/install/hexapod_msgs/include/hexapod_msgs/hexapod_msgs/msg/detail
[2.700s] -- Installing: /home/alec/Documents/SpiderBot/ros2_ws/install/hexapod_msgs/include/hexapod_msgs/hexapod_msgs/msg/detail/joint_angles__functions.h
[2.700s] -- Installing: /home/alec/Documents/SpiderBot/ros2_ws/install/hexapod_msgs/include/hexapod_msgs/hexapod_msgs/msg/detail/joint_angles__type_support.h
[2.700s] -- Installing: /home/alec/Documents/SpiderBot/ros2_ws/install/hexapod_msgs/include/hexapod_msgs/hexapod_msgs/msg/detail/polygon__type_support.h
[2.700s] -- Installing: /home/alec/Documents/SpiderBot/ros2_ws/install/hexapod_msgs/include/hexapod_msgs/hexapod_msgs/msg/detail/leg_commands__functions.h
[2.700s] -- Installing: /home/alec/Documents/SpiderBot/ros2_ws/install/hexapod_msgs/include/hexapod_msgs/hexapod_msgs/msg/detail/leg_commands__functions.c
[2.700s] -- Installing: /home/alec/Documents/SpiderBot/ros2_ws/install/hexapod_msgs/include/hexapod_msgs/hexapod_msgs/msg/detail/polygon__functions.h
[2.700s] -- Installing: /home/alec/Documents/SpiderBot/ros2_ws/install/hexapod_msgs/include/hexapod_msgs/hexapod_msgs/msg/detail/leg_commands__type_support.c
[2.701s] -- Installing: /home/alec/Documents/SpiderBot/ros2_ws/install/hexapod_msgs/include/hexapod_msgs/hexapod_msgs/msg/detail/leg_commands__type_support.h
[2.701s] -- Installing: /home/alec/Documents/SpiderBot/ros2_ws/install/hexapod_msgs/include/hexapod_msgs/hexapod_msgs/msg/detail/leg_commands__description.c
[2.701s] -- Installing: /home/alec/Documents/SpiderBot/ros2_ws/install/hexapod_msgs/include/hexapod_msgs/hexapod_msgs/msg/detail/joint_angles__description.c
[2.701s] -- Installing: /home/alec/Documents/SpiderBot/ros2_ws/install/hexapod_msgs/include/hexapod_msgs/hexapod_msgs/msg/detail/leg_positions__description.c
[2.701s] -- Installing: /home/alec/Documents/SpiderBot/ros2_ws/install/hexapod_msgs/include/hexapod_msgs/hexapod_msgs/msg/detail/joint_angles__functions.c
[2.701s] -- Installing: /home/alec/Documents/SpiderBot/ros2_ws/install/hexapod_msgs/include/hexapod_msgs/hexapod_msgs/msg/detail/leg_positions__type_support.c
[2.701s] -- Installing: /home/alec/Documents/SpiderBot/ros2_ws/install/hexapod_msgs/include/hexapod_msgs/hexapod_msgs/msg/detail/leg_commands__struct.h
[2.701s] -- Installing: /home/alec/Documents/SpiderBot/ros2_ws/install/hexapod_msgs/include/hexapod_msgs/hexapod_msgs/msg/detail/polygon__type_support.c
[2.701s] -- Installing: /home/alec/Documents/SpiderBot/ros2_ws/install/hexapod_msgs/include/hexapod_msgs/hexapod_msgs/msg/detail/joint_angles__struct.h
[2.701s] -- Installing: /home/alec/Documents/SpiderBot/ros2_ws/install/hexapod_msgs/include/hexapod_msgs/hexapod_msgs/msg/detail/leg_positions__functions.h
[2.701s] -- Installing: /home/alec/Documents/SpiderBot/ros2_ws/install/hexapod_msgs/include/hexapod_msgs/hexapod_msgs/msg/detail/polygon__description.c
[2.702s] -- Installing: /home/alec/Documents/SpiderBot/ros2_ws/install/hexapod_msgs/include/hexapod_msgs/hexapod_msgs/msg/detail/leg_positions__functions.c
[2.702s] -- Installing: /home/alec/Documents/SpiderBot/ros2_ws/install/hexapod_msgs/include/hexapod_msgs/hexapod_msgs/msg/detail/leg_positions__type_support.h
[2.702s] -- Installing: /home/alec/Documents/SpiderBot/ros2_ws/install/hexapod_msgs/include/hexapod_msgs/hexapod_msgs/msg/detail/polygon__functions.c
[2.702s] -- Installing: /home/alec/Documents/SpiderBot/ros2_ws/install/hexapod_msgs/include/hexapod_msgs/hexapod_msgs/msg/detail/polygon__struct.h
[2.702s] -- Installing: /home/alec/Documents/SpiderBot/ros2_ws/install/hexapod_msgs/include/hexapod_msgs/hexapod_msgs/msg/detail/leg_positions__struct.h
[2.702s] -- Installing: /home/alec/Documents/SpiderBot/ros2_ws/install/hexapod_msgs/include/hexapod_msgs/hexapod_msgs/msg/detail/joint_angles__type_support.c
[2.702s] -- Installing: /home/alec/Documents/SpiderBot/ros2_ws/install/hexapod_msgs/include/hexapod_msgs/hexapod_msgs/msg/polygon.h
[2.702s] -- Installing: /home/alec/Documents/SpiderBot/ros2_ws/install/hexapod_msgs/include/hexapod_msgs/hexapod_msgs/msg/rosidl_generator_c__visibility_control.h
[2.702s] -- Installing: /home/alec/Documents/SpiderBot/ros2_ws/install/hexapod_msgs/include/hexapod_msgs/hexapod_msgs/msg/leg_positions.h
[2.702s] -- Installing: /home/alec/Documents/SpiderBot/ros2_ws/install/hexapod_msgs/include/hexapod_msgs/hexapod_msgs/msg/joint_angles.h
[2.702s] -- Installing: /home/alec/Documents/SpiderBot/ros2_ws/install/hexapod_msgs/share/hexapod_msgs/environment/library_path.sh
[2.702s] -- Installing: /home/alec/Documents/SpiderBot/ros2_ws/install/hexapod_msgs/share/hexapod_msgs/environment/library_path.dsv
[2.703s] -- Installing: /home/alec/Documents/SpiderBot/ros2_ws/install/hexapod_msgs/lib/libhexapod_msgs__rosidl_generator_c.so
[2.703s] -- Set non-toolchain portion of runtime path of "/home/alec/Documents/SpiderBot/ros2_ws/install/hexapod_msgs/lib/libhexapod_msgs__rosidl_generator_c.so" to ""
[2.703s] -- Up-to-date: /home/alec/Documents/SpiderBot/ros2_ws/install/hexapod_msgs/include/hexapod_msgs/hexapod_msgs
[2.703s] -- Up-to-date: /home/alec/Documents/SpiderBot/ros2_ws/install/hexapod_msgs/include/hexapod_msgs/hexapod_msgs/msg
[2.703s] -- Up-to-date: /home/alec/Documents/SpiderBot/ros2_ws/install/hexapod_msgs/include/hexapod_msgs/hexapod_msgs/msg/detail
[2.703s] -- Installing: /home/alec/Documents/SpiderBot/ros2_ws/install/hexapod_msgs/include/hexapod_msgs/hexapod_msgs/msg/detail/leg_commands__rosidl_typesupport_fastrtps_c.h
[2.703s] -- Installing: /home/alec/Documents/SpiderBot/ros2_ws/install/hexapod_msgs/include/hexapod_msgs/hexapod_msgs/msg/detail/leg_positions__rosidl_typesupport_fastrtps_c.h
[2.703s] -- Installing: /home/alec/Documents/SpiderBot/ros2_ws/install/hexapod_msgs/include/hexapod_msgs/hexapod_msgs/msg/detail/polygon__rosidl_typesupport_fastrtps_c.h
[2.703s] -- Installing: /home/alec/Documents/SpiderBot/ros2_ws/install/hexapod_msgs/include/hexapod_msgs/hexapod_msgs/msg/detail/joint_angles__rosidl_typesupport_fastrtps_c.h
[2.703s] -- Installing: /home/alec/Documents/SpiderBot/ros2_ws/install/hexapod_msgs/include/hexapod_msgs/hexapod_msgs/msg/rosidl_typesupport_fastrtps_c__visibility_control.h
[2.703s] -- Installing: /home/alec/Documents/SpiderBot/ros2_ws/install/hexapod_msgs/lib/libhexapod_msgs__rosidl_typesupport_fastrtps_c.so
[2.704s] -- Set non-toolchain portion of runtime path of "/home/alec/Documents/SpiderBot/ros2_ws/install/hexapod_msgs/lib/libhexapod_msgs__rosidl_typesupport_fastrtps_c.so" to ""
[2.704s] -- Up-to-date: /home/alec/Documents/SpiderBot/ros2_ws/install/hexapod_msgs/include/hexapod_msgs/hexapod_msgs
[2.704s] -- Up-to-date: /home/alec/Documents/SpiderBot/ros2_ws/install/hexapod_msgs/include/hexapod_msgs/hexapod_msgs/msg
[2.704s] -- Up-to-date: /home/alec/Documents/SpiderBot/ros2_ws/install/hexapod_msgs/include/hexapod_msgs/hexapod_msgs/msg/detail
[2.704s] -- Installing: /home/alec/Documents/SpiderBot/ros2_ws/install/hexapod_msgs/include/hexapod_msgs/hexapod_msgs/msg/detail/leg_commands__rosidl_typesupport_introspection_c.h
[2.704s] -- Up-to-date: /home/alec/Documents/SpiderBot/ros2_ws/install/hexapod_msgs/include/hexapod_msgs/hexapod_msgs/msg/detail/leg_commands__type_support.c
[2.704s] -- Installing: /home/alec/Documents/SpiderBot/ros2_ws/install/hexapod_msgs/include/hexapod_msgs/hexapod_msgs/msg/detail/joint_angles__rosidl_typesupport_introspection_c.h
[2.704s] -- Up-to-date: /home/alec/Documents/SpiderBot/ros2_ws/install/hexapod_msgs/include/hexapod_msgs/hexapod_msgs/msg/detail/leg_positions__type_support.c
[2.704s] -- Up-to-date: /home/alec/Documents/SpiderBot/ros2_ws/install/hexapod_msgs/include/hexapod_msgs/hexapod_msgs/msg/detail/polygon__type_support.c
[2.704s] -- Installing: /home/alec/Documents/SpiderBot/ros2_ws/install/hexapod_msgs/include/hexapod_msgs/hexapod_msgs/msg/detail/leg_positions__rosidl_typesupport_introspection_c.h
[2.704s] -- Installing: /home/alec/Documents/SpiderBot/ros2_ws/install/hexapod_msgs/include/hexapod_msgs/hexapod_msgs/msg/detail/polygon__rosidl_typesupport_introspection_c.h
[2.705s] -- Up-to-date: /home/alec/Documents/SpiderBot/ros2_ws/install/hexapod_msgs/include/hexapod_msgs/hexapod_msgs/msg/detail/joint_angles__type_support.c
[2.705s] -- Installing: /home/alec/Documents/SpiderBot/ros2_ws/install/hexapod_msgs/include/hexapod_msgs/hexapod_msgs/msg/rosidl_typesupport_introspection_c__visibility_control.h
[2.705s] -- Installing: /home/alec/Documents/SpiderBot/ros2_ws/install/hexapod_msgs/lib/libhexapod_msgs__rosidl_typesupport_introspection_c.so
[2.705s] -- Set non-toolchain portion of runtime path of "/home/alec/Documents/SpiderBot/ros2_ws/install/hexapod_msgs/lib/libhexapod_msgs__rosidl_typesupport_introspection_c.so" to ""
[2.705s] -- Installing: /home/alec/Documents/SpiderBot/ros2_ws/install/hexapod_msgs/lib/libhexapod_msgs__rosidl_typesupport_c.so
[2.705s] -- Set non-toolchain portion of runtime path of "/home/alec/Documents/SpiderBot/ros2_ws/install/hexapod_msgs/lib/libhexapod_msgs__rosidl_typesupport_c.so" to ""
[2.705s] -- Up-to-date: /home/alec/Documents/SpiderBot/ros2_ws/install/hexapod_msgs/include/hexapod_msgs/hexapod_msgs
[2.705s] -- Up-to-date: /home/alec/Documents/SpiderBot/ros2_ws/install/hexapod_msgs/include/hexapod_msgs/hexapod_msgs/msg
[2.705s] -- Installing: /home/alec/Documents/SpiderBot/ros2_ws/install/hexapod_msgs/include/hexapod_msgs/hexapod_msgs/msg/leg_positions.hpp
[2.705s] -- Installing: /home/alec/Documents/SpiderBot/ros2_ws/install/hexapod_msgs/include/hexapod_msgs/hexapod_msgs/msg/joint_angles.hpp
[2.705s] -- Up-to-date: /home/alec/Documents/SpiderBot/ros2_ws/install/hexapod_msgs/include/hexapod_msgs/hexapod_msgs/msg/detail
[2.705s] -- Installing: /home/alec/Documents/SpiderBot/ros2_ws/install/hexapod_msgs/include/hexapod_msgs/hexapod_msgs/msg/detail/leg_positions__type_support.hpp
[2.706s] -- Installing: /home/alec/Documents/SpiderBot/ros2_ws/install/hexapod_msgs/include/hexapod_msgs/hexapod_msgs/msg/detail/leg_commands__builder.hpp
[2.706s] -- Installing: /home/alec/Documents/SpiderBot/ros2_ws/install/hexapod_msgs/include/hexapod_msgs/hexapod_msgs/msg/detail/polygon__traits.hpp
[2.706s] -- Installing: /home/alec/Documents/SpiderBot/ros2_ws/install/hexapod_msgs/include/hexapod_msgs/hexapod_msgs/msg/detail/joint_angles__builder.hpp
[2.706s] -- Installing: /home/alec/Documents/SpiderBot/ros2_ws/install/hexapod_msgs/include/hexapod_msgs/hexapod_msgs/msg/detail/leg_positions__builder.hpp
[2.706s] -- Installing: /home/alec/Documents/SpiderBot/ros2_ws/install/hexapod_msgs/include/hexapod_msgs/hexapod_msgs/msg/detail/polygon__builder.hpp
[2.706s] -- Installing: /home/alec/Documents/SpiderBot/ros2_ws/install/hexapod_msgs/include/hexapod_msgs/hexapod_msgs/msg/detail/leg_positions__struct.hpp
[2.706s] -- Installing: /home/alec/Documents/SpiderBot/ros2_ws/install/hexapod_msgs/include/hexapod_msgs/hexapod_msgs/msg/detail/polygon__type_support.hpp
[2.706s] -- Installing: /home/alec/Documents/SpiderBot/ros2_ws/install/hexapod_msgs/include/hexapod_msgs/hexapod_msgs/msg/detail/joint_angles__struct.hpp
[2.706s] -- Installing: /home/alec/Documents/SpiderBot/ros2_ws/install/hexapod_msgs/include/hexapod_msgs/hexapod_msgs/msg/detail/leg_commands__traits.hpp
[2.706s] -- Installing: /home/alec/Documents/SpiderBot/ros2_ws/install/hexapod_msgs/include/hexapod_msgs/hexapod_msgs/msg/detail/joint_angles__traits.hpp
[2.706s] -- Installing: /home/alec/Documents/SpiderBot/ros2_ws/install/hexapod_msgs/include/hexapod_msgs/hexapod_msgs/msg/detail/joint_angles__type_support.hpp
[2.706s] -- Installing: /home/alec/Documents/SpiderBot/ros2_ws/install/hexapod_msgs/include/hexapod_msgs/hexapod_msgs/msg/detail/leg_commands__struct.hpp
[2.706s] -- Installing: /home/alec/Documents/SpiderBot/ros2_ws/install/hexapod_msgs/include/hexapod_msgs/hexapod_msgs/msg/detail/leg_positions__traits.hpp
[2.707s] -- Installing: /home/alec/Documents/SpiderBot/ros2_ws/install/hexapod_msgs/include/hexapod_msgs/hexapod_msgs/msg/detail/polygon__struct.hpp
[2.707s] -- Installing: /home/alec/Documents/SpiderBot/ros2_ws/install/hexapod_msgs/include/hexapod_msgs/hexapod_msgs/msg/detail/leg_commands__type_support.hpp
[2.707s] -- Installing: /home/alec/Documents/SpiderBot/ros2_ws/install/hexapod_msgs/include/hexapod_msgs/hexapod_msgs/msg/rosidl_generator_cpp__visibility_control.hpp
[2.707s] -- Installing: /home/alec/Documents/SpiderBot/ros2_ws/install/hexapod_msgs/include/hexapod_msgs/hexapod_msgs/msg/leg_commands.hpp
[2.707s] -- Installing: /home/alec/Documents/SpiderBot/ros2_ws/install/hexapod_msgs/include/hexapod_msgs/hexapod_msgs/msg/polygon.hpp
[2.707s] -- Up-to-date: /home/alec/Documents/SpiderBot/ros2_ws/install/hexapod_msgs/include/hexapod_msgs/hexapod_msgs
[2.707s] -- Up-to-date: /home/alec/Documents/SpiderBot/ros2_ws/install/hexapod_msgs/include/hexapod_msgs/hexapod_msgs/msg
[2.707s] -- Up-to-date: /home/alec/Documents/SpiderBot/ros2_ws/install/hexapod_msgs/include/hexapod_msgs/hexapod_msgs/msg/detail
[2.707s] -- Installing: /home/alec/Documents/SpiderBot/ros2_ws/install/hexapod_msgs/include/hexapod_msgs/hexapod_msgs/msg/detail/leg_positions__rosidl_typesupport_fastrtps_cpp.hpp
[2.707s] -- Installing: /home/alec/Documents/SpiderBot/ros2_ws/install/hexapod_msgs/include/hexapod_msgs/hexapod_msgs/msg/detail/dds_fastrtps
[2.707s] -- Installing: /home/alec/Documents/SpiderBot/ros2_ws/install/hexapod_msgs/include/hexapod_msgs/hexapod_msgs/msg/detail/joint_angles__rosidl_typesupport_fastrtps_cpp.hpp
[2.707s] -- Installing: /home/alec/Documents/SpiderBot/ros2_ws/install/hexapod_msgs/include/hexapod_msgs/hexapod_msgs/msg/detail/polygon__rosidl_typesupport_fastrtps_cpp.hpp
[2.707s] -- Installing: /home/alec/Documents/SpiderBot/ros2_ws/install/hexapod_msgs/include/hexapod_msgs/hexapod_msgs/msg/detail/leg_commands__rosidl_typesupport_fastrtps_cpp.hpp
[2.708s] -- Installing: /home/alec/Documents/SpiderBot/ros2_ws/install/hexapod_msgs/include/hexapod_msgs/hexapod_msgs/msg/rosidl_typesupport_fastrtps_cpp__visibility_control.h
[2.708s] -- Installing: /home/alec/Documents/SpiderBot/ros2_ws/install/hexapod_msgs/lib/libhexapod_msgs__rosidl_typesupport_fastrtps_cpp.so
[2.708s] -- Set non-toolchain portion of runtime path of "/home/alec/Documents/SpiderBot/ros2_ws/install/hexapod_msgs/lib/libhexapod_msgs__rosidl_typesupport_fastrtps_cpp.so" to ""
[2.708s] -- Up-to-date: /home/alec/Documents/SpiderBot/ros2_ws/install/hexapod_msgs/include/hexapod_msgs/hexapod_msgs
[2.708s] -- Up-to-date: /home/alec/Documents/SpiderBot/ros2_ws/install/hexapod_msgs/include/hexapod_msgs/hexapod_msgs/msg
[2.708s] -- Up-to-date: /home/alec/Documents/SpiderBot/ros2_ws/install/hexapod_msgs/include/hexapod_msgs/hexapod_msgs/msg/detail
[2.708s] -- Installing: /home/alec/Documents/SpiderBot/ros2_ws/install/hexapod_msgs/include/hexapod_msgs/hexapod_msgs/msg/detail/joint_angles__type_support.cpp
[2.708s] -- Installing: /home/alec/Documents/SpiderBot/ros2_ws/install/hexapod_msgs/include/hexapod_msgs/hexapod_msgs/msg/detail/leg_commands__type_support.cpp
[2.709s] -- Installing: /home/alec/Documents/SpiderBot/ros2_ws/install/hexapod_msgs/include/hexapod_msgs/hexapod_msgs/msg/detail/leg_commands__rosidl_typesupport_introspection_cpp.hpp
[2.709s] -- Installing: /home/alec/Documents/SpiderBot/ros2_ws/install/hexapod_msgs/include/hexapod_msgs/hexapod_msgs/msg/detail/polygon__rosidl_typesupport_introspection_cpp.hpp
[2.709s] -- Installing: /home/alec/Documents/SpiderBot/ros2_ws/install/hexapod_msgs/include/hexapod_msgs/hexapod_msgs/msg/detail/joint_angles__rosidl_typesupport_introspection_cpp.hpp
[2.709s] -- Installing: /home/alec/Documents/SpiderBot/ros2_ws/install/hexapod_msgs/include/hexapod_msgs/hexapod_msgs/msg/detail/polygon__type_support.cpp
[2.709s] -- Installing: /home/alec/Documents/SpiderBot/ros2_ws/install/hexapod_msgs/include/hexapod_msgs/hexapod_msgs/msg/detail/leg_positions__rosidl_typesupport_introspection_cpp.hpp
[2.709s] -- Installing: /home/alec/Documents/SpiderBot/ros2_ws/install/hexapod_msgs/include/hexapod_msgs/hexapod_msgs/msg/detail/leg_positions__type_support.cpp
[2.709s] -- Installing: /home/alec/Documents/SpiderBot/ros2_ws/install/hexapod_msgs/lib/libhexapod_msgs__rosidl_typesupport_introspection_cpp.so
[2.709s] -- Set non-toolchain portion of runtime path of "/home/alec/Documents/SpiderBot/ros2_ws/install/hexapod_msgs/lib/libhexapod_msgs__rosidl_typesupport_introspection_cpp.so" to ""
[2.709s] -- Installing: /home/alec/Documents/SpiderBot/ros2_ws/install/hexapod_msgs/lib/libhexapod_msgs__rosidl_typesupport_cpp.so
[2.709s] -- Set non-toolchain portion of runtime path of "/home/alec/Documents/SpiderBot/ros2_ws/install/hexapod_msgs/lib/libhexapod_msgs__rosidl_typesupport_cpp.so" to ""
[2.709s] -- Installing: /home/alec/Documents/SpiderBot/ros2_ws/install/hexapod_msgs/share/hexapod_msgs/environment/pythonpath.sh
[2.709s] -- Installing: /home/alec/Documents/SpiderBot/ros2_ws/install/hexapod_msgs/share/hexapod_msgs/environment/pythonpath.dsv
[2.709s] -- Installing: /home/alec/Documents/SpiderBot/ros2_ws/install/hexapod_msgs/lib/python3.12/site-packages/hexapod_msgs-0.1.0-py3.12.egg-info
[2.709s] -- Installing: /home/alec/Documents/SpiderBot/ros2_ws/install/hexapod_msgs/lib/python3.12/site-packages/hexapod_msgs-0.1.0-py3.12.egg-info/PKG-INFO
[2.709s] -- Installing: /home/alec/Documents/SpiderBot/ros2_ws/install/hexapod_msgs/lib/python3.12/site-packages/hexapod_msgs-0.1.0-py3.12.egg-info/SOURCES.txt
[2.709s] -- Installing: /home/alec/Documents/SpiderBot/ros2_ws/install/hexapod_msgs/lib/python3.12/site-packages/hexapod_msgs-0.1.0-py3.12.egg-info/top_level.txt
[2.709s] -- Installing: /home/alec/Documents/SpiderBot/ros2_ws/install/hexapod_msgs/lib/python3.12/site-packages/hexapod_msgs-0.1.0-py3.12.egg-info/dependency_links.txt
[2.709s] -- Installing: /home/alec/Documents/SpiderBot/ros2_ws/install/hexapod_msgs/lib/python3.12/site-packages/hexapod_msgs
[2.709s] -- Installing: /home/alec/Documents/SpiderBot/ros2_ws/install/hexapod_msgs/lib/python3.12/site-packages/hexapod_msgs/hexapod_msgs_s__rosidl_typesupport_introspection_c.so
[2.709s] -- Installing: /home/alec/Documents/SpiderBot/ros2_ws/install/hexapod_msgs/lib/python3.12/site-packages/hexapod_msgs/_hexapod_msgs_s.ep.rosidl_typesupport_c.c
[2.709s] -- Installing: /home/alec/Documents/SpiderBot/ros2_ws/install/hexapod_msgs/lib/python3.12/site-packages/hexapod_msgs/_hexapod_msgs_s.ep.rosidl_typesupport_fastrtps_c.c
[2.709s] -- Installing: /home/alec/Documents/SpiderBot/ros2_ws/install/hexapod_msgs/lib/python3.12/site-packages/hexapod_msgs/hexapod_msgs_s__rosidl_typesupport_fastrtps_c.so
[2.709s] -- Installing: /home/alec/Documents/SpiderBot/ros2_ws/install/hexapod_msgs/lib/python3.12/site-packages/hexapod_msgs/__init__.py
[2.709s] -- Installing: /home/alec/Documents/SpiderBot/ros2_ws/install/hexapod_msgs/lib/python3.12/site-packages/hexapod_msgs/msg
[2.709s] -- Installing: /home/alec/Documents/SpiderBot/ros2_ws/install/hexapod_msgs/lib/python3.12/site-packages/hexapod_msgs/msg/_joint_angles.py
[2.709s] -- Installing: /home/alec/Documents/SpiderBot/ros2_ws/install/hexapod_msgs/lib/python3.12/site-packages/hexapod_msgs/msg/_leg_commands.py
[2.709s] -- Installing: /home/alec/Documents/SpiderBot/ros2_ws/install/hexapod_msgs/lib/python3.12/site-packages/hexapod_msgs/msg/_polygon.py
[2.709s] -- Installing: /home/alec/Documents/SpiderBot/ros2_ws/install/hexapod_msgs/lib/python3.12/site-packages/hexapod_msgs/msg/_leg_positions_s.c
[2.710s] -- Installing: /home/alec/Documents/SpiderBot/ros2_ws/install/hexapod_msgs/lib/python3.12/site-packages/hexapod_msgs/msg/__init__.py
[2.710s] -- Installing: /home/alec/Documents/SpiderBot/ros2_ws/install/hexapod_msgs/lib/python3.12/site-packages/hexapod_msgs/msg/_polygon_s.c
[2.710s] -- Installing: /home/alec/Documents/SpiderBot/ros2_ws/install/hexapod_msgs/lib/python3.12/site-packages/hexapod_msgs/msg/_leg_positions.py
[2.710s] -- Installing: /home/alec/Documents/SpiderBot/ros2_ws/install/hexapod_msgs/lib/python3.12/site-packages/hexapod_msgs/msg/_leg_commands_s.c
[2.710s] -- Installing: /home/alec/Documents/SpiderBot/ros2_ws/install/hexapod_msgs/lib/python3.12/site-packages/hexapod_msgs/msg/_joint_angles_s.c
[2.710s] -- Installing: /home/alec/Documents/SpiderBot/ros2_ws/install/hexapod_msgs/lib/python3.12/site-packages/hexapod_msgs/hexapod_msgs_s__rosidl_typesupport_c.so
[2.710s] -- Installing: /home/alec/Documents/SpiderBot/ros2_ws/install/hexapod_msgs/lib/python3.12/site-packages/hexapod_msgs/_hexapod_msgs_s.ep.rosidl_typesupport_introspection_c.c
[2.737s] Listing '/home/alec/Documents/SpiderBot/ros2_ws/install/hexapod_msgs/lib/python3.12/site-packages/hexapod_msgs'...
[2.737s] Compiling '/home/alec/Documents/SpiderBot/ros2_ws/install/hexapod_msgs/lib/python3.12/site-packages/hexapod_msgs/__init__.py'...
[2.737s] Listing '/home/alec/Documents/SpiderBot/ros2_ws/install/hexapod_msgs/lib/python3.12/site-packages/hexapod_msgs/msg'...
[2.737s] Compiling '/home/alec/Documents/SpiderBot/ros2_ws/install/hexapod_msgs/lib/python3.12/site-packages/hexapod_msgs/msg/__init__.py'...
[2.737s] Compiling '/home/alec/Documents/SpiderBot/ros2_ws/install/hexapod_msgs/lib/python3.12/site-packages/hexapod_msgs/msg/_joint_angles.py'...
[2.737s] Compiling '/home/alec/Documents/SpiderBot/ros2_ws/install/hexapod_msgs/lib/python3.12/site-packages/hexapod_msgs/msg/_leg_commands.py'...
[2.737s] Compiling '/home/alec/Documents/SpiderBot/ros2_ws/install/hexapod_msgs/lib/python3.12/site-packages/hexapod_msgs/msg/_leg_positions.py'...
[2.737s] Compiling '/home/alec/Documents/SpiderBot/ros2_ws/install/hexapod_msgs/lib/python3.12/site-packages/hexapod_msgs/msg/_polygon.py'...
[2.741s] -- Installing: /home/alec/Documents/SpiderBot/ros2_ws/install/hexapod_msgs/lib/python3.12/site-packages/hexapod_msgs/hexapod_msgs_s__rosidl_typesupport_fastrtps_c.so
[2.741s] -- Set non-toolchain portion of runtime path of "/home/alec/Documents/SpiderBot/ros2_ws/install/hexapod_msgs/lib/python3.12/site-packages/hexapod_msgs/hexapod_msgs_s__rosidl_typesupport_fastrtps_c.so" to ""
[2.741s] -- Installing: /home/alec/Documents/SpiderBot/ros2_ws/install/hexapod_msgs/lib/python3.12/site-packages/hexapod_msgs/hexapod_msgs_s__rosidl_typesupport_introspection_c.so
[2.742s] -- Set non-toolchain portion of runtime path of "/home/alec/Documents/SpiderBot/ros2_ws/install/hexapod_msgs/lib/python3.12/site-packages/hexapod_msgs/hexapod_msgs_s__rosidl_typesupport_introspection_c.so" to ""
[2.742s] -- Installing: /home/alec/Documents/SpiderBot/ros2_ws/install/hexapod_msgs/lib/python3.12/site-packages/hexapod_msgs/hexapod_msgs_s__rosidl_typesupport_c.so
[2.742s] -- Set non-toolchain portion of runtime path of "/home/alec/Documents/SpiderBot/ros2_ws/install/hexapod_msgs/lib/python3.12/site-packages/hexapod_msgs/hexapod_msgs_s__rosidl_typesupport_c.so" to ""
[2.742s] -- Installing: /home/alec/Documents/SpiderBot/ros2_ws/install/hexapod_msgs/lib/libhexapod_msgs__rosidl_generator_py.so
[2.742s] -- Set non-toolchain portion of runtime path of "/home/alec/Documents/SpiderBot/ros2_ws/install/hexapod_msgs/lib/libhexapod_msgs__rosidl_generator_py.so" to ""
[2.742s] -- Installing: /home/alec/Documents/SpiderBot/ros2_ws/install/hexapod_msgs/share/hexapod_msgs/msg/JointAngles.idl
[2.742s] -- Installing: /home/alec/Documents/SpiderBot/ros2_ws/install/hexapod_msgs/share/hexapod_msgs/msg/Polygon.idl
[2.742s] -- Installing: /home/alec/Documents/SpiderBot/ros2_ws/install/hexapod_msgs/share/hexapod_msgs/msg/LegCommands.idl
[2.742s] -- Installing: /home/alec/Documents/SpiderBot/ros2_ws/install/hexapod_msgs/share/hexapod_msgs/msg/LegPositions.idl
[2.742s] -- Installing: /home/alec/Documents/SpiderBot/ros2_ws/install/hexapod_msgs/share/hexapod_msgs/msg/JointAngles.msg
[2.742s] -- Installing: /home/alec/Documents/SpiderBot/ros2_ws/install/hexapod_msgs/share/hexapod_msgs/msg/Polygon.msg
[2.742s] -- Installing: /home/alec/Documents/SpiderBot/ros2_ws/install/hexapod_msgs/share/hexapod_msgs/msg/LegCommands.msg
[2.742s] -- Installing: /home/alec/Documents/SpiderBot/ros2_ws/install/hexapod_msgs/share/hexapod_msgs/msg/LegPositions.msg
[2.742s] -- Installing: /home/alec/Documents/SpiderBot/ros2_ws/install/hexapod_msgs/share/ament_index/resource_index/package_run_dependencies/hexapod_msgs
[2.743s] -- Installing: /home/alec/Documents/SpiderBot/ros2_ws/install/hexapod_msgs/share/ament_index/resource_index/parent_prefix_path/hexapod_msgs
[2.743s] -- Installing: /home/alec/Documents/SpiderBot/ros2_ws/install/hexapod_msgs/share/hexapod_msgs/environment/ament_prefix_path.sh
[2.743s] -- Installing: /home/alec/Documents/SpiderBot/ros2_ws/install/hexapod_msgs/share/hexapod_msgs/environment/ament_prefix_path.dsv
[2.743s] -- Installing: /home/alec/Documents/SpiderBot/ros2_ws/install/hexapod_msgs/share/hexapod_msgs/environment/path.sh
[2.743s] -- Installing: /home/alec/Documents/SpiderBot/ros2_ws/install/hexapod_msgs/share/hexapod_msgs/environment/path.dsv
[2.743s] -- Installing: /home/alec/Documents/SpiderBot/ros2_ws/install/hexapod_msgs/share/hexapod_msgs/local_setup.bash
[2.743s] -- Installing: /home/alec/Documents/SpiderBot/ros2_ws/install/hexapod_msgs/share/hexapod_msgs/local_setup.sh
[2.743s] -- Installing: /home/alec/Documents/SpiderBot/ros2_ws/install/hexapod_msgs/share/hexapod_msgs/local_setup.zsh
[2.743s] -- Installing: /home/alec/Documents/SpiderBot/ros2_ws/install/hexapod_msgs/share/hexapod_msgs/local_setup.dsv
[2.743s] -- Installing: /home/alec/Documents/SpiderBot/ros2_ws/install/hexapod_msgs/share/hexapod_msgs/package.dsv
[2.743s] -- Installing: /home/alec/Documents/SpiderBot/ros2_ws/install/hexapod_msgs/share/ament_index/resource_index/packages/hexapod_msgs
[2.743s] -- Installing: /home/alec/Documents/SpiderBot/ros2_ws/install/hexapod_msgs/share/hexapod_msgs/cmake/export_hexapod_msgs__rosidl_generator_cExport.cmake
[2.743s] -- Installing: /home/alec/Documents/SpiderBot/ros2_ws/install/hexapod_msgs/share/hexapod_msgs/cmake/export_hexapod_msgs__rosidl_generator_cExport-noconfig.cmake
[2.743s] -- Installing: /home/alec/Documents/SpiderBot/ros2_ws/install/hexapod_msgs/share/hexapod_msgs/cmake/export_hexapod_msgs__rosidl_typesupport_fastrtps_cExport.cmake
[2.743s] -- Installing: /home/alec/Documents/SpiderBot/ros2_ws/install/hexapod_msgs/share/hexapod_msgs/cmake/export_hexapod_msgs__rosidl_typesupport_fastrtps_cExport-noconfig.cmake
[2.743s] -- Installing: /home/alec/Documents/SpiderBot/ros2_ws/install/hexapod_msgs/share/hexapod_msgs/cmake/hexapod_msgs__rosidl_typesupport_introspection_cExport.cmake
[2.743s] -- Installing: /home/alec/Documents/SpiderBot/ros2_ws/install/hexapod_msgs/share/hexapod_msgs/cmake/hexapod_msgs__rosidl_typesupport_introspection_cExport-noconfig.cmake
[2.743s] -- Installing: /home/alec/Documents/SpiderBot/ros2_ws/install/hexapod_msgs/share/hexapod_msgs/cmake/hexapod_msgs__rosidl_typesupport_cExport.cmake
[2.744s] -- Installing: /home/alec/Documents/SpiderBot/ros2_ws/install/hexapod_msgs/share/hexapod_msgs/cmake/hexapod_msgs__rosidl_typesupport_cExport-noconfig.cmake
[2.744s] -- Installing: /home/alec/Documents/SpiderBot/ros2_ws/install/hexapod_msgs/share/hexapod_msgs/cmake/export_hexapod_msgs__rosidl_generator_cppExport.cmake
[2.744s] -- Installing: /home/alec/Documents/SpiderBot/ros2_ws/install/hexapod_msgs/share/hexapod_msgs/cmake/export_hexapod_msgs__rosidl_typesupport_fastrtps_cppExport.cmake
[2.744s] -- Installing: /home/alec/Documents/SpiderBot/ros2_ws/install/hexapod_msgs/share/hexapod_msgs/cmake/export_hexapod_msgs__rosidl_typesupport_fastrtps_cppExport-noconfig.cmake
[2.744s] -- Installing: /home/alec/Documents/SpiderBot/ros2_ws/install/hexapod_msgs/share/hexapod_msgs/cmake/hexapod_msgs__rosidl_typesupport_introspection_cppExport.cmake
[2.744s] -- Installing: /home/alec/Documents/SpiderBot/ros2_ws/install/hexapod_msgs/share/hexapod_msgs/cmake/hexapod_msgs__rosidl_typesupport_introspection_cppExport-noconfig.cmake
[2.744s] -- Installing: /home/alec/Documents/SpiderBot/ros2_ws/install/hexapod_msgs/share/hexapod_msgs/cmake/hexapod_msgs__rosidl_typesupport_cppExport.cmake
[2.744s] -- Installing: /home/alec/Documents/SpiderBot/ros2_ws/install/hexapod_msgs/share/hexapod_msgs/cmake/hexapod_msgs__rosidl_typesupport_cppExport-noconfig.cmake
[2.744s] -- Installing: /home/alec/Documents/SpiderBot/ros2_ws/install/hexapod_msgs/share/hexapod_msgs/cmake/export_hexapod_msgs__rosidl_generator_pyExport.cmake
[2.744s] -- Installing: /home/alec/Documents/SpiderBot/ros2_ws/install/hexapod_msgs/share/hexapod_msgs/cmake/export_hexapod_msgs__rosidl_generator_pyExport-noconfig.cmake
[2.744s] -- Installing: /home/alec/Documents/SpiderBot/ros2_ws/install/hexapod_msgs/share/hexapod_msgs/cmake/rosidl_cmake-extras.cmake
[2.744s] -- Installing: /home/alec/Documents/SpiderBot/ros2_ws/install/hexapod_msgs/share/hexapod_msgs/cmake/ament_cmake_export_dependencies-extras.cmake
[2.744s] -- Installing: /home/alec/Documents/SpiderBot/ros2_ws/install/hexapod_msgs/share/hexapod_msgs/cmake/ament_cmake_export_include_directories-extras.cmake
[2.744s] -- Installing: /home/alec/Documents/SpiderBot/ros2_ws/install/hexapod_msgs/share/hexapod_msgs/cmake/ament_cmake_export_libraries-extras.cmake
[2.744s] -- Installing: /home/alec/Documents/SpiderBot/ros2_ws/install/hexapod_msgs/share/hexapod_msgs/cmake/ament_cmake_export_targets-extras.cmake
[2.744s] -- Installing: /home/alec/Documents/SpiderBot/ros2_ws/install/hexapod_msgs/share/hexapod_msgs/cmake/rosidl_cmake_export_typesupport_targets-extras.cmake
[2.744s] -- Installing: /home/alec/Documents/SpiderBot/ros2_ws/install/hexapod_msgs/share/hexapod_msgs/cmake/rosidl_cmake_export_typesupport_libraries-extras.cmake
[2.744s] -- Installing: /home/alec/Documents/SpiderBot/ros2_ws/install/hexapod_msgs/share/hexapod_msgs/cmake/hexapod_msgsConfig.cmake
[2.744s] -- Installing: /home/alec/Documents/SpiderBot/ros2_ws/install/hexapod_msgs/share/hexapod_msgs/cmake/hexapod_msgsConfig-version.cmake
[2.744s] -- Installing: /home/alec/Documents/SpiderBot/ros2_ws/install/hexapod_msgs/share/hexapod_msgs/package.xml
[2.746s] Invoked command in '/home/alec/Documents/SpiderBot/ros2_ws/build/hexapod_msgs' returned '0': CMAKE_PREFIX_PATH=${CMAKE_PREFIX_PATH}:/opt/ros/jazzy DEBUGINFOD_URLS=https://debuginfod.ubuntu.com /usr/bin/cmake --install /home/alec/Documents/SpiderBot/ros2_ws/build/hexapod_msgs
